<?xml version="1.0" encoding="UTF-8" ?>
<testsuite errors="0" failures="0" hostname="WIN" name="com.lz.test.GoodsDaoTest" skipped="0" tests="5" time="9.922" timestamp="2019-12-09T15:57:53">
  <properties>
    <property name="java.vendor" value="Oracle Corporation" />
    <property name="env.USERDOMAIN_ROAMINGPROFILE" value="WIN" />
    <property name="sun.java.launcher" value="SUN_STANDARD" />
    <property name="eclipse.pdebuild.templates" value="/E:/eclipse/plugins/org.eclipse.pde.build_3.9.200.v20160204-0642/templates/" />
    <property name="sun.management.compiler" value="HotSpot 64-Bit Tiered Compilers" />
    <property name="env.PROMPT" value="$P$G" />
    <property name="env.DriverData" value="C:\Windows\System32\Drivers\DriverData" />
    <property name="os.name" value="Windows 10" />
    <property name="sun.boot.class.path" value="C:\Program Files\Java\jre1.8.0_211\lib\resources.jar;C:\Program Files\Java\jre1.8.0_211\lib\rt.jar;C:\Program Files\Java\jre1.8.0_211\lib\sunrsasign.jar;C:\Program Files\Java\jre1.8.0_211\lib\jsse.jar;C:\Program Files\Java\jre1.8.0_211\lib\jce.jar;C:\Program Files\Java\jre1.8.0_211\lib\charsets.jar;C:\Program Files\Java\jre1.8.0_211\lib\jfr.jar;C:\Program Files\Java\jre1.8.0_211\classes" />
    <property name="env.COMPUTERNAME" value="WIN" />
    <property name="env.CommonProgramW6432" value="C:\Program Files\Common Files" />
    <property name="env.ALLUSERSPROFILE" value="C:\ProgramData" />
    <property name="sun.desktop" value="windows" />
    <property name="java.vm.specification.vendor" value="Oracle Corporation" />
    <property name="ant.home" value="E:\eclipse\plugins\org.apache.ant_1.9.6.v201510161327" />
    <property name="java.runtime.version" value="1.8.0_211-b12" />
    <property name="env.HOMEPATH" value="\Users\Administrator" />
    <property name="user.name" value="sjh" />
    <property name="ant.file.luozhi_shopping" value="D:\luozhi\luozhi_shopping\build.xml" />
    <property name="user.language" value="zh" />
    <property name="sun.boot.library.path" value="C:\Program Files\Java\jre1.8.0_211\bin" />
    <property name="ant.project.default-target" value="build" />
    <property name="ant.project.name" value="luozhi_shopping" />
    <property name="java.version" value="1.8.0_211" />
    <property name="env.PROCESSOR_IDENTIFIER" value="Intel64 Family 6 Model 94 Stepping 3, GenuineIntel" />
    <property name="user.timezone" value="" />
    <property name="env.asl.log" value="Destination=file" />
    <property name="env.TEMP" value="C:\Users\ADMINI~1\AppData\Local\Temp" />
    <property name="sun.arch.data.model" value="64" />
    <property name="java.endorsed.dirs" value="C:\Program Files\Java\jre1.8.0_211\lib\endorsed" />
    <property name="sun.cpu.isalist" value="amd64" />
    <property name="env.HOMEDRIVE" value="C:" />
    <property name="sun.jnu.encoding" value="GBK" />
    <property name="file.encoding.pkg" value="sun.io" />
    <property name="ECLIPSE_HOME" value="E:/eclipse/" />
    <property name="file.separator" value="\" />
    <property name="java.specification.name" value="Java Platform API Specification" />
    <property name="java.class.version" value="52.0" />
    <property name="user.country" value="CN" />
    <property name="java.home" value="C:\Program Files\Java\jre1.8.0_211" />
    <property name="env.PSModulePath" value="C:\Program Files\WindowsPowerShell\Modules;C:\WINDOWS\system32\WindowsPowerShell\v1.0\Modules" />
    <property name="env.APPDATA" value="C:\Users\Administrator\AppData\Roaming" />
    <property name="env.PUBLIC" value="C:\Users\Public" />
    <property name="java.vm.info" value="mixed mode" />
    <property name="env.ComSpec" value="C:\WINDOWS\system32\cmd.exe" />
    <property name="env.OS" value="Windows_NT" />
    <property name="env.CommonProgramFiles" value="C:\Program Files\Common Files" />
    <property name="ant.file" value="D:\luozhi\luozhi_shopping\build.xml" />
    <property name="os.version" value="10.0" />
    <property name="env.ProgramW6432" value="C:\Program Files" />
    <property name="path.separator" value=";" />
    <property name="java.vm.version" value="25.211-b12" />
    <property name="user.variant" value="" />
    <property name="env.USERPROFILE" value="C:\Users\Administrator" />
    <property name="ant.library.dir" value="E:\eclipse\plugins\org.apache.ant_1.9.6.v201510161327\lib" />
    <property name="junit.output.dir" value="junit" />
    <property name="env.JAVA_HOME" value="D:\Program Files\Java\jdk1.8.0_201" />
    <property name="java.awt.printerjob" value="sun.awt.windows.WPrinterJob" />
    <property name="env.TMP" value="C:\Users\ADMINI~1\AppData\Local\Temp" />
    <property name="env.FPS_BROWSER_USER_PROFILE_STRING" value="Default" />
    <property name="sun.io.unicode.encoding" value="UnicodeLittle" />
    <property name="awt.toolkit" value="sun.awt.windows.WToolkit" />
    <property name="ant.file.type.luozhi_shopping" value="file" />
    <property name="user.script" value="" />
    <property name="eclipse.pdebuild.scripts" value="/E:/eclipse/plugins/org.eclipse.pde.build_3.9.200.v20160204-0642/scripts/" />
    <property name="user.home" value="C:\Users\Administrator" />
    <property name="target" value="1.8" />
    <property name="env.ProgramData" value="C:\ProgramData" />
    <property name="env.SESSIONNAME" value="Console" />
    <property name="env.ProgramFiles(x86)" value="C:\Program Files (x86)" />
    <property name="java.specification.vendor" value="Oracle Corporation" />
    <property name="java.library.path" value="C:\Program Files\Java\jre1.8.0_211\bin;C:\WINDOWS\Sun\Java\bin;C:\WINDOWS\system32;C:\WINDOWS;C:/Program Files/Java/jre1.8.0_211/bin/server;C:/Program Files/Java/jre1.8.0_211/bin;C:/Program Files/Java/jre1.8.0_211/lib/amd64;C:\Program Files (x86)\Common Files\Oracle\Java\javapath;C:\WINDOWS\system32;C:\WINDOWS;C:\WINDOWS\System32\Wbem;C:\WINDOWS\System32\WindowsPowerShell\v1.0\;C:\WINDOWS\System32\OpenSSH\;C:\Program Files (x86)\MySQL\MySQL Server 5.5\bin;E:\Python27;C:\Program Files (x86)\Microsoft SQL Server\100\Tools\Binn\;C:\Program Files\Microsoft SQL Server\100\Tools\Binn\;C:\Program Files\Microsoft SQL Server\100\DTS\Binn\;D:\Program Files\Java\jdk1.8.0_201\bin;D:\apache-tomcat-8.0.53\bin;D:\Program Files\Git\cmd;%ANT_HOME%\bin;C:\Users\Administrator\AppData\Local\Microsoft\WindowsApps;%USERPROFILE%\AppData\Local\Microsoft\WindowsApps;;E:\eclipse;;." />
    <property name="env.NUMBER_OF_PROCESSORS" value="4" />
    <property name="java.vendor.url" value="http://java.oracle.com/" />
    <property name="java.vm.vendor" value="Oracle Corporation" />
    <property name="java.runtime.name" value="Java(TM) SE Runtime Environment" />
    <property name="ant.version" value="Apache Ant(TM) version 1.9.6 compiled on June 29 2015" />
    <property name="sun.java.command" value="org.apache.tools.ant.taskdefs.optional.junit.JUnitTestRunner com.lz.test.GoodsDaoTest skipNonTests=false filtertrace=true haltOnError=false haltOnFailure=false formatter=org.apache.tools.ant.taskdefs.optional.junit.OutErrSummaryJUnitResultFormatter showoutput=false outputtoformatters=true logfailedtests=true threadid=0 logtestlistenerevents=false formatter=org.apache.tools.ant.taskdefs.optional.junit.XMLJUnitResultFormatter,D:\luozhi\luozhi_shopping\junit\TEST-com.lz.test.GoodsDaoTest.xml crashfile=D:\luozhi\luozhi_shopping\junitvmwatcher2376424438352783072.properties propsfile=D:\luozhi\luozhi_shopping\junit3498153630365917477.properties" />
    <property name="java.class.path" value="D:\luozhi\luozhi_shopping\build\classes;D:\luozhi\luozhi_shopping\WebContent\WEB-INF\lib\activation-1.1.jar;D:\luozhi\luozhi_shopping\WebContent\WEB-INF\lib\axis.jar;D:\luozhi\luozhi_shopping\WebContent\WEB-INF\lib\c3p0-0.9.5.2.jar;D:\luozhi\luozhi_shopping\WebContent\WEB-INF\lib\cloud-mysql-connector-java-5.1.7-bin.jar;D:\luozhi\luozhi_shopping\WebContent\WEB-INF\lib\commons-beanutils.jar;D:\luozhi\luozhi_shopping\WebContent\WEB-INF\lib\commons-collections.jar;D:\luozhi\luozhi_shopping\WebContent\WEB-INF\lib\commons-discovery-0.2.jar;D:\luozhi\luozhi_shopping\WebContent\WEB-INF\lib\commons-lang-2.4.jar;D:\luozhi\luozhi_shopping\WebContent\WEB-INF\lib\commons-logging.jar;D:\luozhi\luozhi_shopping\WebContent\WEB-INF\lib\ezmorph-1.0.4.jar;D:\luozhi\luozhi_shopping\WebContent\WEB-INF\lib\javax.mail-1.4.5.jar;D:\luozhi\luozhi_shopping\WebContent\WEB-INF\lib\jaxrpc.jar;D:\luozhi\luozhi_shopping\WebContent\WEB-INF\lib\json-lib-2.2.1-jdk15.jar;D:\luozhi\luozhi_shopping\WebContent\WEB-INF\lib\jstl.jar;D:\luozhi\luozhi_shopping\WebContent\WEB-INF\lib\log4j-1.2.8.jar;D:\luozhi\luozhi_shopping\WebContent\WEB-INF\lib\mchange-commons-java-0.2.11.jar;D:\luozhi\luozhi_shopping\WebContent\WEB-INF\lib\saaj.jar;D:\luozhi\luozhi_shopping\WebContent\WEB-INF\lib\standard.jar;D:\luozhi\luozhi_shopping\WebContent\WEB-INF\lib\wsdl4j.jar;D:\luozhi\luozhi_shopping\WebContent\WEB-INF\lib\xom-1.1.jar;E:\eclipse\plugins\org.junit_4.12.0.v201504281640\junit.jar;E:\eclipse\plugins\org.hamcrest.core_1.3.0.v201303031735.jar;D:\apache-tomcat-8.0.53\lib\annotations-api.jar;D:\apache-tomcat-8.0.53\lib\catalina-ant.jar;D:\apache-tomcat-8.0.53\lib\catalina-ha.jar;D:\apache-tomcat-8.0.53\lib\catalina-storeconfig.jar;D:\apache-tomcat-8.0.53\lib\catalina-tribes.jar;D:\apache-tomcat-8.0.53\lib\catalina.jar;D:\apache-tomcat-8.0.53\lib\ecj-4.6.3.jar;D:\apache-tomcat-8.0.53\lib\el-api.jar;D:\apache-tomcat-8.0.53\lib\jasper-el.jar;D:\apache-tomcat-8.0.53\lib\jasper.jar;D:\apache-tomcat-8.0.53\lib\jsp-api.jar;D:\apache-tomcat-8.0.53\lib\servlet-api.jar;D:\apache-tomcat-8.0.53\lib\tomcat-api.jar;D:\apache-tomcat-8.0.53\lib\tomcat-coyote.jar;D:\apache-tomcat-8.0.53\lib\tomcat-dbcp.jar;D:\apache-tomcat-8.0.53\lib\tomcat-i18n-es.jar;D:\apache-tomcat-8.0.53\lib\tomcat-i18n-fr.jar;D:\apache-tomcat-8.0.53\lib\tomcat-i18n-ja.jar;D:\apache-tomcat-8.0.53\lib\tomcat-jdbc.jar;D:\apache-tomcat-8.0.53\lib\tomcat-jni.jar;D:\apache-tomcat-8.0.53\lib\tomcat-util-scan.jar;D:\apache-tomcat-8.0.53\lib\tomcat-util.jar;D:\apache-tomcat-8.0.53\lib\tomcat-websocket.jar;D:\apache-tomcat-8.0.53\lib\websocket-api.jar;E:\eclipse\plugins\org.apache.ant_1.9.6.v201510161327\lib\ant-launcher.jar;E:\eclipse\plugins\org.apache.ant_1.9.6.v201510161327\lib\ant.jar;E:\eclipse\plugins\org.apache.ant_1.9.6.v201510161327\lib\ant-junit.jar;E:\eclipse\plugins\org.apache.ant_1.9.6.v201510161327\lib\ant-junit4.jar" />
    <property name="java.vm.specification.name" value="Java Virtual Machine Specification" />
    <property name="env.LOGONSERVER" value="\\WIN" />
    <property name="env.windir" value="C:\WINDOWS" />
    <property name="java.vm.specification.version" value="1.8" />
    <property name="env.PROCESSOR_ARCHITECTURE" value="AMD64" />
    <property name="sun.os.patch.level" value="" />
    <property name="sun.cpu.endian" value="little" />
    <property name="debuglevel" value="source,lines,vars" />
    <property name="env.OneDrive" value="C:\Users\Administrator\OneDrive" />
    <property name="env.ProgramFiles" value="C:\Program Files" />
    <property name="env.ANT_HOME" value="E:\eclipse\plugins\org.apache.ant_1.9.6.v201510161327" />
    <property name="env.PROCESSOR_REVISION" value="5e03" />
    <property name="eclipse.pdebuild.home" value="/E:/eclipse/plugins/org.eclipse.pde.build_3.9.200.v20160204-0642/./" />
    <property name="java.io.tmpdir" value="C:\Users\ADMINI~1\AppData\Local\Temp\" />
    <property name="env.CommonProgramFiles(x86)" value="C:\Program Files (x86)\Common Files" />
    <property name="java.vendor.url.bug" value="http://bugreport.sun.com/bugreport/" />
    <property name="env.SystemRoot" value="C:\WINDOWS" />
    <property name="env.FPS_BROWSER_APP_PROFILE_STRING" value="Internet Explorer" />
    <property name="java.awt.graphicsenv" value="sun.awt.Win32GraphicsEnvironment" />
    <property name="os.arch" value="amd64" />
    <property name="java.ext.dirs" value="C:\Program Files\Java\jre1.8.0_211\lib\ext;C:\WINDOWS\Sun\Java\lib\ext" />
    <property name="env.LOCALAPPDATA" value="C:\Users\Administrator\AppData\Local" />
    <property name="user.dir" value="D:\luozhi\luozhi_shopping" />
    <property name="line.separator" value="&#xd;&#xa;" />
    <property name="java.vm.name" value="Java HotSpot(TM) 64-Bit Server VM" />
    <property name="env.PATHEXT" value=".COM;.EXE;.BAT;.CMD;.VBS;.VBE;.JS;.JSE;.WSF;.WSH;.MSC" />
    <property name="env.Path" value="C:/Program Files/Java/jre1.8.0_211/bin/server;C:/Program Files/Java/jre1.8.0_211/bin;C:/Program Files/Java/jre1.8.0_211/lib/amd64;C:\Program Files (x86)\Common Files\Oracle\Java\javapath;C:\WINDOWS\system32;C:\WINDOWS;C:\WINDOWS\System32\Wbem;C:\WINDOWS\System32\WindowsPowerShell\v1.0\;C:\WINDOWS\System32\OpenSSH\;C:\Program Files (x86)\MySQL\MySQL Server 5.5\bin;E:\Python27;C:\Program Files (x86)\Microsoft SQL Server\100\Tools\Binn\;C:\Program Files\Microsoft SQL Server\100\Tools\Binn\;C:\Program Files\Microsoft SQL Server\100\DTS\Binn\;D:\Program Files\Java\jdk1.8.0_201\bin;D:\apache-tomcat-8.0.53\bin;D:\Program Files\Git\cmd;%ANT_HOME%\bin;C:\Users\Administrator\AppData\Local\Microsoft\WindowsApps;%USERPROFILE%\AppData\Local\Microsoft\WindowsApps;;E:\eclipse;" />
    <property name="basedir" value="D:\luozhi\luozhi_shopping" />
    <property name="ant.java.version" value="1.8" />
    <property name="ant.core.lib" value="E:\eclipse\plugins\org.apache.ant_1.9.6.v201510161327\lib\ant.jar" />
    <property name="env.USERNAME" value="sjh" />
    <property name="source" value="1.8" />
    <property name="env.SystemDrive" value="C:" />
    <property name="file.encoding" value="GBK" />
    <property name="env.VS100COMNTOOLS" value="C:\Program Files (x86)\Microsoft Visual Studio 10.0\Common7\Tools\" />
    <property name="env.USERDOMAIN" value="WIN" />
    <property name="java.specification.version" value="1.8" />
    <property name="ant.project.invoked-targets" value="build,AddressDaoTest.deleteAddressById,AddressDaoTest.insertAddress,AddressDaoTest.insertUser,AddressDaoTest.selectAddressById,AddressDaoTest.selectAllAddress,AddressDaoTest.updateAddressById,GoodsOrderDaoTest.deleteGoodsOrderById,GoodsOrderDaoTest.insertGoodsOrder,GoodsOrderDaoTest.selectAllGoodsOrder,GoodsOrderDaoTest.selectGoodsOrderById,GoodsOrderDaoTest.updateGoodsOrderById,OutgoodDaoTest.deleteTypeById,OutgoodDaoTest.insertOutgood,OutgoodDaoTest.insertType,OutgoodDaoTest.selectAllOutgood,OutgoodDaoTest.selectOutgoodById,OutgoodDaoTest.updateOutgoodById,TypeDaoTest.delete,TypeDaoTest.deleteTypeById,TypeDaoTest.insert,TypeDaoTest.insertType,TypeDaoTest.selectAll,TypeDaoTest.selectAllType,TypeDaoTest.selectById,TypeDaoTest.selectTypeById,TypeDaoTest.update,TypeDaoTest.updateTypeById,UserDaoTest.deleteUserById,UserDaoTest.insertUser,UserDaoTest.selectAllUser,UserDaoTest.selectUserById,UserDaoTest.updateUserById,UserDaoTest.insert,UserDaoTest.delete,OutgoodDaoTest.insert,OutgoodDaoTest.selectAll,OutgoodDaoTest.selectById,OutgoodDaoTest.update,OutgoodDaoTest.delete,AddressDaoTest.selectById,AddressDaoTest.selectAll,AddressDaoTest.update,AddressDaoTest.insert,AddressDaoTest.delete,AdmincountDaoTest.selectAll,AdmincountDaoTest.selectById,AdmincountDaoTest.insert,AdmincountDaoTest.delete,AdmincountDaoTest.update,GoodsDaoTest.insert,GoodsDaoTest.selectById,GoodsDaoTest.selectAll,GoodsDaoTest.update,GoodsDaoTest.delete,GoodsIntroduceImgDaoTest.insert,GoodsIntroduceImgDaoTest.update,GoodsIntroduceImgDaoTest.selectById,GoodsCarDaoTest.insert,GoodsCarDaoTest.selectById,junitreport" />
    <property name="env.PROCESSOR_LEVEL" value="6" />
  </properties>
  <testcase classname="com.lz.test.GoodsDaoTest" name="selectAll" time="9.536" />
  <testcase classname="com.lz.test.GoodsDaoTest" name="selectById" time="0.063" />
  <testcase classname="com.lz.test.GoodsDaoTest" name="delete" time="0.056" />
  <testcase classname="com.lz.test.GoodsDaoTest" name="insert" time="0.071" />
  <testcase classname="com.lz.test.GoodsDaoTest" name="update" time="0.078" />
  <system-out><![CDATA[Goods [gid=5853054, zpicture=http://p4.music.126.net/9jgrcenDqPX9lynGfa_6_g==/109951163676941964.jpg, gpicture=http://p4.music.126.net/9jgrcenDqPX9lynGfa_6_g==/109951163676941964.jpg,http://p4.music.126.net/Lr29qHLY8uT_osk0MVyTDA==/109951163676948181.jpg,http://p3.music.126.net/LlVxhfJMHGew_RMV2ke1jA==/109951163676951050.jpg,http://p3.music.126.net/AyikFCSE5Yd-3Zve_vnRsg==/109951163676950094.jpg,http://p4.music.126.net/f8iiXiZwT_tEgs1emw1V-w==/109951163676942465.jpg, gname=网易云音乐车载蓝牙播放器, gintroduce=点烟器；一拖二USB车充；汽车车载mp3；手机充电器；FM发射器；智能车充, gcolorid=null, category1=101000, category2=1006000, gbrand=网易云音乐, gprice=119.0, ggrade=null, gcount=336, gmaterial=null, hot=14]
Goods [gid=5972054, zpicture=http://p4.music.126.net/rOujkIdUEcnZBjlHSApDZA==/109951163677004677.jpg, gpicture=http://p4.music.126.net/rOujkIdUEcnZBjlHSApDZA==/109951163677004677.jpg,http://p4.music.126.net/BuHAd5zGen-Po2cQw_WaFQ==/109951163676998493.jpg,http://p3.music.126.net/UnPMYlNiQAMDNyZ813CI0g==/109951163676999414.jpg,http://p4.music.126.net/yH7R9PrX7svfKD3hi2KZmQ==/109951163677005648.jpg,http://p3.music.126.net/s4rD1gjJTmIzzPNquhqLbA==/109951163677004198.jpg, gname=网易云音乐车充, gintroduce=, gcolorid=null, category1=101000, category2=1007000, gbrand=网易云音乐, gprice=39.0, ggrade=null, gcount=538, gmaterial=null, hot=54]
Goods [gid=6446052, zpicture=http://p3.music.126.net/_LEmpffZFUa0kZKNGvfGzw==/18999560928280540.jpg, gpicture=http://p3.music.126.net/_LEmpffZFUa0kZKNGvfGzw==/18999560928280540.jpg,http://p4.music.126.net/0kztm9_BZJS_VSa9H84jBQ==/18558656767255217.jpg,http://p3.music.126.net/d35YQzlaxS8pYTbLUCLqdA==/109951162965538024.jpg,http://p4.music.126.net/gKs2ADl_cD-lmFuCo8UlQA==/109951162965536557.jpg, gname=漫步者（EDIFIER）B7 家庭客厅电视音响 无线蓝牙家庭影院 配备无线低音炮 , gintroduce=高规格声学配置；8吋无线低音炮；延迟更短音效更佳；多种输入接口和蓝牙4.0模组；三种声效模式, gcolorid=null, category1=101000, category2=1009006, gbrand=漫步者（EDIFIER）, gprice=1499.0, ggrade=null, gcount=28, gmaterial=null, hot=7]
Goods [gid=6447052, zpicture=http://p4.music.126.net/F_JBPcu_IgfcruzjrOkEuQ==/18527870441687787.jpg, gpicture=http://p4.music.126.net/F_JBPcu_IgfcruzjrOkEuQ==/18527870441687787.jpg,http://p3.music.126.net/vjoQ5-zVtZQF_Umk1TPKKQ==/19020451649211484.jpg,http://p3.music.126.net/ppvklqWVML2i2mnrFuAh0A==/109951162965523753.jpg, gname=漫步者（EDIFIER）B3 SOUNDBAR系统 家庭客厅电视音响系统, gintroduce=一体式电视音响；DSP数字音频处理技术，听感出众；简约外观设计；支持光纤、同轴等多路输入, gcolorid=null, category1=101000, category2=1009006, gbrand=漫步者（EDIFIER）, gprice=799.0, ggrade=null, gcount=27, gmaterial=null, hot=10]
Goods [gid=6450051, zpicture=http://p3.music.126.net/hSpz1M1lwZ63cYSIQW2EWw==/109951164208456438.jpg, gpicture=http://p3.music.126.net/hSpz1M1lwZ63cYSIQW2EWw==/109951164208456438.jpg,http://p4.music.126.net/5HAp8F5UNBnL70moonfVUg==/109951164208458893.jpg,http://p3.music.126.net/K3gNGOpEsKY0gOwn6c_FpA==/109951164208467531.jpg,http://p4.music.126.net/xJ9pUxLGrPBTVfb1Gn1w9Q==/109951164208462257.jpg,http://p4.music.126.net/Ec53LoVs0dWGT_4ZqHl5tA==/109951164208468528.jpg,http://p3.music.126.net/FEEfjGLQCbYAaH0-UxaO3w==/109951164208458965.jpg,http://p4.music.126.net/ACWTGydpb9qk1ttIl8fJ0A==/109951164208464750.jpg,http://p3.music.126.net/jqlUAqNdCmcmvig3xo6MBQ==/109951164208465710.jpg, gname=Beats Powerbeats3 Wireless 运动无线蓝牙线控带麦入耳式耳机, gintroduce=戴上它去锻炼；充电5分钟，播放1小时；抗汗防水溅设计；轻松接听电话和控制音乐, gcolorid=null, category1=101000, category2=1005000, gbrand=Beats, gprice=1437.0, ggrade=null, gcount=101, gmaterial=null, hot=4]
Goods [gid=6451051, zpicture=http://p4.music.126.net/uIbOQcPGEl4PgWjvt_gHUw==/18598239185799374.jpg, gpicture=http://p4.music.126.net/uIbOQcPGEl4PgWjvt_gHUw==/18598239185799374.jpg,http://p4.music.126.net/vp1x0hmpMrIAoMjjkyGMjw==/19054536509597040.jpg,http://p3.music.126.net/t_7OpIt09E71BK6aib69Xg==/18765364953234977.jpg,http://p3.music.126.net/GXeuOUnTpYdOpyDovkaVGw==/18870918067759012.jpg,http://p3.music.126.net/jY61DsmhTARZBo68EgLQuQ==/18725782534635717.jpg,http://p3.music.126.net/vyvv11eUSfBGUPWVjgTt_Q==/19000660439829730.jpg,http://p4.music.126.net/WC_23HsO8ZEX2It0aZLGqw==/19084223323866233.jpg,http://p4.music.126.net/AnwIsuM1DIlPANctQIf84A==/18754369837168336.jpg, gname=Beats Pill+ 便携式无线蓝牙胶囊音箱 重低音, gintroduce=轻便设计；音质饱满；畅享无线；续航可达12小时；内置麦克风；可为其他设备充电, gcolorid=null, category1=101000, category2=1009006, gbrand=Beats, gprice=1533.0, ggrade=null, gcount=21, gmaterial=null, hot=4]
Goods [gid=6453052, zpicture=http://p4.music.126.net/e6AUCVDrhm-2Kdb87s5FmA==/109951164432055726.jpg, gpicture=http://p4.music.126.net/e6AUCVDrhm-2Kdb87s5FmA==/109951164432055726.jpg,http://p4.music.126.net/odrJBHzWPrTCQa-E_ryxNw==/109951164432062011.jpg,http://p3.music.126.net/-sQPw5PC0qldbErcj_hl0A==/109951164432061092.jpg,http://p3.music.126.net/lr6Jxb7HUTlkGWeGavx5Nw==/109951164432049487.jpg,http://p4.music.126.net/FD5BXup53P8IHucNqSoRIA==/109951164432062508.jpg,http://p4.music.126.net/Z_x_Gjjy-hg4kCtBfL9uVg==/109951164432052859.jpg,http://p4.music.126.net/yyGuaPxo-eZQs7krHS46DA==/109951164432053836.jpg,http://p3.music.126.net/1PvBTvaR2Ypcagenc3zVFQ==/109951164432060128.jpg, gname=Beats Solo3 Wireless 无线蓝牙头戴式耳机 带麦可通话 内置Apple W1 芯片, gintroduce=Class 1 蓝牙技术，无线聆听更自由；充电5分钟，播放3小时；浑然一体的流线型设计, gcolorid=null, category1=101000, category2=1005000, gbrand=Beats, gprice=2209.0, ggrade=null, gcount=149, gmaterial=null, hot=3]
Goods [gid=6453053, zpicture=http://p4.music.126.net/ejECowAfp--X_zV-hWsSDQ==/109951164459382843.jpg, gpicture=http://p4.music.126.net/ejECowAfp--X_zV-hWsSDQ==/109951164459382843.jpg,http://p3.music.126.net/T5X8SUFN1XzoCoyHcIvqIQ==/109951164459383306.jpg,http://p4.music.126.net/c4e8StoQMItpM0dyhvtTLw==/109951164459383830.jpg,http://p3.music.126.net/2hgS71DAOxSafUo9YNNcpA==/109951164459389622.jpg,http://p4.music.126.net/zbPomZICm5Vuo1cEMEucfw==/109951164459381955.jpg,http://p4.music.126.net/Q6YQFdnNepr5JUUNUReVqw==/109951164459381961.jpg,http://p4.music.126.net/Qkiq8OhQ3Ak4G1RPftw-aw==/109951164459394520.jpg,http://p4.music.126.net/djkg4oOIJvdvnFeAjNjC9Q==/109951164459391109.jpg, gname=Beats X 颈挂式无线蓝牙手机音乐入耳耳机 带麦可通话耳塞, gintroduce=内置高效 Apple W1 芯片；充电快速，续航时间长；继承Beats优秀音质；佩戴收纳都便捷, gcolorid=null, category1=101000, category2=1005000, gbrand=Beats, gprice=799.0, ggrade=null, gcount=103, gmaterial=null, hot=2]
Goods [gid=6479064, zpicture=http://p3.music.126.net/bD8apHVXxEFtW0FkT2sXhA==/109951164238225398.jpg, gpicture=http://p3.music.126.net/bD8apHVXxEFtW0FkT2sXhA==/109951164238225398.jpg,http://p3.music.126.net/gJqAurI8fFZVnbJmYois7w==/109951164238227342.jpg,http://p4.music.126.net/sDVVNwOhnPWiYBuFXy4QnA==/109951164238225938.jpg,http://p3.music.126.net/IVpailCFAMlw6W791TIzUw==/109951164238227355.jpg,http://p4.music.126.net/TBZQ0s705_AamRuXd-1KJQ==/109951164238235089.jpg,http://p4.music.126.net/5kMLbPunCNOi4TJrd3jjwQ==/109951164238229327.jpg,http://p3.music.126.net/Ot3Z3vyOiRa_118eaaju-A==/109951164238229333.jpg,http://p3.music.126.net/DQzzHyRmtUJgN9eSoQhYfw==/109951164238239508.jpg, gname=漫步者（EDIFIER）W800BT 立体声头戴式蓝牙耳机, gintroduce=经典时尚造型；升级高通5.0蓝牙芯片；支持App功能；50h长续航；CVC8.0语音降噪；耳罩柔软度升级, gcolorid=null, category1=101000, category2=1005000, gbrand=漫步者（EDIFIER）, gprice=199.0, ggrade=null, gcount=235, gmaterial=null, hot=1]
Goods [gid=6480086, zpicture=http://p4.music.126.net/qcM8GubchIotGf9Al8aSFQ==/109951163399915795.jpg, gpicture=http://p4.music.126.net/qcM8GubchIotGf9Al8aSFQ==/109951163399915795.jpg,http://p4.music.126.net/JUIJz_DLbQYiYY-BKuR6hg==/109951163399913902.jpg,http://p4.music.126.net/w4DPgoB0-65Spo2l99L7Cg==/109951162971882517.jpg,http://p4.music.126.net/Qk3NOdPIXnptumZhcxV-Zg==/109951162971878343.jpg,http://p3.music.126.net/cyk_E4rt7GiNNlz_z4grXw==/109951163399918175.jpg,http://p3.music.126.net/_62iEaGsZc-EU1Zda7JJSA==/109951163399919656.jpg, gname=漫步者（EDIFIER）H180P 立体声耳机 线控带麦手机耳塞, gintroduce=设计精致，佩戴舒适；经典配色，音质出众；通话质量优异，兼容性出色, gcolorid=null, category1=101000, category2=1005000, gbrand=漫步者（EDIFIER）, gprice=49.0, ggrade=null, gcount=163, gmaterial=null, hot=11]
Goods [gid=6480089, zpicture=http://p4.music.126.net/vG5_mrp3gHXALmncewp1-A==/19242552998024146.jpg, gpicture=http://p4.music.126.net/vG5_mrp3gHXALmncewp1-A==/19242552998024146.jpg,http://p4.music.126.net/jb4ao1Gd2VAAxL_88j552Q==/18616930883538654.jpg, gname=漫步者（EDIFIER）K815P 多媒体全功能头戴式耳机, gintroduce=声场强大，解析出色；造型时尚，工艺考究；黑白配色，经典再现, gcolorid=null, category1=101000, category2=1005000, gbrand=漫步者（EDIFIER）, gprice=149.0, ggrade=null, gcount=69, gmaterial=null, hot=3]
Goods [gid=6480091, zpicture=http://p3.music.126.net/gJHGyQs3q_Zzpl2io1nz9w==/18802748348631585.jpg, gpicture=http://p3.music.126.net/gJHGyQs3q_Zzpl2io1nz9w==/18802748348631585.jpg,http://p4.music.126.net/2UfgXTOQPyLPBk7wnToJTQ==/109951162972779550.jpg,http://p3.music.126.net/Hg3Cu8g7kuoyIFXmKbr-qA==/109951162972774233.jpg, gname=漫步者（EDIFIER）M101 漫威美队版 便携插卡蓝牙音箱, gintroduce=坚固精巧共存；皮腔式悬挂支撑技术；蓝牙4.1；持久续航，三防功能, gcolorid=null, category1=101000, category2=1009006, gbrand=漫步者（EDIFIER）, gprice=499.0, ggrade=null, gcount=8, gmaterial=null, hot=0]
Goods [gid=6480095, zpicture=http://p3.music.126.net/M-0GAV287cRdIJE2y6B_1w==/18910500486436206.jpg, gpicture=http://p3.music.126.net/M-0GAV287cRdIJE2y6B_1w==/18910500486436206.jpg,http://p4.music.126.net/hpQMXp4X_A0qeRbPKncw6g==/18516875325402835.jpg,http://p3.music.126.net/CqLVqKi_qSU0ri9zghneyw==/18527870441687809.jpg, gname=漫步者（EDIFIER）K550 高音质头戴式立体声语音通话耳麦, gintroduce=简洁精致；轻量化设计，佩戴舒适；解析力出色；拾音准确，语音通话品质优秀, gcolorid=null, category1=101000, category2=1005000, gbrand=漫步者（EDIFIER）, gprice=59.0, ggrade=null, gcount=59, gmaterial=null, hot=0]
Goods [gid=6480096, zpicture=http://p4.music.126.net/zlgcHvCXbRBy52pSlUY_sQ==/18616930883538633.jpg, gpicture=http://p4.music.126.net/zlgcHvCXbRBy52pSlUY_sQ==/18616930883538633.jpg,http://p4.music.126.net/_WclYkwCz2JKi-Z-xWjBdw==/109951162973070155.jpg,http://p4.music.126.net/PCPQEKXmRq_czdng7UE6FQ==/109951162973072567.jpg,http://p3.music.126.net/ujwpUo3h3wgiQ9G4exYqxA==/109951162973066350.jpg, gname=漫步者（EDIFIER）E255 高端家庭客厅电视多媒体音响系统 重低音蓝牙音箱, gintroduce=钢琴烤漆表面；高品质单元与低频辐射器相辅；无线后置、多路输入、自动待机, gcolorid=null, category1=101000, category2=1009006, gbrand=漫步者（EDIFIER）, gprice=3999.0, ggrade=null, gcount=19, gmaterial=null, hot=0]
Goods [gid=6480104, zpicture=http://p4.music.126.net/25HLGaPvPvUxWAkkcZHPsQ==/19124905253840516.jpg, gpicture=http://p4.music.126.net/25HLGaPvPvUxWAkkcZHPsQ==/19124905253840516.jpg,http://p3.music.126.net/t-n9jExVcVIfcozzL83X_g==/19163388160822475.jpg, gname=漫步者（EDIFIER）K830 立体声通讯语音 头戴式耳机, gintroduce=造型设计时尚酷炫；声学性能优异，听感出众；高灵敏度麦克风，拾音准确, gcolorid=null, category1=101000, category2=1005000, gbrand=漫步者（EDIFIER）, gprice=149.0, ggrade=null, gcount=35, gmaterial=null, hot=4]
Goods [gid=6480108, zpicture=http://p4.music.126.net/Uv4ZYqGe6h5Q5Mk2dWiNJg==/19142497439895723.jpg, gpicture=http://p4.music.126.net/Uv4ZYqGe6h5Q5Mk2dWiNJg==/19142497439895723.jpg,http://p3.music.126.net/BiGmviDxgWXnajbizl8ZVw==/109951162973286480.jpg,http://p4.music.126.net/xyxVAwexfhD0VAVYq2-VyA==/109951162973286481.jpg,http://p3.music.126.net/DI0kVBTupMq0pE8vKzJ-Og==/109951162973290224.jpg, gname=漫步者（EDIFIER）C2XB 无线蓝牙多媒体电脑音箱 插卡U盘播放, gintroduce=多方式连接播放，精致百搭；外置功放；蓝牙4.0, gcolorid=null, category1=101000, category2=1009006, gbrand=漫步者（EDIFIER）, gprice=699.0, ggrade=null, gcount=24, gmaterial=null, hot=0]
Goods [gid=6480111, zpicture=http://p4.music.126.net/E2Ti-xvwDa35Ec6oYUzF1Q==/18771962023049309.jpg, gpicture=http://p4.music.126.net/E2Ti-xvwDa35Ec6oYUzF1Q==/18771962023049309.jpg,http://p3.music.126.net/IOqiD-YrvzovAIEw1XPylA==/109951162973332584.jpg,http://p3.music.126.net/CsvF48zXRQ7aP0PjH1ojAA==/109951162973327322.jpg, gname=漫步者（EDIFIER）C2X 多媒体有源多媒体电脑音箱 重低音声场, gintroduce=6.5英寸低音扬声器，低频澎湃；E.L.D.C智能失真度控制系统，音质保障, gcolorid=null, category1=101000, category2=1009006, gbrand=漫步者（EDIFIER）, gprice=599.0, ggrade=null, gcount=20, gmaterial=null, hot=0]
Goods [gid=6480114, zpicture=http://p4.music.126.net/gkaBxlB8aMRMuRAo5R1R2A==/18985267277127694.jpg, gpicture=http://p4.music.126.net/gkaBxlB8aMRMuRAo5R1R2A==/18985267277127694.jpg,http://p3.music.126.net/TU6ROelxS30lK7rPWWlb3A==/109951162973777345.jpg,http://p3.music.126.net/eZE1EkipwT9TJGbP65KKDw==/109951162973785540.jpg,http://p4.music.126.net/nEP_1DgbKWBY_NFWKWa-Wg==/109951162973776964.jpg, gname=漫步者（EDIFIER）C3 2.1声道 8英寸独立功放 木质重低音多媒体电脑音箱 , gintroduce=低频效果强悍澎湃；丝绢振膜高音及3.5英寸中音单元；独立功放设计，操控简便，电路性能优异, gcolorid=null, category1=101000, category2=1009006, gbrand=漫步者（EDIFIER）, gprice=899.0, ggrade=null, gcount=20, gmaterial=null, hot=6]
Goods [gid=6483073, zpicture=http://p4.music.126.net/6eqXcOi_viOzHizV8wrtDw==/109951162969135898.jpg, gpicture=http://p4.music.126.net/6eqXcOi_viOzHizV8wrtDw==/109951162969135898.jpg,http://p4.music.126.net/P6tUBbjlXBQZ_jzm5n1MFw==/109951162969144565.jpg,http://p3.music.126.net/JO7S7vpaMZMuyhVntKbTQQ==/109951162969141214.jpg,http://p4.music.126.net/om5a_yaNINSMSA99I_bz_A==/109951162969136391.jpg,http://p3.music.126.net/qDFBqhmg01Q-5nbbXrlx9A==/109951162969140269.jpg, gname=漫步者（EDIFIER）W855BT 立体声头戴式蓝牙耳机, gintroduce=黑咖配色，蛋白皮耳罩;；确保高品质听觉需求；蓝牙模式、有线模式兼得，支持NFC功能，操作便捷, gcolorid=null, category1=101000, category2=1005000, gbrand=漫步者（EDIFIER）, gprice=599.0, ggrade=null, gcount=8, gmaterial=null, hot=12]
Goods [gid=6487060, zpicture=http://p3.music.126.net/gHi5XY8qiHAneIpxF3TJlg==/18527870441687791.jpg, gpicture=http://p3.music.126.net/gHi5XY8qiHAneIpxF3TJlg==/18527870441687791.jpg,http://p4.music.126.net/KU_99DpXYZBj2fEMXjY3mQ==/18999560928280543.jpg,http://p4.music.126.net/AMKdQmQN2CE1ZuoOcNRPSQ==/109951162972549725.jpg,http://p3.music.126.net/m2zfA1_AGDeUFiokBLfLNQ==/109951162972547389.jpg,http://p3.music.126.net/I9OLxAu4Lc59p_7lKFWIPg==/109951162972551273.jpg,http://p3.music.126.net/7DmjZXmNIm0KOwg3xI1oDQ==/109951162972544933.jpg, gname=漫步者（EDIFIER）H841P 高性能立体声头戴式线控手机耳机, gintroduce=佩戴舒适；音质出众’, gcolorid=null, category1=101000, category2=1005000, gbrand=漫步者（EDIFIER）, gprice=179.0, ggrade=null, gcount=24, gmaterial=null, hot=0]
Goods [gid=6487061, zpicture=http://p3.music.126.net/haSiDHjwaryZJyK8SCBF7w==/18607035278848181.jpg, gpicture=http://p3.music.126.net/haSiDHjwaryZJyK8SCBF7w==/18607035278848181.jpg,http://p4.music.126.net/pWZZR1ihpY8BXx0g1a91Vw==/18999560928280560.jpg,http://p3.music.126.net/LG26ZK0zo2wuP1iMr6uXgg==/109951162972555762.jpg,http://p3.music.126.net/7_qNR7sPYTQYm0ZXwRHBJQ==/109951162972552837.jpg, gname=漫步者（EDIFIER）M19便携多媒体FM插卡音箱, gintroduce=适合送给父母的老年人；声音洪亮清晰；操作简单直观；支持SD卡读取及FM收音机功能, gcolorid=null, category1=101000, category2=1009006, gbrand=漫步者（EDIFIER）, gprice=199.0, ggrade=null, gcount=62, gmaterial=null, hot=1]
Goods [gid=6487065, zpicture=http://p3.music.126.net/AiYQlBZuqzcZndj7h-w95w==/18558656767255221.jpg, gpicture=http://p3.music.126.net/AiYQlBZuqzcZndj7h-w95w==/18558656767255221.jpg,http://p3.music.126.net/CQglJOYe31tZXQT2fPOxoA==/109951162973064535.jpg, gname=漫步者（EDIFIER）H850 高性能立体声头戴式耳机 重低音包耳式, gintroduce=HIFI级音质表现；高规格硬件配置，大师倾心调校；人体工学设计，佩戴舒适, gcolorid=null, category1=101000, category2=1005000, gbrand=漫步者（EDIFIER）, gprice=249.0, ggrade=null, gcount=18, gmaterial=null, hot=29]
Goods [gid=6487068, zpicture=http://p4.music.126.net/zwf-yna2WBnu0NYZMPWN1g==/18598239185853301.jpg, gpicture=http://p4.music.126.net/zwf-yna2WBnu0NYZMPWN1g==/18598239185853301.jpg,http://p4.music.126.net/ZJdlOtYfJ0Wa0wSLvjGoAQ==/19149094509674668.jpg,http://p3.music.126.net/V3UmGmOjrIxF02bHCsOl9A==/18802748348631588.jpg,http://p3.music.126.net/yocnIkOJNdws69stBh2hcg==/19140298416650320.jpg, gname=漫步者（EDIFIER）R1600TIII 2.0声道 多媒体电脑书架音箱, gintroduce=入门级2.0书架箱诚意之作；外观精美大气；电子分频，音质强劲；独立遥控器，操控便捷, gcolorid=null, category1=101000, category2=1009006, gbrand=漫步者（EDIFIER）, gprice=439.0, ggrade=null, gcount=19, gmaterial=null, hot=7]
Goods [gid=6488060, zpicture=http://p4.music.126.net/K-RvnmWKZvPfMjUnpQ4OiQ==/18498183627738285.jpg, gpicture=http://p4.music.126.net/K-RvnmWKZvPfMjUnpQ4OiQ==/18498183627738285.jpg,http://p4.music.126.net/sMOXZOlL5fVeZ5FYzmgtyQ==/19140298416650318.jpg,http://p4.music.126.net/VB3AqKIq8jUWXI-8y4iKuQ==/18802748348631586.jpg,http://p4.music.126.net/AluKjypf5f6uQsdMMaXE0Q==/109951162972547127.jpg,http://p4.music.126.net/i82FehrcnREHrCYXIWsmSA==/109951162972541492.jpg, gname=漫步者（EDIFIER）R12U 入门级微型2.0笔记本桌面音响音箱, gintroduce=入门级桌面2.0优选；2.25吋全频带扬声器；体型小巧，精致可爱，工艺精良, gcolorid=null, category1=101000, category2=1009006, gbrand=漫步者（EDIFIER）, gprice=89.0, ggrade=null, gcount=66, gmaterial=null, hot=0]
Goods [gid=6488067, zpicture=http://p4.music.126.net/2XDo0e0S1jzgvhMwPE3Chg==/19163388160822476.jpg, gpicture=http://p4.music.126.net/2XDo0e0S1jzgvhMwPE3Chg==/19163388160822476.jpg,http://p3.music.126.net/QeDwvr1r3eTI6D-ix2zuNg==/18924794137594836.jpg,http://p4.music.126.net/3QgP8aVQtULl6pntEQGZkA==/109951162973072712.jpg, gname=漫步者（EDIFIER）R26T 2.0声道 桌面柱形多媒体笔记本音箱, gintroduce=造型优雅挺拔；音质淳美，听感出色；内侧音量调节和待机设置，操控方便, gcolorid=null, category1=101000, category2=1009006, gbrand=漫步者（EDIFIER）, gprice=229.0, ggrade=null, gcount=41, gmaterial=null, hot=3]
Goods [gid=6488069, zpicture=http://p3.music.126.net/_W_0a0rqKVe8AGqlhcXbGg==/18616930883538636.jpg, gpicture=http://p3.music.126.net/_W_0a0rqKVe8AGqlhcXbGg==/18616930883538636.jpg,http://p4.music.126.net/mqyR7eunfME8anFQbXNZzQ==/109951162973077385.jpg,http://p3.music.126.net/8lwXQrXsWhxZ2Sa_fcldqA==/109951162973087019.jpg,http://p4.music.126.net/xA4SOHrC1YsEIJEJ0Qj4LA==/109951162973087022.jpg,http://p3.music.126.net/dKZT9Q7LiFlNNj5PjNrLkQ==/109951162973083182.jpg,http://p3.music.126.net/fiWzkBQum_Y5Wumxj0Oo_g==/109951162973086542.jpg, gname=漫步者（EDIFIER）H880 旗舰头戴式立体声耳机, gintroduce=40MM单元，提供更大动态与更高解析；舒适触感；双线替换，让您随意匹配, gcolorid=null, category1=101000, category2=1005000, gbrand=漫步者（EDIFIER）, gprice=999.0, ggrade=null, gcount=15, gmaterial=null, hot=1]
Goods [gid=6488073, zpicture=http://p3.music.126.net/pcEJGVZUhUKmpGTN271EHA==/18646617697527245.jpg, gpicture=http://p3.music.126.net/pcEJGVZUhUKmpGTN271EHA==/18646617697527245.jpg,http://p3.music.126.net/owHwT983dQq1qA9xNDYfkg==/18498183627738287.jpg,http://p4.music.126.net/k_T1F8BtUHJ7t528IXcxqA==/19054536509683440.jpg,http://p4.music.126.net/nBZMDw82Ny03oTI4mq9u6A==/18830236139322987.jpg, gname=漫步者（EDIFIER）R1700BT 无线蓝牙多媒体音箱 重低音, gintroduce=梯形结构设计，端庄典雅的HIFI风范；蓝牙4.0；高规格声学硬件，功率强劲, gcolorid=null, category1=101000, category2=1009006, gbrand=漫步者（EDIFIER）, gprice=529.0, ggrade=null, gcount=12, gmaterial=null, hot=2]
Goods [gid=6489057, zpicture=http://p3.music.126.net/qbyLOYFXXFEoPV-8ZSYjlw==/18607035278848161.jpg, gpicture=http://p3.music.126.net/qbyLOYFXXFEoPV-8ZSYjlw==/18607035278848161.jpg,http://p3.music.126.net/r2D4UJ6CUCvbpnbUAP2pvA==/19020451649211486.jpg,http://p3.music.126.net/cqNnoDt6ygYaSWK5mSPXRw==/18910500486436187.jpg,http://p4.music.126.net/oHCAM3ozt9tQXmZ6w2I86A==/18999560928280542.jpg, gname=漫步者（EDIFIER）H210P 入耳式耳机 手机通用 线控带麦, gintroduce=色彩清丽可人；高规格声学单元，音纯质真；高灵敏度麦克风，通话质量优秀, gcolorid=null, category1=101000, category2=1005000, gbrand=漫步者（EDIFIER）, gprice=59.0, ggrade=null, gcount=161, gmaterial=null, hot=0]
Goods [gid=6489065, zpicture=http://p4.music.126.net/KU-v6mSTSRQvLBg3qUK1mA==/109951163940993345.jpg, gpicture=http://p4.music.126.net/KU-v6mSTSRQvLBg3qUK1mA==/109951163940993345.jpg,http://p4.music.126.net/AfZO-qXY-e_ywxe8YlQrww==/109951163940999671.jpg,http://p3.music.126.net/o0Mu0ZnpDLkE1KcRH146PA==/109951163940994817.jpg,http://p3.music.126.net/QQGWvS61IMwk41GrgeOTQg==/109951163941003516.jpg,http://p3.music.126.net/IQBBEhr9JzP598TrxEqKyA==/109951163940991462.jpg,http://p3.music.126.net/LFjYOfH_UW6vQ2XwW5No_Q==/109951163941000156.jpg,http://p4.music.126.net/gYoLvyRo-OhrplvIdu_ysw==/109951163940992445.jpg, gname=漫步者（EDIFIER）M100 迷你便携蓝牙音箱户外音箱插卡音响, gintroduce=低频量感惊人；4.0蓝牙、TF播放、电话接听、IP54级防水、功能一应尽有, gcolorid=null, category1=101000, category2=1009006, gbrand=漫步者（EDIFIER）, gprice=199.0, ggrade=null, gcount=42, gmaterial=null, hot=1]
Goods [gid=6489067, zpicture=http://p4.music.126.net/08CZtCqN25nNngX-K-U-tg==/18771962023049330.jpg, gpicture=http://p4.music.126.net/08CZtCqN25nNngX-K-U-tg==/18771962023049330.jpg,http://p4.music.126.net/pLo-BVuNkG2IhpI9ecicOw==/18910500486436208.jpg,http://p4.music.126.net/CeYmr0ZmACGY1d0whfxFWA==/109951162973031631.jpg, gname=漫步者（EDIFIER）S50 2.0声道家庭电视影院音响 无线蓝牙回音壁 SOUNDBAR, gintroduce=全木质高保真电视音响；专业DSP电子分频；两路四通道数字功效带来强尽动力, gcolorid=null, category1=101000, category2=1009006, gbrand=漫步者（EDIFIER）, gprice=1298.0, ggrade=null, gcount=33, gmaterial=null, hot=3]
Goods [gid=6489076, zpicture=http://p3.music.126.net/OJdcSM2OT6MKd_oHDE6heA==/18646617697527243.jpg, gpicture=http://p3.music.126.net/OJdcSM2OT6MKd_oHDE6heA==/18646617697527243.jpg,http://p4.music.126.net/J8xHBkZhaSsF0y39GFJV1A==/109951162973083764.jpg,http://p3.music.126.net/JklpsZnpATmeJAaRNJoycg==/109951162973089511.jpg, gname=漫步者（EDIFIER）R19U 微型桌面笔记本电脑便携小音箱, gintroduce=微型2.0笔记本电脑音箱；USB连接供电及信号输入；小仰角设计，更适宜近场聆听, gcolorid=null, category1=101000, category2=1009006, gbrand=漫步者（EDIFIER）, gprice=139.0, ggrade=null, gcount=19, gmaterial=null, hot=0]
Goods [gid=6489084, zpicture=http://p4.music.126.net/Wbnzh5HV-i6F9TPZWiyR9w==/18741175697489672.jpg, gpicture=http://p4.music.126.net/Wbnzh5HV-i6F9TPZWiyR9w==/18741175697489672.jpg,http://p3.music.126.net/8Th2Mz1cnGtvgtMVv5j8WQ==/109951162973332509.jpg,http://p4.music.126.net/efVZ__RxAtqqN0LktK61Rg==/109951162973322455.jpg, gname=漫步者（EDIFIER）R201T06 2.1声道 多媒体音箱, gintroduce=5英寸低音单元，木质箱体，低频强劲有力；调节按钮侧置，操控简便, gcolorid=null, category1=101000, category2=1009006, gbrand=漫步者（EDIFIER）, gprice=199.0, ggrade=null, gcount=16, gmaterial=null, hot=0]
Goods [gid=6490053, zpicture=http://p4.music.126.net/WHNe_tZw5ERD4RyaMi0hng==/19027048719243386.jpg, gpicture=http://p4.music.126.net/WHNe_tZw5ERD4RyaMi0hng==/19027048719243386.jpg,http://p3.music.126.net/KRAI7vzCi7djqKOQ66MpSA==/19161189137833459.jpg,http://p4.music.126.net/XliNIfx4aS65cOE0srhs9w==/18509178744180690.jpg,http://p3.music.126.net/JLS37VeIm9my5BykEJWMdQ==/18741175697653729.jpg,http://p4.music.126.net/p3eFp7NGxOfC5rRm4ugb0g==/18928092672749446.jpg,http://p4.music.126.net/xHYDiLXmodBjy-PgHjPqjg==/18760966906945045.jpg, gname=漫步者（EDIFIER）H270P 高保真入耳式手机耳机 带麦克风, gintroduce=高保真立体声；轻量化舒适佩戴；线材扎实耐用；一键接听电话, gcolorid=null, category1=101000, category2=1005000, gbrand=漫步者（EDIFIER）, gprice=99.0, ggrade=null, gcount=28, gmaterial=null, hot=0]
Goods [gid=6490063, zpicture=http://p3.music.126.net/VcpxrexiJtgRs7wXFnnhng==/18808245906764068.jpg, gpicture=http://p3.music.126.net/VcpxrexiJtgRs7wXFnnhng==/18808245906764068.jpg,http://p3.music.126.net/LVgjEi73BUJhCNRymWiFcA==/109951162972546580.jpg,http://p4.music.126.net/88TYuGv_ziMjNjOWITEgzA==/109951162972543710.jpg, gname=漫步者（EDIFIER）M16 便携式多媒体有源音箱, gintroduce=揽获IF、红点、CES三项国际设计大奖；小体积好音质；内置USB声卡，克服笔记本音源瓶颈, gcolorid=null, category1=101000, category2=1009006, gbrand=漫步者（EDIFIER）, gprice=219.0, ggrade=null, gcount=12, gmaterial=null, hot=0]
Goods [gid=6490064, zpicture=http://p3.music.126.net/kTfzNCwAYHFFQlyyGlun6w==/19140298416650317.jpg, gpicture=http://p3.music.126.net/kTfzNCwAYHFFQlyyGlun6w==/19140298416650317.jpg,http://p3.music.126.net/rt77T_q-9cmrOd2u-d52XA==/18646617697527242.jpg,http://p4.music.126.net/rlSsaejhiomWB6yfaJ7DHw==/18536666534716343.jpg,http://p4.music.126.net/I_WoWulap2wMsfUEF3noXw==/3313928054094525.jpg, gname=漫步者（EDIFIER）BUN 无线蓝牙便携迷你音箱, gintroduce=糖果配色，硅胶亲肤材质；声音越级的实力派；蓝牙4.1；支持内存卡、USB声卡，多样赏乐, gcolorid=null, category1=101000, category2=1009006, gbrand=漫步者（EDIFIER）, gprice=299.0, ggrade=null, gcount=52, gmaterial=null, hot=2]
Goods [gid=6490074, zpicture=http://p3.music.126.net/U_vfEvamJFJ_fqKoxmUxRg==/18829136627695351.jpg, gpicture=http://p3.music.126.net/U_vfEvamJFJ_fqKoxmUxRg==/18829136627695351.jpg,http://p3.music.126.net/9xlTGDSXXBx0y76Amiuxbg==/19193074974784108.jpg,http://p4.music.126.net/u1ihUuA39SdlD5WHONB-cA==/18741175697489673.jpg,http://p4.music.126.net/GBgM96B-k7IRMdpy_SBSuw==/18731280092831387.jpg, gname=漫步者（EDIFIER）R1200TII 2.0声道 多媒体电脑桌面音箱, gintroduce=全木质箱体，造型端庄典雅；音质纯正，圆润通透，细腻柔和；细节考究, gcolorid=null, category1=101000, category2=1009006, gbrand=漫步者（EDIFIER）, gprice=349.0, ggrade=null, gcount=16, gmaterial=null, hot=0]
Goods [gid=6490083, zpicture=http://p4.music.126.net/sPWT-5o_bKh3gdMXmaXtnw==/19193074974784107.jpg, gpicture=http://p4.music.126.net/sPWT-5o_bKh3gdMXmaXtnw==/19193074974784107.jpg,http://p3.music.126.net/N2ltv9B_OXEFqGSMxowpZw==/109951162973297365.jpg,http://p4.music.126.net/xpkuCjvV69cGSD3Gqkg0ZA==/109951162973296862.jpg, gname=漫步者（EDIFIER）R101V 2.1声道多媒体音箱, gintroduce=官方累计销量逾千万；入门级2.1音箱的优先之选，外观朴实，音质出众, gcolorid=null, category1=101000, category2=1009006, gbrand=漫步者（EDIFIER）, gprice=139.0, ggrade=null, gcount=41, gmaterial=null, hot=0]
Goods [gid=6490086, zpicture=http://p3.music.126.net/oI3W8OiTC7lHSg4CvPudtQ==/18985267277127717.jpg, gpicture=http://p3.music.126.net/oI3W8OiTC7lHSg4CvPudtQ==/18985267277127717.jpg,http://p3.music.126.net/dXbBDSVSgg0R_mqtJJNjSw==/109951162973316242.jpg, gname=漫步者（EDIFIER）R206P U盘播放 2.1声道 多媒体音箱, gintroduce=木质低音炮；听感均衡自然，低频有力；支持USB设备直接读取播放, gcolorid=null, category1=101000, category2=1009006, gbrand=漫步者（EDIFIER）, gprice=249.0, ggrade=null, gcount=24, gmaterial=null, hot=3]
Goods [gid=6490087, zpicture=http://p3.music.126.net/G2EEHGsrFE4WfTW2uXXCEw==/3315027565723454.jpg, gpicture=http://p3.music.126.net/G2EEHGsrFE4WfTW2uXXCEw==/3315027565723454.jpg,http://p4.music.126.net/2_XexiBcn_0P5V0p5S5X6w==/19054536509683439.jpg,http://p3.music.126.net/3e4HU8mQxt5Vk31kdYblTQ==/18830236139322986.jpg, gname=漫步者（EDIFIER）R201T北美 2.1声道 多媒体音箱, gintroduce=经典R201系列作品之一；风格硬朗，棱角分明；低频震撼，中高频细腻，听感出众, gcolorid=null, category1=101000, category2=1009006, gbrand=漫步者（EDIFIER）, gprice=239.0, ggrade=null, gcount=26, gmaterial=null, hot=0]
Goods [gid=6490088, zpicture=http://p3.music.126.net/DaiYW9TwcQTdrRB0DJsbkg==/18536666534716344.jpg, gpicture=http://p3.music.126.net/DaiYW9TwcQTdrRB0DJsbkg==/18536666534716344.jpg,http://p4.music.126.net/_tMejGwpcpgqZZIuoFtUqQ==/109951162973326231.jpg,http://p4.music.126.net/-Zvspvkq-i9u2sj-Yg9riw==/109951162973329050.jpg, gname=漫步者（EDIFIER）R201T08 2.1声道 多媒体音箱, gintroduce=设计风格简约硬朗；5英寸低音单元，低频强劲有力；调节按钮侧置，操控简便, gcolorid=null, category1=101000, category2=1009006, gbrand=漫步者（EDIFIER）, gprice=219.0, ggrade=null, gcount=16, gmaterial=null, hot=0]
Goods [gid=6491050, zpicture=http://p3.music.126.net/_--mDh_7R92ofQQRl3nnnA==/18808245906763766.jpg, gpicture=http://p3.music.126.net/_--mDh_7R92ofQQRl3nnnA==/18808245906763766.jpg,http://p3.music.126.net/zKgZvUt0iJ3IAQXbIzk16Q==/18999560928280541.jpg, gname=漫步者（EDIFIER） H180 立体声耳机 手机耳塞, gintroduce=漫步者经典平头塞，人性化设计，佩戴舒适；细节设计用心，用料绝不将就, gcolorid=null, category1=101000, category2=1005000, gbrand=漫步者（EDIFIER）, gprice=39.0, ggrade=null, gcount=93, gmaterial=null, hot=2]
Goods [gid=6491052, zpicture=http://p3.music.126.net/a-3T3VeYh8l-W1HWhChGuw==/109951163678463617.jpg, gpicture=http://p3.music.126.net/a-3T3VeYh8l-W1HWhChGuw==/109951163678463617.jpg,http://p3.music.126.net/YsnQxG4ZfpVS8kbWNtki2A==/109951163678454450.jpg, gname=漫步者（EDIFIER）H190P 耳塞式耳机 手机通用线控带麦耳机, gintroduce=精心调校的高规格声学单元；通话清晰，操作简便；轻量化设计，佩戴舒适贴耳, gcolorid=null, category1=101000, category2=1005000, gbrand=漫步者（EDIFIER）, gprice=119.0, ggrade=null, gcount=68, gmaterial=null, hot=1]
Goods [gid=6491055, zpicture=http://p4.music.126.net/UNcGM3Ivrjxs1UbSzkiiGQ==/18903903416702874.jpg, gpicture=http://p4.music.126.net/UNcGM3Ivrjxs1UbSzkiiGQ==/18903903416702874.jpg,http://p4.music.126.net/0NVvj-aFmbZS5iAPoF2_4A==/19173283765508804.jpg,http://p3.music.126.net/cCvwaVR5PIsJaWjia4YXmA==/18864320998106348.jpg,http://p4.music.126.net/OjLvnWMRTV7S4c2eanAiyg==/18731280092847553.jpg,http://p4.music.126.net/RrtD56f2n5VtHCWP405yVQ==/19235955928294077.jpg, gname=漫步者（EDIFIER） H230P 入耳式立体声线控耳机, gintroduce=流畅外形，质感配色，简约大气；声场真实饱满；全指向收声，多终端兼容, gcolorid=null, category1=101000, category2=1005000, gbrand=漫步者（EDIFIER）, gprice=69.0, ggrade=null, gcount=109, gmaterial=null, hot=1]
Goods [gid=6491056, zpicture=http://p3.music.126.net/kgZxEarW_54iIeBbNAcdAA==/109951163287179677.jpg, gpicture=http://p3.music.126.net/kgZxEarW_54iIeBbNAcdAA==/109951163287179677.jpg,http://p3.music.126.net/3GwQGqmBnhbJAMy6OM3-OQ==/109951163279832717.jpg,http://p4.music.126.net/IpMBi-lU5pS3Z1mSyIQmqQ==/109951163279831791.jpg,http://p3.music.126.net/iKnl7Zjy79meDRDDydsDKg==/109951163279827455.jpg,http://p4.music.126.net/nnadisQlJ--U-AEx883qRQ==/109951163279836035.jpg,http://p4.music.126.net/ZegpOphd6VlzE7eSqvTRmw==/109951163279831796.jpg, gname=漫步者（EDIFIER）H265P 入耳式线控带麦手机通用音乐耳机, gintroduce=硬朗配色，拼接手柄式设计；高度还原声音细节；精巧细节，拿捏顺手；高灵敏麦克风，一键通话, gcolorid=null, category1=101000, category2=1005000, gbrand=漫步者（EDIFIER）, gprice=88.0, ggrade=null, gcount=201, gmaterial=null, hot=2]
Goods [gid=6491077, zpicture=http://p4.music.126.net/YlaF-pnJ6vVp2QUYasJzlw==/18598239185853300.jpg, gpicture=http://p4.music.126.net/YlaF-pnJ6vVp2QUYasJzlw==/18598239185853300.jpg,http://p3.music.126.net/bVRtP-baA_l96WUZXgPz9Q==/3313928054094526.jpg,http://p4.music.126.net/gZyCw-7xtkGLqUvmEk-bIg==/18802748348631587.jpg, gname=漫步者（EDIFIER）R201T12 2.1声道 多媒体音箱, gintroduce=5英寸口径低音单元，低频震憾强劲；优质2.75英寸中高音单元，中高音纯正, gcolorid=null, category1=101000, category2=1009006, gbrand=漫步者（EDIFIER）, gprice=229.0, ggrade=null, gcount=16, gmaterial=null, hot=0]
Goods [gid=6492050, zpicture=http://p3.music.126.net/B3rnI_8Pl9Evnym6gsTo4Q==/109951163781109191.jpg, gpicture=http://p3.music.126.net/B3rnI_8Pl9Evnym6gsTo4Q==/109951163781109191.jpg,http://p4.music.126.net/VH0ZqDKl-F2Iyauovt01lA==/109951163781107386.jpg,http://p3.music.126.net/wTu9krygVzFmkIDSXET-Pw==/109951163781111600.jpg, gname=漫步者（EDIFIER）H185P 高保真立体声耳机 线控带麦可通话, gintroduce=造型时尚灵动；兼容主流手机品牌，通话质量上佳；佩戴舒适贴耳，细节精致用心, gcolorid=null, category1=101000, category2=1005000, gbrand=漫步者（EDIFIER）, gprice=69.0, ggrade=null, gcount=76, gmaterial=null, hot=1]
Goods [gid=6492052, zpicture=http://p3.music.126.net/zCisaCOHVphjLnYhiGPu4Q==/19163388160822457.jpg, gpicture=http://p3.music.126.net/zCisaCOHVphjLnYhiGPu4Q==/19163388160822457.jpg,http://p4.music.126.net/Np_s-NMuDKHfeg_pj7t5Qg==/18985267277127696.jpg,http://p4.music.126.net/dPe41bMya-qP7WisN1sDNQ==/19196373509656945.jpg,http://p4.music.126.net/1bvv44bVHQSKNx4J-gQPYw==/18808245906764058.jpg, gname=漫步者（EDIFIER）H210 高保真入耳式立体声耳机, gintroduce=9mm高性能钕铁硼单元；灵敏度达到105dB；佩戴舒适贴耳，隔音效果良好, gcolorid=null, category1=101000, category2=1005000, gbrand=漫步者（EDIFIER）, gprice=49.0, ggrade=null, gcount=49, gmaterial=null, hot=0]
Goods [gid=6492062, zpicture=http://p4.music.126.net/QlvgY9UqrgkuF4MEAHRT6Q==/18558656767255218.jpg, gpicture=http://p4.music.126.net/QlvgY9UqrgkuF4MEAHRT6Q==/18558656767255218.jpg,http://p3.music.126.net/f49WUW8kLyab1_-kLG0nBw==/109951162973061376.jpg,http://p3.music.126.net/a_wpi757cYtfnxKkmmAkew==/109951162973059916.jpg, gname=漫步者（EDIFIER）E235 新一代高品质电视/客厅音响 低音炮, gintroduce=钢琴烤漆工艺；无线低音炮配置，强悍功放驱动；CES创新大奖；蓝牙、光纤、aux输入, gcolorid=null, category1=101000, category2=1009006, gbrand=漫步者（EDIFIER）, gprice=1999.0, ggrade=null, gcount=20, gmaterial=null, hot=1]
Goods [gid=6492070, zpicture=http://p3.music.126.net/AIg1MgcXtpY9AcK8FNtIlg==/19020451649211505.jpg, gpicture=http://p3.music.126.net/AIg1MgcXtpY9AcK8FNtIlg==/19020451649211505.jpg,http://p3.music.126.net/25tTjD7jwrtIymjh7zQhFA==/18808245906763777.jpg,http://p4.music.126.net/fCqr-xvZpIlJ6v-AwlGaLQ==/18999560928280561.jpg,http://p4.music.126.net/-CDXO54xxURpY2pkou0uGQ==/18607035278848182.jpg, gname=漫步者（EDIFIER）R980T 多媒体电脑音箱 桌面音箱系统, gintroduce=全木质2.0音箱，家用商用皆宜；24W功率输出，失真度更低，音量强劲，低音弹性足, gcolorid=null, category1=101000, category2=1009006, gbrand=漫步者（EDIFIER）, gprice=269.0, ggrade=null, gcount=17, gmaterial=null, hot=0]
Goods [gid=6492076, zpicture=http://p4.music.126.net/dSiA8EDzDbJPZS-C7L_E6w==/109951164432055780.jpg, gpicture=http://p4.music.126.net/dSiA8EDzDbJPZS-C7L_E6w==/109951164432055780.jpg,http://p3.music.126.net/lO4lGu9DK8jg5B59An9_fw==/109951164432060152.jpg,http://p3.music.126.net/BTkEIavUpDJI5pDN_gAJQQ==/109951164432057224.jpg,http://p4.music.126.net/GncYhluObZ1Bk5LghKXGIw==/109951164432055287.jpg, gname=漫步者（EDIFIER）K800 头戴式电脑语音通讯游戏耳机耳麦, gintroduce=经典款式，音质出众；简约大气；佩戴舒适，隔音效果良好；细节设计用心到位, gcolorid=null, category1=101000, category2=1005000, gbrand=漫步者（EDIFIER）, gprice=79.0, ggrade=null, gcount=80, gmaterial=null, hot=0]
Goods [gid=6492077, zpicture=http://p4.music.126.net/gw43nrEo1dzAJ2S7hYADCA==/109951162973806348.jpg, gpicture=http://p4.music.126.net/gw43nrEo1dzAJ2S7hYADCA==/109951162973806348.jpg,http://p4.music.126.net/2HdPlsbz8Ek7TE_4xRDXsw==/109951162973806837.jpg,http://p4.music.126.net/j3k51tiFWOZf2iOMe4FJAQ==/109951162973811107.jpg, gname=漫步者（EDIFIER）HECATE G4 USB接口 7.1声道 头戴式吃鸡游戏耳机 电竞耳麦, gintroduce=USB 7.1声道；炫酷LED灯光；体感振动单元, gcolorid=null, category1=101000, category2=1005000, gbrand=漫步者（EDIFIER）, gprice=299.0, ggrade=null, gcount=38, gmaterial=null, hot=2]
Goods [gid=6506143, zpicture=http://p3.music.126.net/517Cf4Nuebgpn476tMbXyQ==/109951164017036341.jpg, gpicture=http://p3.music.126.net/517Cf4Nuebgpn476tMbXyQ==/109951164017036341.jpg,http://p4.music.126.net/obSaPwodHDi-bQrahqcEQw==/109951162986518128.jpg,http://p3.music.126.net/iQRXBKD0YxM_90My36BpiQ==/109951162986509974.jpg,http://p4.music.126.net/-VbznSjysAyKFpKup1sJnQ==/109951162986516774.jpg,http://p4.music.126.net/YP4xsLwRRo5KDZJ9E7N7ng==/109951162986520555.jpg,http://p4.music.126.net/r__IVomHS3w9_TMa5JLoyg==/109951162986513424.jpg, gname=击音【触控级】降噪防水手势识别蓝牙运动耳机, gintroduce=告别按键，换代触摸运动耳机，男女分款, gcolorid=null, category1=101000, category2=1005000, gbrand=击音, gprice=149.0, ggrade=null, gcount=4576, gmaterial=null, hot=1]
Goods [gid=6507069, zpicture=http://p3.music.126.net/Vloojx9BJdYW1pmSYEstOA==/109951162978806043.jpg, gpicture=http://p3.music.126.net/Vloojx9BJdYW1pmSYEstOA==/109951162978806043.jpg,http://p4.music.126.net/YXUKtczI1u-Mrlga-S3t7A==/109951162978806044.jpg,http://p4.music.126.net/fNCgX5KKbfQG5vicKNyT1w==/109951162978801217.jpg,http://p4.music.126.net/QTXESrqV5sptKUw92ifClg==/109951162978806047.jpg, gname=BOSE QuietControl 30 无线消噪挂脖式耳机, gintroduce=自定义消噪技术；蓝牙连接，支持NFC；音量优化均衡技术, gcolorid=null, category1=101000, category2=1005000, gbrand=BOSE, gprice=2498.0, ggrade=null, gcount=2, gmaterial=null, hot=0]
Goods [gid=6508069, zpicture=http://p3.music.126.net/a7p7c7K5RUkM3240-Z08uw==/109951162978716590.jpg, gpicture=http://p3.music.126.net/a7p7c7K5RUkM3240-Z08uw==/109951162978716590.jpg,http://p3.music.126.net/E1bQf06SPOi7SEc6LwqF5w==/109951162978718564.jpg,http://p4.music.126.net/Yo3wYh1eLnDhri4F_kqarg==/109951162978709982.jpg,http://p4.music.126.net/ets-FVlMGE9Qk_xqRSARHQ==/109951162978716130.jpg,http://p3.music.126.net/iam5frtivA39oI681_mpTw==/109951162978714732.jpg, gname=铁三角 CKR70iS 通话线控带麦入耳式HIFI耳机, gintroduce=高度重现真实原音；强韧外壳；多彩配色；多功能线控, gcolorid=null, category1=101000, category2=1005000, gbrand=铁三角, gprice=909.0, ggrade=null, gcount=49, gmaterial=null, hot=3]
Goods [gid=6508072, zpicture=http://p4.music.126.net/3MFa5bDpFHn7itTn98KMAA==/109951162978735698.jpg, gpicture=http://p4.music.126.net/3MFa5bDpFHn7itTn98KMAA==/109951162978735698.jpg,http://p3.music.126.net/VKiMit9rEP0oUcJhQL1Tsg==/109951162978732443.jpg,http://p3.music.126.net/umaMWR96tOAx2g9lVesAyA==/109951162978731490.jpg, gname=铁三角 ESW990H 梧桐木制便携式HiFi耳机, gintroduce=日本进口；梧桐木精致外壳；驱动单元设有统一轭轴的两套磁路组件，可拆卸式音频导线, gcolorid=null, category1=101000, category2=1005000, gbrand=铁三角, gprice=2750.0, ggrade=null, gcount=10, gmaterial=null, hot=2]
Goods [gid=6508075, zpicture=http://p3.music.126.net/dBgO6tSEnSpH1tXGiP6YEw==/109951162978757927.jpg, gpicture=http://p3.music.126.net/dBgO6tSEnSpH1tXGiP6YEw==/109951162978757927.jpg,http://p3.music.126.net/mTDPMsZ2OSGOsx95cslPxA==/109951162978766512.jpg,http://p3.music.126.net/o_GZdAryE8rQtse5CpM3GA==/109951162978760320.jpg, gname=铁三角 M70X 高端录音监听头戴式耳机, gintroduce=高度还原丰富细节；45mm大单元带来震撼聆听；隔音效果优良, gcolorid=null, category1=101000, category2=1005000, gbrand=铁三角, gprice=2280.0, ggrade=null, gcount=10, gmaterial=null, hot=0]
Goods [gid=6508076, zpicture=http://p4.music.126.net/UYzHzU7CqCjrWYh1OCHcTg==/109951162978765875.jpg, gpicture=http://p4.music.126.net/UYzHzU7CqCjrWYh1OCHcTg==/109951162978765875.jpg,http://p4.music.126.net/hu31USuJouhccXGQBXH4AA==/109951162978762464.jpg,http://p4.music.126.net/QDTiBUSuZyefNLoBRLvd0A==/109951162978770503.jpg, gname=铁三角 MSR7NC Hi-Res认证主动降噪版 舒适头戴式耳机, gintroduce=主动降噪，听见好声音；细致精心结构设计；舒适透气耳罩, gcolorid=null, category1=101000, category2=1005000, gbrand=铁三角, gprice=2399.0, ggrade=null, gcount=27, gmaterial=null, hot=0]
Goods [gid=6508078, zpicture=http://p3.music.126.net/1sZrVBbv0623iGQVI_YxVA==/109951162978779663.jpg, gpicture=http://p3.music.126.net/1sZrVBbv0623iGQVI_YxVA==/109951162978779663.jpg,http://p3.music.126.net/LA29thaxMdLmgj0-PNt8AA==/109951162978777734.jpg,http://p4.music.126.net/eXOtAUhEvE-iHA5K5M9scw==/109951162978777743.jpg,http://p4.music.126.net/GywDLqWw374LQATeyadmLQ==/109951162978780140.jpg,http://p3.music.126.net/gIAYWX7t7Yv-jm2VFs6eXA==/109951162978781064.jpg,http://p3.music.126.net/m-jS7MvnxPE043iP6D0GQg==/18953381440125696.jpg, gname=铁三角 WS550IS 便携式智能手机耳麦, gintroduce=高解析音效；气流低频风孔系统；防共振结构设计；舒适耳罩, gcolorid=null, category1=101000, category2=1005000, gbrand=铁三角, gprice=619.0, ggrade=null, gcount=71, gmaterial=null, hot=0]
Goods [gid=6508079, zpicture=http://p4.music.126.net/0JHY--8uK32Nr_c5W8Q_vQ==/109951162978781222.jpg, gpicture=http://p4.music.126.net/0JHY--8uK32Nr_c5W8Q_vQ==/109951162978781222.jpg,http://p4.music.126.net/i1le_bv6UIQ3e4-Iy4UgHQ==/109951162978778414.jpg,http://p4.music.126.net/DUVvGJ0fhfrAOvmKrric6A==/109951162978785083.jpg,http://p4.music.126.net/dJgYHzcL8prA3ZNThKx6rA==/109951162978786047.jpg, gname=铁三角 WS770IS 便携式智能手机耳麦, gintroduce=53mm大单元，带来震撼低音；高解析音频驱动单元；三重风孔系统, gcolorid=null, category1=101000, category2=1005000, gbrand=铁三角, gprice=1199.0, ggrade=null, gcount=17, gmaterial=null, hot=10]
Goods [gid=6509069, zpicture=http://p4.music.126.net/_EZwCjIdqayAxXCdtVWI-A==/109951162978724678.jpg, gpicture=http://p4.music.126.net/_EZwCjIdqayAxXCdtVWI-A==/109951162978724678.jpg,http://p4.music.126.net/08gItDvamFIPkFBMWZcsoA==/109951162978727566.jpg,http://p4.music.126.net/LEN9eoF1VheFlhRYul0PSA==/109951162978726137.jpg,http://p4.music.126.net/YscjslL2lBXC9hsBwLaE6Q==/109951162978726141.jpg,http://p3.music.126.net/X85o9CWx7L5KEZrApJKsKQ==/109951162978719968.jpg,http://p4.music.126.net/kdQrh5mIMzWeVAqwsw_POg==/19123805742443020.jpg, gname=铁三角 CLR100is 入耳式线控带麦手机耳机, gintroduce=掌控音乐、电话；佩戴舒适；隔音效果好；不易脱落；外形小巧，色彩鲜艳, gcolorid=null, category1=101000, category2=1005000, gbrand=铁三角, gprice=148.0, ggrade=null, gcount=259, gmaterial=null, hot=1]
Goods [gid=6509073, zpicture=http://p3.music.126.net/HCsvoJ7fQXXH5xBqZgloFg==/109951162978756118.jpg, gpicture=http://p3.music.126.net/HCsvoJ7fQXXH5xBqZgloFg==/109951162978756118.jpg,http://p3.music.126.net/uGR7X55fM7hWpc2jdbAZsQ==/109951162978750378.jpg,http://p4.music.126.net/njY-ZodW-2gC0T9zH8wB2A==/109951162978757555.jpg, gname=铁三角 M30x 头戴式专业监听耳机, gintroduce=录音室监听耳机；高解析度监听；单边出现设计；丰富细节, gcolorid=null, category1=101000, category2=1005000, gbrand=铁三角, gprice=599.0, ggrade=null, gcount=26, gmaterial=null, hot=0]
Goods [gid=6510068, zpicture=http://p4.music.126.net/TWN-e1qSvoYLOWJ8G8SbxQ==/109951163919201775.jpg, gpicture=http://p4.music.126.net/TWN-e1qSvoYLOWJ8G8SbxQ==/109951163919201775.jpg,http://p4.music.126.net/ZPKBe1m11rqjw2ypSW9AVw==/109951163919198824.jpg,http://p3.music.126.net/z9_x48zThyDNBPXmomOaiA==/109951163919205585.jpg,http://p3.music.126.net/6b3-paqwCdre255G88ntYw==/109951163919198388.jpg,http://p4.music.126.net/CIiuUFMP__fisQTyww1AhA==/109951163919208020.jpg, gname=铁三角 CKL220IS 入耳式线控带麦耳机, gintroduce=细致解析度；一键线控接听电话, gcolorid=null, category1=101000, category2=1005000, gbrand=铁三角, gprice=178.0, ggrade=null, gcount=34, gmaterial=null, hot=1]
Goods [gid=6510069, zpicture=http://p4.music.126.net/smR3Sa3Z0gzYZkdOb_rs_A==/109951162978712622.jpg, gpicture=http://p4.music.126.net/smR3Sa3Z0gzYZkdOb_rs_A==/109951162978712622.jpg,http://p4.music.126.net/qO_4AUgkQS-gXnPbkBUjsw==/109951162978707365.jpg,http://p4.music.126.net/yGh2mV-N9CcUj7fZs9KPEg==/109951162978708332.jpg,http://p3.music.126.net/wyORHXsPFXrmi4x1pFlZ9w==/109951162978707371.jpg,http://p3.music.126.net/-5UagpQZ1fs8aSPBRWXO7A==/109951162978712626.jpg,http://p4.music.126.net/kgr_qsOS_zT9F3rXBiQoPg==/109951162978708866.jpg, gname=铁三角 CKR50iS 线控带麦入耳式HIFI耳机, gintroduce=金属质感外壳；低音强劲，解析出色；多彩时尚；佩戴舒适牢固；智能线控, gcolorid=null, category1=101000, category2=1005000, gbrand=铁三角, gprice=498.0, ggrade=null, gcount=85, gmaterial=null, hot=0]
Goods [gid=6510073, zpicture=http://p3.music.126.net/gWNnAEM2IFauKjF8jt9nBg==/109951162978733629.jpg, gpicture=http://p3.music.126.net/gWNnAEM2IFauKjF8jt9nBg==/109951162978733629.jpg,http://p3.music.126.net/wELv-_Ixc1Y7BR_Fk77mjw==/109951162978731248.jpg,http://p4.music.126.net/r707Q-sYUbz_YZrzL32v9w==/109951162978731260.jpg,http://p3.music.126.net/v4cGItuWY8GVPKtIUq3jDQ==/109951162978734065.jpg,http://p3.music.126.net/pxH71GhPxWi4jfHLx2aGOQ==/109951162978733217.jpg,http://p3.music.126.net/HIHdrqvy3Qfqgyxj3do7JA==/109951162978730797.jpg,http://p3.music.126.net/5oPa-8OG5iDV-KL9k5_sDQ==/109951162978725991.jpg,http://p3.music.126.net/7yhrjMlzRebsEwZPQZ0IvQ==/109951162978732284.jpg, gname=铁三角 EQ500 轻量便携 时尚舒适运动挂耳式耳机, gintroduce=音质清晰；缤纷色彩选择；佩戴舒适牢固；跑步搭档, gcolorid=null, category1=101000, category2=1005000, gbrand=铁三角, gprice=199.0, ggrade=null, gcount=47, gmaterial=null, hot=3]
Goods [gid=6510076, zpicture=http://p3.music.126.net/rcB2RBfG2799HBdWYQ60iA==/109951162978753852.jpg, gpicture=http://p3.music.126.net/rcB2RBfG2799HBdWYQ60iA==/109951162978753852.jpg,http://p4.music.126.net/Yv2t4T1A2-m3KMeBkpi2Ww==/109951162978759034.jpg,http://p4.music.126.net/duYzxhOeKaq8sQyJk7TqfQ==/109951162978756658.jpg, gname=铁三角 M40x 头戴式专业监听耳机, gintroduce=高品质监听耳机；还原丰富细节，给双耳更多真实震撼, gcolorid=null, category1=101000, category2=1005000, gbrand=铁三角, gprice=680.0, ggrade=null, gcount=20, gmaterial=null, hot=0]
Goods [gid=6511065, zpicture=http://p4.music.126.net/Nd1GDkzVBeQJl5YDI300WA==/109951162978722711.jpg, gpicture=http://p4.music.126.net/Nd1GDkzVBeQJl5YDI300WA==/109951162978722711.jpg,http://p3.music.126.net/Oi2LYzxf_sdD0CJ9iZHwSw==/109951162978719841.jpg,http://p3.music.126.net/RChjo_I8F-wmq_8W0OiDbw==/109951162978720796.jpg, gname=铁三角 CKR100iS 线控入耳式耳机, gintroduce=高度还原真实声音；钛金属外壳；解析力出众；可换线设计；多功能线控, gcolorid=null, category1=101000, category2=1005000, gbrand=铁三角, gprice=3168.0, ggrade=null, gcount=9, gmaterial=null, hot=1]
Goods [gid=6511068, zpicture=http://p3.music.126.net/xmrJf18xji6aTPZsv_ygbg==/109951162978746847.jpg, gpicture=http://p3.music.126.net/xmrJf18xji6aTPZsv_ygbg==/109951162978746847.jpg,http://p4.music.126.net/K6QxSgrl76Ba3d2rE0EcqQ==/109951162978749699.jpg,http://p3.music.126.net/Mue5nhc07Obv2tpZ9aYCRA==/109951162978749703.jpg, gname=铁三角 IM70 双动圈入耳式耳机, gintroduce=双动圈监听，忠于原音；可拆卸式线缆；采用耐久耳机线材, gcolorid=null, category1=101000, category2=1005000, gbrand=铁三角, gprice=649.0, ggrade=null, gcount=12, gmaterial=null, hot=0]
Goods [gid=6511071, zpicture=http://p4.music.126.net/-Piblwguif27zoTPSoGjNA==/109951162978773138.jpg, gpicture=http://p4.music.126.net/-Piblwguif27zoTPSoGjNA==/109951162978773138.jpg, gname=铁三角 SR5 头戴式HIFI高解析耳机, gintroduce=轻巧舒适佩戴体验；高清音质表现；可拆线设计；便携折叠；线控通话, gcolorid=null, category1=101000, category2=1005000, gbrand=铁三角, gprice=1138.0, ggrade=null, gcount=25, gmaterial=null, hot=2]
Goods [gid=6512066, zpicture=http://p4.music.126.net/9U3P2tSOdORzheuigzBF1Q==/109951162978711071.jpg, gpicture=http://p4.music.126.net/9U3P2tSOdORzheuigzBF1Q==/109951162978711071.jpg,http://p4.music.126.net/kLIaVX0yzs_ULbXdpNggWw==/109951162978710614.jpg,http://p4.music.126.net/biothsI3hwiKggDBZ1TQ8A==/109951162978704777.jpg,http://p3.music.126.net/fDXct-oDvBKq6OpidUyYkw==/109951162978701446.jpg,http://p3.music.126.net/M2f0LEyxjep5eknulazGJw==/109951162978707214.jpg,http://p3.music.126.net/ofMmcStm5o66pps8y7-W3A==/109951162978702476.jpg, gname=铁三角 CK330IS 手机专用带麦通话入耳式耳机, gintroduce=金属质感外壳；大口径驱动单元，音质表现出众，解析出色；多彩选择，个性张扬, gcolorid=null, category1=101000, category2=1005000, gbrand=铁三角, gprice=189.0, ggrade=null, gcount=104, gmaterial=null, hot=0]
Goods [gid=6512067, zpicture=http://p3.music.126.net/FDTFTTaYPAmpwe6QS0dStA==/109951162978723043.jpg, gpicture=http://p3.music.126.net/FDTFTTaYPAmpwe6QS0dStA==/109951162978723043.jpg,http://p3.music.126.net/S38GESaw4kU822hVTAJWnQ==/109951162978720199.jpg,http://p3.music.126.net/CLoEygp5ojbq-SLYzPnFBw==/109951162978719275.jpg, gname=铁三角 CKR90iS 线控带麦入耳式HIFI耳机, gintroduce=金属外壳，抑制多余共振；改善高频特性，更宽广；可换线设计；多功能线控, gcolorid=null, category1=101000, category2=1005000, gbrand=铁三角, gprice=1499.0, ggrade=null, gcount=4, gmaterial=null, hot=0]
Goods [gid=6512068, zpicture=http://p4.music.126.net/98nWTStTDokxcXxbDOsJZQ==/109951162978735616.jpg, gpicture=http://p4.music.126.net/98nWTStTDokxcXxbDOsJZQ==/109951162978735616.jpg,http://p4.music.126.net/pme8oCtFkB7J2VbidOIHYw==/109951162978728484.jpg,http://p3.music.126.net/oojgu1FisZIT8XNvXRW9_g==/109951162978735618.jpg, gname=铁三角 ES770H 便携HIFI头戴式耳机, gintroduce=日本进口；镜面外观；驱动单元设有统一轭轴的两套磁路组件；可拆卸式音频导线, gcolorid=null, category1=101000, category2=1005000, gbrand=铁三角, gprice=1760.0, ggrade=null, gcount=8, gmaterial=null, hot=0]
Goods [gid=6512070, zpicture=http://p4.music.126.net/Nw5QM-FhvOokaycKC_DzHQ==/109951162978742792.jpg, gpicture=http://p4.music.126.net/Nw5QM-FhvOokaycKC_DzHQ==/109951162978742792.jpg,http://p3.music.126.net/GhBIFO1onYdvDOurTtEXKQ==/109951162978742326.jpg,http://p4.music.126.net/ZBJhHiNTkkww2ITqD0QxgA==/109951162978746542.jpg,http://p3.music.126.net/ahU7qCOzhQm3vitbGeH_8A==/109951162978737987.jpg,http://p4.music.126.net/juU_Qyfxh9NPjsLq95Z1QQ==/109951162978743799.jpg,http://p4.music.126.net/ierfphr7k6yZgeAubVzxUg==/109951162978742797.jpg, gname=铁三角 IM50 双动圈入耳耳机, gintroduce=低失真；可拆换线设计, gcolorid=null, category1=101000, category2=1005000, gbrand=铁三角, gprice=448.0, ggrade=null, gcount=15, gmaterial=null, hot=0]
Goods [gid=6512072, zpicture=http://p4.music.126.net/X90MktkP9BF_RRoPx-VfvA==/109951162978752248.jpg, gpicture=http://p4.music.126.net/X90MktkP9BF_RRoPx-VfvA==/109951162978752248.jpg,http://p4.music.126.net/8DeRPJlcsjyGBmTZISbHgw==/109951162978754236.jpg, gname=铁三角 M20x 入门级专业监听耳机, gintroduce=入门级监听耳机；高解析力；淬炼声音细节, gcolorid=null, category1=101000, category2=1005000, gbrand=铁三角, gprice=399.0, ggrade=null, gcount=3, gmaterial=null, hot=0]
Goods [gid=6512073, zpicture=http://p3.music.126.net/lkRPh-bmVv6kcWpWx3GmXw==/109951163652139883.jpg, gpicture=http://p3.music.126.net/lkRPh-bmVv6kcWpWx3GmXw==/109951163652139883.jpg,http://p4.music.126.net/mGOnu2sh86rnfAr1x5aSSw==/109951163652148132.jpg,http://p4.music.126.net/XN9KJO11QuiUN-YaJ44BZg==/109951163652141760.jpg,http://p3.music.126.net/Y7yWYAqDALff4JX8F1qsiQ==/109951163652146156.jpg,http://p4.music.126.net/0TM4Vc5kwA_XdpkMlPZdvw==/109951163652145221.jpg,http://p3.music.126.net/RfYoeXRqYoGrpq66GtwznQ==/109951163652144242.jpg,http://p4.music.126.net/18YzYWQQ-9B4UubB1aOiag==/109951163652139396.jpg,http://p3.music.126.net/Ukoo8FZgM3iLUUubusdQvQ==/109951163652145711.jpg, gname=铁三角 M50x 专业监听旗舰级耳机, gintroduce=佩戴舒适；高解析力；三频均衡；音质醇美耐听, gcolorid=null, category1=101000, category2=1005000, gbrand=铁三角, gprice=1199.0, ggrade=null, gcount=53, gmaterial=null, hot=0]
Goods [gid=6529071, zpicture=http://p4.music.126.net/0bSOycBysXFViicWN3B28Q==/109951162986578319.jpg, gpicture=http://p4.music.126.net/0bSOycBysXFViicWN3B28Q==/109951162986578319.jpg,http://p3.music.126.net/1dKVqxW8pDg4yhoOUERpag==/109951162986582040.jpg,http://p3.music.126.net/g2EA_kZUbShhis6DKYtOBw==/109951162986585008.jpg,http://p3.music.126.net/VN3djHtFKH4rFDbvrpi4Fw==/109951162986578350.jpg,http://p3.music.126.net/1yjeAhat8_X6e3VJ4jMCtg==/109951162986584542.jpg,http://p3.music.126.net/F1rVZyi1TQTOL8BJ-J69LQ==/109951162986575937.jpg, gname=击音(iGene)Super HDⅡ【全触摸】进口HIFI降噪无线有线双模蓝牙头戴, gintroduce=联想音频独立品牌，双曲面触控 双模式连接, gcolorid=null, category1=101000, category2=1005000, gbrand=击音, gprice=249.0, ggrade=null, gcount=1390, gmaterial=null, hot=0]
Goods [gid=6531067, zpicture=http://p3.music.126.net/LJDWRjKZKP1MVzxIN3LN_A==/19100715998038101.jpg, gpicture=http://p3.music.126.net/LJDWRjKZKP1MVzxIN3LN_A==/19100715998038101.jpg,http://p3.music.126.net/Q_MwsdswYnQzi_3JycFGdw==/19191975463114193.jpg,http://p4.music.126.net/Yz-VJ90YKgOPRrlaUZCjLQ==/18911599998026070.jpg,http://p3.music.126.net/4m-CwxNgGGi2V5htCV2h9g==/19186477904979809.jpg,http://p3.music.126.net/0JSm4cy0dDvbCgHlUrCA1A==/18789554209065678.jpg,http://p3.music.126.net/SsLRohIZJ20sVTaCWNmXQQ==/19111711114319792.jpg,http://p4.music.126.net/oylqyKXlfb3c93eNySFilQ==/18755469348613773.jpg, gname=击音听键A1 蓝牙音频接收器 4+种佩戴 苹果安卓必备新配件, gintroduce=源自英国基因声学，联想音频独立品牌！万款有线耳机标配的HiFi无线伙伴！, gcolorid=null, category1=101000, category2=1005000, gbrand=击音, gprice=69.0, ggrade=null, gcount=2083, gmaterial=null, hot=2]
Goods [gid=6541061, zpicture=http://p4.music.126.net/lIYB3y91w6qgX8E3fm8LGg==/109951164315558229.jpg, gpicture=http://p4.music.126.net/lIYB3y91w6qgX8E3fm8LGg==/109951164315558229.jpg,http://p4.music.126.net/E4_IlZ4_2uNdtg0WsWDaYw==/109951164315564060.jpg,http://p3.music.126.net/kGARxjYd_GmFJzpKUi0pjA==/109951164315555370.jpg,http://p4.music.126.net/Y0Kmgj6gl1-lx8IOwBI4Rw==/109951164315565048.jpg,http://p3.music.126.net/4tmgDTcQ9kKUyxjr5DlmHQ==/109951164315555866.jpg,http://p4.music.126.net/h9t1TqTTQ0sbR6E-cbqkXg==/109951164315561164.jpg,http://p3.music.126.net/UTxybraVOLeLXHzKrCeTKg==/109951164473510798.jpg,http://p3.music.126.net/zf1uTBFwUebnFuuVIZbBVg==/109951164473505398.jpg, gname=漫步者（EDIFIER）W280BT 无线蓝牙入耳式运动耳机磁吸耳塞, gintroduce=云音乐定制版白色限量优惠，售完即止；简约主流轻量化设计；微倾斜贴合耳道；鲨鱼鳍软胶耳撑, gcolorid=null, category1=101000, category2=1005000, gbrand=漫步者（EDIFIER）, gprice=119.0, ggrade=null, gcount=926, gmaterial=null, hot=0]
Goods [gid=6575088, zpicture=http://p4.music.126.net/Y4NT3sjKHtpxoW2O5v-Yrg==/109951163677001816.jpg, gpicture=http://p4.music.126.net/Y4NT3sjKHtpxoW2O5v-Yrg==/109951163677001816.jpg,http://p3.music.126.net/kkrTL-2mR6Ndc3bbrqjgbw==/109951164119380549.jpg,http://p3.music.126.net/91MPrgoqDrPN2ySyoSWXCQ==/109951164119381054.jpg,http://p3.music.126.net/puYPlEp9v08OeLz5_ArVjg==/109951164119380550.jpg,http://p3.music.126.net/nmUgbC_URrmWghMqenWdWg==/109951164119369960.jpg, gname=网易云音乐无线蓝牙音箱MB1, gintroduce=云音乐官方出品，调音6480小时，回归声音本真；, gcolorid=null, category1=101000, category2=1009006, gbrand=网易云音乐, gprice=399.0, ggrade=null, gcount=311, gmaterial=null, hot=0]
Goods [gid=6578087, zpicture=http://p3.music.126.net/Gk_ehtWqkGq7Mv7fRa7a4A==/109951163016556074.jpg, gpicture=http://p3.music.126.net/Gk_ehtWqkGq7Mv7fRa7a4A==/109951163016556074.jpg,http://p3.music.126.net/GG7M1pYFY2A8SnU2sVgnzA==/109951163764646906.jpg, gname=新裤子彭磊《北海怪兽》系列装饰画框, gintroduce=音乐人正版周边产品, gcolorid=null, category1=1008002, category2=1009002, gbrand=MAGICBUS, gprice=168.0, ggrade=null, gcount=18, gmaterial=null, hot=18]
Goods [gid=6596077, zpicture=http://p3.music.126.net/57Ci6xkEwfaoemkbEqON8A==/109951163020529728.jpg, gpicture=http://p3.music.126.net/57Ci6xkEwfaoemkbEqON8A==/109951163020529728.jpg,http://p4.music.126.net/Vp1AUTyBZbPdw0-LA8rQtQ==/109951163020528732.jpg,http://p3.music.126.net/rG2zV7CynizRBV_lmAUXDA==/109951163020534005.jpg,http://p4.music.126.net/l_Rdx-gv1uFhHBL9x9Mj5w==/109951163020527818.jpg,http://p4.music.126.net/D6vIP3FbuB0F0Gy5eLGHUg==/109951163020523963.jpg, gname=铁三角 LS70is 双动圈入耳式带麦耳机, gintroduce=双动圈交响，更动听，更舒适, gcolorid=null, category1=101000, category2=1005000, gbrand=铁三角, gprice=938.0, ggrade=null, gcount=9, gmaterial=null, hot=1]
Goods [gid=6597074, zpicture=http://p4.music.126.net/oSBeMxSYpvC3AtOvG46ulw==/109951163020533236.jpg, gpicture=http://p4.music.126.net/oSBeMxSYpvC3AtOvG46ulw==/109951163020533236.jpg,http://p3.music.126.net/Bpmhf6QPNM55KSjoOiSnZA==/109951163020533241.jpg,http://p3.music.126.net/zRAp1i3dNsziviWUyZThNw==/109951163020538513.jpg,http://p3.music.126.net/HA1MRD9q5vnKQvqUtmhn-Q==/109951163020534689.jpg,http://p3.music.126.net/UqtUAiictPmFZ2_XRp1DMQ==/109951163020529428.jpg, gname=铁三角 LS300iS 三单元手机线控带麦 入耳式耳机, gintroduce=三单与平衡电枢，享受丰沛三频音色, gcolorid=null, category1=101000, category2=1005000, gbrand=铁三角, gprice=2398.0, ggrade=null, gcount=8, gmaterial=null, hot=1]
Goods [gid=6599086, zpicture=http://p4.music.126.net/3KISbSP3X0R8geYsCMMZqw==/109951163020521335.jpg, gpicture=http://p4.music.126.net/3KISbSP3X0R8geYsCMMZqw==/109951163020521335.jpg,http://p3.music.126.net/hsKQ_n_1PvzaBf6LNcmAfw==/109951163020520432.jpg,http://p4.music.126.net/3vAm5vcovCiX9JP2OQBkIw==/109951163020520867.jpg,http://p3.music.126.net/bm5AVV8TKFyqD9CNt3TbYA==/109951163020516490.jpg,http://p3.music.126.net/n3lncX5097SCTEXY75ww9w==/109951163020527522.jpg,http://p4.music.126.net/XaABwln--dFNWXdgOtHoQg==/109951163020526079.jpg,http://p3.music.126.net/dHDgZjzyGx43AKODSNYypg==/109951163020521360.jpg,http://p4.music.126.net/mlMwzwLeOcfzpYztfj022w==/109951163020522741.jpg, gname=铁三角 LS50is 双动圈线控带麦入耳式耳机, gintroduce=双动圈设计，呈现强劲低频，发现更美的声音, gcolorid=null, category1=101000, category2=1005000, gbrand=铁三角, gprice=598.0, ggrade=null, gcount=41, gmaterial=null, hot=0]
Goods [gid=6599088, zpicture=http://p4.music.126.net/rz2rYpU8LzUv5_RDUdADyA==/109951163020529984.jpg, gpicture=http://p4.music.126.net/rz2rYpU8LzUv5_RDUdADyA==/109951163020529984.jpg,http://p3.music.126.net/CHMYc_3l7MNZiTjndC3G7A==/109951163020533310.jpg,http://p4.music.126.net/ZBNKRP7sIlNAs0GHzkB6Yw==/109951163020538591.jpg,http://p4.music.126.net/cKRDf9nSXOKEI4f83Yiftg==/109951163020533313.jpg,http://p4.music.126.net/3oXHfPXWk22N1qrji_vJzg==/109951163020531892.jpg,http://p4.music.126.net/VICWYS7jI8wGYRRoL0kDvg==/109951163020537644.jpg,http://p3.music.126.net/Ge4-hLF2VcS3pTBlrkHsgg==/109951163020539036.jpg,http://p3.music.126.net/AnIvBNPY0CBAS_5lnWyWWw==/109951163020532370.jpg, gname=铁三角 LS400iS 四单元手机线控带麦 入耳式耳机, gintroduce=四单元平衡电枢耳塞，给双耳现场般的逼真感受，发现声音之美, gcolorid=null, category1=101000, category2=1005000, gbrand=铁三角, gprice=3288.0, ggrade=null, gcount=10, gmaterial=null, hot=1]
Goods [gid=6601089, zpicture=http://p3.music.126.net/pA2Qq3NlrVuPQUb7OjWzqQ==/109951163020534614.jpg, gpicture=http://p3.music.126.net/pA2Qq3NlrVuPQUb7OjWzqQ==/109951163020534614.jpg,http://p3.music.126.net/c2YnT_D8Db581ge-FfkJpA==/109951163020530788.jpg,http://p3.music.126.net/C1fV4E4xj4XIOgMdtdFVpw==/109951163020527931.jpg,http://p3.music.126.net/8jp-os62DwE-vw2sZENs5Q==/109951163020535066.jpg,http://p3.music.126.net/2OLWqRJD_gXqYjIHsqhuYQ==/109951163020526939.jpg, gname=铁三角 LS200is 两重驱动单元 入耳式耳机, gintroduce=两重平衡，电枢耳塞。采用音域驱动单元&amp;搭配双层驱动设计。, gcolorid=null, category1=101000, category2=1005000, gbrand=铁三角, gprice=1780.0, ggrade=null, gcount=9, gmaterial=null, hot=0]
Goods [gid=6605072, zpicture=http://p4.music.126.net/EBEe5xuefPeCDLRhVBz63g==/18953381439905830.jpg, gpicture=http://p4.music.126.net/EBEe5xuefPeCDLRhVBz63g==/18953381439905830.jpg,http://p4.music.126.net/5KxBzjLVkQstZxexuHPbVA==/109951163023563129.jpg,http://p3.music.126.net/nimX6fUOoQdvNvkg2iCEGw==/109951163023566071.jpg,http://p4.music.126.net/bAg45_xmSK_7Fr7ZuMEC8w==/109951163023564604.jpg, gname=【熊猫眼乐队】联名款玻璃杯, gintroduce=音乐人正版周边, gcolorid=null, category1=1008002, category2=1009002, gbrand=MAGICBUS, gprice=78.0, ggrade=null, gcount=32, gmaterial=null, hot=20]
Goods [gid=6606077, zpicture=http://p3.music.126.net/naMFk4OQgI0dm5_E-B8u1w==/18708190348650710.jpg, gpicture=http://p3.music.126.net/naMFk4OQgI0dm5_E-B8u1w==/18708190348650710.jpg,http://p3.music.126.net/qfC5536fmWLNqf1C-5mOiA==/109951163023562531.jpg,http://p4.music.126.net/gHS4XsXNWcDbN5-Ys5M8xA==/109951163023554848.jpg,http://p3.music.126.net/y099ioZXJzdOTjkk1ptsAw==/109951163023556465.jpg, gname=【黑薄荷乐队】联名款玻璃杯, gintroduce=音乐人正版周边, gcolorid=null, category1=1008002, category2=1009002, gbrand=MAGICBUS, gprice=78.0, ggrade=null, gcount=21, gmaterial=null, hot=4]
Goods [gid=6626052, zpicture=http://p4.music.126.net/ZeOE_jdN0thOWyzkcdHpig==/109951163031978664.jpg, gpicture=http://p4.music.126.net/ZeOE_jdN0thOWyzkcdHpig==/109951163031978664.jpg,http://p4.music.126.net/L5rfjoDwG_7LxL2I97Jrrw==/109951163031977713.jpg,http://p4.music.126.net/bcAbEFcFG9xd0_ZtNAAQWA==/109951163031974822.jpg, gname=铁三角 ATH-C999 平头耳塞式耳机 重低音 高解析, gintroduce=炫酷外观；平头耳塞式设计，佩戴舒适, gcolorid=null, category1=101000, category2=1005000, gbrand=铁三角, gprice=199.0, ggrade=null, gcount=27, gmaterial=null, hot=0]
Goods [gid=6628051, zpicture=http://p4.music.126.net/EdLEen3OmEyaefC6grY6Iw==/109951163031969484.jpg, gpicture=http://p4.music.126.net/EdLEen3OmEyaefC6grY6Iw==/109951163031969484.jpg,http://p4.music.126.net/bDzSUML0YWI-_Un_unguIg==/109951163031974717.jpg,http://p3.music.126.net/uqlD6GPi-F9JGPuY_a5a9w==/109951163031980034.jpg, gname=铁三角 ATH-C555 通用耳塞式耳机 , gintroduce=平头耳塞设计，佩戴舒适；出街通勤良品, gcolorid=null, category1=101000, category2=1005000, gbrand=铁三角, gprice=109.0, ggrade=null, gcount=23, gmaterial=null, hot=3]
Goods [gid=6628052, zpicture=http://p3.music.126.net/vZlXCld4oDucYX0h1F2w8Q==/109951163031975766.jpg, gpicture=http://p3.music.126.net/vZlXCld4oDucYX0h1F2w8Q==/109951163031975766.jpg,http://p3.music.126.net/kLkIL_STzRPLzrh4XeHKLQ==/109951163031979584.jpg,http://p3.music.126.net/qutte5qmFn2v-HiNqNX6QQ==/109951163031973903.jpg, gname=铁三角 ATH-C777 耳塞式手机通用耳机, gintroduce=优化耳塞设计，佩戴更舒适, gcolorid=null, category1=101000, category2=1005000, gbrand=铁三角, gprice=159.0, ggrade=null, gcount=56, gmaterial=null, hot=0]
Goods [gid=6663057, zpicture=http://p4.music.126.net/hsb-9mJwrr2WI34qJYdyTg==/109951163422474231.jpg, gpicture=http://p4.music.126.net/hsb-9mJwrr2WI34qJYdyTg==/109951163422474231.jpg,http://p4.music.126.net/OfFAQcDVfZdA4Vds0g4ewQ==/109951163422474238.jpg,http://p3.music.126.net/eQtg10c9Yt5vq7DtjJTXUQ==/109951163422470782.jpg,http://p4.music.126.net/utCHAr8oQ2zBF9bovttxTg==/109951163422477049.jpg,http://p4.music.126.net/ipfehLql38VsI2cOrUkRnA==/109951163422478544.jpg, gname=漫步者（EDIFIER）H293P Plus 入耳式手机耳机 立体声耳塞, gintroduce=车刀纹时尚工艺；精心调校音质；线控带麦可通话；面条线，美观耐用, gcolorid=null, category1=101000, category2=1005000, gbrand=漫步者（EDIFIER）, gprice=119.0, ggrade=null, gcount=188, gmaterial=null, hot=1]
Goods [gid=6668059, zpicture=http://p3.music.126.net/9t2pqgWhgYZMW9npcsqokQ==/18803847860377879.jpg, gpicture=http://p3.music.126.net/9t2pqgWhgYZMW9npcsqokQ==/18803847860377879.jpg,http://p3.music.126.net/COQHOtNW0HR1r1q7EaKoSA==/19233756905197146.jpg,http://p4.music.126.net/42uBWtRG_fl_00861Fgr9g==/18913799021519382.jpg, gname=干物妹!小埋 惬意时光动态读数防水手表, gintroduce=, gcolorid=null, category1=1008002, category2=1010004, gbrand=干物妹!小埋, gprice=108.0, ggrade=null, gcount=59, gmaterial=null, hot=2]
Goods [gid=6669057, zpicture=http://p4.music.126.net/dEvxCKgeJUTX-q-XMxTBoA==/109951163040548821.jpg, gpicture=http://p4.music.126.net/dEvxCKgeJUTX-q-XMxTBoA==/109951163040548821.jpg,http://p3.music.126.net/V9q_ozRKpfHAnh5L38OMIQ==/109951163040555089.jpg,http://p3.music.126.net/_PPRBuV0ieXv1HSob5JXxQ==/109951163040552841.jpg,http://p4.music.126.net/QacOFeFL1aMC2CJbBGxQ6A==/109951163040552847.jpg,http://p4.music.126.net/x456JUglhyS6UVg4UHHqqA==/109951163040557042.jpg,http://p3.music.126.net/CnSHFCIgfYTtYZB1w6NQHQ==/109951163040546415.jpg, gname=漫步者（EDIFIER）M80 蓝牙便携音箱, gintroduce=5.5W连续不失真功率；蓝牙4.1，连接更稳定；续航更久, gcolorid=null, category1=101000, category2=1009006, gbrand=漫步者（EDIFIER）, gprice=149.0, ggrade=null, gcount=13, gmaterial=null, hot=0]
Goods [gid=6785068, zpicture=http://p4.music.126.net/tpw5c8MheTrdFX-s_q8slA==/109951163053053639.jpg, gpicture=http://p4.music.126.net/tpw5c8MheTrdFX-s_q8slA==/109951163053053639.jpg,http://p4.music.126.net/ehIdd3rVVB2UKIyKVb06HQ==/109951163053057610.jpg,http://p4.music.126.net/pG6Z8qniz3CG1ZU3o80wJA==/109951163053055246.jpg,http://p3.music.126.net/6pID1d1ceRZSNKhMcAEb-g==/109951163053054736.jpg,http://p4.music.126.net/abmVNpITHdNqGgDkErSpDw==/109951163053052905.jpg,http://p4.music.126.net/eOmd1CbhedTubB1zZCefKQ==/109951163053053391.jpg,http://p3.music.126.net/ASLVZyESXNvW3ER5N5S0zw==/109951163053050494.jpg,http://p3.music.126.net/3QcjDubOeoiU_esaO-Uw3w==/109951163053054794.jpg, gname=JBL Reflect Contour无线蓝牙运动耳机, gintroduce=耳挂式 轻量化机身 防水防汗 反光线材 双锁设计, gcolorid=null, category1=101000, category2=1005000, gbrand=JBL, gprice=699.0, ggrade=null, gcount=5, gmaterial=null, hot=0]
Goods [gid=6787067, zpicture=http://p3.music.126.net/vMrnjZaB-nal_GCS5n_EJg==/109951163053074094.jpg, gpicture=http://p3.music.126.net/vMrnjZaB-nal_GCS5n_EJg==/109951163053074094.jpg,http://p4.music.126.net/Hipj2dIw84REjiGcAbaZvA==/109951163398717209.jpg,http://p3.music.126.net/Qd05RFvlVp7Zn7yuzmouEQ==/109951163398718641.jpg, gname=JBL Reflect BT, gintroduce=JBL Reflect BT 专业运动无线蓝牙耳机 入耳式耳机 手机线控 反光线 防脱落, gcolorid=null, category1=101000, category2=1005000, gbrand=JBL, gprice=599.0, ggrade=null, gcount=7, gmaterial=null, hot=0]
Goods [gid=6789060, zpicture=http://p4.music.126.net/I820hCJCj0qI9R1h_waCYA==/109951163053066512.jpg, gpicture=http://p4.music.126.net/I820hCJCj0qI9R1h_waCYA==/109951163053066512.jpg,http://p3.music.126.net/Hx8YXnNjpV-vJv2VNcP70A==/109951163053060754.jpg,http://p4.music.126.net/VIX8Q-w6FGOCyCB0Ga6NtQ==/109951163053062223.jpg,http://p3.music.126.net/CK8T6NOl1GOsan5SorKQ7Q==/109951163053065533.jpg,http://p4.music.126.net/eeSxNRjjF9ChzM6kdczrcg==/109951163053060756.jpg, gname=JBL Reflect AWARE 数字降噪运动耳机 , gintroduce=Lightning接口 专业降噪 苹果专用 反光线材, gcolorid=null, category1=101000, category2=1005000, gbrand=JBL, gprice=1499.0, ggrade=null, gcount=1, gmaterial=null, hot=0]
Goods [gid=6802055, zpicture=http://p3.music.126.net/pU5bWggkKJUuJDc3J9LWMw==/109951163054079091.jpg, gpicture=http://p3.music.126.net/pU5bWggkKJUuJDc3J9LWMw==/109951163054079091.jpg,http://p3.music.126.net/D1e-qJpBaiQ3faUdNjkF6w==/109951163054079605.jpg,http://p4.music.126.net/tu_QXLK2V1u5T-IH7_iChg==/109951163054075776.jpg,http://p3.music.126.net/sHglmqwu4mm2_m_TQAUUmg==/109951163054082019.jpg,http://p3.music.126.net/cMJsvGXlT7KUUDUIbomhXQ==/109951163054073903.jpg,http://p4.music.126.net/JIF7OIioSLeHGVPyW2WQvQ==/109951163054082524.jpg,http://p3.music.126.net/0XL2zqmTH_5t8WOGK2ZdXw==/109951163054072915.jpg,http://p4.music.126.net/kFr4jw_wZzBb1jTZMayqJw==/109951163054082529.jpg, gname=魔声 N-LITE 能极, gintroduce=, gcolorid=null, category1=101000, category2=1005000, gbrand=魔声, gprice=499.0, ggrade=null, gcount=2, gmaterial=null, hot=1]
Goods [gid=7524002, zpicture=http://p3.music.126.net/nW4WIvKMe2ZdvxexneU4PA==/109951163059661973.jpg, gpicture=http://p3.music.126.net/nW4WIvKMe2ZdvxexneU4PA==/109951163059661973.jpg,http://p3.music.126.net/8ndGZZPC0Y2Y7C_rOHpPnQ==/109951163059662916.jpg,http://p3.music.126.net/TwO3MRAYSU7uwfldNKhYhg==/109951163059669052.jpg,http://p3.music.126.net/e2VOX7Xt5jj1_E7y0t5iAA==/109951163059661466.jpg,http://p4.music.126.net/_44DAb5WMjr2PTlzFRSE2Q==/109951163059662444.jpg, gname=铁三角 ATH-AR5BT 无线蓝牙 可折叠头戴式耳机, gintroduce=忠于原音，高音质声响；可折叠式设计，轻松携带, gcolorid=null, category1=101000, category2=1005000, gbrand=铁三角, gprice=1498.0, ggrade=null, gcount=24, gmaterial=null, hot=0]
Goods [gid=7526003, zpicture=http://p4.music.126.net/zJKCt2UbFYbpXtrd8mRSkw==/109951163059659332.jpg, gpicture=http://p4.music.126.net/zJKCt2UbFYbpXtrd8mRSkw==/109951163059659332.jpg,http://p4.music.126.net/pzoFYSH16ubH3F4aHYQxiA==/109951163059662703.jpg,http://p4.music.126.net/0nnsrY7kjPFCLVNrUmM7vw==/109951163059663646.jpg,http://p4.music.126.net/F336z1YHfxwDjf9Xe3fKvg==/109951163059660329.jpg,http://p4.music.126.net/IHqVQwSed93mLf_6xiAsEA==/109951163059663670.jpg, gname=铁三角 ATH-AR3BT 无线蓝牙 头戴式手机耳机, gintroduce=饱满音质，丰富的聆听体验；摆脱线缚，自由享乐’, gcolorid=null, category1=101000, category2=1005000, gbrand=铁三角, gprice=798.0, ggrade=null, gcount=32, gmaterial=null, hot=0]
Goods [gid=7527003, zpicture=http://p3.music.126.net/k0ioUNMWHL7zCiy9o_lPJw==/109951163059799349.jpg, gpicture=http://p3.music.126.net/k0ioUNMWHL7zCiy9o_lPJw==/109951163059799349.jpg,http://p4.music.126.net/C576Y0mbhaRsDtpnDTunmw==/109951163059802757.jpg,http://p4.music.126.net/HzXOTNyTKZhAh7XgHwrCQg==/109951163059796437.jpg,http://p3.music.126.net/UAXg7vaiUHfhPC4XBJy9Bw==/109951163059796941.jpg,http://p3.music.126.net/CqYjWi0kG3r3akCUFZVpOQ==/109951163059804162.jpg, gname=铁三角 ATH-DSR7BT 无线蓝牙头戴式耳机, gintroduce=纯数字驱动，聆听本色, gcolorid=null, category1=101000, category2=1005000, gbrand=铁三角, gprice=2480.0, ggrade=null, gcount=10, gmaterial=null, hot=0]
Goods [gid=7528003, zpicture=http://p4.music.126.net/39Zto6A95C5-bSOGew-UZA==/109951163059803812.jpg, gpicture=http://p4.music.126.net/39Zto6A95C5-bSOGew-UZA==/109951163059803812.jpg,http://p4.music.126.net/KiZn8Ly-lknd0z9T2gMZ_g==/109951163059806612.jpg,http://p4.music.126.net/N847pDfLQpIhfRF9172o9g==/109951163059803824.jpg,http://p3.music.126.net/KuQoi3JYQU7exnldE82Agg==/109951163059801907.jpg,http://p3.music.126.net/0FM9WKDPCSngaeB0aS5rLg==/109951163059802954.jpg,http://p3.music.126.net/GtQcTDTbI7Grinjev8lvbw==/109951163059802957.jpg, gname=铁三角 ATH-DSR9BT 无线蓝牙头戴式耳机, gintroduce=全数字驱动蓝牙耳机；高解析单元, gcolorid=null, category1=101000, category2=1005000, gbrand=铁三角, gprice=4180.0, ggrade=null, gcount=9, gmaterial=null, hot=0]
Goods [gid=7533010, zpicture=http://p3.music.126.net/FRJqUurEFbaMw23NdETSrw==/109951163063776001.jpg, gpicture=http://p3.music.126.net/FRJqUurEFbaMw23NdETSrw==/109951163063776001.jpg,http://p4.music.126.net/xH4GtA4sgJbdHXC39XQB9A==/109951163063771755.jpg, gname=Happy Plugs Earbud Plus 增强版 瑞典时尚色彩 耳塞式耳机, gintroduce=缤纷色彩，个性张扬；瑞典潮牌；时尚潮礼；潮流配饰, gcolorid=null, category1=101000, category2=1005000, gbrand=Happy Plugs, gprice=169.0, ggrade=null, gcount=6, gmaterial=null, hot=0]
Goods [gid=7534002, zpicture=http://p3.music.126.net/3g_-gWFcGQuZZoj72eIYzA==/109951163059813106.jpg, gpicture=http://p3.music.126.net/3g_-gWFcGQuZZoj72eIYzA==/109951163059813106.jpg,http://p3.music.126.net/lH9CEsVuBMU9JWZ9W83Cow==/109951163059808331.jpg,http://p3.music.126.net/yDsBUWk5P9ptPahPabsXog==/109951163059812170.jpg, gname=铁三角 ATH-SR9 便携式HIFI头戴耳机 银色, gintroduce=高解析便携；专用接头端子，出众聆听, gcolorid=null, category1=101000, category2=1005000, gbrand=铁三角, gprice=3680.0, ggrade=null, gcount=10, gmaterial=null, hot=0]
Goods [gid=7535002, zpicture=http://p3.music.126.net/k8F8_Ny4JeQBnb4avm-jpQ==/109951163059662588.jpg, gpicture=http://p3.music.126.net/k8F8_Ny4JeQBnb4avm-jpQ==/109951163059662588.jpg,http://p4.music.126.net/3p2HRYqcgLlqpd0KpMRrJw==/109951163059657743.jpg,http://p3.music.126.net/cKoCr2g4hjSCvhN5-kpycA==/109951163059655423.jpg,http://p3.music.126.net/D6CMuC8nFlHzRxTgdXpt6w==/109951163059659736.jpg,http://p3.music.126.net/-nckvUmnVMWRj2tsKbnMZw==/109951163059661640.jpg, gname=铁三角 ATH-AR3iS 线控带麦 可折叠 时尚头戴式耳机, gintroduce=丰富鲜明，高音质声响；可折叠式设计, gcolorid=null, category1=101000, category2=1005000, gbrand=铁三角, gprice=449.0, ggrade=null, gcount=16, gmaterial=null, hot=0]
Goods [gid=7539001, zpicture=http://p3.music.126.net/5OqN1iR5FMDKTxiwsU9EDw==/109951163059667570.jpg, gpicture=http://p3.music.126.net/5OqN1iR5FMDKTxiwsU9EDw==/109951163059667570.jpg,http://p4.music.126.net/SQTsXNph2fHPfqGt3lKPmg==/109951163059663305.jpg,http://p4.music.126.net/uJ-OP29fa7UnpIamoLpsdw==/109951163059657963.jpg,http://p4.music.126.net/eMknmVB-JsdbSj4sSV8vJg==/109951163059662334.jpg,http://p4.music.126.net/EXzlioJDoMVNIWW9uy7HaA==/109951163059664716.jpg,http://p3.music.126.net/na_pCB-mk3xOE0Vleci8Cw==/109951163059663318.jpg, gname=铁三角 ATH-AR5iS 线控带麦 可折叠 高保真头戴式耳机, gintroduce=高解析音质，忠于原音；可折叠式设计, gcolorid=null, category1=101000, category2=1005000, gbrand=铁三角, gprice=998.0, ggrade=null, gcount=86, gmaterial=null, hot=0]
Goods [gid=7540001, zpicture=http://p3.music.126.net/3qJufz0asZksYcCJL31QWw==/109951163059653886.jpg, gpicture=http://p3.music.126.net/3qJufz0asZksYcCJL31QWw==/109951163059653886.jpg,http://p4.music.126.net/E20OwtwnFY1QDWQ2sXRc1A==/109951163059653412.jpg,http://p3.music.126.net/9ilX0J4TMz0Pv59efN_ArA==/109951163059660588.jpg,http://p3.music.126.net/tsXB1PjSEKuIDUYjmHpFSg==/109951163059655844.jpg, gname=铁三角 ATH-AR1iS 线控带麦 可折叠 头戴式耳机, gintroduce=音效强而有力；可折叠式设计, gcolorid=null, category1=101000, category2=1005000, gbrand=铁三角, gprice=296.0, ggrade=null, gcount=71, gmaterial=null, hot=0]
Goods [gid=7651000, zpicture=http://p4.music.126.net/vH3lS6Cg3sov_529h_xJlw==/109951163069127711.jpg, gpicture=http://p4.music.126.net/vH3lS6Cg3sov_529h_xJlw==/109951163069127711.jpg,http://p3.music.126.net/lozF_2rDt5HWD3fENjG2Ow==/109951163069127258.jpg,http://p3.music.126.net/E7lLXsipeS4u4dAvxU6_fA==/109951163069125731.jpg,http://p3.music.126.net/Y7-YJcUk5W3TDlgrt28ynQ==/109951163069131064.jpg,http://p4.music.126.net/B3Muw8DuQ_5BXf6rJTvhfA==/109951163069123878.jpg,http://p3.music.126.net/FU9LMuafvm10WSKpGIBjog==/109951163069124366.jpg, gname=EROS HIFI播放器K aigo爱国者出品 HIFI无损音乐播放器 MP3便携播放器, gintroduce=赠送16G内存卡！！
蓝牙双向传输 DSD 独立耳放 多色可选, gcolorid=null, category1=101000, category2=1006000, gbrand=爱国者（aigo）, gprice=899.0, ggrade=null, gcount=28, gmaterial=null, hot=0]
Goods [gid=7663000, zpicture=http://p3.music.126.net/lSYWC3JXtMQrERR4U-Ss5Q==/109951163069162738.jpg, gpicture=http://p3.music.126.net/lSYWC3JXtMQrERR4U-Ss5Q==/109951163069162738.jpg,http://p4.music.126.net/h3ulEzzu2rfTmacHFsJZUg==/109951163069163700.jpg,http://p4.music.126.net/ALWB860phQJ81K3snjIohw==/109951163069163225.jpg,http://p4.music.126.net/UcuH5deU-plO30i2k9-XoQ==/109951163069165165.jpg,http://p4.music.126.net/FBUdGPHpFop7BaIuUbS7mg==/109951163069162741.jpg, gname=爱国者（aigo） A691动铁圈铁手机耳机入耳式高清降噪带麦线控耳塞式, gintroduce=动铁与圈铁结合 全面降噪 苹果安卓通用, gcolorid=null, category1=101000, category2=1005000, gbrand=爱国者（aigo）, gprice=299.0, ggrade=null, gcount=5, gmaterial=null, hot=0]
Goods [gid=7669001, zpicture=http://p3.music.126.net/jpxnmey8r7BR5UPShu866w==/109951163069259062.jpg, gpicture=http://p3.music.126.net/jpxnmey8r7BR5UPShu866w==/109951163069259062.jpg,http://p3.music.126.net/e8KoFlfsc5WCQKn3RYj3Xw==/109951163069252841.jpg,http://p3.music.126.net/yWQoiXcVUizJpe9KmdQeng==/109951163069259533.jpg,http://p3.music.126.net/Rj-6cmKBBDVrkU7GUn-A4Q==/109951163069257153.jpg,http://p4.music.126.net/CheMT8n11-C-NdXqltih0g==/109951163069250396.jpg,http://p3.music.126.net/LRXEIAoucsIV9VJ8GlAhPQ==/109951163069257623.jpg, gname=爱国者（aigo）EROS 10蓝牙运动mp3无损音乐播放器hifi发烧dsd迷你随身听, gintroduce=拉轰火柴盒 可拆卸背夹 大约60克, gcolorid=null, category1=101000, category2=1006000, gbrand=爱国者（aigo）, gprice=499.0, ggrade=null, gcount=10, gmaterial=null, hot=0]
Goods [gid=7671007, zpicture=http://p4.music.126.net/ONC4LNzEKd70pRV85TmUiA==/109951163071245652.jpg, gpicture=http://p4.music.126.net/ONC4LNzEKd70pRV85TmUiA==/109951163071245652.jpg,http://p3.music.126.net/B_S5jnQglVpZO3avm73lZQ==/109951163071240829.jpg,http://p4.music.126.net/5tI8iNEe441G1BHYzl9gSg==/109951163071239388.jpg,http://p4.music.126.net/ovpARs9xIQgnMdwUCzI2Xw==/109951163071246144.jpg,http://p4.music.126.net/sNo_TLbEZb3CbAZnXEXvBw==/109951163071242801.jpg,http://p3.music.126.net/UkCZR-XDfdOqPrJ5PhKXog==/18568552372067744.jpg,http://p4.music.126.net/RZNQFYB2vqAMkd-i7mUXTA==/109951164271313870.jpg,http://p4.music.126.net/fAfTfRR1npyPpHz_yWLU4A==/109951164271323064.jpg, gname=skullcandy Smokin Buds 2骷髅头入耳式重低音耳机塞线控男女通用, gintroduce=美国经典骷髅头离心轴重低音隔音耳机, gcolorid=null, category1=101000, category2=1005000, gbrand=骷髅头（skullcandy）, gprice=229.0, ggrade=null, gcount=162, gmaterial=null, hot=1]
Goods [gid=7676004, zpicture=http://p3.music.126.net/lbBsfsHq4xeJH-Xe1m7TcQ==/109951163071993794.jpg, gpicture=http://p3.music.126.net/lbBsfsHq4xeJH-Xe1m7TcQ==/109951163071993794.jpg,http://p4.music.126.net/bmtg_0N6Y2Ag7ZsS3_1sFw==/109951163072000011.jpg,http://p4.music.126.net/OzfW81W1gM6dWpUiXNWuMA==/109951163071993788.jpg,http://p3.music.126.net/5MkuhupHq-fWsaDdOLID3A==/109951163071987494.jpg,http://p3.music.126.net/0TNKxl5R9EDW3CWG4tl1qg==/109951163071991892.jpg,http://p4.music.126.net/uscv-gzHXr2DbcrXvDdEeA==/109951163071993790.jpg, gname=skullcandy Ink'd Wireless 骷髅头入耳式无线蓝牙耳机塞男女通用, gintroduce=骷髅头柔韧可收纳便携无线蓝牙耳机, gcolorid=null, category1=101000, category2=1005000, gbrand=骷髅头（skullcandy）, gprice=399.0, ggrade=null, gcount=6, gmaterial=null, hot=1]
Goods [gid=7677006, zpicture=http://p3.music.126.net/nO0AzwSiJf0wtl0_Jh7zSg==/109951163073329442.jpg, gpicture=http://p3.music.126.net/nO0AzwSiJf0wtl0_Jh7zSg==/109951163073329442.jpg,http://p4.music.126.net/oY0Dkf5I1s2ooAgjds-9GQ==/109951163073332689.jpg,http://p4.music.126.net/cK1srMURWXgdBWSigbkNSw==/109951163073328949.jpg, gname=SONY/索尼 MDR-XB55AP 入耳式重低音耳机 手机通话带麦, gintroduce=强劲重低音 颜值担当 品牌工艺 质感更好, gcolorid=null, category1=101000, category2=1005000, gbrand=索尼(SONY), gprice=209.0, ggrade=null, gcount=244, gmaterial=null, hot=4]
Goods [gid=7680004, zpicture=http://p4.music.126.net/kG_bw5YK5dJS967TmC_TQw==/109951163072664307.jpg, gpicture=http://p4.music.126.net/kG_bw5YK5dJS967TmC_TQw==/109951163072664307.jpg,http://p4.music.126.net/BzYNVDkaOe0st5gqqSXJdQ==/109951163073326837.jpg,http://p4.music.126.net/48JmOwWBicxZIzJms6qt3g==/109951163073325902.jpg,http://p4.music.126.net/z6154Sn9U9j2SPbZB5WW7A==/109951163136279677.jpg, gname=SONY/索尼 MDR-EX15LP 入耳式重低音耳机 手机电脑音乐, gintroduce=小巧精致 更便携 更有范儿 高颜值实惠价, gcolorid=null, category1=101000, category2=1005000, gbrand=索尼(SONY), gprice=59.0, ggrade=null, gcount=169, gmaterial=null, hot=3]
Goods [gid=7682006, zpicture=http://p3.music.126.net/Z9gqWFbLJImWoj50FJrvzw==/109951163072674556.jpg, gpicture=http://p3.music.126.net/Z9gqWFbLJImWoj50FJrvzw==/109951163072674556.jpg,http://p3.music.126.net/2WeAUPYdJuIAXaox9qmTHA==/109951163072669733.jpg,http://p4.music.126.net/ypzhFRUNCYVudnyBdoWQ3w==/109951163072671648.jpg,http://p3.music.126.net/JuOGYr09xc5Ffg9YFeaBFg==/109951163072668330.jpg, gname=SONY/索尼 MDR-EX15AP 入耳式重低音耳机 手机通话带麦, gintroduce=小巧精致 手机的音乐伴侣 可线控通话, gcolorid=null, category1=101000, category2=1005000, gbrand=索尼（SONY）, gprice=89.0, ggrade=null, gcount=526, gmaterial=null, hot=1]
Goods [gid=7687004, zpicture=http://p3.music.126.net/hlCLPxr4g8eBnUf863Tlbg==/109951163072590539.jpg, gpicture=http://p3.music.126.net/hlCLPxr4g8eBnUf863Tlbg==/109951163072590539.jpg,http://p3.music.126.net/2D015MJaX8qwr7e0r8yB_g==/109951163072586792.jpg, gname=skullcandy Crusher Wireless 无线蓝牙重低音立体声震动头戴耳机, gintroduce=震动式体感低音 重低音, gcolorid=null, category1=101000, category2=1005000, gbrand=骷髅头（skullcandy）, gprice=1099.0, ggrade=null, gcount=4, gmaterial=null, hot=0]
Goods [gid=7689000, zpicture=http://p3.music.126.net/eQ0G2YPEnzzS1avgbU1zLQ==/109951163072022702.jpg, gpicture=http://p3.music.126.net/eQ0G2YPEnzzS1avgbU1zLQ==/109951163072022702.jpg,http://p3.music.126.net/VHl3iDERW6dhCFsF92rMRA==/109951163072024160.jpg,http://p4.music.126.net/UwioO6gwwAvcwET0_ctjug==/109951163072018297.jpg,http://p4.music.126.net/3jIaYUICb6iL3GK6phdCBg==/109951163072017848.jpg, gname=skullcandy method wireless骷髅头入耳式无线蓝牙运动跑步耳机塞, gintroduce=骷髅头入耳式无线蓝牙运动防掉耳机, gcolorid=null, category1=101000, category2=1005000, gbrand=骷髅头（skullcandy）, gprice=449.0, ggrade=null, gcount=25, gmaterial=null, hot=0]
Goods [gid=7690001, zpicture=http://p4.music.126.net/88IlEQjtjjVFFnyw2hzABw==/109951163620296730.jpg, gpicture=http://p4.music.126.net/88IlEQjtjjVFFnyw2hzABw==/109951163620296730.jpg,http://p4.music.126.net/NviRcUuTNWeXHAp11bMCwQ==/109951163620296732.jpg,http://p3.music.126.net/n31gFnMVsAsjEn6KlOEvvQ==/109951163620305524.jpg,http://p3.music.126.net/uBzThkgot0JYSJTznIygqw==/109951163620294795.jpg,http://p4.music.126.net/AH3HXnoJXJOgw-v-r1QCmg==/109951163620301630.jpg,http://p4.music.126.net/mj_F6midv5JPzc-enK1yCQ==/109951163620296735.jpg,http://p3.music.126.net/iLkuqbpMJEKNptxluxNqkQ==/109951163620305023.jpg,http://p3.music.126.net/cZFMezsz-Igu8COcIWceUQ==/109951163620291988.jpg, gname=Beats Studio3 Wireless 录音师无线3代 蓝牙无线 头戴式降噪耳机, gintroduce=采用Apple W1 芯片；完全自适应消噪；快速充电技术；, gcolorid=null, category1=101000, category2=1005000, gbrand=Beats, gprice=2789.0, ggrade=null, gcount=64, gmaterial=null, hot=2]
Goods [gid=7691002, zpicture=http://p3.music.126.net/MymoqtTGk720UL7vnKNrwQ==/109951163078935500.jpg, gpicture=http://p3.music.126.net/MymoqtTGk720UL7vnKNrwQ==/109951163078935500.jpg,http://p3.music.126.net/KqevY_LtvcgH420MtVYlbA==/109951163078932650.jpg,http://p4.music.126.net/Es3Ya1Ij_9wKlICm4b1EsQ==/109951163078928974.jpg,http://p3.music.126.net/PyDTNEv3yDq11Ucglmrqcg==/109951163078933113.jpg, gname=SONY/索尼 MDR-ZX310 头戴式重低音音乐耳机, gintroduce=轻便出行 丢掉重负 彰显气质 颜值高, gcolorid=null, category1=101000, category2=1005000, gbrand=索尼（SONY）, gprice=199.0, ggrade=null, gcount=10, gmaterial=null, hot=0]
Goods [gid=7695000, zpicture=http://p3.music.126.net/QGi634HwXKnsceCq4UDZWw==/109951163073386340.jpg, gpicture=http://p3.music.126.net/QGi634HwXKnsceCq4UDZWw==/109951163073386340.jpg,http://p3.music.126.net/mrBNSFpzjgda4BOoBptYMg==/109951163073385863.jpg,http://p4.music.126.net/JsDbtgkGaTAGPxC5Sk5ztg==/109951163073386866.jpg, gname=SONY/索尼 MDR-ZX110AP 头戴式重低音耳机 手机通话折叠电脑耳麦, gintroduce=轻便出行 丢掉重负 彰显气质 颜值高, gcolorid=null, category1=101000, category2=1005000, gbrand=索尼（SONY）, gprice=148.0, ggrade=null, gcount=187, gmaterial=null, hot=0]
Goods [gid=7697002, zpicture=http://p3.music.126.net/b2B5IpkSayPBHMCMwCjb5A==/109951163073390956.jpg, gpicture=http://p3.music.126.net/b2B5IpkSayPBHMCMwCjb5A==/109951163073390956.jpg,http://p3.music.126.net/sfdeIcmUHdn6slJjTmdrNQ==/109951163073392848.jpg,http://p3.music.126.net/zledrMsFnU4JXRrqblBtKA==/109951163073397145.jpg,http://p4.music.126.net/cfbkA4tmSJUOTMAlw-eUYQ==/109951163073393794.jpg,http://p3.music.126.net/rgON_4QcSsMTjKLnICDqEQ==/109951163073390429.jpg, gname=SONY/索尼 NW-WS414 MP3播放器运动跑步水下游泳耳机一体式防水, gintroduce=跑步游泳健身 一举三得 MP3耳机一体式, gcolorid=null, category1=101000, category2=1006000, gbrand=索尼（SONY）, gprice=579.0, ggrade=null, gcount=198, gmaterial=null, hot=29]
Goods [gid=7701000, zpicture=http://p3.music.126.net/d7_aqBHRZ1JPnIRPlcugdQ==/109951163073398016.jpg, gpicture=http://p3.music.126.net/d7_aqBHRZ1JPnIRPlcugdQ==/109951163073398016.jpg,http://p3.music.126.net/nBSRrGslefAAa4dIYFJ0NQ==/109951163073391310.jpg,http://p4.music.126.net/-8rjM89OL9SJZXfTs2OEow==/109951163073394173.jpg,http://p4.music.126.net/jY-v0vbBb3RfDAdsR1Pzhg==/109951163073388912.jpg,http://p3.music.126.net/GF-7Bsi5Bs0DfVayAWZkdQ==/109951163073391320.jpg, gname=SONY/索尼 NW-WS413 头戴式MP3播放器运动跑步水下游泳防水耳机, gintroduce=跑步游泳健身 一举三得 内置4G内存, gcolorid=null, category1=101000, category2=1006000, gbrand=索尼（SONY）, gprice=559.0, ggrade=null, gcount=145, gmaterial=null, hot=0]
Goods [gid=7718007, zpicture=http://p3.music.126.net/5S-VddoOBRfuFLwYMSfiOw==/109951163622142582.jpg, gpicture=http://p3.music.126.net/5S-VddoOBRfuFLwYMSfiOw==/109951163622142582.jpg,http://p4.music.126.net/C5Pq364ZcpptdeUsn6rYJQ==/109951163622132875.jpg,http://p4.music.126.net/ZgMmifikopQUF5PIOxO6uQ==/109951163622134394.jpg,http://p4.music.126.net/p2UhpUq30Oycat3cAdG0GQ==/109951163622138686.jpg,http://p4.music.126.net/4KQQPSb5nETMSBDhHsf4qQ==/109951163622139179.jpg,http://p3.music.126.net/9a_gJzrKi86c9YrdMsOsyw==/109951163622133881.jpg,http://p3.music.126.net/wqymPRWNi0bXbe0_FOF_3g==/109951163622142070.jpg,http://p3.music.126.net/nGLTuP5ozZ-QZfyaNEcm4A==/109951163622143508.jpg, gname=Beats urBeats3 入耳式耳机 线控带麦, gintroduce=亲，下单注意区分3.5mm插头和Lightning插头哦~~精湛声学设计；磁吸耳塞，更方便随身携带, gcolorid=null, category1=101000, category2=1005000, gbrand=Beats, gprice=486.0, ggrade=null, gcount=51, gmaterial=null, hot=0]
Goods [gid=7759002, zpicture=http://p3.music.126.net/1gUF1SIbV0bHG3Lmq7s4sg==/109951163078448834.jpg, gpicture=http://p3.music.126.net/1gUF1SIbV0bHG3Lmq7s4sg==/109951163078448834.jpg,http://p3.music.126.net/VMe71ZDb5dQYkQPdeSBrfQ==/109951163078452229.jpg,http://p4.music.126.net/fFMz9uMDVKDtGtP0YKWNig==/109951163078445983.jpg, gname=SONY/索尼 MDR-EX650AP 入耳式重低音通话耳机手机线控 金属材质, gintroduce=索尼经典动圈 黄铜外壳 有情怀 更有范儿, gcolorid=null, category1=101000, category2=1005000, gbrand=索尼（SONY）, gprice=328.0, ggrade=null, gcount=40, gmaterial=null, hot=2]
Goods [gid=7766004, zpicture=http://p4.music.126.net/ZuzoIkWSBvDyfQGZQM18kw==/109951163078432069.jpg, gpicture=http://p4.music.126.net/ZuzoIkWSBvDyfQGZQM18kw==/109951163078432069.jpg,http://p3.music.126.net/0lRH8WmX6oejJMEbd0yqXg==/109951163078433540.jpg,http://p3.music.126.net/KTYsQsEoUKjsUBe9R5iGOA==/109951163078428330.jpg, gname=SONY/索尼 MDR-XB75AP 入耳式重低音手机通话耳机 铝合金外壳, gintroduce=强劲重低音 颜值担当 品牌工艺 质感更好, gcolorid=null, category1=101000, category2=1005000, gbrand=索尼（SONY）, gprice=339.0, ggrade=null, gcount=98, gmaterial=null, hot=0]
Goods [gid=7769004, zpicture=http://p3.music.126.net/6kuWSimYKmLh0XyXk8iC9A==/109951163078932544.jpg, gpicture=http://p3.music.126.net/6kuWSimYKmLh0XyXk8iC9A==/109951163078932544.jpg,http://p4.music.126.net/pDDjkMV2jPRhlNykVLZCsg==/109951163078441825.jpg,http://p4.music.126.net/_jvm4RtVb6oB7lXFySItZA==/109951163078438916.jpg,http://p4.music.126.net/p8b2TR4PBi-Ym7eM4JBzFQ==/109951163078437372.jpg,http://p4.music.126.net/YNoPDCBGopfyS2n2mhnbRQ==/109951163078445534.jpg, gname=SONY/索尼 MDR-XB550AP 头戴式重低音耳机手机电脑通用游戏带麦, gintroduce=强劲重低音 颜值高撩妹神器 有质感更有范, gcolorid=null, category1=101000, category2=1005000, gbrand=索尼（SONY）, gprice=299.0, ggrade=null, gcount=75, gmaterial=null, hot=0]
Goods [gid=7770007, zpicture=http://p4.music.126.net/we1aFi0Sw1FHLNNfYKcKxA==/18991864347110851.jpg, gpicture=http://p4.music.126.net/we1aFi0Sw1FHLNNfYKcKxA==/18991864347110851.jpg,http://p4.music.126.net/UprLbLCboTDFg4NcmYMzdA==/18928092672693493.jpg,http://p3.music.126.net/f8SRZlVEIYNbN3v5erBUEg==/19155691579646576.jpg,http://p3.music.126.net/pQDGnWc4rrkZpdsd5BxslA==/109951163078435250.jpg,http://p4.music.126.net/PwoMZFdZn8D9reF0ht3IkQ==/109951163078432355.jpg,http://p3.music.126.net/JozoHNrukRrdBop7QfxNWg==/109951163078432875.jpg,http://p3.music.126.net/V90QQcoMC9-kW3o7MqXk5g==/109951163078432359.jpg, gname=SONY/索尼 MDR-EX155AP 入耳式耳机通用男女生重低音手机音乐线控, gintroduce=小清新挚爱 清澈人声 时尚炫彩 耐用品质, gcolorid=null, category1=101000, category2=1005000, gbrand=索尼（SONY）, gprice=149.0, ggrade=null, gcount=977, gmaterial=null, hot=1]
Goods [gid=7778001, zpicture=http://p3.music.126.net/b6XpceKF3F-QKdIuXidVkw==/109951163078436531.jpg, gpicture=http://p3.music.126.net/b6XpceKF3F-QKdIuXidVkw==/109951163078436531.jpg,http://p3.music.126.net/9AvvK6a_kjdyZE5HN1mxQQ==/109951163078427496.jpg,http://p3.music.126.net/5dafAr2Rgqf0ixwbVE_krQ==/109951163078429399.jpg,http://p4.music.126.net/wHAVSPaNXYgfAjR_KUC0yA==/109951163078437541.jpg,http://p3.music.126.net/bAEu2xt3aP8xGqK-_PlpYA==/109951163078429401.jpg, gname=SONY/索尼 MDR-EX255AP 入耳式耳机通用男女生重低音手机音乐线控, gintroduce=强劲低音 颜值担当 有质感 更有范儿, gcolorid=null, category1=101000, category2=1005000, gbrand=索尼（SONY）, gprice=189.0, ggrade=null, gcount=697, gmaterial=null, hot=4]
Goods [gid=7956001, zpicture=http://p3.music.126.net/PmcTSJNVCGxBNtIRowi5Ug==/109951163375377418.jpg, gpicture=http://p3.music.126.net/PmcTSJNVCGxBNtIRowi5Ug==/109951163375377418.jpg,http://p4.music.126.net/1Ff8xozGO-fHfwBA0xCkDg==/109951163375378338.jpg,http://p4.music.126.net/mjTTgbulKw8PdZozHyku6g==/109951163375378341.jpg,http://p4.music.126.net/CEMesVLvMeMlW45iJpXjnw==/109951163375384558.jpg,http://p4.music.126.net/3BVdwAu-VfvYA0l1uVgqyw==/109951163375386543.jpg,http://p3.music.126.net/u34wHTvIeC69llPijOTZwA==/109951163375385097.jpg,http://p3.music.126.net/qBLy1i-IUYABJ4qSCUrzSA==/109951163375385569.jpg,http://p4.music.126.net/SrMuakOIr7ARbOzEvbzJMA==/109951163375383111.jpg, gname=1MORE/万魔 1M301活塞耳机入耳式小米苹果手机通用线控重低音炮带耳麦男女生耳塞式, gintroduce=HIFI 耳机 获国际IF奖 兼容苹果安卓 震撼音质 金属机身 通话操控便捷 三键式按键, gcolorid=null, category1=101000, category2=1005000, gbrand=1MORE/万魔, gprice=129.0, ggrade=null, gcount=13, gmaterial=null, hot=1]
Goods [gid=7965000, zpicture=http://p3.music.126.net/1p8JyF-Y8ngJR_E-9yR4ug==/18649916232492920.jpg, gpicture=http://p3.music.126.net/1p8JyF-Y8ngJR_E-9yR4ug==/18649916232492920.jpg,http://p3.music.126.net/FUkWo1RBFcrnehHGr2fGrg==/18566353348764595.jpg,http://p4.music.126.net/sj6SXxMfrK5Q6yxSnTjYuA==/18992963858699484.jpg,http://p3.music.126.net/7GNSJ3sgQkwYgaw_Mpx5Nw==/18578447976684504.jpg,http://p3.music.126.net/tMsd3-IVStpq2kWVh4KMww==/19027048719158614.jpg, gname=1MORE/万魔 E1001三单元圈铁耳机入耳式耳塞式线控通话HiFi耳麦, gintroduce=苹果与安卓兼容 线控带麦通话 高清便捷 高清解析力 三频均衡 佩戴舒适 通话高清 便捷 智能双系统, gcolorid=null, category1=101000, category2=1005000, gbrand=1MORE/万魔, gprice=599.0, ggrade=null, gcount=60, gmaterial=null, hot=0]
Goods [gid=7965001, zpicture=http://p3.music.126.net/lyZlVnMcT2PlSxo0SrKkVg==/109951163089147168.jpg, gpicture=http://p3.music.126.net/lyZlVnMcT2PlSxo0SrKkVg==/109951163089147168.jpg,http://p3.music.126.net/UAT8PtVjCQxgVvyWyVKyog==/109951163089140486.jpg,http://p3.music.126.net/olmy6R5t9L0kHQhMcgXk4Q==/109951163089147171.jpg,http://p4.music.126.net/tg3fXJ0ktgF-dIBR8hOV6g==/109951163089146178.jpg,http://p4.music.126.net/OxjAoxd_K2KvFID4DIUMpA==/109951163089150024.jpg,http://p3.music.126.net/NYK7azV5c5PQpOMND_VSkA==/109951163089151100.jpg,http://p4.music.126.net/pE3eHPtnlVJmbXR-d8DbqA==/109951163089152094.jpg,http://p3.music.126.net/VIsOc370jSWVz3ucQFaLPg==/109951163089151585.jpg, gname=1MORE/万魔 E1009入耳式耳机电脑手机通用带线控重低音耳塞式耳麦低音炮, gintroduce=全设备兼容 线控带麦克风 80%金属打造 多色可选 佩戴舒适 单键线控 , gcolorid=null, category1=101000, category2=1005000, gbrand=1MORE/万魔, gprice=59.0, ggrade=null, gcount=82, gmaterial=null, hot=0]
Goods [gid=7970000, zpicture=http://p3.music.126.net/UoMpKTHYIHeWAd3kYhDVHw==/109951163088756202.jpg, gpicture=http://p3.music.126.net/UoMpKTHYIHeWAd3kYhDVHw==/109951163088756202.jpg,http://p3.music.126.net/3Qi3BCfnT2_5AlFUsuFVrw==/109951163088749466.jpg,http://p3.music.126.net/Fn2vAQzFnSSlRW4JZlDNsA==/109951163088750342.jpg,http://p4.music.126.net/YxQP0NtVuPujdXoRmmffuA==/109951163088754705.jpg,http://p4.music.126.net/O_SeYprXZuhzqb10zZ95nw==/109951163088756220.jpg, gname=爱国者（aigo） R5511 录音笔专业 微型 高清远距降噪 声控正品 MP3播放器, gintroduce=满足您的专业需求 小巧迷你便携, gcolorid=null, category1=101000, category2=1006000, gbrand=爱国者（aigo）, gprice=399.0, ggrade=null, gcount=3, gmaterial=null, hot=2]
Goods [gid=7972000, zpicture=http://p4.music.126.net/bqSF5WLCQhMiprRy6PbOMg==/109951163088753467.jpg, gpicture=http://p4.music.126.net/bqSF5WLCQhMiprRy6PbOMg==/109951163088753467.jpg,http://p3.music.126.net/sDJhBjH2cgzRf_86gtg9Lg==/109951163088762508.jpg,http://p3.music.126.net/bSE3cKm9193Fr3o7jUTxCg==/109951163088759779.jpg,http://p3.music.126.net/z66i3zzXbnAVU8ICSx18oA==/109951163088751979.jpg,http://p3.music.126.net/zm_VmBypAB9nVCXH7ltCXg==/109951163088756453.jpg, gname=爱国者(aigo) R5530录音笔专业高清远距降噪 MP3播放器 炫黑6.6mm轻薄机身 8GB, gintroduce=0.8cm纤薄机身 内存可扩展, gcolorid=null, category1=101000, category2=1006000, gbrand=爱国者（aigo）, gprice=399.0, ggrade=null, gcount=1, gmaterial=null, hot=0]
Goods [gid=7973000, zpicture=http://p4.music.126.net/IRc2GOHSz_xLulxtAGRDjw==/109951163088762717.jpg, gpicture=http://p4.music.126.net/IRc2GOHSz_xLulxtAGRDjw==/109951163088762717.jpg,http://p4.music.126.net/6HC6F5V8D7OZ0FxYB4taAg==/109951163088759962.jpg,http://p4.music.126.net/UrShH623rXnrilq4G-w6xg==/109951163088765648.jpg,http://p4.music.126.net/113iXTDKZbPj2T1BMe0R4A==/109951163088759441.jpg,http://p3.music.126.net/BfJY8OZaNc6UsQbXDUpH-Q==/109951163088762734.jpg, gname=爱国者（aigo） R5533 录音笔专业麦头 50米 远距离 MP3播放器 16GB, gintroduce=三维立体录音 可分体双麦克设计, gcolorid=null, category1=101000, category2=1006000, gbrand=爱国者（aigo）, gprice=699.0, ggrade=null, gcount=1, gmaterial=null, hot=0]
Goods [gid=7974000, zpicture=http://p4.music.126.net/7XxVITwHjph5kDRWKertkg==/109951163088765860.jpg, gpicture=http://p4.music.126.net/7XxVITwHjph5kDRWKertkg==/109951163088765860.jpg,http://p4.music.126.net/rT8RQ9s-AJE0yu2wEUpyRg==/109951163088766339.jpg,http://p4.music.126.net/PZ3h4j3X_8EQezjClb5nNA==/109951163088765366.jpg,http://p3.music.126.net/MIkHilwtqN6PJKuYKH9AZg==/109951163088762936.jpg,http://p3.music.126.net/xPPvDc8c3mL_9FNQXhOVUg==/109951163088765865.jpg, gname=爱国者（aigo）R6633录音笔专业 高清远距降噪 学习会议型 8G 银色, gintroduce=双供电录音 可连续录音45小时, gcolorid=null, category1=101000, category2=1006000, gbrand=爱国者（aigo）, gprice=499.0, ggrade=null, gcount=1, gmaterial=null, hot=0]
Goods [gid=7976000, zpicture=http://p3.music.126.net/4c6Wx6onns4tk_IhH8HfBA==/109951163088779002.jpg, gpicture=http://p3.music.126.net/4c6Wx6onns4tk_IhH8HfBA==/109951163088779002.jpg,http://p3.music.126.net/0Ujt39IrD_Y8JIzgPJ0ecQ==/109951163088775532.jpg,http://p4.music.126.net/r-O6nwAQma_x4JrySOZyXQ==/109951163088778511.jpg,http://p4.music.126.net/bJZCqLeNs7uj7Szao8ELzQ==/109951163088770875.jpg, gname=爱国者（aigo）R5577 录音笔专业 50米 远距离录音无线录音 MP3播放器 16G, gintroduce=专业取证录音笔 文件加密, gcolorid=null, category1=101000, category2=1006000, gbrand=爱国者（aigo）, gprice=999.0, ggrade=null, gcount=1, gmaterial=null, hot=0]
Goods [gid=8008001, zpicture=http://p3.music.126.net/DU_UXQwFL8jKNNyYCQFd6g==/109951163089838274.jpg, gpicture=http://p3.music.126.net/DU_UXQwFL8jKNNyYCQFd6g==/109951163089838274.jpg,http://p3.music.126.net/2PgdHCdmB3L7oeXNg_FCnQ==/109951163089838276.jpg,http://p4.music.126.net/sXwhFMqTkKQ7mmgFhJuScg==/109951163089841159.jpg,http://p4.music.126.net/kt1UKVMDZ0USCOADowS4cg==/109951163089833425.jpg,http://p4.music.126.net/CqhkyfecZeSFqoXj2apaIA==/109951163089835836.jpg,http://p3.music.126.net/yaw9S44306qO8TuFnjjq5A==/109951163089834883.jpg,http://p4.music.126.net/z2fbk8MRljLh6QZIF0sQxw==/109951163089833429.jpg,http://p4.music.126.net/Un6pS4Aq2gU7_8JXqU3Kkg==/109951163089838289.jpg, gname=1MORE/万魔 iBFree 蓝牙防水防汗运动入耳式耳机耳挂式跑步运动音乐, gintroduce=低辐射 240H待机 一体成型线控 4级防水防汗 亲肤触感硅胶耳套 佩戴轻盈舒适 , gcolorid=null, category1=101000, category2=1005000, gbrand=1MORE/万魔, gprice=199.0, ggrade=null, gcount=771, gmaterial=null, hot=0]
Goods [gid=8119000, zpicture=http://p4.music.126.net/z7UDVCjBER1ApIFMSMHj3Q==/109951163094564294.jpg, gpicture=http://p4.music.126.net/z7UDVCjBER1ApIFMSMHj3Q==/109951163094564294.jpg,http://p3.music.126.net/GKDq7T26w6VPMNkNr6u35A==/109951163094562444.jpg,http://p3.music.126.net/GJ7OkPqvmpiUC5ijvRGejQ==/109951163094561481.jpg,http://p3.music.126.net/G5__5EURtM__dskpXbfJZA==/109951163094566220.jpg,http://p4.music.126.net/m1RbPOSSGlqNuABU9x_9OQ==/109951163094564781.jpg, gname=漫步者（EDIFIER）H185 高性能立体声耳塞式耳机, gintroduce=轻便时尚耳塞, gcolorid=null, category1=101000, category2=1005000, gbrand=漫步者（EDIFIER）, gprice=59.0, ggrade=null, gcount=9, gmaterial=null, hot=5]
Goods [gid=8149002, zpicture=http://p4.music.126.net/Bnz_qwKmBT7y7HS1oy0gfQ==/109951163099004814.jpg, gpicture=http://p4.music.126.net/Bnz_qwKmBT7y7HS1oy0gfQ==/109951163099004814.jpg,http://p4.music.126.net/gtbONE25kfwsAOVK_Ox1TQ==/109951163099002905.jpg,http://p4.music.126.net/9Pska0S87_y00L6vYF_EHw==/109951163099002457.jpg,http://p3.music.126.net/QHNynabZDGIOPcLQgcc4KQ==/109951163099008627.jpg,http://p3.music.126.net/JgT0-8auc5W092Ext9aIZA==/109951163099006309.jpg,http://p3.music.126.net/djP7JOIfmvU52qv9UNFFNw==/109951163099008142.jpg, gname=铁三角 ATH-CKR35BT 无线蓝牙线控带麦入耳式颈挂耳机, gintroduce=运动型蓝牙耳机；轻量化设计，佩戴舒适, gcolorid=null, category1=101000, category2=1005000, gbrand=铁三角, gprice=498.0, ggrade=null, gcount=106, gmaterial=null, hot=0]
Goods [gid=8152001, zpicture=http://p4.music.126.net/m_xNTUdYB4p5jIf7negKbg==/109951163099028953.jpg, gpicture=http://p4.music.126.net/m_xNTUdYB4p5jIf7negKbg==/109951163099028953.jpg,http://p3.music.126.net/Hywo_RuaNoU9EhPRbTeIhA==/109951163099033753.jpg,http://p4.music.126.net/VpnB_QsjQXrlA8tb5R9F5w==/109951163099038502.jpg,http://p3.music.126.net/7skUfeJl8a9mI7Hr_sON3g==/109951163099036137.jpg,http://p3.music.126.net/2yLUKLSJj2MNrc3hKNHqTA==/109951163099030861.jpg,http://p3.music.126.net/mw-JzmYRAU5qv96tluSR-w==/109951163099034180.jpg,http://p3.music.126.net/nvQYo_149o5BOMtMqVtCiQ==/109951163099038027.jpg,http://p4.music.126.net/wKcl1fecg_bpbn6GyZdwpg==/109951163099037550.jpg, gname=铁三角 ATH-CKR75BT 无线蓝牙线控带麦入耳式颈挂耳机, gintroduce=致密原音重现；解析力优异, gcolorid=null, category1=101000, category2=1005000, gbrand=铁三角, gprice=1099.0, ggrade=null, gcount=41, gmaterial=null, hot=1]
Goods [gid=8195000, zpicture=http://p4.music.126.net/xjLCQ7Otrwgnud7jwXYelg==/109951163100812927.jpg, gpicture=http://p4.music.126.net/xjLCQ7Otrwgnud7jwXYelg==/109951163100812927.jpg,http://p4.music.126.net/UUGXOL1_s215jwue0If-VQ==/109951163100820043.jpg,http://p4.music.126.net/B8fUa5b1AjYtdnTv7h00wQ==/109951163100814775.jpg,http://p4.music.126.net/N1d-RtiPAct7jZzys-dchw==/109951163100817654.jpg, gname=SONY/索尼 WI-C400 入耳式重低音无线蓝牙耳机颈挂式 跑步运动, gintroduce=颈挂式设计 轻巧佩戴, gcolorid=null, category1=101000, category2=1005000, gbrand=索尼（SONY）, gprice=499.0, ggrade=null, gcount=40, gmaterial=null, hot=0]
Goods [gid=8198000, zpicture=http://p3.music.126.net/EFVdSJi01m_F2FO6qUTZzg==/109951163100820320.jpg, gpicture=http://p3.music.126.net/EFVdSJi01m_F2FO6qUTZzg==/109951163100820320.jpg,http://p4.music.126.net/-Yd9KKIzZPjIB_QmV4OPpw==/109951163100820328.jpg,http://p4.music.126.net/2mgbGkYKjOXoWi0RbQQPAg==/109951163100818411.jpg,http://p4.music.126.net/VnYiTZZwC4Q4TKjCtqNhsw==/109951163100827020.jpg,http://p3.music.126.net/zhpR7NcC7Tkp1F0YPYOE_w==/109951163100827515.jpg, gname=SONY/索尼 MDR-XB510AS耳机入耳式重低音通话线控防水运动耳机, gintroduce=颜值担当 跑步健身搭档 防水抗汗, gcolorid=null, category1=101000, category2=1005000, gbrand=索尼（SONY）, gprice=349.0, ggrade=null, gcount=97, gmaterial=null, hot=1]
Goods [gid=8269000, zpicture=http://p3.music.126.net/2v7cp9QGuPHrlyi8c0LbaQ==/109951163677005180.jpg, gpicture=http://p3.music.126.net/2v7cp9QGuPHrlyi8c0LbaQ==/109951163677005180.jpg,http://p3.music.126.net/dF-BgFby6pYxmtFDn1xtyA==/109951163677005661.jpg,http://p4.music.126.net/yU8bTOqKEnRSWWaG771exA==/109951163676999425.jpg,http://p4.music.126.net/2M1AC5wdydpvtgbFQHeZ0A==/109951163677009580.jpg,http://p4.music.126.net/E5bH6kpqnzOoJ8zqgcgs0Q==/109951163677010063.jpg, gname=网易云音乐 蓝牙音频接收器, gintroduce=有线变无线 一键操作 高清音质 文艺设计, gcolorid=null, category1=101000, category2=1005000, gbrand=网易云音乐, gprice=119.0, ggrade=null, gcount=73, gmaterial=null, hot=0]
Goods [gid=8330002, zpicture=http://p4.music.126.net/hK_UQdHY07LKIDOOhCOf6Q==/109951163108961711.jpg, gpicture=http://p4.music.126.net/hK_UQdHY07LKIDOOhCOf6Q==/109951163108961711.jpg,http://p3.music.126.net/E3Cx15nGUOV7CmSCKU2Jtg==/109951163108961709.jpg,http://p3.music.126.net/ByoVCuaNlo0K9bAPRO8SHA==/18570751395341641.jpg,http://p4.music.126.net/pNhSwbMPy7rgYaD32GtRNQ==/18698294744160608.jpg,http://p4.music.126.net/LhQos5pb-yN4Dn76F5lk7Q==/109951163108957438.jpg,http://p4.music.126.net/g8IAJ8UwuEaRm905x8N8zA==/109951163108955974.jpg,http://p3.music.126.net/2TSDH7WEhuJG-bnj1tCFUg==/109951163108965059.jpg,http://p3.music.126.net/NpqvE2SyVZfGuuawv3XwuQ==/109951163108959766.jpg, gname=漫步者（EDIFIER）W808BT 漫威版 立体声头戴式蓝牙耳机, gintroduce=蓝牙耳机漫威版；蓝牙有线双模聆听, gcolorid=null, category1=101000, category2=1005000, gbrand=漫步者（EDIFIER）, gprice=399.0, ggrade=null, gcount=14, gmaterial=null, hot=0]
Goods [gid=8341001, zpicture=http://p3.music.126.net/eGIIAJHPrpeX9TSp1ye-1w==/109951163108949476.jpg, gpicture=http://p3.music.126.net/eGIIAJHPrpeX9TSp1ye-1w==/109951163108949476.jpg,http://p4.music.126.net/cM8kXHao9hNTgFFXRdsrKg==/109951163108956227.jpg,http://p4.music.126.net/q3tt9VpzX1WTQcma4SwzpA==/109951163108953797.jpg,http://p4.music.126.net/nxkEDfV5dR--TxxZAr1vtA==/109951163108957204.jpg,http://p4.music.126.net/Y3w-bFNG8ZNPXi3KJF_Cxw==/109951163108953336.jpg,http://p4.music.126.net/XEywmDrRQzTVahsDNg4Ygg==/109951163108954323.jpg,http://p3.music.126.net/oKWbL_8r5MVcCLoSHa4d4Q==/109951163108952398.jpg,http://p4.music.126.net/bJEhDHInmFoDKeBxf-_4_Q==/109951163108953834.jpg, gname=漫步者（EDIFIER）W283BT 漫威版 无线蓝牙入耳式运动耳机磁吸耳塞, gintroduce=蓝牙运动耳机漫威版；轻量设计，运动好搭档, gcolorid=null, category1=101000, category2=1005000, gbrand=漫步者（EDIFIER）, gprice=239.0, ggrade=null, gcount=34, gmaterial=null, hot=1]
Goods [gid=8373000, zpicture=http://p3.music.126.net/GFl96omijnkthA9BJmR6YA==/109951164389493621.jpg, gpicture=http://p3.music.126.net/GFl96omijnkthA9BJmR6YA==/109951164389493621.jpg,http://p4.music.126.net/DD68PpdUjWNa9z-STZIUYA==/109951164389422502.jpg,http://p4.music.126.net/dG-xOCt5GWf0zvufb_mtSg==/109951164389414258.jpg,http://p3.music.126.net/czmq0U2OpAb7AqhshDmj2g==/109951164389410474.jpg,http://p3.music.126.net/0N9lQ5VHBcpP5GjlYD1aSw==/109951164389411937.jpg,http://p3.music.126.net/iPKwgPCUHYNwGzGsQpcxPQ==/109951164389411454.jpg,http://p4.music.126.net/dlI4UR23P3ho1dxQ8GShZw==/109951164371395086.jpg, gname=网易云音乐联名款W800X头戴式蓝牙耳机, gintroduce=【网易云音乐独家专供】进口高通蓝牙5.0芯片，工艺考究，细节出众；强劲低频，质感人声；超长播放, gcolorid=null, category1=101000, category2=1005000, gbrand=网易云音乐, gprice=199.0, ggrade=null, gcount=6599, gmaterial=null, hot=0]
Goods [gid=8374000, zpicture=http://p4.music.126.net/1d_Ocm0DxTjV7l4kF9lp2g==/109951164287010250.jpg, gpicture=http://p4.music.126.net/1d_Ocm0DxTjV7l4kF9lp2g==/109951164287010250.jpg,http://p4.music.126.net/KQtHqT9WTowE3RYu6bx_MQ==/109951164368228242.jpg,http://p3.music.126.net/gUF31SdAHzEoa-BXDhPg4A==/109951164389447657.jpg,http://p3.music.126.net/b-fKgs659Lzrs-I4ZCTn8A==/109951164368227306.jpg,http://p3.music.126.net/BJlGNe8LyfZIGSt0AxSLPA==/109951164279295331.jpg,http://p4.music.126.net/l14hfLQUEE7gV6jv5bSZ_Q==/109951164389448187.jpg,http://p3.music.126.net/SWdojOYB9NVmVXPWv7eZ6Q==/109951164389453509.jpg, gname=网易云音乐联名款漫步者W280X蓝牙耳机, gintroduce=升级款上市，全新金属外观，霍尔磁吸，蓝牙5.0，IPX5防水, gcolorid=null, category1=101000, category2=1005000, gbrand=网易云音乐, gprice=169.0, ggrade=null, gcount=5423, gmaterial=null, hot=0]
Goods [gid=8515002, zpicture=http://p3.music.126.net/r_wsaz0dReLodZCJqQ4sbg==/109951163117866947.jpg, gpicture=http://p3.music.126.net/r_wsaz0dReLodZCJqQ4sbg==/109951163117866947.jpg,http://p3.music.126.net/_WFUSGrErBedA05F-A58nA==/109951163117872673.jpg,http://p4.music.126.net/tWk_MfRQpr_0ga8bXfzJXA==/109951163117872678.jpg,http://p3.music.126.net/cdqZijD2w8gUH9H6FvGqnQ==/109951163117870751.jpg,http://p4.music.126.net/2ZWMyBOydCPTMkBK5lLwSA==/109951163117866962.jpg, gname=先锋（Pioneer）i800入耳式降噪苹果耳机 Lightning接口, gintroduce=Lightning接口苹果耳机，降噪模式自由切换，适用于iPhone x/7/8 plus, gcolorid=null, category1=101000, category2=1005000, gbrand=先锋（Pioneer）, gprice=199.0, ggrade=null, gcount=300, gmaterial=null, hot=2]
Goods [gid=8521002, zpicture=http://p3.music.126.net/kJm2CkkVn7KVBdPemIA2lw==/109951163117902287.jpg, gpicture=http://p3.music.126.net/kJm2CkkVn7KVBdPemIA2lw==/109951163117902287.jpg,http://p4.music.126.net/MV-5AlmwrBHkcVohquJXiQ==/109951163117908089.jpg,http://p3.music.126.net/q2F0e9apUFSHtZzK4pmiFQ==/109951163117905173.jpg,http://p3.music.126.net/H6KCBKnpIN_ZqMk3LwVE3g==/109951163117906652.jpg,http://p3.music.126.net/8iv0DCXxfs7EOd8fIrTiJw==/109951163117905175.jpg, gname=先锋（Pioneer）SEC-S801BT 无线蓝牙入耳式运动耳机, gintroduce= 智能心率监测耳机
, gcolorid=null, category1=101000, category2=1005000, gbrand=先锋（Pioneer）, gprice=299.0, ggrade=null, gcount=287, gmaterial=null, hot=0]
Goods [gid=8767004, zpicture=http://p3.music.126.net/2PTETMRQ_VEqz8jal1AQVA==/109951163164849207.jpg, gpicture=http://p3.music.126.net/2PTETMRQ_VEqz8jal1AQVA==/109951163164849207.jpg,http://p3.music.126.net/qBlWz7hIbSnDSYtPrf--lQ==/109951163164851563.jpg, gname=3D金属拼图 乐器模型, gintroduce=, gcolorid=null, category1=1008002, category2=1010004, gbrand=幸运石, gprice=25.0, ggrade=null, gcount=33, gmaterial=null, hot=6]
Goods [gid=8774007, zpicture=http://p3.music.126.net/4hVaSCG5Y2l0XAJ1LV6wnQ==/109951163398708940.jpg, gpicture=http://p3.music.126.net/4hVaSCG5Y2l0XAJ1LV6wnQ==/109951163398708940.jpg,http://p4.music.126.net/irkWNwK-1HYWjQIUScLfgg==/109951163398714142.jpg,http://p3.music.126.net/6yeCWXMN7jGV2lLyNXUbwg==/109951163398711300.jpg,http://p4.music.126.net/PWVptQb0PFIrwy1cg9Z2Lg==/109951163398714150.jpg, gname=JBL Reflect Mini BT, gintroduce=无线蓝牙运动耳机 专业运动 手机线控通话, gcolorid=null, category1=101000, category2=1005000, gbrand=JBL, gprice=649.0, ggrade=null, gcount=1, gmaterial=null, hot=0]
Goods [gid=8774008, zpicture=http://p3.music.126.net/ngkKJ5X01y0Yuj7AIA4DTw==/109951163167460582.jpg, gpicture=http://p3.music.126.net/ngkKJ5X01y0Yuj7AIA4DTw==/109951163167460582.jpg,http://p4.music.126.net/nW3H5kMDxrHaUnZdeS7q7Q==/18957779486639498.jpg,http://p3.music.126.net/494hbew2iWXAvNhaoxivHg==/18983068254131454.jpg,http://p3.music.126.net/feb74_yi5XPOye5VX9MFGw==/19097417463475709.jpg,http://p4.music.126.net/JRBWZCqTUaqdposazNfdsw==/19134800858739943.jpg, gname=JBL Reflect Mini BT库里限量版, gintroduce=
无线蓝牙运动耳机 专业运动 手机线控通话, gcolorid=null, category1=101000, category2=1005000, gbrand=JBL, gprice=749.0, ggrade=null, gcount=4, gmaterial=null, hot=2]
Goods [gid=8797006, zpicture=http://p3.music.126.net/OEG-EuiEYyDsqX-I-ZkUng==/109951163166017185.jpg, gpicture=http://p3.music.126.net/OEG-EuiEYyDsqX-I-ZkUng==/109951163166017185.jpg,http://p3.music.126.net/chExCFQBvCPpB2YFV484nQ==/109951163166009870.jpg,http://p4.music.126.net/g68sGgtsCG4ooEYkluQnpA==/109951163166014257.jpg,http://p4.music.126.net/mgtFB4aG77luDbfNYn9phA==/109951163166016261.jpg,http://p4.music.126.net/xHcWwcVRcyjbDRQugZB3KQ==/109951163166012309.jpg, gname=1MORE/万魔 H1005头戴式电竞游戏耳机绝地求生FPS吃鸡耳麦7.1声道, gintroduce=7.1环绕4D振动 双麦降噪 炫彩LED HiFi认证 吃鸡必备 高韧性不锈钢头梁 佩戴舒适, gcolorid=null, category1=101000, category2=1005000, gbrand=1MORE/万魔, gprice=599.0, ggrade=null, gcount=39, gmaterial=null, hot=0]
Goods [gid=8805007, zpicture=http://p4.music.126.net/CAYT_izpBY1XpjF3cCdTnQ==/109951163164869186.jpg, gpicture=http://p4.music.126.net/CAYT_izpBY1XpjF3cCdTnQ==/109951163164869186.jpg,http://p3.music.126.net/7AOZWHawMSz66MiBz08ppw==/109951163164868692.jpg, gname=3D金属拼图 乐器模型, gintroduce=, gcolorid=null, category1=1008002, category2=1010004, gbrand=幸运石, gprice=25.0, ggrade=null, gcount=2, gmaterial=null, hot=3]
Goods [gid=8850000, zpicture=http://p4.music.126.net/HZhIIUAEtFzfORRdWVu25g==/109951163179452143.jpg, gpicture=http://p4.music.126.net/HZhIIUAEtFzfORRdWVu25g==/109951163179452143.jpg,http://p3.music.126.net/917uf0lEQ3ud0-KMhtUT1Q==/109951163179445409.jpg,http://p4.music.126.net/qjIged1NNOriCyRcULb3mg==/109951163179444453.jpg,http://p4.music.126.net/m3iOxj0Dfe-G6GhU6oYtgA==/109951163179452162.jpg, gname=JBL UA Flex 安德玛联名户外运动耳机, gintroduce=可调节颈挂式蓝牙耳机 无线音乐耳机耳麦, gcolorid=null, category1=101000, category2=1005000, gbrand=JBL, gprice=1299.0, ggrade=null, gcount=3, gmaterial=null, hot=0]
Goods [gid=8851000, zpicture=http://p3.music.126.net/ZNx-_LQKIxXiZ0-plnacdg==/109951163175154857.jpg, gpicture=http://p3.music.126.net/ZNx-_LQKIxXiZ0-plnacdg==/109951163175154857.jpg,http://p3.music.126.net/mKD15c4XJ6qCQ-fAnMM44Q==/109951163175157807.jpg,http://p4.music.126.net/bmgpThP33NHMjgkkhYLYgw==/109951163175157813.jpg,http://p3.music.126.net/WItuHdcwlvMtX8Jf6rC3VQ==/109951163175156835.jpg,http://p3.music.126.net/pBIp3CU6cCaRX1rdpCVYNg==/109951163175163038.jpg,http://p4.music.126.net/UnV_uI9ntDdZuCCw95-0qg==/109951163175164534.jpg, gname=JBL PLAYLIST 音乐工坊, gintroduce=高保真桌面音响HIFI蓝牙音箱低音炮电脑音响, gcolorid=null, category1=101000, category2=1009006, gbrand=JBL, gprice=1788.0, ggrade=null, gcount=2, gmaterial=null, hot=0]
Goods [gid=8857000, zpicture=http://p4.music.126.net/HQXE8p1KopGDFmkPiK7MkQ==/109951163175300373.jpg, gpicture=http://p4.music.126.net/HQXE8p1KopGDFmkPiK7MkQ==/109951163175300373.jpg,http://p4.music.126.net/EodCISx6pSYodxrJ2KxGQA==/109951163175305167.jpg,http://p3.music.126.net/jLBeNxtI5rWOi5vYXlc_hg==/109951163175299407.jpg,http://p4.music.126.net/eFQ9b7rpRgk57ayguxtqgA==/109951163175306164.jpg, gname=【MAGICBUS】反光镜乐队联名款帆布包, gintroduce=音乐人正版周边产品, gcolorid=null, category1=1008002, category2=1009002, gbrand=反光镜乐队, gprice=68.0, ggrade=null, gcount=7, gmaterial=null, hot=2]
Goods [gid=8956005, zpicture=http://p4.music.126.net/4gu0tTMrqf3r7qdToKSbJw==/109951163188559800.jpg, gpicture=http://p4.music.126.net/4gu0tTMrqf3r7qdToKSbJw==/109951163188559800.jpg,http://p4.music.126.net/Yi17LMIiYnLM58Q0Rs1tZA==/109951163188559846.jpg,http://p4.music.126.net/Zvhh0p77En-8A3Mza4Ctuw==/109951163188564194.jpg,http://p4.music.126.net/xPojfhmpaXsxXQI09BVsxw==/109951163188566133.jpg,http://p3.music.126.net/X_hq4csp8cnyEHAzw5lLsw==/109951163188558449.jpg, gname=skullcandy Chops Flex骷髅头耳机挂耳式入耳式运动跑步有线耳塞, gintroduce=骷髅头轻便舒适挂耳耳机, gcolorid=null, category1=101000, category2=1005000, gbrand=骷髅头（skullcandy）, gprice=149.0, ggrade=null, gcount=61, gmaterial=null, hot=1]
Goods [gid=8964006, zpicture=http://p4.music.126.net/zsYCWSEtQsUJjHY_HwpBug==/109951163188726199.jpg, gpicture=http://p4.music.126.net/zsYCWSEtQsUJjHY_HwpBug==/109951163188726199.jpg,http://p3.music.126.net/VqaoldckdRR_xFtCgSH1qA==/109951163188726675.jpg,http://p3.music.126.net/L-Bfvsz2ozp_8guHgoz9Mg==/109951163188731570.jpg,http://p3.music.126.net/G_Yx5BgVTrWWt6j6bVVseg==/109951163188722424.jpg, gname=skullcandy Barricade mini 骷髅头户外移动蓝牙音响防水充电迷你, gintroduce=防水重低音户外便携音箱震撼低音, gcolorid=null, category1=101000, category2=1009006, gbrand=骷髅头（skullcandy）, gprice=249.0, ggrade=null, gcount=2, gmaterial=null, hot=9]
Goods [gid=8978001, zpicture=http://p4.music.126.net/RYCiNr5Tu0yJ2kleikRbFA==/109951163191758612.jpg, gpicture=http://p4.music.126.net/RYCiNr5Tu0yJ2kleikRbFA==/109951163191758612.jpg,http://p4.music.126.net/z2gFnOa5LvHcVZsNc81CqA==/19027048719243382.jpg,http://p3.music.126.net/l1ALmp4J7v6SxwIiK_6uLw==/109951163191750959.jpg,http://p3.music.126.net/Ho0IxtBSZXIlTlDqs1ZL0g==/109951163191754339.jpg,http://p4.music.126.net/TgdjoSpxTuCAGdQoNMjIsw==/109951163191760559.jpg,http://p4.music.126.net/slvWOcPWgB3JN4IoFh7hnw==/109951163191752435.jpg, gname=海上牧云记周边正版授权同款徐璐苏语凝925纯银缎布布艺耳环吊坠, gintroduce=官方正版授权！, gcolorid=null, category1=1008002, category2=1010004, gbrand=海上牧云记, gprice=41.9, ggrade=null, gcount=55, gmaterial=null, hot=3]
Goods [gid=9000000, zpicture=http://p3.music.126.net/PjD4eHg9L8mOiabGukSsxw==/18760966906945040.jpg, gpicture=http://p3.music.126.net/PjD4eHg9L8mOiabGukSsxw==/18760966906945040.jpg,http://p3.music.126.net/Ewi4w17rRp4kZV2jvdP64w==/109951163196996624.jpg,http://p4.music.126.net/8iMBPTBdxEFaI7O_TjNsNQ==/109951163196991294.jpg,http://p4.music.126.net/YV_oneVXUu57KPBreMHdrQ==/109951163196987969.jpg,http://p4.music.126.net/49SFiQHoTEhXWPg450-jkQ==/109951163196997055.jpg,http://p3.music.126.net/zCYE1_dljhFvsGO-QyQKfg==/109951163196989408.jpg, gname=我们的少年时代正版周边同款尹柯王俊凯邬童王源班小松笔袋, gintroduce=官方正版授权 特价促销!, gcolorid=null, category1=1008002, category2=1010004, gbrand= 我们的少年时代, gprice=15.9, ggrade=null, gcount=590, gmaterial=null, hot=1]
Goods [gid=9013005, zpicture=http://p3.music.126.net/7WbulVxFlwGnJDH8NtvOWA==/109951163209880908.jpg, gpicture=http://p3.music.126.net/7WbulVxFlwGnJDH8NtvOWA==/109951163209880908.jpg,http://p4.music.126.net/URmBryd-6YD3kplFRy_bvQ==/109951163209888097.jpg,http://p4.music.126.net/qLUlHyZBp2QodTBKa9x8hQ==/109951163209883303.jpg,http://p3.music.126.net/Frtif2YFoOJQInQk2KZdjg==/109951163209886208.jpg,http://p4.music.126.net/oKGyLgAZBadh85ajKovA_Q==/109951163209884274.jpg,http://p4.music.126.net/If0aj9Ocly4_I8mRiu6L6g==/109951163209884769.jpg,http://p3.music.126.net/Agx889z4lExbUdZ7B3yYYA==/109951163209883320.jpg,http://p4.music.126.net/k3bZpGI6q3tTwS6lsTdHMg==/109951163209882399.jpg, gname=铁三角 ATH-S200BT 头戴式无线蓝牙耳机耳麦, gintroduce=无线聆听，长时间续航；丰富饱满音质享受；折叠便携轻量化设计，方便随身携带, gcolorid=null, category1=101000, category2=1005000, gbrand=铁三角, gprice=578.0, ggrade=null, gcount=29, gmaterial=null, hot=44]
Goods [gid=9017003, zpicture=http://p4.music.126.net/pNxPodPSMPVkyL91gJl7RA==/109951163290388638.jpg, gpicture=http://p4.music.126.net/pNxPodPSMPVkyL91gJl7RA==/109951163290388638.jpg,http://p3.music.126.net/_1K58dBQ6ZyNBRlXocg3wQ==/109951163210302980.jpg,http://p3.music.126.net/TqBhRhxsPx30f8IXZYceRw==/109951163210310100.jpg,http://p3.music.126.net/ObKyN1UMuKsA5hPckOiMqw==/109951163210310626.jpg,http://p3.music.126.net/HIRiU1LV7GNFvqCYJqD6xg==/109951163290382475.jpg,http://p3.music.126.net/Y6ljkIQamN7CFWFuSSFv5w==/109951163290387197.jpg, gname=听键 让耳机秒变无线 五种音效+功放芯片 有线耳机必备配件 网易专享苹果安卓通用, gintroduce=听键DJ旗舰系列，更长时间+5种音效 网易专享福利，耳机秒升无线DJ, gcolorid=null, category1=101000, category2=1005000, gbrand=击音, gprice=89.0, ggrade=null, gcount=3220, gmaterial=null, hot=0]
Goods [gid=9019003, zpicture=http://p3.music.126.net/gx4mLpA8-NUe1p4VfFZrBw==/109951163210054448.jpg, gpicture=http://p3.music.126.net/gx4mLpA8-NUe1p4VfFZrBw==/109951163210054448.jpg,http://p3.music.126.net/6FVrJvMZsQURorbjvB6Sbw==/109951163210060651.jpg,http://p4.music.126.net/oI-1MZGA0SHxNOa-SOR3IQ==/109951163210057783.jpg,http://p4.music.126.net/C-KtQqz2YYVOhFlmxKuhig==/109951163210063542.jpg,http://p3.music.126.net/pc2BTENcJr6cSzUVo2B3gA==/109951163210057794.jpg,http://p4.music.126.net/22UNePpSNkYMBAlHTZEV3w==/109951163210060235.jpg,http://p4.music.126.net/B_-A0VQnlQo0MCzjflQTAg==/109951163210054480.jpg,http://p3.music.126.net/ELu2NG602zzU2wRMc9WaNg==/109951163210056400.jpg, gname=铁三角 ATH-CK200BT 无线蓝牙入耳式耳机耳麦带麦克风, gintroduce=无线蓝牙，轻量化设计，随身标配；多功能线控，快捷操控；长时间续航, gcolorid=null, category1=101000, category2=1005000, gbrand=铁三角, gprice=388.0, ggrade=null, gcount=156, gmaterial=null, hot=2]
Goods [gid=9024009, zpicture=http://p3.music.126.net/IDJ1QzqRQ8TM4wsuoRHRXQ==/109951163209910078.jpg, gpicture=http://p3.music.126.net/IDJ1QzqRQ8TM4wsuoRHRXQ==/109951163209910078.jpg,http://p4.music.126.net/cmMc15Qr5spZc900MQb88Q==/109951163209903402.jpg,http://p3.music.126.net/_UjUL_SxYhYuKd41UtTrDA==/109951163209905347.jpg,http://p4.music.126.net/-TExWqjNVGyjYfQyPPzBdw==/109951163209905786.jpg,http://p4.music.126.net/WXuLdShKmlGd7eRFwjCq2w==/109951163209903438.jpg,http://p4.music.126.net/TpSbclq_i34ht2Z_UDigTw==/109951163209911593.jpg,http://p4.music.126.net/0b67y_l2pKAYLvNg_ztHWw==/109951163209902495.jpg,http://p3.music.126.net/iZ2CYRssdD0oZ_kRQi-zgw==/109951163209906314.jpg, gname=漫步者（EDIFIER）BIG BUN 立体声蓝牙便携音箱, gintroduce=精巧立体声；低频量感强化；蓝牙4.1，12小时持久续航；亲肤硅胶材质外套，IP54级防水, gcolorid=null, category1=101000, category2=1009006, gbrand=漫步者（EDIFIER）, gprice=369.0, ggrade=null, gcount=54, gmaterial=null, hot=0]
Goods [gid=9025005, zpicture=http://p4.music.126.net/dtJYZ9DJNFEiXdZKuBBRBw==/109951163210092693.jpg, gpicture=http://p4.music.126.net/dtJYZ9DJNFEiXdZKuBBRBw==/109951163210092693.jpg,http://p3.music.126.net/BZwsT0lCIbIpex8KlJK8wQ==/109951163210092209.jpg,http://p4.music.126.net/FpIRFdN69TJaPXElnN2axg==/109951163210096006.jpg,http://p3.music.126.net/MiY7-mrQoNPTVDncYAcWLg==/109951163210092709.jpg, gname=漫步者（EDIFIER）K710P 便携头戴式多媒体耳机耳麦, gintroduce=可翻转耳罩，携带方便；音质清澈、空灵；人性化设计，佩戴舒适, gcolorid=null, category1=101000, category2=1005000, gbrand=漫步者（EDIFIER）, gprice=129.0, ggrade=null, gcount=48, gmaterial=null, hot=0]
Goods [gid=9028003, zpicture=http://p3.music.126.net/8usIATT-yuRsJ_7zWEEZoQ==/109951163711356485.jpg, gpicture=http://p3.music.126.net/8usIATT-yuRsJ_7zWEEZoQ==/109951163711356485.jpg,http://p4.music.126.net/_VY5p9myyhkcRB70V_ptOA==/109951163711368052.jpg,http://p4.music.126.net/IxzwhuR2C4BYe9F2MHhLwQ==/109951163711366081.jpg,http://p3.music.126.net/kqlapAvTwvgU9AXTIcPnGQ==/109951163711366086.jpg,http://p3.music.126.net/b-RkOSDxktyavY4dS9fi0g==/109951163711367575.jpg,http://p4.music.126.net/bJSIcAP5tTAjLIkJDJIl9g==/109951163711363191.jpg,http://p4.music.126.net/2_QngQNgz_ZblCTAwNHqrg==/109951163711356932.jpg,http://p4.music.126.net/jFL6nQVtuvv9Yhm8wVTvWw==/109951163711363690.jpg, gname=漫步者（EDIFIER）W860NB 主动降噪 头戴式立体声蓝牙耳机, gintroduce=ANC主动降噪，静享旋律；蓝牙4.1，NFC快速连接；智能触控；循环导气结构耳壳，低频饱满, gcolorid=null, category1=101000, category2=1005000, gbrand=漫步者（EDIFIER）, gprice=899.0, ggrade=null, gcount=36, gmaterial=null, hot=1]
Goods [gid=9060000, zpicture=http://p4.music.126.net/o4DeBdDZwEFvDCWoQVSghA==/109951163212725839.jpg, gpicture=http://p4.music.126.net/o4DeBdDZwEFvDCWoQVSghA==/109951163212725839.jpg,http://p3.music.126.net/pJUIXxbsRMxaC1EP9j8DCA==/109951163212728259.jpg,http://p4.music.126.net/iZIKoysvQ24BBJ1OgDSGiw==/109951163212734032.jpg,http://p3.music.126.net/ElmJfdFvJDAI3zFqINs0Wg==/109951163212729265.jpg,http://p4.music.126.net/GWOCdhFlt_mIoaEaDt-RaQ==/109951163212724933.jpg,http://p3.music.126.net/5JWSvcF_ore1_VO-1GL0Pw==/109951163212729267.jpg, gname=JBL Reflect Contour 2.0, gintroduce=耳挂式无线蓝牙专业运动耳机, gcolorid=null, category1=101000, category2=1005000, gbrand=JBL, gprice=699.0, ggrade=null, gcount=15, gmaterial=null, hot=3]
Goods [gid=9061000, zpicture=http://p4.music.126.net/huDBu9ISktElNUlPIEG07A==/109951163212736629.jpg, gpicture=http://p4.music.126.net/huDBu9ISktElNUlPIEG07A==/109951163212736629.jpg,http://p3.music.126.net/3QpRmpTorOTLSXxk__b5dg==/109951163212737567.jpg,http://p3.music.126.net/Zs6oI4b91BhEc6dGcLLJKw==/109951163212732395.jpg,http://p4.music.126.net/-waX4tKy3dK-WuXVeXE3Ng==/109951163212733869.jpg,http://p4.music.126.net/kVy70U0UexKE2DeFL5INSw==/109951163212732944.jpg,http://p4.music.126.net/wPs-iYtTv8g4ApFmHwQRog==/109951163212732401.jpg,http://p3.music.126.net/Jfrt55Sc8V3CaIG_wgYS7Q==/109951163212733874.jpg,http://p4.music.126.net/uNaTx88-ktZvun8_EHc4LA==/109951163212740144.jpg, gname=JBL Reflect Mini BT 2.0, gintroduce=专业运动无线蓝牙耳机 入耳式手机音乐耳机, gcolorid=null, category1=101000, category2=1005000, gbrand=JBL, gprice=699.0, ggrade=null, gcount=10, gmaterial=null, hot=2]
Goods [gid=9128008, zpicture=http://p4.music.126.net/_QBhdDDxSP9-bvxfiCtpZg==/109951163251550089.jpg, gpicture=http://p4.music.126.net/_QBhdDDxSP9-bvxfiCtpZg==/109951163251550089.jpg,http://p4.music.126.net/RtRnnf8VgVMFkVDFdmuPGA==/109951163251550539.jpg,http://p3.music.126.net/Z4L5UEGPAqZ8x7mA48qPhQ==/109951163251548722.jpg,http://p3.music.126.net/zGBBIpPfSRigQh2xBiPbGw==/109951163251543938.jpg,http://p4.music.126.net/wW9Q9TmABj44hiNRaFApbw==/109951163251546872.jpg,http://p3.music.126.net/MenWgcRC53_z08RRxZ8qcw==/109951163251550629.jpg,http://p4.music.126.net/TvQWUYbQMV7Od1jbzTY7gw==/109951163251545470.jpg, gname=漫步者（EDIFIER）H295P 高保真入耳式手机耳机, gintroduce=高保真自然音质；精心人体工学设计，舒适稳固佩戴；三键线控，带麦克风, gcolorid=null, category1=101000, category2=1005000, gbrand=漫步者（EDIFIER）, gprice=169.0, ggrade=null, gcount=32, gmaterial=null, hot=0]
Goods [gid=9183005, zpicture=http://p4.music.126.net/yAEJ6gs9XP6RB-NwxDB7Qw==/109951163263117507.jpg, gpicture=http://p4.music.126.net/yAEJ6gs9XP6RB-NwxDB7Qw==/109951163263117507.jpg,http://p3.music.126.net/mNqBbWgnq3X3v_DjXj9edg==/109951163263111751.jpg,http://p3.music.126.net/DhII3M5Tim15vIrf5lshIQ==/109951163263115623.jpg,http://p4.music.126.net/LjsGCSfxwKDsEwe94EwtAQ==/109951163263109907.jpg,http://p4.music.126.net/lWEpddAGDapa6x2TgAH4NQ==/109951163263119016.jpg, gname=爱国者（aigo）蓝牙MP3音乐hifi播放器无损外放 插卡有屏随身听迷你学生, gintroduce=HiFi音质 可外放 支持无线蓝牙 FM收音 计步器 下单送TF卡-16G+读卡器, gcolorid=null, category1=101000, category2=1006000, gbrand=爱国者（aigo）, gprice=399.0, ggrade=null, gcount=23, gmaterial=null, hot=0]
Goods [gid=9257000, zpicture=http://p4.music.126.net/kBSk68DRLWXLHgEMm_6OlA==/109951163297292575.jpg, gpicture=http://p4.music.126.net/kBSk68DRLWXLHgEMm_6OlA==/109951163297292575.jpg,http://p3.music.126.net/EmJXTacw9qGmx2JvtdeHkw==/109951163297293650.jpg,http://p4.music.126.net/BVRE_SmrBighW4rZpkiptQ==/109951163297293173.jpg,http://p4.music.126.net/tqXO6YSdXRDBchzCsSVGJQ==/109951163297293706.jpg, gname=复仇者联盟3 漫威LOGO PU棒球帽, gintroduce=, gcolorid=null, category1=1008002, category2=1010004, gbrand=漫威, gprice=69.0, ggrade=null, gcount=1046, gmaterial=null, hot=1]
Goods [gid=9285004, zpicture=http://p4.music.126.net/TdQkfBhg-nYWWyHEPBrTcg==/109951163293510367.jpg, gpicture=http://p4.music.126.net/TdQkfBhg-nYWWyHEPBrTcg==/109951163293510367.jpg,http://p4.music.126.net/CogQvdLpew9QbkT3vNMgnQ==/109951163293516108.jpg,http://p3.music.126.net/Qut4Fd8_7mqbMiLJYd71Xw==/109951163293515679.jpg,http://p4.music.126.net/y7mHJo4nEz_FZlyqqsBiag==/109951163293508991.jpg,http://p3.music.126.net/jFggUOHlhWyTsIkfm7Wqog==/109951163293512296.jpg,http://p3.music.126.net/VzkNuIqnDJ4Sl_zg6eCPlQ==/109951163293518516.jpg, gname=非人哉-T恤-龙女款/红孩儿款, gintroduce=, gcolorid=null, category1=1008002, category2=1010004, gbrand=艾漫, gprice=118.0, ggrade=null, gcount=54, gmaterial=null, hot=1]
Goods [gid=9334001, zpicture=http://p3.music.126.net/AJROyT-mKFn8sQhl5Z-QEg==/109951164111206325.jpg, gpicture=http://p3.music.126.net/AJROyT-mKFn8sQhl5Z-QEg==/109951164111206325.jpg,http://p3.music.126.net/bYP2Pn1bCiTJrfoY9g-lpg==/109951163304386114.jpg,http://p4.music.126.net/S8dch1Y_91LUOU_S-a9KEQ==/109951163304381879.jpg,http://p3.music.126.net/084X_xQd-dXg6gfRnSRNCw==/109951163304384168.jpg, gname=JBL C200SI立体声入耳式耳机 手机音乐耳机 运动游戏耳机 耳机耳麦 带麦可通话, gintroduce=佩戴舒适 强劲低音 一键式线控 音乐通话耳机, gcolorid=null, category1=101000, category2=1005000, gbrand=JBL, gprice=138.0, ggrade=null, gcount=1594, gmaterial=null, hot=0]
Goods [gid=9338002, zpicture=http://p4.music.126.net/P2-eK8NGq2mCyS9zbpFpHg==/109951164111215163.jpg, gpicture=http://p4.music.126.net/P2-eK8NGq2mCyS9zbpFpHg==/109951164111215163.jpg,http://p4.music.126.net/5595RP-mtd5ssTLYgVnKzg==/109951163637530017.jpg,http://p3.music.126.net/T5xDF2mgx6kxtZY1xbBjbQ==/109951163304335952.jpg,http://p4.music.126.net/eSfkjWdD83fDkifZkhqsEQ==/109951163304336887.jpg, gname=JBL T120A 立体声入耳式耳机 手机音乐耳机 游戏耳机 耳机耳麦 带麦可通话, gintroduce=佩戴舒适 强劲低音 一键式线控 音乐通话耳机, gcolorid=null, category1=101000, category2=1005000, gbrand=JBL, gprice=118.0, ggrade=null, gcount=1780, gmaterial=null, hot=0]
Goods [gid=9343002, zpicture=http://p4.music.126.net/YOVUSQBXlPMrnwhFf3PnSw==/109951163304359987.jpg, gpicture=http://p4.music.126.net/YOVUSQBXlPMrnwhFf3PnSw==/109951163304359987.jpg,http://p4.music.126.net/BhePMVTbO96_1kxWqHSq2Q==/109951163304367724.jpg,http://p4.music.126.net/ATu6nueqx7fPx-chpN7vEw==/109951163304365333.jpg,http://p3.music.126.net/8--rE2BJ6fjdg2fiVL-GAw==/109951163304368693.jpg,http://p3.music.126.net/6xtZUqCv7pME3-rLiEzcWQ==/109951163304363898.jpg, gname=联想（lenovo）拯救者Star Y360头戴式游戏耳机吃鸡耳机, gintroduce=吃鸡利器！虚拟7.1环绕音效 自适应悬浮式头梁 亲肤蛋白材质透气舒适 LED战斗呼吸灯, gcolorid=null, category1=101000, category2=1005000, gbrand=联想, gprice=299.0, ggrade=null, gcount=964, gmaterial=null, hot=2]
Goods [gid=9346001, zpicture=http://p3.music.126.net/7Zb2v1aH_XIhDB1PPOePyQ==/109951163304376862.jpg, gpicture=http://p3.music.126.net/7Zb2v1aH_XIhDB1PPOePyQ==/109951163304376862.jpg,http://p4.music.126.net/kwDeaGammASLUsAUGb6xyg==/109951163304382195.jpg,http://p4.music.126.net/sQ2CkzQvv39RcM4XjPRhKQ==/109951163304381237.jpg,http://p4.music.126.net/1FzGgItgRCpeXjS250ERKg==/109951163304384520.jpg,http://p4.music.126.net/9ghBpMjyUuAXM7hcRLug4A==/109951163304384532.jpg, gname=联想（lenovo）拯救者Thunder Y480头戴式电竞耳机吃鸡耳机, gintroduce=吃鸡利器！左右耳智能异步震动 高分子聚合皮套 舒适佩戴 7.1声道环绕扬声 助力听声辩位, gcolorid=null, category1=101000, category2=1005000, gbrand=联想, gprice=399.0, ggrade=null, gcount=991, gmaterial=null, hot=1]
Goods [gid=9350000, zpicture=http://p3.music.126.net/JfNYTIHf1DdEvcwUzmZETw==/109951164417929159.jpg, gpicture=http://p3.music.126.net/JfNYTIHf1DdEvcwUzmZETw==/109951164417929159.jpg,http://p4.music.126.net/ZPBCUrdzjrag4uvmbViWaw==/109951164417931037.jpg,http://p4.music.126.net/5FBK-4blsVpPovy2SW8wSg==/109951164417929682.jpg,http://p3.music.126.net/J-r0TXPu5Q6mR73MK1e25w==/109951164417930635.jpg,http://p4.music.126.net/E-zUfXDQcx8i2JA3VSnhWQ==/109951164417930122.jpg,http://p4.music.126.net/sQqRik_dUxKi9SpmmoId0g==/109951164417933018.jpg,http://p3.music.126.net/edRuYQ_bniiL4VTu269JEw==/109951164417930138.jpg, gname=铁三角 S100IS 便携头戴式耳机 线控带麦, gintroduce=隔音性能良好，低频强劲；音域范围广；多功能线控, gcolorid=null, category1=101000, category2=1005000, gbrand=铁三角, gprice=228.0, ggrade=null, gcount=78, gmaterial=null, hot=1]
Goods [gid=9351000, zpicture=http://p4.music.126.net/e5kyDe_JJEKLQ1TW5Hm_zA==/109951163304392081.jpg, gpicture=http://p4.music.126.net/e5kyDe_JJEKLQ1TW5Hm_zA==/109951163304392081.jpg,http://p3.music.126.net/tYj_kBhin2HKnSQIoNiwAA==/109951163304386840.jpg,http://p3.music.126.net/nYyIXkx1yJodNAY1vTIArA==/109951163304389212.jpg,http://p3.music.126.net/DduSKK5cuNCOjs24ApTMdQ==/109951163304383994.jpg,http://p4.music.126.net/hVBa0qNN42629eFNgoPeIQ==/109951163304390723.jpg, gname=联想（lenovo）拯救者Pro Y660头戴式游戏耳机吃鸡耳机, gintroduce=吃鸡利器！三重技术助力听声辩位 隐藏式高灵敏度麦克风 金属自适应头梁 自然蛋白皮套, gcolorid=null, category1=101000, category2=1005000, gbrand=联想, gprice=599.0, ggrade=null, gcount=999, gmaterial=null, hot=5]
Goods [gid=9372000, zpicture=http://p4.music.126.net/SvpYgDL45MGDztTwC4odnA==/109951163315564327.jpg, gpicture=http://p4.music.126.net/SvpYgDL45MGDztTwC4odnA==/109951163315564327.jpg,http://p3.music.126.net/oFh9wBXvHtQEG99l4p299Q==/109951163315559972.jpg,http://p4.music.126.net/Hr7FIa1xzCpbmgkSViYsDA==/109951163315559980.jpg,http://p4.music.126.net/2kf9yp-CB7461V1my0r4bw==/109951163315568630.jpg,http://p3.music.126.net/cLszqriUrpHzizXP9IuKKw==/109951163315563887.jpg,http://p3.music.126.net/Ejry_PtjQK6kEv2RC-jZzg==/109951163315568650.jpg, gname=铁三角 CK350iS 轻量化设计 入耳式耳机 线控带麦, gintroduce=丰富色彩选择；声音更有力道；一键接听来电, gcolorid=null, category1=101000, category2=1005000, gbrand=铁三角, gprice=199.0, ggrade=null, gcount=31, gmaterial=null, hot=8]
Goods [gid=9372007, zpicture=http://p4.music.126.net/cO9Oi9uLc2aUGp1pNd8Vyg==/109951163325121729.jpg, gpicture=http://p4.music.126.net/cO9Oi9uLc2aUGp1pNd8Vyg==/109951163325121729.jpg,http://p3.music.126.net/DPtifyrHaiNxhKtVa9IZmQ==/109951163325123197.jpg,http://p3.music.126.net/fiAqtiY6Bdt_mKIgPFrS0g==/109951163325120807.jpg,http://p3.music.126.net/849B4Ox89BkvuJ9gWh7t2A==/109951163325118362.jpg,http://p3.music.126.net/qx2BTfPTYMDRQMm1HH4w8A==/109951163325117408.jpg, gname=【正版授权】2018年夏季新款剪影悟空短袖圆领潮流T恤, gintroduce=正版龙珠；柔顺亲肤；吸汗透气, gcolorid=null, category1=1008002, category2=1010004, gbrand=龙珠, gprice=79.0, ggrade=null, gcount=336, gmaterial=null, hot=0]
Goods [gid=9373000, zpicture=http://p4.music.126.net/bqbEiJ2rMO0SlKSARTi3PA==/109951164332630554.jpg, gpicture=http://p4.music.126.net/bqbEiJ2rMO0SlKSARTi3PA==/109951164332630554.jpg,http://p4.music.126.net/RGZq5aMR-msFBQV6ODKakw==/109951164332621367.jpg,http://p3.music.126.net/iLgLgsXSOETLI-G_UFWm6w==/109951164332628131.jpg,http://p4.music.126.net/Mt2aDyWQqt8zsMqjRR055Q==/109951164332629602.jpg,http://p4.music.126.net/ROZLWX6qz3oO5zI1JmIbJg==/109951164332620921.jpg,http://p4.music.126.net/zj-55pEzUL8LTlsYlv4A2Q==/109951164332617967.jpg,http://p4.music.126.net/jsGFFvxg3tehcYlw6WiL0Q==/109951164332624276.jpg, gname=铁三角 CK350M 入耳式手机通用音乐耳机, gintroduce=丰富色彩，张扬青春；大口径驱动单元；人体工学设计。耳机不带麦克风线控, gcolorid=null, category1=101000, category2=1005000, gbrand=铁三角, gprice=159.0, ggrade=null, gcount=114, gmaterial=null, hot=0]
Goods [gid=9373004, zpicture=http://p4.music.126.net/98m4ecw4fB9WriCZYna_9g==/109951163325162084.jpg, gpicture=http://p4.music.126.net/98m4ecw4fB9WriCZYna_9g==/109951163325162084.jpg,http://p4.music.126.net/xbtJh0omtjYUS9MZtqRnXA==/109951163325160746.jpg,http://p4.music.126.net/QqRRT_gqGRqwENrbOwfIdg==/109951163325157357.jpg,http://p4.music.126.net/hGwHnacson8A_NbTgHumDA==/109951163325153965.jpg,http://p3.music.126.net/z-CYJZv_O7_vAtJ_mrA8xA==/109951163325159349.jpg, gname=【正版授权】2018年夏季新款烫金贝吉特短袖圆领潮流T恤, gintroduce=正版龙珠；柔顺亲肤；吸汗透气, gcolorid=null, category1=1008002, category2=1010004, gbrand=龙珠, gprice=79.0, ggrade=null, gcount=377, gmaterial=null, hot=0]
Goods [gid=9373005, zpicture=http://p4.music.126.net/bgsFd8np5dXzxAN7Q_u2Pg==/109951163325491162.jpg, gpicture=http://p4.music.126.net/bgsFd8np5dXzxAN7Q_u2Pg==/109951163325491162.jpg,http://p4.music.126.net/oJoy2i6Lo3Ff9a-MwfMwlQ==/109951163325491181.jpg,http://p4.music.126.net/nsHY4I1fW6O0naAbuoVRUw==/109951163325489713.jpg,http://p4.music.126.net/zuiquDoXFz19fpSbBqKLbA==/109951163325490257.jpg,http://p3.music.126.net/nMIf9eeAU2mbJicEW4PsSA==/109951163325490746.jpg,http://p4.music.126.net/tHMzqG9_0zXZhbSVBL-nLA==/109951163325489743.jpg, gname=魅族（MEIZU）EP51 磁吸蓝牙入耳式手机耳机 无线运动耳麦, gintroduce=磁吸式精巧设计 航空材质超轻质量 纳米涂层运动防汗 高保真单元, gcolorid=null, category1=101000, category2=1005000, gbrand=魅族, gprice=99.0, ggrade=null, gcount=34, gmaterial=null, hot=2]
Goods [gid=9375007, zpicture=http://p4.music.126.net/FpcF4PM4EVWmD6kdsTaUPg==/109951163324022230.jpg, gpicture=http://p4.music.126.net/FpcF4PM4EVWmD6kdsTaUPg==/109951163324022230.jpg,http://p3.music.126.net/FbpMU-YeS0b9hgD2lsySLA==/109951163324017480.jpg,http://p3.music.126.net/ZiZVZi66cXdtwjVQ1V-uaA==/109951163324025086.jpg,http://p3.music.126.net/7Dlfg7X8isXpC8S66nhTgw==/109951163324025550.jpg,http://p3.music.126.net/KE6GYWiOTDtn2Piz4iKmhQ==/109951163324019960.jpg, gname=【正版授权】2018年夏季新款HF贝吉塔短袖圆领潮流T恤, gintroduce=正版龙珠；柔顺亲肤；吸汗透气, gcolorid=null, category1=1008002, category2=1010004, gbrand=龙珠, gprice=79.0, ggrade=null, gcount=767, gmaterial=null, hot=0]
Goods [gid=9375009, zpicture=http://p3.music.126.net/5v0oeGfI9Cap8VVIVAA8nQ==/109951163324024899.jpg, gpicture=http://p3.music.126.net/5v0oeGfI9Cap8VVIVAA8nQ==/109951163324024899.jpg,http://p4.music.126.net/s_xf8FcYOAWNcaeORJKxmw==/109951163324029795.jpg,http://p3.music.126.net/hwd9QEsgzReZhtWWRyhaqw==/109951163324032598.jpg,http://p3.music.126.net/2gQ-fdhalCwPH1NhlI15DA==/109951163324027328.jpg,http://p4.music.126.net/38Rnj-_yoBVKYZluyw3kQA==/109951163324031218.jpg, gname=【正版授权】2018年夏季新款HF布欧短袖圆领潮流T恤, gintroduce=正版龙珠；柔顺亲肤；吸汗透气, gcolorid=null, category1=1008002, category2=1010004, gbrand=龙珠, gprice=79.0, ggrade=null, gcount=627, gmaterial=null, hot=1]
Goods [gid=9377005, zpicture=http://p3.music.126.net/g3_-MeHZJs-2CQs3qbQdGw==/109951163324112388.jpg, gpicture=http://p3.music.126.net/g3_-MeHZJs-2CQs3qbQdGw==/109951163324112388.jpg,http://p3.music.126.net/hKM7fLd3Ir0ikYqmBeISJQ==/109951163324115785.jpg,http://p4.music.126.net/J3UKgvGmq8tRhM-DImzkcA==/109951163324117711.jpg,http://p3.music.126.net/jlQl0VahjJTPvbBGGjqMEw==/109951163324120091.jpg,http://p4.music.126.net/5N42UabTfMs-5SKZwIx8Pw==/109951163324117242.jpg, gname=【正版授权】2018年夏季新款OA贝吉塔短袖圆领潮流T恤, gintroduce=正版龙珠；柔顺亲肤；吸汗透气, gcolorid=null, category1=1008002, category2=1010004, gbrand=龙珠, gprice=79.0, ggrade=null, gcount=1133, gmaterial=null, hot=2]
Goods [gid=9377006, zpicture=http://p3.music.126.net/IydhiDdaDK2jebachk2cgQ==/109951163325125760.jpg, gpicture=http://p3.music.126.net/IydhiDdaDK2jebachk2cgQ==/109951163325125760.jpg,http://p4.music.126.net/0tYpDyqjEY5o2kdU6IWmGA==/109951163325130037.jpg,http://p4.music.126.net/Kfpos1n7rTSwfRDBdqM0FA==/109951163325129565.jpg,http://p3.music.126.net/Ff87R2f9enffRFEzwYjFGg==/109951163325123382.jpg,http://p4.music.126.net/gxmnqM81ObLQ4SdfQEknlQ==/109951163325130052.jpg, gname=【正版授权】2018年夏季新款鬼魂来袭短袖圆领潮流T恤, gintroduce=正版龙珠；柔顺亲肤；吸汗透气, gcolorid=null, category1=1008002, category2=1010004, gbrand=龙珠, gprice=79.0, ggrade=null, gcount=1082, gmaterial=null, hot=2]
Goods [gid=9379011, zpicture=http://p3.music.126.net/2C-5igMrmn5U0jhY1dFJ5Q==/109951163325128990.jpg, gpicture=http://p3.music.126.net/2C-5igMrmn5U0jhY1dFJ5Q==/109951163325128990.jpg,http://p4.music.126.net/wPr_Vjf4MZjkgbt0_jFA5A==/109951163325130437.jpg,http://p4.music.126.net/Y54kkbZdhR4JbcH34HgSSA==/109951163325136703.jpg,http://p4.music.126.net/re_aDk-p9pcajhE2UGUJ7A==/109951163325139042.jpg,http://p4.music.126.net/DgsvbtP73w4CW7gbSRO9Kg==/109951163325134773.jpg, gname=【正版授权】2018年夏季新款赛亚全家福短袖圆领潮流T恤, gintroduce=正版龙珠；柔顺亲肤；吸汗透气, gcolorid=null, category1=1008002, category2=1010004, gbrand=龙珠, gprice=79.0, ggrade=null, gcount=1136, gmaterial=null, hot=0]
Goods [gid=9379012, zpicture=http://p3.music.126.net/ylLwo0MY2ZkpfHnsoqAayw==/109951163325150414.jpg, gpicture=http://p3.music.126.net/ylLwo0MY2ZkpfHnsoqAayw==/109951163325150414.jpg,http://p4.music.126.net/SuPY_isKPNMcFXBBny7WqA==/109951163325156104.jpg,http://p3.music.126.net/fMqrbyiFO3b53ZQzS9vSOg==/109951163325156106.jpg,http://p3.music.126.net/CVdkG8EP83jC6WlUxA2UWA==/109951163325154213.jpg,http://p4.music.126.net/Maka-YbtrfF07fOn8xLS8A==/109951163325157110.jpg, gname=【正版授权】2018年夏季新款赛亚之魂短袖圆领潮流T恤, gintroduce=正版龙珠；柔顺亲肤；吸汗透气, gcolorid=null, category1=1008002, category2=1010004, gbrand=龙珠, gprice=79.0, ggrade=null, gcount=353, gmaterial=null, hot=1]
Goods [gid=9381006, zpicture=http://p4.music.126.net/-b9nkjhsJ-VJaS6Sx94jyQ==/109951163325111249.jpg, gpicture=http://p4.music.126.net/-b9nkjhsJ-VJaS6Sx94jyQ==/109951163325111249.jpg,http://p4.music.126.net/VPNX1XoimZ63sa7AxzYvwQ==/109951163325116572.jpg,http://p4.music.126.net/iXUa2dwmconNt7XRwbQ41A==/109951163325113668.jpg,http://p3.music.126.net/sU1Iv60VuKJwMTmBKhzshQ==/109951163325112690.jpg,http://p3.music.126.net/icN5lHDf7Xo89TkgVbTzEg==/109951163325114651.jpg, gname=【正版授权】2018年夏季新款斗魂悟空短袖圆领潮流T恤, gintroduce=正版龙珠；柔顺亲肤；吸汗透气, gcolorid=null, category1=1008002, category2=1010004, gbrand=龙珠, gprice=79.0, ggrade=null, gcount=360, gmaterial=null, hot=1]
Goods [gid=9381007, zpicture=http://p4.music.126.net/66qnuzwbKXfkq4Qzb8CNwg==/109951163325160955.jpg, gpicture=http://p4.music.126.net/66qnuzwbKXfkq4Qzb8CNwg==/109951163325160955.jpg,http://p4.music.126.net/sAgDscO7rIDSsKQbI6lACA==/109951163325168565.jpg,http://p3.music.126.net/3fEygDiQpeboOp_NzE1GAA==/109951163325162296.jpg,http://p4.music.126.net/GmPXKVO346gS-7Lm-9-k6g==/109951163325164730.jpg,http://p4.music.126.net/t3SgaNZHCHDogPmbX5QdYQ==/109951163325163750.jpg, gname=【正版授权】2018年夏季新款烫金贝吉塔短袖圆领潮流T恤, gintroduce=正版龙珠；柔顺亲肤；吸汗透气, gcolorid=null, category1=1008002, category2=1010004, gbrand=龙珠, gprice=79.0, ggrade=null, gcount=390, gmaterial=null, hot=2]
Goods [gid=9382010, zpicture=http://p3.music.126.net/N50Lgbyba_7Dov635gZYVw==/109951163377201993.jpg, gpicture=http://p3.music.126.net/N50Lgbyba_7Dov635gZYVw==/109951163377201993.jpg,http://p4.music.126.net/6Ez6sPgLHfvcTrOICdFmaA==/109951163377206783.jpg,http://p4.music.126.net/TfiqgFy9jMdNmq6TF15qEA==/109951163377214003.jpg,http://p3.music.126.net/vip7Cpr_-ak5hVrqF43yJw==/109951163377204409.jpg,http://p3.music.126.net/pgVapIX4F_Hjoquuppwpsw==/109951163377210631.jpg, gname=【正版授权】2018年夏季新款HF沙鲁短袖圆领潮流T恤, gintroduce=正版龙珠；柔顺亲肤；吸汗透气, gcolorid=null, category1=1008002, category2=1010004, gbrand=龙珠, gprice=79.0, ggrade=null, gcount=778, gmaterial=null, hot=0]
Goods [gid=9382011, zpicture=http://p3.music.126.net/o7NlZDZW01uVTAPQ9o0ifQ==/109951163325147676.jpg, gpicture=http://p3.music.126.net/o7NlZDZW01uVTAPQ9o0ifQ==/109951163325147676.jpg,http://p3.music.126.net/cELr86xFMi6v91U6DETO5w==/109951163325143791.jpg,http://p4.music.126.net/zNYPqy8NQT5KrqT43D6ikw==/109951163325142807.jpg,http://p3.music.126.net/BP_gRdslZGCzkpEnHKeU3w==/109951163325142354.jpg,http://p3.music.126.net/j4zX1dyNYJqebPTdB5_AGw==/109951163325146176.jpg, gname=【正版授权】2018年夏季新款原宿小悟空短袖圆领潮流T恤, gintroduce=正版龙珠；柔顺亲肤；吸汗透气, gcolorid=null, category1=1008002, category2=1010004, gbrand=龙珠, gprice=99.0, ggrade=null, gcount=660, gmaterial=null, hot=1]
Goods [gid=9384008, zpicture=http://p3.music.126.net/pHpB-ET0wwGkfakVQvao4g==/109951163324129141.jpg, gpicture=http://p3.music.126.net/pHpB-ET0wwGkfakVQvao4g==/109951163324129141.jpg,http://p3.music.126.net/XAsn0lYbPqYU9jY4vGQHPw==/109951163324130027.jpg,http://p3.music.126.net/o4uORDB1gg7evjguUm92-w==/109951163324131010.jpg,http://p3.music.126.net/fT1acifxR9XWO8T9VnwiFA==/109951163324128668.jpg,http://p3.music.126.net/g5hatnu8rffMM2jCQM7XAA==/109951163324130039.jpg, gname=【正版授权】2018年夏季新款OA弗利萨短袖圆领潮流T恤, gintroduce=正版龙珠；柔顺亲肤；吸汗透气, gcolorid=null, category1=1008002, category2=1010004, gbrand=龙珠, gprice=79.0, ggrade=null, gcount=1069, gmaterial=null, hot=1]
Goods [gid=9384009, zpicture=http://p4.music.126.net/U9Z6fNoinrYblOLlbHojwA==/109951163325105740.jpg, gpicture=http://p4.music.126.net/U9Z6fNoinrYblOLlbHojwA==/109951163325105740.jpg,http://p3.music.126.net/lb73BB_PHQQchM90Ych1Xw==/109951163325102832.jpg,http://p4.music.126.net/iQS5KlD1Geb2TAxc5yXs_g==/109951163325106624.jpg,http://p3.music.126.net/lfce-m0Y0Kkb_kp1ucAiQw==/109951163325104287.jpg,http://p3.music.126.net/xAOTBnTWcSFabh3kL6RxEA==/109951163325099963.jpg, gname=【正版授权】2018年夏季新款OA悟空短袖圆领潮流T恤, gintroduce=正版龙珠；柔顺亲肤；吸汗透气, gcolorid=null, category1=1008002, category2=1010004, gbrand=龙珠, gprice=79.0, ggrade=null, gcount=515, gmaterial=null, hot=1]
Goods [gid=9387005, zpicture=http://p3.music.126.net/78HS4sOy2SJqoA3lpcU2jQ==/109951163325113982.jpg, gpicture=http://p3.music.126.net/78HS4sOy2SJqoA3lpcU2jQ==/109951163325113982.jpg,http://p3.music.126.net/rd1LSy4aXKqp_fXfHKFS-g==/109951163325122541.jpg,http://p4.music.126.net/p-aPrKYZIf52_bbsBBa2kg==/109951163325123037.jpg,http://p4.music.126.net/IpkWeNSWNmDg2F8hbYFA_g==/109951163325122544.jpg,http://p4.music.126.net/cIUYWT88emJTKG8GE2TXNA==/109951163325119654.jpg, gname=【正版授权】2018年夏季新款剪影贝吉塔短袖圆领潮流T恤, gintroduce=正版龙珠；柔顺亲肤；吸汗透气, gcolorid=null, category1=1008002, category2=1010004, gbrand=龙珠 , gprice=79.0, ggrade=null, gcount=384, gmaterial=null, hot=0]
Goods [gid=9388001, zpicture=http://p3.music.126.net/h1ueV9-CrB-2NLXR6snOmQ==/109951163324173093.jpg, gpicture=http://p3.music.126.net/h1ueV9-CrB-2NLXR6snOmQ==/109951163324173093.jpg,http://p3.music.126.net/Rd_Xzx1c7EGZGh077EBx8A==/109951163324168700.jpg,http://p4.music.126.net/rVie0RXxckWP5yRIF5gf0w==/109951163324167333.jpg,http://p3.music.126.net/9OVAlCPacWOIIerEowU7Xg==/109951163324167339.jpg,http://p3.music.126.net/yoYN-6JnekBcUjsuxtPBNg==/109951163324168282.jpg, gname=【正版授权】2018年夏季新款OA沙鲁短袖圆领潮流T恤, gintroduce=正版龙珠；柔顺亲肤；吸汗透气, gcolorid=null, category1=1008002, category2=1010004, gbrand=龙珠, gprice=79.0, ggrade=null, gcount=1177, gmaterial=null, hot=0]
Goods [gid=9388003, zpicture=http://p3.music.126.net/HcMeLUlv0-zInelc0zSmnw==/109951163325113334.jpg, gpicture=http://p3.music.126.net/HcMeLUlv0-zInelc0zSmnw==/109951163325113334.jpg,http://p4.music.126.net/2FtCGXotoZRY1vvjoYYD-w==/109951163325111433.jpg,http://p4.music.126.net/qb8Xr07biWdyKfdre3yZzw==/109951163325110917.jpg,http://p4.music.126.net/gtJ8KlfrwwKCzCuTc69rAA==/109951163325116266.jpg,http://p4.music.126.net/LEwaHy5_ZkHptia2U8mUww==/109951163325109495.jpg, gname=【正版授权】2018年夏季新款龟派气功短袖圆领潮流T恤, gintroduce=正版龙珠；柔顺亲肤；吸汗透气, gcolorid=null, category1=1008002, category2=1010004, gbrand=龙珠, gprice=79.0, ggrade=null, gcount=288, gmaterial=null, hot=0]
Goods [gid=9390002, zpicture=http://p4.music.126.net/nfLHG3z8qUjkVeNdl5R95w==/109951164497822235.jpg, gpicture=http://p4.music.126.net/nfLHG3z8qUjkVeNdl5R95w==/109951164497822235.jpg,http://p3.music.126.net/tWzY9Zwb0KEbseWF0oDpKw==/109951164497828048.jpg,http://p4.music.126.net/yH3dzXiMPeLyjB9XxHZfrA==/109951164497828050.jpg,http://p4.music.126.net/_PWHA4sddgp3Sa7SZuQLWA==/109951164497818984.jpg,http://p4.music.126.net/FleBsq71Q5qXqSHCXFQ8sw==/109951164497827561.jpg, gname=漫步者（EDIFIER）H235P 立体声入耳式带麦手机通用耳塞音乐耳机, gintroduce=自然通透音质；12g无压感轻盈佩戴；一键线控，高清通话；拿捏自如, gcolorid=null, category1=101000, category2=1005000, gbrand=漫步者（EDIFIER）, gprice=88.0, ggrade=null, gcount=256, gmaterial=null, hot=2]
Goods [gid=9390008, zpicture=http://p3.music.126.net/t39dSACCJxLe5uMY16eO7Q==/109951163324096766.jpg, gpicture=http://p3.music.126.net/t39dSACCJxLe5uMY16eO7Q==/109951163324096766.jpg,http://p3.music.126.net/hZWQMIuc7XWJ7zzc-tI9-A==/109951163324097701.jpg,http://p3.music.126.net/rerf5hSzYVh8trA2FM-6PQ==/109951163324100048.jpg,http://p4.music.126.net/YNQoXFvxhP6dcW9J1ADM-w==/109951163324100538.jpg,http://p3.music.126.net/_g3ajX8R1QFX5k8o4bvIwQ==/109951163324101506.jpg, gname=【正版授权】2018年夏季新款HF弗利萨短袖圆领潮流T恤, gintroduce=正版龙珠；柔顺亲肤；吸汗透气, gcolorid=null, category1=1008002, category2=1010004, gbrand=龙珠, gprice=79.0, ggrade=null, gcount=785, gmaterial=null, hot=0]
Goods [gid=9391004, zpicture=http://p3.music.126.net/gZy_jOp626T6MFHwNBkzpQ==/109951163325177081.jpg, gpicture=http://p3.music.126.net/gZy_jOp626T6MFHwNBkzpQ==/109951163325177081.jpg,http://p4.music.126.net/a42TYbCvzk1FoU6gX3YyAA==/109951163325174721.jpg,http://p4.music.126.net/DH0p5e9HQjXGdxq-sVqAng==/109951163325180526.jpg,http://p4.music.126.net/dTMAABSj-EzzWgJLv44q3Q==/109951163325173725.jpg,http://p3.music.126.net/0EIH5BDZyGHG9OwMJxGH7g==/109951163325180536.jpg, gname=【正版授权】2018年夏季新款烫金特兰克斯短袖圆领潮流T恤, gintroduce=正版龙珠；柔顺亲肤；吸汗透气, gcolorid=null, category1=1008002, category2=1010004, gbrand=龙珠, gprice=79.0, ggrade=null, gcount=383, gmaterial=null, hot=0]
Goods [gid=9391005, zpicture=http://p3.music.126.net/Yltbp1XQ6UTsNmbRY-QJfA==/109951163325178295.jpg, gpicture=http://p3.music.126.net/Yltbp1XQ6UTsNmbRY-QJfA==/109951163325178295.jpg,http://p3.music.126.net/4sp8iosBaAN2reL0DkwlxQ==/109951163325180250.jpg,http://p4.music.126.net/PcrT0kR_7msKRiCKytjdSQ==/109951163325178769.jpg,http://p4.music.126.net/AmflhbADOXXTSivrLjxo2w==/109951163325182206.jpg,http://p4.music.126.net/3hbQcaHvUXI05j0U-gB2BQ==/109951163325174924.jpg, gname=【正版授权】2018年夏季新款烫金悟空短袖圆领潮流T恤, gintroduce=正版龙珠；柔顺亲肤；吸汗透气, gcolorid=null, category1=1008002, category2=1010004, gbrand=龙珠, gprice=49.0, ggrade=null, gcount=263, gmaterial=null, hot=0]
Goods [gid=9400000, zpicture=http://p4.music.126.net/EmzY3WB8ZT9ZP9StvfGSdw==/109951163326898205.jpg, gpicture=http://p4.music.126.net/EmzY3WB8ZT9ZP9StvfGSdw==/109951163326898205.jpg,http://p4.music.126.net/crj-DyQ5V5T5ufwv5x27zg==/109951163326900567.jpg,http://p4.music.126.net/21JGPLZv8QbO69ToIBeIPw==/109951163326895289.jpg,http://p4.music.126.net/Qijaw15M3dA4tqlexrSb3A==/109951163326896300.jpg,http://p3.music.126.net/5-oloCv5vNExXoaYekEl4w==/109951163326902032.jpg,http://p3.music.126.net/_DrytNderp29HZ35p8HH-Q==/109951163326891996.jpg, gname=电视剧温暖的弦周边同款艺人定制1399项链手链套装925银镀白金, gintroduce=, gcolorid=null, category1=1008002, category2=1010004, gbrand=善禧, gprice=55.0, ggrade=null, gcount=109, gmaterial=null, hot=1]
Goods [gid=9412005, zpicture=http://p4.music.126.net/1bFVaHFdWnST4Um0g-P5PA==/109951163376788616.jpg, gpicture=http://p4.music.126.net/1bFVaHFdWnST4Um0g-P5PA==/109951163376788616.jpg,http://p3.music.126.net/V5jnQUmY-LrOxFKVC3qgdw==/109951163334258224.jpg,http://p4.music.126.net/a0hz6cJjtjZ_gOxj-vaKiQ==/109951163334262594.jpg,http://p3.music.126.net/QHRBEwz2Rxc7QbgDt6HkSw==/109951163334262601.jpg,http://p3.music.126.net/QrzvPqp_bvtqPR3sqwt_NQ==/109951163334261097.jpg, gname=【正版授权】2018年新款阿拉蕾化妆镜可爱卡通随身携带折叠PU双面圆形小镜子, gintroduce=可爱迷你 防水耐用 随身携带 正版授权, gcolorid=null, category1=1008002, category2=1010004, gbrand=阿拉蕾, gprice=39.0, ggrade=null, gcount=2, gmaterial=null, hot=0]
Goods [gid=9413006, zpicture=http://p3.music.126.net/lR7vN8vtRkeaE4pclPTVtg==/109951163376782376.jpg, gpicture=http://p3.music.126.net/lR7vN8vtRkeaE4pclPTVtg==/109951163376782376.jpg,http://p4.music.126.net/x4ArhQD__oDYpn7JAAYVrQ==/109951163334249740.jpg,http://p4.music.126.net/jj8YtlHhNv41Vbmrt0Cerw==/109951163334256006.jpg,http://p4.music.126.net/1N8J0O-iZamyzziDuFP8Ow==/109951163334251766.jpg,http://p3.music.126.net/JVyD2xduycytvlfdIA4I_Q==/109951163334256018.jpg, gname=【正版授权】2018年新款阿拉蕾笔袋卡通收纳文具学习用品, gintroduce=简约可爱 防水耐用 正版授权, gcolorid=null, category1=1008002, category2=1010004, gbrand=阿拉蕾, gprice=49.0, ggrade=null, gcount=22, gmaterial=null, hot=0]
Goods [gid=9415008, zpicture=http://p4.music.126.net/yBaw8kG0F360MdKyfhWp2w==/109951163376788157.jpg, gpicture=http://p4.music.126.net/yBaw8kG0F360MdKyfhWp2w==/109951163376788157.jpg,http://p4.music.126.net/oKpVyzqZyl-8cTEhY-dNOQ==/109951163334258004.jpg,http://p4.music.126.net/cwO_kZPKhVyYNXKW18XU1A==/109951163334256610.jpg,http://p3.music.126.net/C-6UzKJpzAoZYaaODvTi9g==/109951163334257067.jpg,http://p3.music.126.net/goXL1vcckUp41fWNAm60hw==/109951163334253748.jpg, gname=【正版授权】2018年新款阿拉蕾笔记本创意手账日记文具学习用品, gintroduce=可爱卡通 日常记录 正版授权, gcolorid=null, category1=1008002, category2=1010004, gbrand=阿拉蕾, gprice=39.0, ggrade=null, gcount=10, gmaterial=null, hot=0]
Goods [gid=9419001, zpicture=http://p4.music.126.net/hjFhyUcflGFtW1TmbXki3A==/109951163376783651.jpg, gpicture=http://p4.music.126.net/hjFhyUcflGFtW1TmbXki3A==/109951163376783651.jpg,http://p4.music.126.net/wyclxb99qkEg3Fr2_oq-3g==/109951163334269736.jpg,http://p4.music.126.net/ixhCC5E3wrfLeyXPVyvgOQ==/109951163334267439.jpg,http://p4.music.126.net/wlhGIfio6ajgtpX9tKZbEw==/109951163334274095.jpg,http://p3.music.126.net/RsGmsJow0XKJ222yu55YVA==/109951163334271671.jpg, gname=【正版授权】2018年夏季新款阿拉蕾帽子可爱卡通遮阳防晒外出游玩棒球帽, gintroduce=可爱卡通 遮阳防晒 正版授权, gcolorid=null, category1=1008002, category2=1010004, gbrand=阿拉蕾, gprice=79.0, ggrade=null, gcount=14, gmaterial=null, hot=2]
Goods [gid=9420010, zpicture=http://p3.music.126.net/jj7wLIycYVgusgNkhdpIFQ==/109951163376785596.jpg, gpicture=http://p3.music.126.net/jj7wLIycYVgusgNkhdpIFQ==/109951163376785596.jpg,http://p4.music.126.net/4E2meXx9uaEugHnfTSwHRA==/109951163336070275.jpg,http://p3.music.126.net/B4eZjda3btgQAHvvlmOfyg==/109951163336073660.jpg,http://p4.music.126.net/0Zj3bE5AVR4NFia4BqaX_Q==/109951163336073664.jpg,http://p4.music.126.net/gzJCipqXmp8d09frwwzNbg==/109951163336069845.jpg, gname=【正版授权】2018年新款阿拉蕾皮质卡套公交卡门禁卡地铁卡钥匙扣卡包, gintroduce=可爱卡通 方便携带 正版授权, gcolorid=null, category1=1008002, category2=1010004, gbrand=阿拉蕾, gprice=39.0, ggrade=null, gcount=41, gmaterial=null, hot=0]
Goods [gid=9423001, zpicture=http://p4.music.126.net/_dyYssdJY9p3tt4xn6tpFw==/109951163376788059.jpg, gpicture=http://p4.music.126.net/_dyYssdJY9p3tt4xn6tpFw==/109951163376788059.jpg,http://p3.music.126.net/H2d6KxtMhErE2LeZ8ruD9Q==/109951163334265587.jpg,http://p3.music.126.net/-mriYQb7VJVqjVe-tFK85Q==/109951163334262281.jpg,http://p4.music.126.net/mSHNAGYgj51EOuicdfhaNA==/109951163334266558.jpg,http://p4.music.126.net/q3naamYDTzmbP0e1gnEvmQ==/109951163334257442.jpg, gname=【正版授权】2018年新款阿拉蕾零钱包可爱卡通迷你拉链硬币钥匙包, gintroduce=可爱卡通 随身携带 正版授权, gcolorid=null, category1=1008002, category2=1010004, gbrand=阿拉蕾, gprice=39.0, ggrade=null, gcount=195, gmaterial=null, hot=0]
Goods [gid=9424001, zpicture=http://p4.music.126.net/41DBNC3IR8CIECnWtjIXSA==/109951163335643980.jpg, gpicture=http://p4.music.126.net/41DBNC3IR8CIECnWtjIXSA==/109951163335643980.jpg,http://p3.music.126.net/xpfOI4kOTksrRfFp8hR1ww==/109951163335650245.jpg,http://p3.music.126.net/sJtZ5zp8UD7kTWI9TgbHJQ==/109951163335653523.jpg,http://p3.music.126.net/G2VV58sQuUTt1fjCZ5CPdg==/109951163335654020.jpg,http://p3.music.126.net/egIXS4DSgQdWH3cCmQ2U6A==/109951163335651157.jpg,http://p4.music.126.net/tERQC9jie5MsFObayrly0A==/109951163335646446.jpg,http://p4.music.126.net/6c3JWvKH48wttVfCGsSt9w==/109951163335649780.jpg,http://p3.music.126.net/hJItrI2Ly6ilgOk8sa321w==/109951163335649789.jpg, gname=漫步者（EDIFIER）TWS3 真无线 入耳式蓝牙带麦耳机, gintroduce=蓝牙4.2，连接稳定；IPX4防水；高解析音质, gcolorid=null, category1=101000, category2=1005000, gbrand=漫步者（EDIFIER）, gprice=399.0, ggrade=null, gcount=7, gmaterial=null, hot=4]
Goods [gid=9432004, zpicture=http://p3.music.126.net/umgoAUNNyTqPXGVXlrT5Pw==/109951163354651693.jpg, gpicture=http://p3.music.126.net/umgoAUNNyTqPXGVXlrT5Pw==/109951163354651693.jpg,http://p3.music.126.net/-oZSf9YeEXPYzlnF4Nacmg==/109951163339788228.jpg,http://p3.music.126.net/4NspLKQt-RXFrfrA9-IkXg==/109951163339790117.jpg,http://p4.music.126.net/-EdOQfgeZylLv9qQ1j3bhQ==/109951163339791614.jpg,http://p4.music.126.net/uWMF_Cd69eRZ6EUWtlpEQg==/109951163339788277.jpg, gname=JBL Grip500入耳式无线蓝牙运动耳机, gintroduce=更动力 更自由, gcolorid=null, category1=101000, category2=1005000, gbrand=JBL, gprice=399.0, ggrade=null, gcount=49, gmaterial=null, hot=1]
Goods [gid=9434000, zpicture=http://p4.music.126.net/jDdAL5n1Kogk3Fw-4sI2_A==/109951163339331208.jpg, gpicture=http://p4.music.126.net/jDdAL5n1Kogk3Fw-4sI2_A==/109951163339331208.jpg,http://p4.music.126.net/W4oOS5Yiq24z5WEpIXZFcg==/109951163338158628.jpg,http://p3.music.126.net/G_GwpHAYyFijQlsOXGW63A==/109951163338154036.jpg,http://p4.music.126.net/bIajRtlDhjJY9x656-eoZQ==/109951163338144416.jpg,http://p3.music.126.net/pxgexVbCZGDzjWKkIpOm7w==/109951163338152075.jpg,http://p4.music.126.net/ShQEAE0JxI7-em3RGrPC-A==/109951163338147326.jpg, gname=魔声iSport Achieve BT爱运动 成就 无线蓝牙耳机, gintroduce=无线蓝牙 魔声音质 让爱运动的你，拥有更动听的音乐。, gcolorid=null, category1=101000, category2=1005000, gbrand=魔声, gprice=199.0, ggrade=null, gcount=341, gmaterial=null, hot=0]
Goods [gid=9440014, zpicture=http://p4.music.126.net/8FuLWtEBZlhUEawB5frwaQ==/109951163351108373.jpg, gpicture=http://p4.music.126.net/8FuLWtEBZlhUEawB5frwaQ==/109951163351108373.jpg,http://p4.music.126.net/1hdLeZFd_yICzmsabmftrg==/109951163351114641.jpg,http://p3.music.126.net/7qIuXnkfH5dlPF9gCtUxYg==/109951163351114647.jpg,http://p3.music.126.net/yHyiwmKYtnHINIvUr8Lwng==/109951163351115599.jpg,http://p3.music.126.net/R4-gt4lKlGgGxcq14KiAeA==/109951163351108858.jpg,http://p3.music.126.net/vT-xESgvxgfeu6QjukBNCA==/109951163351115121.jpg, gname=侏罗纪世界2正版周边创意PVC恐龙形象钥匙扣, gintroduce=, gcolorid=null, category1=1008002, category2=1010004, gbrand=侏罗纪, gprice=9.0, ggrade=null, gcount=392, gmaterial=null, hot=2]
Goods [gid=9470005, zpicture=http://p4.music.126.net/h-EjxO1k_HRYdmDvCch5Uw==/109951163667593072.jpg, gpicture=http://p4.music.126.net/h-EjxO1k_HRYdmDvCch5Uw==/109951163667593072.jpg,http://p3.music.126.net/Tc_eLKUsX5d91qLjPPbUgw==/109951163667592569.jpg,http://p3.music.126.net/_QbGRXS4tPxQ9W20BrC4jA==/109951163667589763.jpg,http://p3.music.126.net/43jFRFf3fKYo0n8BqtIsAA==/109951163667591226.jpg,http://p3.music.126.net/dYrApajiCDN6v3JtRfyoQQ==/109951163667591653.jpg, gname=云音乐定制款小黄人蓝牙音频接收器, gintroduce=云村专属定制 高清音质 有线耳机最佳拍档 有线秒变无线, gcolorid=null, category1=101000, category2=1005000, gbrand=网易云音乐, gprice=129.0, ggrade=null, gcount=118, gmaterial=null, hot=0]
Goods [gid=9489001, zpicture=http://p3.music.126.net/fF1SKppK3NV55ZOvJYLxvg==/109951163368656243.jpg, gpicture=http://p3.music.126.net/fF1SKppK3NV55ZOvJYLxvg==/109951163368656243.jpg,http://p4.music.126.net/eM5PD4aup7Xo1-z-nqvQpg==/109951163368657192.jpg,http://p3.music.126.net/K67V4utKCcbDKrjiBynPEg==/109951163368654323.jpg,http://p4.music.126.net/sDn1hwOwU0uW5malZJfG2A==/109951163368660568.jpg,http://p3.music.126.net/HSfqDGhvkA41nLbAa54gJw==/109951163368661484.jpg, gname=JBL Endurance Jump, gintroduce=业跑步运动耳机 触控通话 挂耳式磁吸防水耳塞 入耳式无线蓝牙音乐手机游戏耳麦 , gcolorid=null, category1=101000, category2=1005000, gbrand=JBL, gprice=599.0, ggrade=null, gcount=12, gmaterial=null, hot=0]
Goods [gid=9512008, zpicture=http://p3.music.126.net/sN_U6ckaXBVVY2gxo0qO7A==/109951163388863949.jpg, gpicture=http://p3.music.126.net/sN_U6ckaXBVVY2gxo0qO7A==/109951163388863949.jpg,http://p4.music.126.net/ROzLP-cj51iFbbZkNIjV4g==/109951163388871125.jpg,http://p4.music.126.net/jIQjl7PlryL6djr4FSOlmA==/109951163388871607.jpg,http://p3.music.126.net/e4Dg6RvNs51JKMaKcxmx2w==/109951163388870655.jpg,http://p4.music.126.net/KiQFWf9r2AIKrh1De_ttgA==/109951163388868806.jpg,http://p4.music.126.net/BETpBudanRHQmwqNaEmidg==/109951163388870288.jpg, gname=爱国者（aigo）蓝牙耳机S55运动无线耳机 苹果华为通用入耳式防水双耳重低音立体声音乐耳机, gintroduce=运动蓝牙4.2 续航8小时 9.2MM大动圈单元 反光线材夜跑更安全, gcolorid=null, category1=101000, category2=1005000, gbrand=爱国者（aigo）, gprice=159.0, ggrade=null, gcount=69, gmaterial=null, hot=1]
Goods [gid=9530007, zpicture=http://p3.music.126.net/0PZWHkTUvK2Vv_Vmn6bEnQ==/109951163391659817.jpg, gpicture=http://p3.music.126.net/0PZWHkTUvK2Vv_Vmn6bEnQ==/109951163391659817.jpg,http://p4.music.126.net/b1mGSzdKXt4DKSQ-vAMb5g==/109951163391660800.jpg,http://p4.music.126.net/wsaBeMR_2RVt0huTEE60sw==/109951163391655974.jpg,http://p3.music.126.net/mYonB61k4y6BBTR_sMJd5w==/109951163391660298.jpg,http://p3.music.126.net/n9fycLnb8FusUpbGmiwMqw==/109951163391656953.jpg,http://p4.music.126.net/JCG_PZnaXrvmnXICUqxYfQ==/109951163391657370.jpg,http://p3.music.126.net/UEpSCJxLDKaBrmvrtNoOPA==/109951163391660310.jpg,http://p4.music.126.net/QbgnKqorKRmrhNIUg6X7iQ==/109951163391664146.jpg, gname=1MORE/万魔耳机挂耳式 蓝牙耳机 运动 无线, gintroduce=运动无线 蓝牙 4级防水防汗 金属质感, gcolorid=null, category1=101000, category2=1005000, gbrand=1MORE/万魔, gprice=399.0, ggrade=null, gcount=1, gmaterial=null, hot=0]
Goods [gid=9534003, zpicture=http://p4.music.126.net/cO8bD0me0kVWB8JCFWVaGw==/109951163391942263.jpg, gpicture=http://p4.music.126.net/cO8bD0me0kVWB8JCFWVaGw==/109951163391942263.jpg,http://p3.music.126.net/Cmsuy3_wlzH6yx3jUzXC7Q==/109951163391944610.jpg,http://p3.music.126.net/uPyAFHSaScueMweodKxHiw==/109951163391942781.jpg,http://p4.music.126.net/T47JSOtPOakbdJjWbcW5nw==/109951163391948078.jpg, gname=IN-VOICE IVOW-SU动圈头戴式蓝牙耳机, gintroduce=无线蓝牙 全天续航 轻盈头戴 拒绝logo, gcolorid=null, category1=101000, category2=1005000, gbrand= IN-VOICE, gprice=349.0, ggrade=null, gcount=368, gmaterial=null, hot=0]
Goods [gid=9574004, zpicture=http://p4.music.126.net/CeYpwHGAr24HKB3zTR6FcA==/109951163400293259.jpg, gpicture=http://p4.music.126.net/CeYpwHGAr24HKB3zTR6FcA==/109951163400293259.jpg,http://p4.music.126.net/XOOMfmwOAKF8BniWuQRmjQ==/109951163400291858.jpg,http://p3.music.126.net/0xDSsiORhIMJsGWnIcGOvw==/109951163400295182.jpg,http://p4.music.126.net/MqMgq_EsLEHcYVykRrt1tA==/109951163400298538.jpg,http://p4.music.126.net/qDStO3-vlpTg4OIiQPfAnA==/109951163400293803.jpg,http://p4.music.126.net/iCvbFJOANhZB2l5fzFuzjg==/109951163400296203.jpg,http://p3.music.126.net/zPgc6GsQhTrDgn9Qhk5-HA==/109951163400291889.jpg,http://p3.music.126.net/QAHRL5naDxq-tU5IGMLuVQ==/109951163400300004.jpg, gname=漫步者（EDIFIER）Young Sprit系列 W820BT 头戴式立体声无线蓝牙耳机, gintroduce=双电池续航；有线无线双模选择；折叠设计，便携收纳, gcolorid=null, category1=101000, category2=1005000, gbrand=漫步者（EDIFIER）, gprice=298.0, ggrade=null, gcount=85, gmaterial=null, hot=0]
Goods [gid=9580004, zpicture=http://p4.music.126.net/7VFyn4ZvhynR5GA1_bld8Q==/109951163400297472.jpg, gpicture=http://p4.music.126.net/7VFyn4ZvhynR5GA1_bld8Q==/109951163400297472.jpg,http://p4.music.126.net/l1SrS8U88NjVvrPsXdO8tA==/109951163400307523.jpg,http://p4.music.126.net/yMeGhUVj8WsxO0YwqFYoGw==/109951163400307539.jpg,http://p3.music.126.net/9eojVOH9KH44WiJuNoMbZQ==/109951163400304195.jpg,http://p3.music.126.net/lbe2okxKwcR6Sn_ayZYW_Q==/109951163400302759.jpg,http://p4.music.126.net/_iaI3C1SwO5B9mjsVLXZ6Q==/109951163400307075.jpg,http://p4.music.126.net/9LKYFc5HrSIDXEHVe-Hy8g==/109951163400300858.jpg,http://p3.music.126.net/Z77bKh20bInVvee7U5QwUg==/109951163400304232.jpg, gname=漫步者（EDIFIER）W295BT+ 无线蓝牙 跑步运动防水 入耳式耳机, gintroduce=跑步锻炼好搭档；IPX5防水；续航时间长；佩戴舒适稳固，狂甩不掉；支持APT-X，细节保留更多, gcolorid=null, category1=101000, category2=1005000, gbrand=漫步者（EDIFIER）, gprice=299.0, ggrade=null, gcount=99, gmaterial=null, hot=0]
Goods [gid=9584003, zpicture=http://p4.music.126.net/b-2OwtfOM1poQo_rAHOi9w==/109951163400481501.jpg, gpicture=http://p4.music.126.net/b-2OwtfOM1poQo_rAHOi9w==/109951163400481501.jpg,http://p4.music.126.net/awjXP1wff8nkYqykCV6QIQ==/109951163400478741.jpg,http://p3.music.126.net/0M74BqmibHb8hKL6Lg769Q==/109951163400473890.jpg, gname=JBL GO 2 音乐金砖二代 便携蓝牙音箱, gintroduce=多彩随性音质动感 防水设计 可免提通话 		
, gcolorid=null, category1=101000, category2=1009006, gbrand=JBL, gprice=299.0, ggrade=null, gcount=63, gmaterial=null, hot=0]
Goods [gid=9593003, zpicture=http://p3.music.126.net/PwGMr9MrvHh5aEw0YuvtuA==/109951163403646375.jpg, gpicture=http://p3.music.126.net/PwGMr9MrvHh5aEw0YuvtuA==/109951163403646375.jpg,http://p3.music.126.net/BSZzs1YfOAy_cHZ8V6m8iA==/109951163403648284.jpg,http://p3.music.126.net/VEsetTDGLZ0Yb0BA29ASzw==/109951163403652651.jpg,http://p3.music.126.net/nIf0zkehwOjniD46WR304g==/109951163403649271.jpg,http://p4.music.126.net/uol-cPAlWiX1W0ez6por2A==/109951163403645463.jpg,http://p4.music.126.net/2_-fnewvegykcTQUegJ6jg==/109951163403654574.jpg,http://p3.music.126.net/iDWeCosJ8sE9uRjZX9OSfQ==/109951163403652664.jpg,http://p3.music.126.net/VLExeYwoW4G8pN0gVLxyWg==/109951163403651740.jpg, gname=扶摇元宝T恤, gintroduce=吱吱吱~元宝大人给你抛来一个眼神
我的高傲不是你们这些凡人能懂的！, gcolorid=null, category1=1008002, category2=1010004, gbrand=善禧文件, gprice=69.9, ggrade=null, gcount=167, gmaterial=null, hot=0]
Goods [gid=9601001, zpicture=http://p3.music.126.net/GQgBQjBDN6wGVmrpICJT8w==/109951163403620566.jpg, gpicture=http://p3.music.126.net/GQgBQjBDN6wGVmrpICJT8w==/109951163403620566.jpg,http://p3.music.126.net/6Ft1LcQplpbum0GSO0G4uQ==/109951163403613384.jpg,http://p4.music.126.net/K8Ofr8ZR2lF1eADs4in8KA==/109951163403617214.jpg,http://p4.music.126.net/N2O7b7ykOl-PEvg9WCgf8g==/109951163403616245.jpg,http://p4.music.126.net/X3m9bNePuEBChqcFSxTQ2w==/109951163403615267.jpg,http://p3.music.126.net/cDiqqNR8oHk7NExBpGh7gA==/109951163403619244.jpg,http://p4.music.126.net/7WKOvBPkE_ct43SobroKng==/109951163403620667.jpg,http://p4.music.126.net/WocyfSNwdntlxVWnjXasbA==/109951163403619757.jpg, gname=扶摇大头T恤, gintroduce=个性骷髅元素和可爱元宝的激烈碰撞（印花款）, gcolorid=null, category1=1008002, category2=1010004, gbrand=善禧文化, gprice=59.0, ggrade=null, gcount=64, gmaterial=null, hot=0]
Goods [gid=9602000, zpicture=http://p4.music.126.net/IcpzgMLaoY8SOvSVE3o_EA==/109951163403589639.jpg, gpicture=http://p4.music.126.net/IcpzgMLaoY8SOvSVE3o_EA==/109951163403589639.jpg,http://p4.music.126.net/UQHGFbjvBkIVNEiirW5MpA==/109951163403587740.jpg,http://p4.music.126.net/r4yOBhEdgH5yd2P8NMgj0w==/109951163403581939.jpg,http://p3.music.126.net/Gc8fdifySAevKsw0rM-GZg==/109951163403584360.jpg,http://p3.music.126.net/56QW7X0wJZX_fb4XCBGjMA==/109951163403584364.jpg,http://p3.music.126.net/YaNCj_LC5Rg8aaOObjAmUA==/109951163403587199.jpg,http://p3.music.126.net/l0CP47ltCc4n1-B3fuT_qA==/109951163403591059.jpg,http://p3.music.126.net/rJDicI_8jD95pnImFKw-IQ==/109951163403581947.jpg, gname=扶摇发带, gintroduce=《扶摇》元宝头上戴，桃花之运滚滚来, gcolorid=null, category1=1008002, category2=1010004, gbrand=善禧文化, gprice=12.9, ggrade=null, gcount=175, gmaterial=null, hot=2]
Goods [gid=9611000, zpicture=http://p3.music.126.net/aZL_KhfSvjqATmkFbksk-Q==/109951163410014965.jpg, gpicture=http://p3.music.126.net/aZL_KhfSvjqATmkFbksk-Q==/109951163410014965.jpg, gname=Happy Plugs 大理石系列 Earbud Plus 增强版耳塞式耳机, gintroduce=大理石纹路，个性张扬；瑞典潮牌，轻时尚，潮流配饰；可通话, gcolorid=null, category1=101000, category2=1005000, gbrand=Happy Plugs, gprice=189.0, ggrade=null, gcount=3, gmaterial=null, hot=1]
Goods [gid=9666004, zpicture=http://p3.music.126.net/wVI4G19TLgzSiny2DL58Mw==/109951163422434878.jpg, gpicture=http://p3.music.126.net/wVI4G19TLgzSiny2DL58Mw==/109951163422434878.jpg,http://p4.music.126.net/_HlH2TYK8Ru6culsn1yYPg==/109951163422435318.jpg,http://p3.music.126.net/rgDKHfu5dDrKZvqihIhULw==/109951163422434405.jpg,http://p4.music.126.net/0hmn6yYGIz7RA2vWzXuU9g==/109951163422438686.jpg, gname=1MORE/万魔iBFree 2 智能蓝牙心率运动耳机男女生通用周杰伦同款, gintroduce=实时监控运动心率数据 4G内存 双单元圈铁, gcolorid=null, category1=101000, category2=1005000, gbrand=1MORE/万魔, gprice=699.0, ggrade=null, gcount=2, gmaterial=null, hot=1]
Goods [gid=9679012, zpicture=http://p4.music.126.net/8kcx8B6BGwcqcWN2EbFIXg==/109951163679752096.jpg, gpicture=http://p4.music.126.net/8kcx8B6BGwcqcWN2EbFIXg==/109951163679752096.jpg,http://p3.music.126.net/LUoPRhCAP6Aic7FSupXXaQ==/109951163679747708.jpg,http://p3.music.126.net/Q09ErqHQJ9DkQr1If_sw-A==/109951163679748661.jpg,http://p4.music.126.net/GccrQvEA6G7FSbicLAE0_g==/109951163679744375.jpg,http://p3.music.126.net/-Axw7Q1D6I9cLwZG71PHbA==/109951163679745851.jpg, gname=网易云音乐氧气蓝牙耳机Pro版, gintroduce=一键红心收藏歌曲 楼氏动铁+动圈混合双单元, gcolorid=null, category1=101000, category2=1005000, gbrand=网易云音乐, gprice=399.0, ggrade=null, gcount=720, gmaterial=null, hot=1]
Goods [gid=9688018, zpicture=http://p3.music.126.net/xI4Gv9laD-KWUdv2E3HQjA==/109951163436161901.jpg, gpicture=http://p3.music.126.net/xI4Gv9laD-KWUdv2E3HQjA==/109951163436161901.jpg,http://p4.music.126.net/pS8N1wrsx01_ntHvSghtTw==/109951163436161914.jpg,http://p4.music.126.net/IbYzTd-V3xO_aiIne1fD0g==/109951163436168185.jpg,http://p3.music.126.net/beTQsz2MrgT9xe_dobxdUQ==/109951163436167663.jpg,http://p3.music.126.net/tWItWd56hilNgjd1QPyl-A==/109951163436169610.jpg,http://p3.music.126.net/WZ-TaOUg_Sk8FqwL23oWTA==/109951163436162902.jpg,http://p3.music.126.net/8NhbnNfhWKFtYnxmo8LbvQ==/109951163436166746.jpg,http://p3.music.126.net/67woPKSHWa8tK020vBXszg==/109951163436169634.jpg, gname=铁三角 ATH-SPORT50BT 入耳式蓝牙运动耳机, gintroduce=防水运动耳机；一键接听电话；弹性耳挂，舒适稳固；强劲续航, gcolorid=null, category1=101000, category2=1005000, gbrand=铁三角, gprice=618.0, ggrade=null, gcount=40, gmaterial=null, hot=5]
Goods [gid=9690011, zpicture=http://p3.music.126.net/yh42Fh-T14JlxcSvhN_QCg==/109951163427036615.jpg, gpicture=http://p3.music.126.net/yh42Fh-T14JlxcSvhN_QCg==/109951163427036615.jpg,http://p3.music.126.net/rYqjMG7xEKpt1MI8jwOBZQ==/109951163427037146.jpg,http://p3.music.126.net/35Msa_Z6DjKcCCIMcp7KLw==/109951163427039076.jpg,http://p3.music.126.net/spqfIz1OgqFyEd06pj4PFA==/109951163427032309.jpg,http://p4.music.126.net/08fGmTWVfAAsw9MBczjttg==/109951163427033774.jpg,http://p3.music.126.net/zXyPtP3TGwwcv0OaZ1OdEg==/109951163427032779.jpg, gname=狄仁杰之四大天王周边笔记本原创复古中国风记事本, gintroduce=创意复古风狄仁杰图案印刷，优质双胶纸，书写不渗墨, gcolorid=null, category1=1008002, category2=1010004, gbrand=狄仁杰之四大天王, gprice=169.0, ggrade=null, gcount=399, gmaterial=null, hot=1]
Goods [gid=9711003, zpicture=http://p3.music.126.net/xe5yi_2vXwVlQL0OIGQD5w==/109951163438320883.jpg, gpicture=http://p3.music.126.net/xe5yi_2vXwVlQL0OIGQD5w==/109951163438320883.jpg,http://p3.music.126.net/RmyOHlG0JkH31bV2G_sQYw==/109951163438323757.jpg,http://p3.music.126.net/zmaasH5xBIRhcUCzasbFZA==/109951163438322785.jpg,http://p4.music.126.net/YBQNmiZ5eopGmviLipDgFg==/109951163438323302.jpg, gname=IN-VOICE IVIW-20NC 音伏运动降噪蓝牙耳机, gintroduce=主动降噪 IPX6级防水 运动蓝牙, gcolorid=null, category1=101000, category2=1005000, gbrand= IN-VOICE, gprice=290.0, ggrade=null, gcount=97, gmaterial=null, hot=1]
Goods [gid=9727005, zpicture=http://p4.music.126.net/gkL5xjeqHJKDJi7wrek5wg==/109951163439954626.jpg, gpicture=http://p4.music.126.net/gkL5xjeqHJKDJi7wrek5wg==/109951163439954626.jpg,http://p4.music.126.net/kiGtstyLMnFVgV-QhVa1iQ==/109951163439949404.jpg,http://p3.music.126.net/Z7Abml5Nxatf981Y-F7Qiw==/109951163439948439.jpg,http://p4.music.126.net/V-2tedTy727B3PCx4euhxg==/109951163439948963.jpg,http://p3.music.126.net/x_d24ZDIEb2VgSoFhbRk4w==/109951163439954673.jpg,http://p4.music.126.net/eiZoXJqyeaHsqNdKQLQsdg==/109951163439955641.jpg, gname=【正版授权】龙珠时尚浮雕手机指环扣支架套装, gintroduce=官方正版授权 一套2枚双倍的满足感, gcolorid=null, category1=1008002, category2=1010004, gbrand=Dragon Ball/龙珠, gprice=19.0, ggrade=null, gcount=188, gmaterial=null, hot=1]
Goods [gid=9745000, zpicture=http://p4.music.126.net/MMPHbEYa3kHchMpHTAkJLQ==/109951163440049487.jpg, gpicture=http://p4.music.126.net/MMPHbEYa3kHchMpHTAkJLQ==/109951163440049487.jpg,http://p3.music.126.net/p77ngZJO93Cr7MRIQOrLwA==/109951163440059533.jpg,http://p3.music.126.net/Sohc_w6wzTrpz3GwPOSZWA==/109951163440059044.jpg,http://p4.music.126.net/dWsqcHrl8MAhbnvIXebwYA==/109951163440055776.jpg,http://p3.music.126.net/zzQeXWx70MwUo-of44cypg==/109951163440059557.jpg,http://p4.music.126.net/IefUW0KEcBHCQtmDW2p7uA==/109951163440060539.jpg,http://p3.music.126.net/FJjB1yfm01hBPIME0qAPbw==/109951163440058117.jpg, gname=【正版授权】龙珠时尚手机平板数据连接充电线, gintroduce=官方正版授权 时尚酷炫就要不一样, gcolorid=null, category1=1008002, category2=1010004, gbrand=Dragon Ball /龙珠, gprice=35.0, ggrade=null, gcount=41, gmaterial=null, hot=6]
Goods [gid=9767003, zpicture=http://p3.music.126.net/rf5TblwW6zAtrsiKZvx0Mw==/109951163446796603.jpg, gpicture=http://p3.music.126.net/rf5TblwW6zAtrsiKZvx0Mw==/109951163446796603.jpg,http://p3.music.126.net/VNr6DOxyTFGUM7sWWPjPSQ==/109951163446794698.jpg,http://p3.music.126.net/SEDAg4EWwxrRqhgILIjciQ==/109951163446789965.jpg,http://p4.music.126.net/jz6i-1xaKWyWTY9pWEINIw==/109951163446800513.jpg,http://p3.music.126.net/ORmUd_52dcODL2LhmxeBhg==/109951163446797628.jpg,http://p4.music.126.net/ioac_c7GCo7O0uHsgGkkLQ==/109951163446795672.jpg, gname=【正版授权】龙珠角色炫酷个性文件夹, gintroduce=官方正版授权 办公小能手, gcolorid=null, category1=1008002, category2=1010004, gbrand=Dragon Ball/龙珠, gprice=19.0, ggrade=null, gcount=275, gmaterial=null, hot=0]
Goods [gid=9774000, zpicture=http://p4.music.126.net/1h0dr1zOFaHoF3ggI5T0sQ==/109951163446437607.jpg, gpicture=http://p4.music.126.net/1h0dr1zOFaHoF3ggI5T0sQ==/109951163446437607.jpg,http://p3.music.126.net/YxZd3F21PdZmK7qIqSA6Ig==/109951163446434273.jpg,http://p4.music.126.net/EnRWlhOg31SMZc9BP1w6Sw==/109951163446428492.jpg,http://p3.music.126.net/wlzdF-ZNBEYPezNuunHALA==/109951163446430885.jpg,http://p4.music.126.net/PHtEhtlgDge1AedhsUwG1Q==/109951163446439000.jpg,http://p3.music.126.net/S8_ArnF4o9ZZ5DL1TV0Cow==/109951163446439506.jpg,http://p4.music.126.net/YsE9_itAem3LTHdktRf_CQ==/109951163446443208.jpg, gname=【正版授权】美少女战士Q版角色粉嫩骨瓷马克杯, gintroduce=官方正版授权 美少女专用马克杯, gcolorid=null, category1=1008002, category2=1010004, gbrand=美少女战士/Sailor Moon Crystal, gprice=59.0, ggrade=null, gcount=30, gmaterial=null, hot=1]
Goods [gid=9776002, zpicture=http://p4.music.126.net/yjKLj8jzduv9egWQzNXziw==/109951163446612774.jpg, gpicture=http://p4.music.126.net/yjKLj8jzduv9egWQzNXziw==/109951163446612774.jpg,http://p3.music.126.net/OctxwdY-njRzMCw0voerzg==/109951163446614160.jpg,http://p4.music.126.net/uKldtgYfGhuWu-YZg9YDsQ==/109951163446607474.jpg,http://p3.music.126.net/8TKli_Bkg3nq0YFSzbjfjA==/109951163446617013.jpg,http://p4.music.126.net/X6anFE2_gITsAIhSB1-RVw==/109951163446610890.jpg,http://p3.music.126.net/VROSCKHjqbW8yd8ytFQmIA==/109951163446618039.jpg,http://p4.music.126.net/7hib3_HIWVLAc8kN59lzDw==/109951163446613779.jpg, gname=【正版授权】龙珠时尚刺绣神龙悟字棒球帽, gintroduce=官方正版授权 帅气就缺这顶帽子了, gcolorid=null, category1=1008002, category2=1010004, gbrand=Dragon Ball/龙珠, gprice=129.0, ggrade=null, gcount=26, gmaterial=null, hot=0]
Goods [gid=9786007, zpicture=http://p3.music.126.net/UjavU54usUHS44NiA_r6sQ==/109951163450040026.jpg, gpicture=http://p3.music.126.net/UjavU54usUHS44NiA_r6sQ==/109951163450040026.jpg,http://p4.music.126.net/jcbByZdnukvyoCvGC8gTCw==/109951163450035760.jpg,http://p4.music.126.net/_JPxVe-VZZDic8QLAppW5w==/109951163450033306.jpg,http://p3.music.126.net/kFkQ0JjI--pGREDk0N7tMA==/109951163450035365.jpg,http://p4.music.126.net/bMls0WOO6WoqlWQbG0j6Mw==/109951163450040056.jpg,http://p3.music.126.net/94U61qe8keH8Wdw_9R2a3Q==/109951163450042008.jpg,http://p3.music.126.net/1Vujor4qeq0VDD6rP4GaSA==/109951163450046144.jpg, gname=BOSE SoundSport 无线蓝牙入耳式耳机 运动耳塞, gintroduce=为运动而生；舒适稳固佩戴；防汗抗水，运动持久, gcolorid=null, category1=101000, category2=1005000, gbrand=BOSE, gprice=1388.0, ggrade=null, gcount=13, gmaterial=null, hot=0]
Goods [gid=9804002, zpicture=http://p4.music.126.net/ws3UpHmW-xgi8s0Iua4U4A==/109951163450045413.jpg, gpicture=http://p4.music.126.net/ws3UpHmW-xgi8s0Iua4U4A==/109951163450045413.jpg,http://p4.music.126.net/3QS0S7G2ErQtncPgTTQdvA==/109951163450047387.jpg,http://p3.music.126.net/NE1JBJqOncglKIl4TudVXA==/109951163450049267.jpg,http://p3.music.126.net/GR4jotQ2kebLwnhYaZ6v8A==/109951163450045428.jpg,http://p4.music.126.net/YRiOb3h1C1QUrPHc8JB4ow==/109951163450043484.jpg,http://p4.music.126.net/l3hXjSnWhy5GaVsnnHD4rA==/109951163450043494.jpg,http://p3.music.126.net/X6dv66IspXlb7ZwnZHLCiw==/109951163450048359.jpg, gname=BOSE SoundSport Free 真无线入耳式蓝牙耳机 运动耳塞, gintroduce=真无线连接；稳定舒适佩戴；前沿科技带来饱满音效；清晰通话, gcolorid=null, category1=101000, category2=1005000, gbrand=BOSE, gprice=1888.0, ggrade=null, gcount=15, gmaterial=null, hot=14]
Goods [gid=9837003, zpicture=http://p4.music.126.net/dRsAEXq-Px0fFQY31zD2jA==/109951164111216127.jpg, gpicture=http://p4.music.126.net/dRsAEXq-Px0fFQY31zD2jA==/109951164111216127.jpg,http://p4.music.126.net/XNMrZ33AG9wk5nex-FHIyg==/109951163461763235.jpg,http://p3.music.126.net/Co98uYqLqlTklJo40866oQ==/109951163461760873.jpg,http://p4.music.126.net/BaNHRblgAxvAOMed76Vo0Q==/109951163461762764.jpg,http://p4.music.126.net/q6Qylc7OVoZj50TJKgoHUQ==/109951163461763727.jpg,http://p3.music.126.net/18TgpgWikp4TLoaFshdOJA==/109951163461759379.jpg,http://p4.music.126.net/qalaxT28pVtzhcMr9sJwHw==/109951163461764714.jpg,http://p4.music.126.net/x-lJUFzowlhuuKZJZHIGfg==/109951163461762769.jpg, gname=JBL T120 BT 入耳式耳机 无线蓝牙耳机 运动耳机 音乐耳机 苹果安卓通用, gintroduce=时尚 无线蓝牙 运动蓝牙耳机, gcolorid=null, category1=101000, category2=1005000, gbrand=JBL, gprice=399.0, ggrade=null, gcount=825, gmaterial=null, hot=0]
Goods [gid=9844003, zpicture=http://p3.music.126.net/GHB99CxpDiQKN9Jwca7M1w==/109951164111195900.jpg, gpicture=http://p3.music.126.net/GHB99CxpDiQKN9Jwca7M1w==/109951164111195900.jpg,http://p3.music.126.net/iryTVNbZ4-kUuhDaFZzQyg==/109951163461753535.jpg,http://p3.music.126.net/UETVIs3QI7Gh0ogjLhatzg==/109951163897042469.jpg,http://p4.music.126.net/bsS_xZFsnt4YBnvV3he7qw==/109951163897050712.jpg,http://p4.music.126.net/vm9p16Gx9oV4OOeJs0yjGA==/109951163461752576.jpg,http://p3.music.126.net/_iCkZ9k74vmndp0AiCks_w==/109951163461752573.jpg, gname=JBL Go Player 音乐金库 蓝牙音箱 户外便携音响 收音机 可插TF卡 免提通话, gintroduce=方便携带 支持TF插卡 支持FM, gcolorid=null, category1=101000, category2=1009006, gbrand=JBL, gprice=429.0, ggrade=null, gcount=150, gmaterial=null, hot=0]
Goods [gid=9844009, zpicture=http://p3.music.126.net/7a5pkO6sD1sdkkddWcTpuQ==/109951164333090682.jpg, gpicture=http://p3.music.126.net/7a5pkO6sD1sdkkddWcTpuQ==/109951164333090682.jpg,http://p3.music.126.net/kyYKdmDdUFsTm3izYdGyTw==/109951163469830341.jpg,http://p4.music.126.net/cTz15XUMKIGmJLypSWldRA==/109951164333092500.jpg,http://p4.music.126.net/nP2DerXeOVzvP1EodSnKlQ==/109951164333084810.jpg,http://p3.music.126.net/vHdjg8mYShaACgXMNsj3mw==/109951164333084291.jpg,http://p3.music.126.net/JP02jdQULBifvGziCxi5cQ==/109951164333084313.jpg,http://p4.music.126.net/OyxwxKKv7EzMFtClZRM_1A==/109951164333091199.jpg,http://p4.music.126.net/gf3D8r8KGKDBqCx8ET967A==/109951163469831414.jpg, gname=K5 旗舰主动降噪HIFI金属蓝牙头戴耳机 影音娱乐游戏安卓ios全兼容, gintroduce=联想音频独立品牌，“主动降噪+物理降噪”双降噪系统 ，蛋白质耳罩 ，高能续航, gcolorid=null, category1=101000, category2=1005000, gbrand=击音, gprice=499.0, ggrade=null, gcount=820, gmaterial=null, hot=0]
Goods [gid=9845004, zpicture=http://p4.music.126.net/IfecJRuBoCxnv8kA-enkLA==/109951163464499177.jpg, gpicture=http://p4.music.126.net/IfecJRuBoCxnv8kA-enkLA==/109951163464499177.jpg,http://p3.music.126.net/129J_g0FCrHKUOWopKWg7w==/109951163464501602.jpg,http://p3.music.126.net/joD-TVRKLWR8zn_8Gufn9A==/109951163464497773.jpg,http://p3.music.126.net/zt_vKFGDcDJhoMTRKSiS7w==/109951163464495404.jpg,http://p4.music.126.net/7cCZvszH0YU7_M_k6TKarg==/109951163464503079.jpg,http://p4.music.126.net/XujJGqweM9yZFSJXDAjyMQ==/109951163464499677.jpg,http://p4.music.126.net/GhpInGWjAf6t7P11FiQ6Hw==/109951163464499679.jpg, gname= 1MORE/万魔 E1025双动圈入耳式有线耳机重低音炮HiFi音乐耳塞式耳麦带线控可通话, gintroduce=双动圈单元 多色可选, gcolorid=null, category1=101000, category2=1005000, gbrand=1MORE/万魔, gprice=169.0, ggrade=null, gcount=18, gmaterial=null, hot=1]
Goods [gid=9863015, zpicture=http://p4.music.126.net/E2rhhHk698IKe7oQHSsm8w==/109951163497930879.jpg, gpicture=http://p4.music.126.net/E2rhhHk698IKe7oQHSsm8w==/109951163497930879.jpg,http://p4.music.126.net/4mahq7XqF_-lQzalYDDAUQ==/109951163497931854.jpg,http://p3.music.126.net/WDa0BqkTdNyCFcLxwtrdyQ==/109951163497937570.jpg,http://p3.music.126.net/m0J28RakN-5NTNNvFzmaXA==/109951163497931905.jpg,http://p4.music.126.net/86giI9I87XstDJNkfi-g3w==/109951163497947032.jpg,http://p4.music.126.net/V4CSgBJNruK8Fa-O7tNvZg==/109951163497940382.jpg, gname=《香蜜沉沉烬如霜》钥匙扣, gintroduce=“温润如玉，与之为伴“”。, gcolorid=null, category1=1008002, category2=1010004, gbrand=香蜜沉沉烬如霜, gprice=59.0, ggrade=null, gcount=46, gmaterial=null, hot=0]
Goods [gid=9874003, zpicture=http://p4.music.126.net/LJC-H_rPOZbCRnLpQ9Vp1A==/109951163511775351.jpg, gpicture=http://p4.music.126.net/LJC-H_rPOZbCRnLpQ9Vp1A==/109951163511775351.jpg,http://p4.music.126.net/tDY_O71q9i1xvmbxlZJaow==/109951163511781113.jpg,http://p4.music.126.net/c6MfsoRkocZWy5CiBEl8GQ==/109951163511780206.jpg,http://p4.music.126.net/r6qSu7Uh2X5XW870m121eQ==/109951163511783580.jpg,http://p4.music.126.net/u_g8S_bFPLFp5aS9qFWwlA==/109951163511777443.jpg, gname=先锋（Pioneer） APS-AD172C 双口USB+Type-C 折叠式快充电源适配器, gintroduce=适用苹果安卓手机平板电脑 更安全的充电利器, gcolorid=null, category1=101000, category2=1007000, gbrand=先锋（Pioneer）, gprice=59.0, ggrade=null, gcount=1775, gmaterial=null, hot=1]
Goods [gid=9874004, zpicture=http://p3.music.126.net/YFDDj8iKzFx_YFRqSaXXgg==/109951163511811989.jpg, gpicture=http://p3.music.126.net/YFDDj8iKzFx_YFRqSaXXgg==/109951163511811989.jpg,http://p4.music.126.net/BlsK_tLXEbGRdEOGC8W5rQ==/109951163511820667.jpg,http://p4.music.126.net/fUJ3FA5aqhRJqquUb7d2RA==/109951163511820232.jpg,http://p3.music.126.net/JkSlzs3H4pIAWCIke0nTAQ==/109951163511821618.jpg,http://p3.music.126.net/o8hQU1OoyJasuPI5FfhLvA==/109951163511812983.jpg, gname=先锋（Pioneer） APS-AD122A 双USB快充 折叠式电源适配器 手机充电器 充电头, gintroduce=适用于苹果安卓手机平板 快速充电 支持 2.4 A, gcolorid=null, category1=101000, category2=1007000, gbrand=先锋（Pioneer）, gprice=39.0, ggrade=null, gcount=1660, gmaterial=null, hot=1]
Goods [gid=9950000, zpicture=http://p3.music.126.net/F4Gxsbn06a6KK7aW2Na_0w==/109951164064517915.jpg, gpicture=http://p3.music.126.net/F4Gxsbn06a6KK7aW2Na_0w==/109951164064517915.jpg,http://p4.music.126.net/XyKvl6QpN5G6taFMNLn0PQ==/109951164064338433.jpg,http://p4.music.126.net/Uem-9knPeQ4OzpZ0Ou3glw==/109951164064346661.jpg,http://p4.music.126.net/CY8dFRun-402HcbxtF_h7A==/109951164064350062.jpg,http://p4.music.126.net/irlN49_YPdSZ-_t9mn5hWQ==/109951164064340334.jpg, gname=网易云音乐氧气蓝牙耳机青春版, gintroduce=双音效模式，CD级听感；深度定制微动圈单元；进口蓝牙芯片，高清传输；青春三色, gcolorid=null, category1=101000, category2=1005000, gbrand=网易云音乐, gprice=299.0, ggrade=null, gcount=5539, gmaterial=null, hot=1]
Goods [gid=9990006, zpicture=http://p4.music.126.net/0-kAbGp_P1lzkgSgqwXL5w==/109951163543211283.jpg, gpicture=http://p4.music.126.net/0-kAbGp_P1lzkgSgqwXL5w==/109951163543211283.jpg,http://p3.music.126.net/qKrcEWtKM5AIVJboOvQx5w==/109951163543213673.jpg,http://p4.music.126.net/pcC2UgtRbOvxll6puHvjkw==/109951163543217071.jpg,http://p3.music.126.net/jDmxtDZvrPi6MiLLXWo0Dg==/109951163543216585.jpg,http://p3.music.126.net/m714w-MeWoRvexxSuR7Ivw==/109951163543217534.jpg,http://p3.music.126.net/j0QSFHo_0hGBZapwsb5p2w==/109951163543210395.jpg,http://p3.music.126.net/1vlCPU5tRtN3jrYgMQO0MA==/109951163543217083.jpg, gname=skullcandy Hesh 3 Wireless骷髅头蓝牙头戴式重低音耳机轻便快充, gintroduce=轻便材质 柔软耳垫 质感低音 支持快充, gcolorid=null, category1=101000, category2=1005000, gbrand=骷髅头（skullcandy）, gprice=749.0, ggrade=null, gcount=10, gmaterial=null, hot=1]
Goods [gid=9993000, zpicture=http://p4.music.126.net/u9mkQElua8ZwXnBBqWsjng==/109951163537531171.jpg, gpicture=http://p4.music.126.net/u9mkQElua8ZwXnBBqWsjng==/109951163537531171.jpg,http://p4.music.126.net/EKOErr1cmAL_KxOc2f_lzg==/109951163537527379.jpg,http://p3.music.126.net/wnBr1bzI8X3s-9msFrurVQ==/109951163537535503.jpg,http://p4.music.126.net/XZYz8dxnDKU-2xYcslCyKQ==/109951163537525997.jpg,http://p3.music.126.net/-RtwOJjiwhyFSQ9ppBBL0g==/109951163537535514.jpg,http://p3.music.126.net/33Yndl-biIIvBivrcXpBPw==/109951163537533143.jpg, gname=【正版授权】龙珠Q版人物彩色毛绒抱枕靠枕, gintroduce=热血Q萌 柔软多用, gcolorid=null, category1=1008002, category2=1010004, gbrand=Dragon Ball /龙珠, gprice=39.0, ggrade=null, gcount=45, gmaterial=null, hot=1]
Goods [gid=10002009, zpicture=http://p3.music.126.net/5ZQ6a2AFDTSK1yl8Fnkbyg==/109951163546970503.jpg, gpicture=http://p3.music.126.net/5ZQ6a2AFDTSK1yl8Fnkbyg==/109951163546970503.jpg,http://p3.music.126.net/9Iw39rirqSHlymwfS7A53g==/109951163546959454.jpg,http://p4.music.126.net/uskQWlcSmFocHKzWvcQzQg==/109951163546970504.jpg,http://p3.music.126.net/JIFA26pJWVxMel-kRpZWHQ==/109951163546958969.jpg,http://p4.music.126.net/x3jLhVti9_ZxJnGnkrxGUA==/109951163546963754.jpg, gname=正版变形金刚笔记本钢笔名片夹商务本子学生日记本套装, gintroduce=变形金刚元素设计，优质黄胶纸纸张，礼盒包装，有收藏价值, gcolorid=null, category1=1008002, category2=1010004, gbrand=变形金刚, gprice=179.0, ggrade=null, gcount=119, gmaterial=null, hot=0]
Goods [gid=10013010, zpicture=http://p3.music.126.net/HT17gdX9hzqHQ6CnIgMfMA==/109951163546685809.jpg, gpicture=http://p3.music.126.net/HT17gdX9hzqHQ6CnIgMfMA==/109951163546685809.jpg,http://p4.music.126.net/DhVZaAE0HP6sutPglvSEWg==/109951163546683876.jpg,http://p4.music.126.net/ohzsPMI2Vh_RCgiMxxWITQ==/109951163546689730.jpg,http://p4.music.126.net/6UNU1zRH2_lQ8rWV-a5KSQ==/109951163546682486.jpg,http://p3.music.126.net/tDUPsT-LHTZuDBz2f0C6hw==/109951163546686259.jpg, gname=HYM-DUO分体式黑胶智能音箱, gintroduce=一体二件分体设计，是黑胶机，也是蓝牙音箱, gcolorid=null, category1=1008002, category2=1008003, gbrand=HYM, gprice=2199.0, ggrade=null, gcount=995, gmaterial=null, hot=1]
Goods [gid=10016017, zpicture=http://p3.music.126.net/5Whtg0hjgAmATcvNY1WKYg==/109951163547809472.jpg, gpicture=http://p3.music.126.net/5Whtg0hjgAmATcvNY1WKYg==/109951163547809472.jpg,http://p4.music.126.net/9bkEZragYSkNUROCBSNRUA==/109951163547815777.jpg,http://p4.music.126.net/pRU2bdV2yvayqZ3LBr0fzA==/109951163547812394.jpg,http://p3.music.126.net/TdvCTP1l9yWacazRgiXKcg==/109951163547822029.jpg,http://p4.music.126.net/CGMp10yTAv-jIdrmVC6sXQ==/109951163547811400.jpg,http://p3.music.126.net/OehuN3b34ewNYnbMLoMJRQ==/109951163547820555.jpg,http://p4.music.126.net/PtccxxG6bq-YYLYppBNAxw==/109951163547812399.jpg,http://p4.music.126.net/IouvnacaVdZbBJS-A1SDIw==/109951163547811408.jpg, gname=电视剧《如懿传》懿心樱色化妆镜, gintroduce=十二楼中尽晓妆，望仙楼上望君王, gcolorid=null, category1=1008002, category2=1010004, gbrand=如懿传, gprice=35.0, ggrade=null, gcount=73, gmaterial=null, hot=3]
Goods [gid=10017011, zpicture=http://p4.music.126.net/nJpr3bvu0nhkw9rXxLx2JA==/109951163547877895.jpg, gpicture=http://p4.music.126.net/nJpr3bvu0nhkw9rXxLx2JA==/109951163547877895.jpg,http://p4.music.126.net/v4IjTSywP_-MdDnFMdoJNA==/109951163547884166.jpg,http://p3.music.126.net/qbDjOMxiAalEhsuxXIVk_Q==/109951163547882787.jpg,http://p4.music.126.net/rfZ7x921IwUuqz5xe3GNBA==/109951163547881325.jpg,http://p4.music.126.net/hXjRcwzIQTIzA6_Y9AS5eg==/109951163547885143.jpg,http://p4.music.126.net/rgUoJeowmXvhSxrcZF3yzg==/109951163547883697.jpg,http://p4.music.126.net/HUEGB4KuhoA-TwwXG51Xng==/109951163547882792.jpg, gname=电视剧《如懿传》化妆包, gintroduce=春色和烟老，落花委地凉, gcolorid=null, category1=1008002, category2=1010004, gbrand=如懿传, gprice=55.0, ggrade=null, gcount=72, gmaterial=null, hot=0]
Goods [gid=10079005, zpicture=http://p4.music.126.net/faPeLrkxHJjxK4NvTW-0-w==/109951163559353791.jpg, gpicture=http://p4.music.126.net/faPeLrkxHJjxK4NvTW-0-w==/109951163559353791.jpg,http://p4.music.126.net/tOG-glKKiuuT2ZxwAHxwFw==/109951163559348987.jpg,http://p3.music.126.net/wNUCb2IIVSxtO5wxWmAf7w==/109951163559359604.jpg,http://p4.music.126.net/pjYmezZEtbup4HqxReUULw==/109951163559349944.jpg,http://p3.music.126.net/Sv1Hr56AWD_eeqnENxHkog==/109951163559355724.jpg, gname=MAGICBUS×GOODEY江一燕正版授权联名款保温杯便携女男水杯子, gintroduce=江一燕正版授权联名款保温杯, gcolorid=null, category1=1008002, category2=1009002, gbrand=MAGICBUS, gprice=148.0, ggrade=null, gcount=28, gmaterial=null, hot=1]
Goods [gid=10088000, zpicture=http://p3.music.126.net/rLi6QC-rUn_pn_6HxQxMeA==/109951163560872451.jpg, gpicture=http://p3.music.126.net/rLi6QC-rUn_pn_6HxQxMeA==/109951163560872451.jpg, gname=秦时明月官方正版授权双层陶瓷杯, gintroduce=, gcolorid=null, category1=1008002, category2=1010004, gbrand=秦时明月, gprice=39.0, ggrade=null, gcount=76, gmaterial=null, hot=2]
Goods [gid=10090004, zpicture=http://p3.music.126.net/ndXj4q2RajZyAacchilaEA==/109951163569482343.jpg, gpicture=http://p3.music.126.net/ndXj4q2RajZyAacchilaEA==/109951163569482343.jpg,http://p4.music.126.net/SOSeHa-TP4zePunSWciA_A==/109951163569483800.jpg,http://p3.music.126.net/qudYLvqkK9hcrdjx6QmSqA==/109951163569484762.jpg,http://p4.music.126.net/vMmucZVJTHACXehePqOkZA==/109951163569483803.jpg,http://p3.music.126.net/y76VfA1XD58YyloJ1TaEzg==/109951163569482833.jpg,http://p4.music.126.net/okfKW2NVxeZz1DRvjp_A-g==/109951163569488596.jpg,http://p4.music.126.net/120ZF60HpwNB7rIAxAdcPw==/109951163569480412.jpg,http://p3.music.126.net/VYYJM85CkVx_NG8jVSsWNQ==/109951163569477985.jpg, gname=绿树林家族嗨嗨考考卡通Q萌可爱零钱包, gintroduce=立体卡通可爱造型，小巧可爱，手感舒适, gcolorid=null, category1=1008002, category2=1010004, gbrand=绿树林家族, gprice=28.8, ggrade=null, gcount=1000, gmaterial=null, hot=0]
Goods [gid=10094003, zpicture=http://p3.music.126.net/Hw9OL5o1mv1Sq4ihOKhUzw==/109951163568844153.jpg, gpicture=http://p3.music.126.net/Hw9OL5o1mv1Sq4ihOKhUzw==/109951163568844153.jpg,http://p4.music.126.net/cU6th-4N5lsqQbmGAKA6HQ==/109951163568843660.jpg,http://p3.music.126.net/wR33hUibslpGxAwOpFVYQw==/109951163568847060.jpg,http://p3.music.126.net/RwxEF6JXjwnqjhb_WlsLsg==/109951163568847061.jpg, gname=【新品】1MORE/万魔 E1001BT三单元圈铁蓝牙耳机LDAC入耳式HiFi音乐无线带线控, gintroduce=“单动圈＋双动铁单元”三单元声学设计 支持快充，充电 10 分钟可使用 3 小时, gcolorid=null, category1=101000, category2=1005000, gbrand=1MORE/万魔, gprice=799.0, ggrade=null, gcount=1, gmaterial=null, hot=0]
Goods [gid=10100002, zpicture=http://p4.music.126.net/MrBIgg_hDOcVnKfIpMusPA==/109951163568836548.jpg, gpicture=http://p4.music.126.net/MrBIgg_hDOcVnKfIpMusPA==/109951163568836548.jpg,http://p4.music.126.net/r7eSXoR6qNw7b34VqnTbPA==/109951163568828792.jpg,http://p4.music.126.net/mGLHM3ag3PlqomPIksiHkg==/109951163568828286.jpg,http://p4.music.126.net/Ie6oa_4QiA2Pjd-Y_tlcAA==/109951163568827764.jpg,http://p4.music.126.net/qg9qEcYfymOnJJTuKYuLLQ==/109951163568830187.jpg,http://p4.music.126.net/w_e6nEuvvVQ0w4zk3pLT8w==/109951163568826394.jpg,http://p4.music.126.net/lLwqKyk4wu6JXZAfBI-g6g==/109951163568825452.jpg,http://p3.music.126.net/1Lpau7LPxgLx6Xuc_lUD-A==/109951163568831241.jpg, gname=【新品】1MORE/万魔 E1024BT Stylish双动圈无线运动蓝牙耳机, gintroduce=双边立体声 女生耳塞式 耳麦通话, gcolorid=null, category1=101000, category2=1005000, gbrand=1MORE/万魔, gprice=269.0, ggrade=null, gcount=27, gmaterial=null, hot=0]
Goods [gid=10122005, zpicture=http://p4.music.126.net/7jCKVitw-PHPmB1TiWiNGw==/109951163573764092.jpg, gpicture=http://p4.music.126.net/7jCKVitw-PHPmB1TiWiNGw==/109951163573764092.jpg,http://p3.music.126.net/KhjVHHQL-CCWGxo6zpWV2w==/109951163573757812.jpg,http://p3.music.126.net/0oz9TmAjRvGvd-cusD0rzw==/109951163573763605.jpg,http://p4.music.126.net/f5kTBoQuMaKaKSAO5UtVFg==/109951163573760702.jpg,http://p4.music.126.net/OhRcLLYsRaTXPVkAKsnFOw==/109951163573760705.jpg,http://p3.music.126.net/HDSQ7HAoaazkxqwMdHd8MA==/109951163573764588.jpg, gname=古剑奇谭之流月昭明电影周边乐无异闻人羽动漫游戏桌垫鼠标垫（两色可选）, gintroduce=加长版鼠标垫，q版可爱设计，丝滑面料，使用舒适, gcolorid=null, category1=1008002, category2=1010004, gbrand=古剑奇谭之流月昭明, gprice=44.8, ggrade=null, gcount=25, gmaterial=null, hot=1]
Goods [gid=10125007, zpicture=http://p3.music.126.net/WRpIW2C1XvlXpQc2JHxRHQ==/109951163573643055.jpg, gpicture=http://p3.music.126.net/WRpIW2C1XvlXpQc2JHxRHQ==/109951163573643055.jpg,http://p4.music.126.net/iXGX1DBsi0Yqc3rgCXnulQ==/109951163573637326.jpg,http://p3.music.126.net/NcXhLrkpFegRC0ZzxRWENQ==/109951163573644543.jpg,http://p3.music.126.net/gZ2DxDYuXZ9bwaN0cwUTgg==/109951163573637778.jpg,http://p3.music.126.net/gBdIHVmEy5XIWp2T8NzDNg==/109951163573644556.jpg, gname=爱国者（aigo）EROS J蓝牙运动mp3无损音乐播放器hifi发烧dsd迷你随身听, gintroduce=骑士精神 高端运动HiFi播放器 契合式可拆卸背夹 , gcolorid=null, category1=101000, category2=1006000, gbrand=爱国者（aigo）, gprice=599.0, ggrade=null, gcount=13, gmaterial=null, hot=0]
Goods [gid=10135002, zpicture=http://p4.music.126.net/jjwCIpHbfJYVFOZEeNpdiQ==/109951163573672936.jpg, gpicture=http://p4.music.126.net/jjwCIpHbfJYVFOZEeNpdiQ==/109951163573672936.jpg,http://p3.music.126.net/v5JL5NjC9VViMnP8t3Tu5Q==/109951163573676804.jpg,http://p3.music.126.net/jeZRcXYfpC2htr-PFE-3mA==/109951163573679791.jpg,http://p4.music.126.net/CVej3FtSyieOldFoliPOLg==/109951163573683156.jpg,http://p4.music.126.net/jfFShR6D2eMidPrERmWqbA==/109951163573678779.jpg,http://p3.music.126.net/eHz77oQdVBdjGYMz6gIBhw==/109951163573682247.jpg, gname=爱国者（aigo）R6699录音笔专业高清降噪微型远距迷你 商务会议学生录音笔16G, gintroduce=一键高清录音 CNC金属外壳 TFT高清色彩屏, gcolorid=null, category1=101000, category2=1006000, gbrand=爱国者（aigo）, gprice=499.0, ggrade=null, gcount=3, gmaterial=null, hot=1]
Goods [gid=10146000, zpicture=http://p3.music.126.net/QsOy8EsttZhmUEO1we3gJw==/109951164119373335.jpg, gpicture=http://p3.music.126.net/QsOy8EsttZhmUEO1we3gJw==/109951164119373335.jpg,http://p4.music.126.net/dax_YLuwzsTSSDivtpmRZA==/109951164119365968.jpg,http://p4.music.126.net/-sl_guUKd4sp_x12s47IPQ==/109951164119375650.jpg,http://p4.music.126.net/Mh31ZZFNTdtoUkDLSweo8g==/109951164119375184.jpg,http://p3.music.126.net/NF_QED7Bq2ItGIHkRNDvpg==/109951164119374226.jpg,http://p4.music.126.net/mf3M3v4fOdrsq1oA7S1jTg==/109951163679763115.jpg, gname=云音乐联名款JBL W30BT蓝牙耳机, gintroduce=【JBL&amp;云音乐独家定制】JBL PureBass音效；低音浑厚；柔韧扁平线缆；磁吸收纳, gcolorid=null, category1=101000, category2=1005000, gbrand=网易云音乐, gprice=399.0, ggrade=null, gcount=2533, gmaterial=null, hot=2]
Goods [gid=10153026, zpicture=http://p3.music.126.net/yw37QVu9UYSCZoSYXrx9aw==/109951163600700643.jpg, gpicture=http://p3.music.126.net/yw37QVu9UYSCZoSYXrx9aw==/109951163600700643.jpg,http://p3.music.126.net/pv5SsqNI-rAj1cwRQ_o6Sw==/109951163600700191.jpg,http://p3.music.126.net/xlB66DMmqbmFLBQMPezcWQ==/109951163600698680.jpg,http://p4.music.126.net/O8sD-zoHq3DDcp8AR071aA==/109951163600700658.jpg,http://p3.music.126.net/DjQlV7dbMAZ6ehMEH3d-Rg==/109951163600701161.jpg,http://p4.music.126.net/vBGr1dRrKurKDnXaRq9JZg==/109951163600704615.jpg,http://p4.music.126.net/92EcfIIVqD2kwjYJGDpcJQ==/109951163600703146.jpg,http://p4.music.126.net/oxUAtdLqlBiXkKEmjrqxLg==/109951163600703149.jpg, gname=【正版授权】龙珠经典标志中长短款棉质潮袜子, gintroduce=官方正版授权 情怀在您怀抱, gcolorid=null, category1=1008002, category2=1010004, gbrand=Dragon Ball/龙珠, gprice=29.0, ggrade=null, gcount=212, gmaterial=null, hot=3]
Goods [gid=10157014, zpicture=http://p3.music.126.net/Vri7jRsuwSI0asfAod-N3w==/109951163594522151.jpg, gpicture=http://p3.music.126.net/Vri7jRsuwSI0asfAod-N3w==/109951163594522151.jpg,http://p3.music.126.net/oCq7irYTBTMnYExrfv0KMA==/109951163594517309.jpg,http://p4.music.126.net/lPEv4qIPazieAn5R-uU0Fg==/109951163594523144.jpg,http://p4.music.126.net/p9nrnGDPnYGLmNUmK9R6Sw==/109951163594512433.jpg,http://p3.music.126.net/9aLxhQ4j-x-JoIsAHyLF6Q==/109951163594522165.jpg,http://p3.music.126.net/ucRaSqvLjsLofj77erBCpw==/109951163594522166.jpg,http://p3.music.126.net/lwUJKcKX7QPsDNR-YTOgYQ==/109951163594513405.jpg,http://p3.music.126.net/7umaXnkNThsCMYv1Of9GUg==/109951163594518273.jpg, gname=【正版授权】龙珠经典标志中长短款棉质潮袜子, gintroduce=官方正版授权 情怀在您怀抱, gcolorid=null, category1=1008002, category2=1010004, gbrand=Dragon Ball/龙珠, gprice=29.0, ggrade=null, gcount=21, gmaterial=null, hot=0]
Goods [gid=10157031, zpicture=http://p4.music.126.net/ioE8JB1v8n0trKdlNjcCSw==/109951163601093617.jpg, gpicture=http://p4.music.126.net/ioE8JB1v8n0trKdlNjcCSw==/109951163601093617.jpg,http://p4.music.126.net/Kj1NWoshbQL1HgUAYOCn0g==/109951163601096519.jpg,http://p4.music.126.net/Mjgj_RmPogEijurCA0YaMg==/109951163601096035.jpg,http://p3.music.126.net/O6DBUxxn7dkJHE8RQP3J3g==/109951163601092656.jpg,http://p3.music.126.net/68GOw-5b1GyrQjFKA3KhoQ==/109951163601088355.jpg, gname=【正版授权】美少女战士露娜化妆包, gintroduce=官方正版授权 情怀在您怀抱, gcolorid=null, category1=1008002, category2=1010004, gbrand=美少女战士, gprice=59.0, ggrade=null, gcount=3, gmaterial=null, hot=0]
Goods [gid=10158012, zpicture=http://p4.music.126.net/jG6dMTNqUBoJafWIFGtWwg==/109951163594525160.jpg, gpicture=http://p4.music.126.net/jG6dMTNqUBoJafWIFGtWwg==/109951163594525160.jpg,http://p3.music.126.net/tAjXZWtkOkyBq7JRXJdVMw==/109951163594526147.jpg,http://p4.music.126.net/oMHy7EGCP6M_JjEdm-d4NQ==/109951163594519939.jpg,http://p4.music.126.net/ggWAZf1euhEBFuJtV9LZEA==/109951163594522401.jpg,http://p4.music.126.net/yRL60J1nJI_LVPyzL-HgOg==/109951163594525638.jpg,http://p4.music.126.net/Ud3lG4RDlkVS0nUU65VWlQ==/109951163594520902.jpg,http://p4.music.126.net/oQiJDkuqFgGv9cbBg81JpA==/109951163594523354.jpg, gname=【正版授权】龙珠经典小悟空印象休闲托特包, gintroduce=官方正版授权 情怀在您怀抱, gcolorid=null, category1=1008002, category2=1010004, gbrand=Dragon Ball/龙珠, gprice=99.0, ggrade=null, gcount=153, gmaterial=null, hot=0]
Goods [gid=10158024, zpicture=http://p3.music.126.net/CSC2lQUpIprDu_hIV7Eahg==/109951163599561899.jpg, gpicture=http://p3.music.126.net/CSC2lQUpIprDu_hIV7Eahg==/109951163599561899.jpg, gname=幸运石 名侦探柯南官方正版授权黑羽快斗怪盗基德吊坠, gintroduce=, gcolorid=null, category1=1008002, category2=1010004, gbrand=名侦探柯南, gprice=178.0, ggrade=null, gcount=99, gmaterial=null, hot=0]
Goods [gid=10159008, zpicture=http://p3.music.126.net/ncazzQKxewE9o0Z6B1O1hA==/109951163596219952.jpg, gpicture=http://p3.music.126.net/ncazzQKxewE9o0Z6B1O1hA==/109951163596219952.jpg,http://p3.music.126.net/3wQKxYP5x7Zzvm8DLr0OXg==/109951163596240570.jpg,http://p4.music.126.net/wX64xrE6j6-hOM831uQ29g==/109951163596233277.jpg,http://p3.music.126.net/rzb-MQ0DXgxXqfl_0zkXhg==/109951163596239577.jpg,http://p3.music.126.net/u7fYp4RhefaJIEwkCE9Rpw==/109951163596239580.jpg,http://p3.music.126.net/_gAiUYB60sEheXzqbLbq-Q==/109951163596238604.jpg,http://p3.music.126.net/8mmAm__Xh9Ef-JgKU_OFMA==/109951163596231399.jpg,http://p3.music.126.net/fOs2lMt2wHb-Wdte_rwXKg==/109951163596239583.jpg, gname=【正版授权】圣斗士星矢十二钟火移动电源, gintroduce=官方正版授权 情怀在您怀抱, gcolorid=null, category1=1008002, category2=1010004, gbrand=圣斗士星矢, gprice=259.0, ggrade=null, gcount=50, gmaterial=null, hot=1]
Goods [gid=10164020, zpicture=http://p4.music.126.net/xzqI27MP6t4oTXJ-1cHk-w==/109951163596218606.jpg, gpicture=http://p4.music.126.net/xzqI27MP6t4oTXJ-1cHk-w==/109951163596218606.jpg,http://p4.music.126.net/uiv-tKx8Vwh57XIh2CtXlA==/109951163596206462.jpg,http://p4.music.126.net/0dq_1HKuGB0dDbc_Im1wjw==/109951163596211409.jpg,http://p4.music.126.net/cHxnoQ46Q-luCn-73svHQw==/109951163596214815.jpg,http://p3.music.126.net/BJUb0iy3mFx0Pe1vByz4bQ==/109951163596213345.jpg, gname=【正版授权】圣斗士星矢白羊座黄金圣衣拉杆箱, gintroduce=星座情节 圣衣梦 “燃烧吧！我的小宇宙”, gcolorid=null, category1=1008002, category2=1010004, gbrand=圣斗士星矢, gprice=299.0, ggrade=null, gcount=20, gmaterial=null, hot=1]
Goods [gid=10164029, zpicture=http://p3.music.126.net/BYbRIeGjWHiYWd8MV9nGqw==/109951163601094312.jpg, gpicture=http://p3.music.126.net/BYbRIeGjWHiYWd8MV9nGqw==/109951163601094312.jpg,http://p4.music.126.net/Qu7c2TSMgRPkaybbI8BFjg==/109951163601089989.jpg,http://p4.music.126.net/c4NFHtnSBNNmgC_oTHc1NA==/109951163601091461.jpg,http://p4.music.126.net/uzUAkYiokXRh6pj5-RpmgQ==/109951163601100605.jpg,http://p4.music.126.net/mzkFR1bH7Zq0NcwJqrp4uQ==/109951163601092419.jpg, gname=【正版授权】美少女战士水冰月单肩包, gintroduce=官方正版授权 情怀在您怀抱, gcolorid=null, category1=1008002, category2=1010004, gbrand=美少女战士, gprice=199.0, ggrade=null, gcount=5, gmaterial=null, hot=0]
Goods [gid=10166028, zpicture=http://p4.music.126.net/fw5mS80JLhXbzgUmZaNw9w==/109951163601078955.jpg, gpicture=http://p4.music.126.net/fw5mS80JLhXbzgUmZaNw9w==/109951163601078955.jpg,http://p3.music.126.net/ZIw58jjxpA-M0idKgcxyWg==/109951163601088116.jpg,http://p4.music.126.net/89fWhbD2mYjaPwzo6tlqXA==/109951163601088119.jpg,http://p4.music.126.net/-ml6SjZ6epNURf_Bb1BFgg==/109951163601079474.jpg,http://p3.music.126.net/7FCWa1gq1uyJHElK4iuJFw==/109951163601086626.jpg, gname=【正版授权】美少女战士夜礼服假面单肩包, gintroduce=官方正版授权 情怀在您怀抱, gcolorid=null, category1=1008002, category2=1010004, gbrand=美少女战士, gprice=199.0, ggrade=null, gcount=4, gmaterial=null, hot=1]
Goods [gid=10166029, zpicture=http://p3.music.126.net/IM-wnX8jVi2zomMOrX5MEQ==/109951163601350096.jpg, gpicture=http://p3.music.126.net/IM-wnX8jVi2zomMOrX5MEQ==/109951163601350096.jpg,http://p4.music.126.net/liHIIIepnOEYRrFyVZmfpw==/109951163601346789.jpg,http://p3.music.126.net/-TsGACPXnK6kPMw5UcxOyA==/109951163601341450.jpg,http://p4.music.126.net/tIEtKCL6oNwauxwjE9MqAQ==/109951163601352534.jpg,http://p4.music.126.net/DEULnDlPmRXrHN6sENrcOg==/109951163601350125.jpg, gname=【正版授权】龙珠新款热血悟空短袖全棉圆领T恤, gintroduce=官方正版授权 情怀在您怀抱, gcolorid=null, category1=1008002, category2=1010004, gbrand=Dragon Ball/龙珠, gprice=49.0, ggrade=null, gcount=19, gmaterial=null, hot=0]
Goods [gid=10168022, zpicture=http://p3.music.126.net/vJgBz3YtE3p9VN8EP0DfpQ==/109951163601211339.jpg, gpicture=http://p3.music.126.net/vJgBz3YtE3p9VN8EP0DfpQ==/109951163601211339.jpg,http://p4.music.126.net/-YJ-5h_HK6ouI90cKq3Xog==/109951163601219029.jpg,http://p3.music.126.net/0-rUfVV2LzyfPnuWft4jFw==/109951163601220023.jpg,http://p3.music.126.net/iCnZp8bZgpkXvBNIufA1nw==/109951163601213273.jpg,http://p3.music.126.net/V3GxF3e7buLW50DuEaasOg==/109951163601210904.jpg, gname=【正版授权】美少女战士蝴蝶结交通卡卡套, gintroduce=官方正版授权 情怀在您怀抱, gcolorid=null, category1=1008002, category2=1010004, gbrand= 美少女战士, gprice=59.0, ggrade=null, gcount=6, gmaterial=null, hot=0]
Goods [gid=10168023, zpicture=http://p3.music.126.net/FX7x8ugqYgDKwJL0MqABHA==/109951163601457589.jpg, gpicture=http://p3.music.126.net/FX7x8ugqYgDKwJL0MqABHA==/109951163601457589.jpg,http://p4.music.126.net/qzbYKM5KiCcSIhw8PULw4Q==/109951163601454206.jpg,http://p4.music.126.net/UoBShfS201QE8wa-DS4lkA==/109951163601458540.jpg,http://p4.music.126.net/4BW6Kum_Tsf6VmU2ddu0WA==/109951163601455658.jpg,http://p4.music.126.net/AQoWn8BckYQKDWlY-auIQw==/109951163601447919.jpg, gname=【正版授权】美少女战士梦幻假睫毛, gintroduce=官方正版授权 情怀在您怀抱, gcolorid=null, category1=1008002, category2=1010004, gbrand=美少女战士, gprice=69.0, ggrade=null, gcount=41, gmaterial=null, hot=0]
Goods [gid=10171028, zpicture=http://p3.music.126.net/IcxmMXE3k7-pGrKqNsufGg==/109951163601221259.jpg, gpicture=http://p3.music.126.net/IcxmMXE3k7-pGrKqNsufGg==/109951163601221259.jpg,http://p4.music.126.net/XVrM_q_kATaldgr6afah6w==/109951163601217883.jpg,http://p4.music.126.net/CCk18q-Y4GCD9nHlOBdyRA==/109951163601218380.jpg,http://p3.music.126.net/iVFFbf3OdyWfNgRveoZwTQ==/109951163601219289.jpg,http://p3.music.126.net/rtxp_lGlmpPmshY3H-MTRw==/109951163601217455.jpg, gname=【正版授权】美少女战士折叠晴雨伞, gintroduce= 官方正版授权 情怀在您怀抱, gcolorid=null, category1=1008002, category2=1010004, gbrand= 美少女战士, gprice=129.0, ggrade=null, gcount=4, gmaterial=null, hot=1]
Goods [gid=10174011, zpicture=http://p3.music.126.net/gitcdik0BzC0cpZXT6Gi1w==/109951163610253305.jpg, gpicture=http://p3.music.126.net/gitcdik0BzC0cpZXT6Gi1w==/109951163610253305.jpg,http://p4.music.126.net/glwuRLEuUIIg9iXvV7P-OQ==/109951163610247979.jpg,http://p3.music.126.net/U7X7m5-4ag1G3MTlvcUROg==/109951163610249422.jpg,http://p4.music.126.net/y-a-WXSHFitBY7kxcU7mFw==/109951163610245994.jpg,http://p3.music.126.net/3f4wbAbs8qg7FGuF8Z7q-A==/109951163610257217.jpg, gname=爱国者（aigo）播放器mp3-601 无损hifi耳挂式播放器学生随身听便携, gintroduce=下单送16G内存卡 蓝牙4.2 蓝牙耳机与无损播放器集于一身, gcolorid=null, category1=101000, category2=1006000, gbrand=爱国者（aigo）, gprice=229.0, ggrade=null, gcount=37, gmaterial=null, hot=2]
Goods [gid=10178009, zpicture=http://p4.music.126.net/M-0_KjrZg4sUFZTFPdkj0w==/109951163693470454.jpg, gpicture=http://p4.music.126.net/M-0_KjrZg4sUFZTFPdkj0w==/109951163693470454.jpg,http://p3.music.126.net/voEmysachb8oUQBbPBd_7w==/109951163610236753.jpg,http://p4.music.126.net/i6V3iqIljZRjMGxtl-Sc0Q==/109951164143995566.jpg,http://p3.music.126.net/PLyysOF-cgFP17hTC-LOsQ==/109951164143996999.jpg,http://p3.music.126.net/EQnvNNWHlPt6IM_SXQ4tWA==/109951163610240653.jpg,http://p3.music.126.net/fZUZiHCsw5jhLJwJhdtVBg==/109951163610232919.jpg,http://p4.music.126.net/mM4lXO7Fqb1cgpIGfRAZag==/109951163610230969.jpg,http://p3.music.126.net/dtYLQ1uUXc38oTMXHACrlg==/109951163610233418.jpg, gname=爱国者（aigo）播放器M1无损hifi音乐播放器触屏mp3学生随身听便携播放器, gintroduce=下单送16G内存卡 镜面触屏播放器 高清外放 30小时长时播放 蓝牙4.1, gcolorid=null, category1=101000, category2=1006000, gbrand=爱国者（aigo）, gprice=269.0, ggrade=null, gcount=98, gmaterial=null, hot=1]
Goods [gid=10267004, zpicture=http://p4.music.126.net/JF3SzhX439AbqG9ePo8dCg==/109951163618870351.jpg, gpicture=http://p4.music.126.net/JF3SzhX439AbqG9ePo8dCg==/109951163618870351.jpg,http://p4.music.126.net/jT4CgDlzIXpCSzi_Suofvw==/109951163618867910.jpg,http://p3.music.126.net/B2lIY3Y2nByNO7uz3GFE5w==/109951163618872302.jpg,http://p3.music.126.net/pj9LIWN2m9Bqm-6icoyFxQ==/109951163618879075.jpg, gname=苹果安卓快充线数据线2.4A小米三星华为手机数据线（1米）, gintroduce=【1020券后价9.9】支持2.4A快充 布纹设计 耐用美观, gcolorid=null, category1=101000, category2=1007000, gbrand=恒天鸿业, gprice=29.0, ggrade=null, gcount=5988, gmaterial=null, hot=27]
Goods [gid=10285005, zpicture=http://p4.music.126.net/EeFQU1CtL0XUuo-gNsCNpA==/109951163625924710.jpg, gpicture=http://p4.music.126.net/EeFQU1CtL0XUuo-gNsCNpA==/109951163625924710.jpg,http://p4.music.126.net/41niDsLRx8s0FC1ASj7fow==/109951163625930040.jpg,http://p3.music.126.net/Jih1hjqRDSF2cQ5TT9ncWA==/109951163625921816.jpg,http://p4.music.126.net/ko9Vbw95asdGGjwef9HvGQ==/109951163625921364.jpg,http://p3.music.126.net/q70MKTJeiVxgFT604ZF3pQ==/109951163625924743.jpg,http://p3.music.126.net/gYWz85EYTxdNzTe7-jSq2A==/109951163625926653.jpg,http://p3.music.126.net/cnDUtp6cOqrLy0QIHz1Cqw==/109951163625924755.jpg, gname=漫步者（EDIFIER）MB200 大功率便携无线蓝牙音箱, gintroduce=动感圆润造型；蓝牙V4.2，精准传输；有线/无线两种模式；双音箱无线串联，双倍立体音效，创意玩法, gcolorid=null, category1=101000, category2=1009006, gbrand=漫步者（EDIFIER）, gprice=299.0, ggrade=null, gcount=62, gmaterial=null, hot=1]
Goods [gid=10298009, zpicture=http://p4.music.126.net/dcdk7rbRuLoSFgdAtmrfXQ==/109951163632178530.jpg, gpicture=http://p4.music.126.net/dcdk7rbRuLoSFgdAtmrfXQ==/109951163632178530.jpg,http://p4.music.126.net/kXTH4kuF-kZdnYQgHIGTeA==/109951163632170925.jpg,http://p4.music.126.net/wkHgf218yv5K_pPtKkGnKQ==/109951163632181067.jpg,http://p3.music.126.net/JuhMUXd-vtkP9LwxEh2ktg==/109951163632204739.jpg, gname=品胜移动电源10000毫安2.4A快充, gintroduce=薄 轻便 小巧 便携，苹果小米华为通用，带电量显示, gcolorid=null, category1=101000, category2=1007000, gbrand=品胜, gprice=168.0, ggrade=null, gcount=281, gmaterial=null, hot=4]
Goods [gid=10301008, zpicture=http://p4.music.126.net/pM_GTj_QCRyIvJkTXeQn2g==/109951163632140368.jpg, gpicture=http://p4.music.126.net/pM_GTj_QCRyIvJkTXeQn2g==/109951163632140368.jpg,http://p3.music.126.net/qOYqzvUjX9A3GF_NTTrIhQ==/109951163632144707.jpg,http://p3.music.126.net/np4m-D6fk0SZ8r2yasUaIA==/109951163632146566.jpg, gname=品胜移动电源20000毫安, gintroduce=20000毫安大容量，大品牌，华为小米通用, gcolorid=null, category1=101000, category2=1007000, gbrand=品胜, gprice=198.0, ggrade=null, gcount=116, gmaterial=null, hot=0]
Goods [gid=10376006, zpicture=http://p4.music.126.net/JNdCSDd_2mlZ1tp3Ig1nGg==/109951163649908771.jpg, gpicture=http://p4.music.126.net/JNdCSDd_2mlZ1tp3Ig1nGg==/109951163649908771.jpg,http://p4.music.126.net/1xgzm1HeNoV4IzW6NfF4QQ==/109951163649916006.jpg,http://p4.music.126.net/Sje4tbWLVlUNHiZFwpAOKQ==/109951163649908790.jpg,http://p4.music.126.net/b9byDMgJUeFswSzn3aCQjg==/109951163649914618.jpg,http://p4.music.126.net/tj12Zxu45yip2cjMlaFz9A==/109951163649916020.jpg,http://p3.music.126.net/4wpAZZZkQYLAb-9q9m_Bdw==/109951163649913629.jpg,http://p3.music.126.net/At1nC18dGIm73HwLLATqLw==/109951163649910310.jpg,http://p4.music.126.net/ZEQgIxleN5Sfue5fezCgdA==/109951163649908360.jpg, gname=IQ博士则卷阿拉蕾goodsmile粘土人, gintroduce=动画『阿拉蕾』中的仿真机器人「则卷阿拉蕾」粘土人化登场！ 请务必将炒鸡可爱的阿拉蕾带回家吧！, gcolorid=null, category1=1008002, category2=1010004, gbrand=Dr Slump/IQ博士/阿拉蕾, gprice=320.0, ggrade=null, gcount=9, gmaterial=null, hot=0]
Goods [gid=10379020, zpicture=http://p4.music.126.net/Imk2N64ifCI5dmDr9EqwJA==/109951163653748174.jpg, gpicture=http://p4.music.126.net/Imk2N64ifCI5dmDr9EqwJA==/109951163653748174.jpg,http://p3.music.126.net/hISzAtsWo6mO7qcO6plcAg==/109951163653750167.jpg,http://p4.music.126.net/vb8ftaWLPgj2rJSTqVOx6Q==/109951163653749173.jpg, gname=铁三角 DSR5BT 无线蓝牙 颈挂入耳式运动耳机, gintroduce=全数字驱动；双相推挽式驱动单元；aptx HD音频解码；虚拟音圈技术；操控简单, gcolorid=null, category1=101000, category2=1005000, gbrand=铁三角, gprice=2180.0, ggrade=null, gcount=8, gmaterial=null, hot=0]
Goods [gid=10382026, zpicture=http://p3.music.126.net/Q9NEp88Zh-dvn-z_psw7qQ==/109951163653999859.jpg, gpicture=http://p3.music.126.net/Q9NEp88Zh-dvn-z_psw7qQ==/109951163653999859.jpg,http://p4.music.126.net/VBb4xyyaC07LC31M0vdYnQ==/109951163651988162.jpg,http://p3.music.126.net/BwDwB4l_bkt_67KoTFPWrg==/109951163651990610.jpg,http://p3.music.126.net/cZVEs9ev_HPjlzZr7jENvg==/109951163651981915.jpg,http://p4.music.126.net/kJxv1DHrXWfsO1S8wPdy5w==/109951163651981917.jpg,http://p4.music.126.net/0geREJiHQ0DDpMKCM2XQ_A==/109951163651985843.jpg,http://p3.music.126.net/1Mh2qzz6P2-H9GZpwZ6u9A==/109951163651993083.jpg,http://p3.music.126.net/Uxtd7KCounNfHHLKjzCVwQ==/109951163651987253.jpg, gname=击音MIX5&nbsp;音乐魔块/充电宝+夜灯+蓝牙转换+更多扩展组合/能随意组合的创意便携音箱, gintroduce=联想音频独立品牌 模组化音箱 多种组合 可变蓝牙/夜灯/充电宝/无限扩展, gcolorid=null, category1=101000, category2=1009006, gbrand=击音, gprice=299.0, ggrade=null, gcount=1741, gmaterial=null, hot=4]
Goods [gid=10390017, zpicture=http://p4.music.126.net/qgDlouJ1oCm7HeZApEWYpQ==/109951163651894380.jpg, gpicture=http://p4.music.126.net/qgDlouJ1oCm7HeZApEWYpQ==/109951163651894380.jpg,http://p3.music.126.net/BfpaogzEUK33-8e9cIef-A==/109951163651904000.jpg,http://p3.music.126.net/Wht4IqojevMvB5ha4JKFOg==/109951163651895846.jpg,http://p4.music.126.net/yaOZI753h1ElR-pxg234ZQ==/109951163651900177.jpg, gname=铁三角 MSR7b 高解析平衡连接便携头戴式耳机, gintroduce=经典再升级；高解析单元；铁三角多层声学技术；更轻巧便携, gcolorid=null, category1=101000, category2=1005000, gbrand=铁三角, gprice=1880.0, ggrade=null, gcount=20, gmaterial=null, hot=2]
Goods [gid=10392004, zpicture=http://p3.music.126.net/piXlUAEO7NrFqQXOKBwVxg==/109951163647694938.jpg, gpicture=http://p3.music.126.net/piXlUAEO7NrFqQXOKBwVxg==/109951163647694938.jpg,http://p4.music.126.net/aKrNu_9Ms0tVz1wmxsyBEA==/109951163647704556.jpg,http://p4.music.126.net/6iCq0x6BzQu60eVXrzcFYA==/109951163647694951.jpg,http://p3.music.126.net/TIQyluYX7pAH_Dm9bey-iA==/109951163647697373.jpg,http://p3.music.126.net/-aNGYUs8v1n63JLFjoHUXw==/109951163647707005.jpg, gname=漫步者（EDIFIER）M82 小黄人定制版 无线蓝牙便携音箱, gintroduce=精致灵动；蓝牙5.0，连接更稳定；IP54级防尘防水；亲肤硅胶外套，触感温润圆滑, gcolorid=null, category1=101000, category2=1009006, gbrand=漫步者（EDIFIER）, gprice=249.0, ggrade=null, gcount=25, gmaterial=null, hot=1]
Goods [gid=10402012, zpicture=http://p4.music.126.net/U4nvHFZCRQAdft1Lk_0QPQ==/109951163661578053.jpg, gpicture=http://p4.music.126.net/U4nvHFZCRQAdft1Lk_0QPQ==/109951163661578053.jpg,http://p3.music.126.net/jpMUIKVBBx5FWu_3rVXJrg==/109951163661572195.jpg,http://p4.music.126.net/dt4kfB10xVYEQnqalQw-IA==/109951163661565947.jpg,http://p4.music.126.net/RxmP2W0IcDDzEiWecGzzOw==/109951163661575617.jpg,http://p3.music.126.net/T3uDCKZsmdDkP1tzPce3Ug==/109951163661575618.jpg,http://p3.music.126.net/yfuQyhaKA3PuHHujGI5jog==/109951163663645751.jpg, gname=善禧你和我的倾城时光周边同款风雨随行晴雨伞超轻全自动防紫外线, gintroduce=, gcolorid=null, category1=1008002, category2=1010004, gbrand=善禧, gprice=99.0, ggrade=null, gcount=26, gmaterial=null, hot=0]
Goods [gid=10403004, zpicture=http://p3.music.126.net/euskBgcqRyreR-S1BDnY4Q==/109951163657363153.jpg, gpicture=http://p3.music.126.net/euskBgcqRyreR-S1BDnY4Q==/109951163657363153.jpg,http://p3.music.126.net/vyROeUkmqG_GTCb7oIXNNQ==/109951163657353408.jpg,http://p4.music.126.net/6IFIx3llIMeNO8gtU8QNLw==/109951163657359278.jpg,http://p3.music.126.net/N48p-ELDnSUH9pE2nnlOmw==/109951163657358838.jpg,http://p4.music.126.net/EHrhDX2SXVaVpd36tYuFfw==/109951163657361712.jpg, gname=漫踪 星尘光学绘画手绘板, gintroduce=, gcolorid=null, category1=1008002, category2=1010004, gbrand=星尘, gprice=88.0, ggrade=null, gcount=90, gmaterial=null, hot=0]
Goods [gid=10411004, zpicture=http://p4.music.126.net/l-MWB3_AdDtsEJHoxmS2NA==/109951163657564430.jpg, gpicture=http://p4.music.126.net/l-MWB3_AdDtsEJHoxmS2NA==/109951163657564430.jpg,http://p3.music.126.net/UaSpv4yHFTkR8-9TA1nZ2Q==/109951163657566901.jpg,http://p4.music.126.net/g440CcA7XJdlnvb74spftg==/109951163657573658.jpg,http://p3.music.126.net/OrZgkhoqFz6QfNa1XjrTEA==/109951163657573119.jpg,http://p3.music.126.net/gvNP4AYDAdx9xGakCqkITQ==/109951163657565925.jpg, gname=漫踪 星尘印象纸钱包, gintroduce=, gcolorid=null, category1=1008002, category2=1010004, gbrand=星尘, gprice=29.0, ggrade=null, gcount=47, gmaterial=null, hot=1]
Goods [gid=10412011, zpicture=http://p4.music.126.net/7HwMnHFvUGQVE4vLMKA17A==/109951163661797268.jpg, gpicture=http://p4.music.126.net/7HwMnHFvUGQVE4vLMKA17A==/109951163661797268.jpg,http://p4.music.126.net/yOvcSOFkiV6-cWE3bCt2PQ==/109951163661799686.jpg,http://p4.music.126.net/opjtXQtRHdH2NdHwUcND0w==/109951163661793443.jpg,http://p3.music.126.net/MtSRoAXV1ftO-jgYarvr0A==/109951163661798267.jpg,http://p4.music.126.net/Zqrt-ak7Hdve5GlTbPe_nA==/109951163661793853.jpg,http://p3.music.126.net/jFOAcW5EvoczhLKiAx-yKQ==/109951163663639861.jpg, gname=善禧你和我的倾城时光周边同款手帐本笔记本日记本记事本青春畅销, gintroduce=手账本，笔记本 预售 11月23日发货, gcolorid=null, category1=1008002, category2=1010004, gbrand=善禧, gprice=59.0, ggrade=null, gcount=42, gmaterial=null, hot=0]
Goods [gid=10413005, zpicture=http://p3.music.126.net/tdxa7Me-2qkSAPmpvKhG1g==/109951163657685134.jpg, gpicture=http://p3.music.126.net/tdxa7Me-2qkSAPmpvKhG1g==/109951163657685134.jpg,http://p3.music.126.net/4fFGLxctNKMfgSnMY493Sg==/109951163657688544.jpg,http://p4.music.126.net/zHeDod5-H5YlOh76zJ6shg==/109951163657681844.jpg,http://p3.music.126.net/CdVhmO5YvvuK9U_EYjH2jg==/109951163657690521.jpg,http://p4.music.126.net/lkqwcOnUuc0pw9_hYNpG5A==/109951163657687614.jpg, gname=漫踪 星尘静音加湿器, gintroduce=, gcolorid=null, category1=1008002, category2=1010004, gbrand=星尘, gprice=89.0, ggrade=null, gcount=84, gmaterial=null, hot=0]
Goods [gid=10415022, zpicture=http://p4.music.126.net/1FlmEQfm87IKcOEzT-X8_w==/109951163661567200.jpg, gpicture=http://p4.music.126.net/1FlmEQfm87IKcOEzT-X8_w==/109951163661567200.jpg,http://p4.music.126.net/UPHuw9f5P9KjmXa75RA3MQ==/109951163661570603.jpg,http://p3.music.126.net/ArglpgFeVS61s79387fAMQ==/109951163661561898.jpg,http://p4.music.126.net/gV8NJ-mTUmMlXr0DUcuHYw==/109951163661559971.jpg,http://p4.music.126.net/IkpF_nxSJNITwNobzZpsew==/109951163661565305.jpg,http://p3.music.126.net/bdZ_QXIUNX7YVXwUX6dQIw==/109951163661566822.jpg,http://p3.music.126.net/H0PHYk3LKTYsjb7z-3L_sg==/109951163663646729.jpg, gname=你和我的倾城时光周边明星同款心有锁属钥匙扣, gintroduce=钥匙扣 预售 11月23日发货, gcolorid=null, category1=1008002, category2=1010004, gbrand=善禧, gprice=49.0, ggrade=null, gcount=20, gmaterial=null, hot=0]
Goods [gid=10445002, zpicture=http://p4.music.126.net/VJnz6JJYuYeAQhU5ebiAcw==/109951163667528002.jpg, gpicture=http://p4.music.126.net/VJnz6JJYuYeAQhU5ebiAcw==/109951163667528002.jpg,http://p3.music.126.net/88qTOwED5hxdrBRb6iygCw==/109951163667516380.jpg,http://p3.music.126.net/kTKYqKFlxCs1fmNNOqmxxQ==/109951163733508663.jpg,http://p4.music.126.net/bENBn0An3Ath31HBiQFW5A==/109951163733505846.jpg,http://p4.music.126.net/cz9KXNmUfE5ttU4nIdZ9hA==/109951163733513537.jpg,http://p3.music.126.net/LVVZ65eSGdgvVdDCYmT-PQ==/109951163733514566.jpg, gname=（2只装更优惠）神奇动物古剑奇谭正义联盟舒适透气口罩, gintroduce=安全亲肤透气面料，带上舒适无束缚, gcolorid=null, category1=1008002, category2=1010004, gbrand=神奇的动物在哪里2, gprice=13.9, ggrade=null, gcount=288, gmaterial=null, hot=0]
Goods [gid=10451012, zpicture=http://p3.music.126.net/6qF9znLn2yfBgBjunZx9bg==/109951163725394326.jpg, gpicture=http://p3.music.126.net/6qF9znLn2yfBgBjunZx9bg==/109951163725394326.jpg,http://p3.music.126.net/v5TDo21gPgUc768q-QO3Xg==/109951163725399664.jpg,http://p4.music.126.net/5uZKUuHXDwjSSqzoab-Leg==/109951163725403519.jpg,http://p3.music.126.net/vD2R1vmGUmGV33lezpmZcQ==/109951163725397776.jpg,http://p3.music.126.net/i-ETQVz2cMemjVa2qa6GTQ==/109951163725403090.jpg,http://p3.music.126.net/_R3nhLBE6lCc2AaRVFV5lw==/109951163725400682.jpg,http://p3.music.126.net/PVK8lA4s-bsoEC9SJYNO7Q==/109951163725390975.jpg,http://p3.music.126.net/1wynOkknR8d9nip5wWy-Bg==/109951163725397779.jpg, gname=漫步者（EDIFIER）W2 真无线 入耳式立体声蓝牙耳机 蓝牙5.0 左右可独立使用, gintroduce=霍尔磁吸，摒弃繁琐；轻量化设计，佩戴舒适稳固；左右均可以单独使用，聆听更自由, gcolorid=null, category1=101000, category2=1005000, gbrand=漫步者（EDIFIER）, gprice=299.0, ggrade=null, gcount=387, gmaterial=null, hot=1]
Goods [gid=10463003, zpicture=http://p4.music.126.net/amHv4RfrvGUX-5k3dpHzeQ==/109951163689849242.jpg, gpicture=http://p4.music.126.net/amHv4RfrvGUX-5k3dpHzeQ==/109951163689849242.jpg,http://p4.music.126.net/8YsZW0C-jsfDcyVSOUjinw==/109951163669224839.jpg,http://p3.music.126.net/C-0DdOa_1WqjHMVno18TKA==/109951163669286396.jpg,http://p4.music.126.net/47bit5tLZgAYhPcgCUjxHg==/109951163669293194.jpg,http://p4.music.126.net/_IH5zgbZyO0gaRnr-IuGVg==/109951163669289345.jpg, gname=伯朗 E43真无线蓝牙耳机蓝牙5.0超长待机安卓苹果通用双耳通话, gintroduce=【赠耳机收纳盒、3对耳套】 真无线 蓝牙5.0 超长待机 信号强大稳定 自动连接 双耳通话, gcolorid=null, category1=101000, category2=1005000, gbrand=伯朗, gprice=299.0, ggrade=null, gcount=142, gmaterial=null, hot=3]
Goods [gid=10465007, zpicture=http://p3.music.126.net/kNLcBq1V9XS6qBEFAhYqKQ==/109951163747742269.jpg, gpicture=http://p3.music.126.net/kNLcBq1V9XS6qBEFAhYqKQ==/109951163747742269.jpg,http://p4.music.126.net/G9STXwTsARQQh8txKKZVjg==/109951163745449396.jpg,http://p3.music.126.net/yl9x5UjzK2Ds60yV7riuUw==/109951163678015955.jpg,http://p3.music.126.net/qlhA6c3_EKr0OWdHNZviWA==/109951163678018828.jpg,http://p3.music.126.net/u3dGRUlDtoO7slwza2JaeQ==/109951163678020335.jpg,http://p4.music.126.net/mDFPV5EHMETVuzeUt3kVNQ==/109951163678021740.jpg,http://p3.music.126.net/kSDz_S5UBItY0yvTgQndhA==/109951163678015481.jpg,http://p4.music.126.net/acm5uIDVeIkvUKiZP32Ptw==/109951163678025622.jpg, gname=先锋（Pioneer) SEC-E110BT蓝牙5.0真无线耳机双耳通话苹果安卓通用, gintroduce=真无线 蓝牙5.0 双耳通话 自动连接 佩戴舒适 IPX4防水, gcolorid=null, category1=101000, category2=1005000, gbrand=先锋（Pioneer）, gprice=229.0, ggrade=null, gcount=1801, gmaterial=null, hot=0]
Goods [gid=10477027, zpicture=http://p3.music.126.net/wApJDmm2Z4DL2Yf3N-RriQ==/109951163753205807.jpg, gpicture=http://p3.music.126.net/wApJDmm2Z4DL2Yf3N-RriQ==/109951163753205807.jpg,http://p3.music.126.net/7g55n_MyDgws3koSwQ9-AA==/109951163753208132.jpg,http://p4.music.126.net/1lp4sf9Da_0gVtXL2gMWPw==/109951163753201973.jpg,http://p3.music.126.net/Jnv2aRlmNAOtaPli_46s7g==/109951163753202942.jpg, gname=MAGICBUS音乐潮牌黑胶唱机唱片机复古经典款, gintroduce=MAGICBUS音乐潮牌黑胶唱机唱片机复古经典款, gcolorid=null, category1=1008002, category2=1009002, gbrand=MAGICBUS, gprice=999.0, ggrade=null, gcount=132, gmaterial=null, hot=1]
Goods [gid=10487003, zpicture=http://p3.music.126.net/iOMuixLt2Sx9FkEDjhEkdg==/109951163681689061.jpg, gpicture=http://p3.music.126.net/iOMuixLt2Sx9FkEDjhEkdg==/109951163681689061.jpg,http://p4.music.126.net/h7127rXSHZVfTmsTgVrOGw==/109951164179448555.jpg,http://p3.music.126.net/yF7-e9RWCk8fIIpOCM8uow==/109951164179457810.jpg, gname=名侦探柯南官方正版授权怪盗基德LED触屏防水手表, gintroduce=, gcolorid=null, category1=1008002, category2=1010004, gbrand=名侦探柯南, gprice=69.0, ggrade=null, gcount=189, gmaterial=null, hot=6]
Goods [gid=10528004, zpicture=http://p4.music.126.net/jwGouyaJduQL53tiwI_jKQ==/109951163691238537.jpg, gpicture=http://p4.music.126.net/jwGouyaJduQL53tiwI_jKQ==/109951163691238537.jpg,http://p3.music.126.net/sxpntomHpRXYBCiKZbOdhQ==/109951163691227895.jpg,http://p4.music.126.net/qTrvvj4bguX7Yt6DlFqSEw==/109951163691233776.jpg,http://p3.music.126.net/y4TUyyzO3sRhd2ZxvcR5yg==/109951163691238062.jpg,http://p3.music.126.net/yRLJhUWvXyvz8KJbt6MY0w==/109951163691231294.jpg,http://p4.music.126.net/DDEuL3oDtQY6Q7-7q8nVLQ==/109951163691228427.jpg,http://p3.music.126.net/BnRjbRd6mFIThT5zM_Fydg==/109951163691238072.jpg,http://p4.music.126.net/A9l0UW4UokyNuZEbpo_LhA==/109951163691231310.jpg, gname=【正版授权】龙珠潮牌男女情侣装MA1双面穿连帽棉衣夹克棉服外套, gintroduce=官方正版授权 情怀在您怀抱, gcolorid=null, category1=1008002, category2=1010004, gbrand=Dragon Ball/龙珠, gprice=528.0, ggrade=null, gcount=494, gmaterial=null, hot=1]
Goods [gid=10531005, zpicture=http://p4.music.126.net/PRUtvhmJAHCZg_6VEFJbrw==/109951163861027241.jpg, gpicture=http://p4.music.126.net/PRUtvhmJAHCZg_6VEFJbrw==/109951163861027241.jpg,http://p3.music.126.net/yvg8vu4GPlj47eUtCeTVWg==/109951163861017480.jpg,http://p3.music.126.net/O5WJw27RjDySJLU82RVhKg==/109951163861024327.jpg,http://p4.music.126.net/W4kftp8uRcZ2Wo4f80pZUg==/109951163861025803.jpg,http://p4.music.126.net/obkUvYjQW5UzKWKUxPw9Bw==/109951163861022363.jpg, gname=爱国者（aigo）T05 真无线TWS蓝牙耳机迷你双耳隐形耳塞入耳式运动跑步开车苹果通用, gintroduce=HiFi音质，蓝牙5.0，舒适佩戴，长久待机，五级防水, gcolorid=null, category1=101000, category2=1005000, gbrand=爱国者（aigo）, gprice=199.0, ggrade=null, gcount=105, gmaterial=null, hot=0]
Goods [gid=10554000, zpicture=http://p4.music.126.net/9RbpicaPIKDBVRNhr3iXPg==/109951163693560039.jpg, gpicture=http://p4.music.126.net/9RbpicaPIKDBVRNhr3iXPg==/109951163693560039.jpg,http://p3.music.126.net/peUt6mAoUqGO0Y8Vfn6mCg==/109951163693553807.jpg, gname=skullcandy venue骷髅头戴式无线蓝牙主动降噪重低音耳机耳麦通用, gintroduce=18年新品 主动降噪 震撼低音, gcolorid=null, category1=101000, category2=1005000, gbrand=骷髅头（skullcandy）, gprice=1280.0, ggrade=null, gcount=4, gmaterial=null, hot=0]
Goods [gid=10563000, zpicture=http://p3.music.126.net/CBMznBokFfM8AioVxYT0jg==/109951163694805709.jpg, gpicture=http://p3.music.126.net/CBMznBokFfM8AioVxYT0jg==/109951163694805709.jpg,http://p3.music.126.net/SOtGBzPcRsknxHqFfzzJwQ==/109951163694811029.jpg,http://p3.music.126.net/bOhZgnqyhSpbuFqToZoa7A==/109951163694801879.jpg,http://p4.music.126.net/LKjG2GSYeDCZBSHsgGIjOw==/109951163694809132.jpg,http://p3.music.126.net/E2H462Ub_sm8u9R8Et3wIg==/109951163694799469.jpg,http://p3.music.126.net/vAT6SHB6Te-gp7n9OTD4xQ==/109951163694806207.jpg,http://p4.music.126.net/DB8l0SS4ZM43lVCvzIyG0Q==/109951163694807239.jpg,http://p3.music.126.net/5Emz5wMh-2ND7lbXV2UGjg==/109951163694804295.jpg, gname=漫步者（EDIFIER）W828NB 主动降噪 头戴式立体声蓝牙耳机, gintroduce=混合式降噪；蓝牙5.0；可折叠，方便收纳；长时间续航, gcolorid=null, category1=101000, category2=1005000, gbrand=漫步者（EDIFIER）, gprice=598.0, ggrade=null, gcount=33, gmaterial=null, hot=0]
Goods [gid=10570002, zpicture=http://p3.music.126.net/dLNYmmtsH02tq-7mwl42iw==/109951163695449480.jpg, gpicture=http://p3.music.126.net/dLNYmmtsH02tq-7mwl42iw==/109951163695449480.jpg,http://p4.music.126.net/RjWcSfHRtBfesEMSgynRwg==/109951163695461124.jpg,http://p3.music.126.net/9N4Op0hZDlJqMEmNRGfBfg==/109951163695459651.jpg,http://p4.music.126.net/yBOapNGI-SO6OKkXPmCVMg==/109951163695453383.jpg,http://p3.music.126.net/ji3cfUq3qKn3-L2Yrw8eig==/109951163695459659.jpg,http://p3.music.126.net/dpBaJwXoWxtDJlo0ToFTkA==/109951163695459664.jpg, gname=新世纪福音战士EVA绫波丽Parfom关节可动手办模型, gintroduce=GOODSMILE正版手办模型, gcolorid=null, category1=1008002, category2=1010004, gbrand=新世纪福音战士/EVA, gprice=380.0, ggrade=null, gcount=5, gmaterial=null, hot=10]
Goods [gid=10605007, zpicture=http://p4.music.126.net/Bk271tTokVpBUE6g4DXgVA==/109951163703919954.jpg, gpicture=http://p4.music.126.net/Bk271tTokVpBUE6g4DXgVA==/109951163703919954.jpg,http://p4.music.126.net/HwBnmpXDWkJovX99xoMvFA==/109951163703931527.jpg,http://p4.music.126.net/kON4nEFFYJyON6YjHnexMQ==/109951163703930038.jpg,http://p3.music.126.net/ulxScLZHudxsOehfUeshMA==/109951163703921842.jpg,http://p4.music.126.net/GNRPIBvNvoUZuA8qyogXqA==/109951163703921854.jpg,http://p4.music.126.net/rf6EhwkKgCSVktgyXmpxsw==/109951163703926281.jpg,http://p4.music.126.net/WgnjwprTMiQfu5Ir4o28Ng==/109951163703920491.jpg,http://p3.music.126.net/tRnhJLJ_P3-1Hq3GCLvZiw==/109951163703924316.jpg, gname=铁三角 C200BT 无线蓝牙耳塞式耳机, gintroduce=佩戴舒适稳固；操控简单；多色可选, gcolorid=null, category1=101000, category2=1005000, gbrand=铁三角, gprice=368.0, ggrade=null, gcount=63, gmaterial=null, hot=0]
Goods [gid=10628004, zpicture=http://p4.music.126.net/BnjuTO-Twe8JZM9-ln9Uwg==/109951163709288001.jpg, gpicture=http://p4.music.126.net/BnjuTO-Twe8JZM9-ln9Uwg==/109951163709288001.jpg,http://p3.music.126.net/nIuSdCGzdz__SNGCdtKdzg==/109951163709280327.jpg,http://p4.music.126.net/iRGgS-Y8v09neo-Y25_lQw==/109951163709280330.jpg,http://p4.music.126.net/wipg6IwN1GQysuY5aPeBjA==/109951164203152962.jpg,http://p4.music.126.net/5eALc9_ftiUDCqjkNLsRQA==/109951164203156335.jpg, gname=漫踪 企鹅仓鼠U型枕, gintroduce=漫踪 企鹅仓鼠U型枕, gcolorid=null, category1=1008002, category2=1010004, gbrand=漫踪, gprice=99.0, ggrade=null, gcount=49, gmaterial=null, hot=0]
Goods [gid=10632001, zpicture=http://p3.music.126.net/PFoJn5axOMOBkvN6q3N24Q==/109951164325533696.jpg, gpicture=http://p3.music.126.net/PFoJn5axOMOBkvN6q3N24Q==/109951164325533696.jpg,http://p4.music.126.net/ilnCUO_xpY4bCRHRmggR4g==/109951164325539575.jpg,http://p3.music.126.net/j4iGrlfnH9qzGx0z9LPg0Q==/109951164325538133.jpg,http://p3.music.126.net/pJ675i4axt_F44vLbElWAA==/109951164325541002.jpg,http://p4.music.126.net/WRfELxzw73KHBCPFZM4Itw==/109951164325554885.jpg,http://p3.music.126.net/VuVTw3WXNVkEJMAyVrsK7A==/109951164325552471.jpg, gname=击音 小静T3 年轻人的降噪耳机[轻至180g/40小时降噪] 寝室/自习/游戏静享, gintroduce=联想音频独立品牌 ANC主动降噪 便携折叠 出行必备 下单即赠一副【旅行眼罩】, gcolorid=null, category1=101000, category2=1005000, gbrand=击音, gprice=399.0, ggrade=null, gcount=2812, gmaterial=null, hot=1]
Goods [gid=10658001, zpicture=http://p3.music.126.net/YGeg9k8o8B3g_TG0QK55BA==/109951163711552770.jpg, gpicture=http://p3.music.126.net/YGeg9k8o8B3g_TG0QK55BA==/109951163711552770.jpg,http://p3.music.126.net/1Gn-P1qjdzRp8tyGhAGlYQ==/109951163711550801.jpg,http://p3.music.126.net/HxKLDLPFjvzufKFiHig4xQ==/109951163711545994.jpg, gname=MAGICBUS徐秉龙正版联名款保温杯水杯, gintroduce=MAGICBUS徐秉龙正版联名款保温杯水杯, gcolorid=null, category1=1008002, category2=1009002, gbrand=magicbus, gprice=148.0, ggrade=null, gcount=135, gmaterial=null, hot=0]
Goods [gid=10668013, zpicture=http://p4.music.126.net/zd-nNUP13b3sBJ_7sWUNeg==/109951164434085474.jpg, gpicture=http://p4.music.126.net/zd-nNUP13b3sBJ_7sWUNeg==/109951164434085474.jpg,http://p3.music.126.net/0WwNhF76GQQ9raGMfyTKew==/109951164434095124.jpg,http://p3.music.126.net/erTwUgUpGNim6YkTR-y7-w==/109951164434089721.jpg,http://p4.music.126.net/SdrBwy-OTyN1fgSQeZo3ng==/109951164434084989.jpg,http://p3.music.126.net/LDiTn7saEhvidl2XaMph_A==/109951164434091727.jpg,http://p4.music.126.net/UGR5prl533_lYlMBUU5oUw==/109951164434095139.jpg, gname=漫步者（EDIFIER）W3 小黄人联名款 真无线蓝牙入耳式手机通用音乐耳机耳塞, gintroduce=呆萌小黄人定制；高通蓝牙5.0；左右可单独使用；连接方便；32H续航, gcolorid=null, category1=101000, category2=1005000, gbrand=漫步者（EDIFIER）, gprice=399.0, ggrade=null, gcount=99, gmaterial=null, hot=3]
Goods [gid=10677005, zpicture=http://p4.music.126.net/HryQ_a8AN0HVsXio7oXLjg==/109951163721887727.jpg, gpicture=http://p4.music.126.net/HryQ_a8AN0HVsXio7oXLjg==/109951163721887727.jpg,http://p4.music.126.net/6c_GIUu8V8Y97EzZ5or9Ww==/109951163721895019.jpg,http://p4.music.126.net/9WYDzf2-8jCpUAfbtw7WDw==/109951163721885752.jpg,http://p3.music.126.net/F1Bdtb0i2xjlU6n6SoKPig==/109951163721885755.jpg,http://p3.music.126.net/IZBfFi63Mg7mC7C6NomBDw==/109951163721892702.jpg, gname=铁三角 C200IS 半开放式耳塞式耳机, gintroduce=佩戴舒适轻巧；高度还原真实声音, gcolorid=null, category1=101000, category2=1005000, gbrand=铁三角, gprice=179.0, ggrade=null, gcount=53, gmaterial=null, hot=0]
Goods [gid=10683005, zpicture=http://p4.music.126.net/CFVZlwa37OfDTskULMCiIw==/109951164499920219.jpg, gpicture=http://p4.music.126.net/CFVZlwa37OfDTskULMCiIw==/109951164499920219.jpg,http://p3.music.126.net/v1KJb97hXlO2kzKcolcCjw==/109951164499915441.jpg,http://p3.music.126.net/HLcGCuxsh0DunbpdOYbYmA==/109951164499917888.jpg,http://p4.music.126.net/d1mkjWrhOutj83s15uNEsg==/109951164499924058.jpg,http://p4.music.126.net/OJUTAiY_q3Lyd1Xi6682Tg==/109951164499917456.jpg,http://p4.music.126.net/8hDDEu2C9lTyJAk0E4W-7w==/109951164499922124.jpg,http://p3.music.126.net/bvNEWCSUoOSIOrO_igw_ng==/109951164499923097.jpg,http://p4.music.126.net/aidJtbnc4Z_kacJF-Q7G1g==/109951164499927007.jpg, gname=Happy Plugs Wireless II 无线蓝牙手机通用音乐耳机, gintroduce=兼顾音乐与设计的耳机；便捷三键线控；续航持久，音质提升；时尚色彩搭配, gcolorid=null, category1=101000, category2=1005000, gbrand=Happy Plugs, gprice=259.0, ggrade=null, gcount=40, gmaterial=null, hot=2]
Goods [gid=10711013, zpicture=http://p4.music.126.net/hNC-kfr_qTvdP2MJWClNLw==/109951163735477785.jpg, gpicture=http://p4.music.126.net/hNC-kfr_qTvdP2MJWClNLw==/109951163735477785.jpg,http://p4.music.126.net/CJac-Opo2yKNKWwmAQPAxg==/109951163735476363.jpg,http://p4.music.126.net/lchDFlYC1zgSg4kuQzhxTw==/109951163735483622.jpg, gname=荣事达 RS-L83S 炫彩LED护眼学习小台灯, gintroduce=七彩夜灯，可调光，触控调色，鹅管灯臂, gcolorid=null, category1=101000, category2=1007000, gbrand=荣事达, gprice=149.0, ggrade=null, gcount=5, gmaterial=null, hot=2]
Goods [gid=10714010, zpicture=http://p3.music.126.net/i_frzYnQcP-3_PV4ttU2wA==/109951163735512868.jpg, gpicture=http://p3.music.126.net/i_frzYnQcP-3_PV4ttU2wA==/109951163735512868.jpg,http://p4.music.126.net/Xae-UWQb7iyELWbeZIh1rA==/109951163735516210.jpg,http://p4.music.126.net/oE787MKGySOKDWJpU2a5YA==/109951163735513367.jpg,http://p3.music.126.net/dc5SoJNWI4p6RCVUEbP07A==/109951163735519102.jpg,http://p4.music.126.net/5zdhCeDwBjtxFdnzqK1Kuw==/109951163735519579.jpg, gname=荣事达 RP-L12S 智能七彩唤醒LED护眼桌面学习高品质台灯, gintroduce=触摸式调光调色，七彩球氛围灯，硅胶软管，任意弯曲, gcolorid=null, category1=101000, category2=1007000, gbrand=荣事达, gprice=339.0, ggrade=null, gcount=4, gmaterial=null, hot=1]
Goods [gid=10720004, zpicture=http://p3.music.126.net/jrxyU6_EUPyBh27mw8vx4Q==/109951163735493432.jpg, gpicture=http://p3.music.126.net/jrxyU6_EUPyBh27mw8vx4Q==/109951163735493432.jpg,http://p4.music.126.net/L4e5y_BFq6udX4ClNXzD1A==/109951163735497306.jpg,http://p3.music.126.net/NhY_FlALktTX2cLREWCzPg==/109951163735496787.jpg, gname=荣事达 RP-L05S 火焰音箱氛围灯, gintroduce=触摸式操控，仿真火焰LED灯，高品质蓝牙音箱，高效锂电池续航, gcolorid=null, category1=101000, category2=1007000, gbrand=荣事达, gprice=249.0, ggrade=null, gcount=12, gmaterial=null, hot=0]
Goods [gid=10721005, zpicture=http://p3.music.126.net/-lY2cj1I84nd5bq6O_LUaw==/109951163735482903.jpg, gpicture=http://p3.music.126.net/-lY2cj1I84nd5bq6O_LUaw==/109951163735482903.jpg,http://p4.music.126.net/FHIiwTsKhGLJjvWiXEOQ7Q==/109951163735487215.jpg,http://p3.music.126.net/8iSE1uwhzGyaeNB24OEwXQ==/109951163735491082.jpg, gname=荣事达 RS-L80S-A 炫睿LED护眼桌面台灯, gintroduce=优雅设计，LED侧发光技术，高性能LED光源，五级亮度调节，触摸开关, gcolorid=null, category1=101000, category2=1007000, gbrand=荣事达, gprice=179.0, ggrade=null, gcount=8, gmaterial=null, hot=2]
Goods [gid=10721006, zpicture=http://p4.music.126.net/HohnbHVnBQLRkublzuPN7w==/109951163735513031.jpg, gpicture=http://p4.music.126.net/HohnbHVnBQLRkublzuPN7w==/109951163735513031.jpg,http://p4.music.126.net/eFK_bDS5pxXHlpwEK_fcnw==/109951163735510105.jpg,http://p4.music.126.net/Hwh0RY4VNFwHDKqny8r0SQ==/109951163735507721.jpg, gname=荣事达 RP-L08S 智鉴 带无线充 护眼LED桌面学习台灯, gintroduce=无线充电，柔和光线，精致皮纹，简约设计，触摸滑动调光，精致可靠转轴设计, gcolorid=null, category1=101000, category2=1007000, gbrand=荣事达, gprice=309.0, ggrade=null, gcount=4, gmaterial=null, hot=0]
Goods [gid=10724006, zpicture=http://p3.music.126.net/0I-tyZvuUakvy50cgC-ddg==/109951163735540278.jpg, gpicture=http://p3.music.126.net/0I-tyZvuUakvy50cgC-ddg==/109951163735540278.jpg,http://p3.music.126.net/C2xLaFuHKu3NFbfOyQ5o-g==/109951163735545060.jpg,http://p3.music.126.net/HDImrhgxyHgJ7Q0FqySpig==/109951163735536855.jpg, gname=荣事达 RS-L91S 智简柔和LED高品质桌面学习台灯护眼灯, gintroduce=, gcolorid=null, category1=101000, category2=1007000, gbrand=荣事达, gprice=499.0, ggrade=null, gcount=6, gmaterial=null, hot=0]
Goods [gid=10725005, zpicture=http://p3.music.126.net/HyY68oZ9ZV6hMT1pRhtioQ==/109951163735468708.jpg, gpicture=http://p3.music.126.net/HyY68oZ9ZV6hMT1pRhtioQ==/109951163735468708.jpg,http://p3.music.126.net/F7ep2at4z1aEIWNjpulTAw==/109951163735462452.jpg,http://p4.music.126.net/exIZVv2XzOjGOeLTHmzS_w==/109951163735464316.jpg, gname=荣事达 RP-L29S 萌小猪LED桌面学习小台灯, gintroduce=硅胶方便，方便调节，触摸式，一键管控，自然健康的LED光源，柔光技术，无可视频闪, gcolorid=null, category1=101000, category2=1007000, gbrand=荣事达, gprice=109.0, ggrade=null, gcount=3, gmaterial=null, hot=0]
Goods [gid=10725006, zpicture=http://p4.music.126.net/U-kzKSudEELfKkg9UNqs4Q==/109951163735504129.jpg, gpicture=http://p4.music.126.net/U-kzKSudEELfKkg9UNqs4Q==/109951163735504129.jpg,http://p4.music.126.net/3qVPvBeWwpWZoZNXXMTMuw==/109951163735495483.jpg,http://p4.music.126.net/yg2iY_q8CJqjyIGZ8yykJg==/109951163735498413.jpg,http://p3.music.126.net/ReF9kmae_PuPBcljkCKzdg==/109951163735507562.jpg, gname=荣事达 RP-L06S 无线充七彩桌面唤醒灯, gintroduce=无线充电，小夜灯，氛围灯，时间显示, gcolorid=null, category1=101000, category2=1007000, gbrand=荣事达, gprice=249.0, ggrade=null, gcount=15, gmaterial=null, hot=0]
Goods [gid=10786006, zpicture=http://p4.music.126.net/GV6hlv4rYTeZkdEqunJKqQ==/109951163745674598.jpg, gpicture=http://p4.music.126.net/GV6hlv4rYTeZkdEqunJKqQ==/109951163745674598.jpg,http://p3.music.126.net/V16NnlutIUi2l2Tr5x4tqA==/109951163745675122.jpg,http://p3.music.126.net/qv7B3e2_C4u41esfVookfA==/109951163745668379.jpg,http://p3.music.126.net/sMsP3s3DzHmgLd1j2zc-hg==/109951163745671780.jpg,http://p3.music.126.net/8jE_jB5yXqxHJA0UpDvsWw==/109951163745673219.jpg,http://p3.music.126.net/gJDkTKoLl2j1EKMNXdnNkA==/109951163745676655.jpg,http://p4.music.126.net/3IxOhH28J6KduUC9lDiHeg==/109951163745672301.jpg, gname=漫步者（EDIFIER）HECATE GM450 入耳式手机电竞吃鸡游戏耳机, gintroduce=专业手游游戏耳塞，听声辨位，双麦克风拾音，双动圈，双震动单元，弧形耳翼，佩戴舒适, gcolorid=null, category1=101000, category2=1005000, gbrand=漫步者（EDIFIER）, gprice=199.0, ggrade=null, gcount=39, gmaterial=null, hot=1]
Goods [gid=10787000, zpicture=http://p3.music.126.net/xL-biT3vbTQHM8iIhP6KTw==/109951163739040194.jpg, gpicture=http://p3.music.126.net/xL-biT3vbTQHM8iIhP6KTw==/109951163739040194.jpg,http://p3.music.126.net/cCxW83cOVsOk2Bxnl4L3OA==/109951163739040670.jpg,http://p4.music.126.net/lKUmbvk95wIdpsmh7LWVtQ==/109951163739034826.jpg,http://p3.music.126.net/9GNWI7HvYAh_tVhZ86OCMQ==/109951163739034324.jpg,http://p3.music.126.net/gTd7_Na5ZcHtSDqLNYV5zA==/109951163739039735.jpg,http://p4.music.126.net/xvpiktFy8k7wABvsxMZBzA==/109951163739040228.jpg, gname=JBL T190A 立体声重低音入耳式手机耳机 带麦可通话, gintroduce=PureBass技术，一键式麦克风，铝金属外壳，面条线设计，时尚轻巧, gcolorid=null, category1=101000, category2=1005000, gbrand=JBL, gprice=179.0, ggrade=null, gcount=29, gmaterial=null, hot=1]
Goods [gid=10830007, zpicture=http://p3.music.126.net/z8r9B_YtoL7qm9BIsBQSkQ==/109951163749909829.jpg, gpicture=http://p3.music.126.net/z8r9B_YtoL7qm9BIsBQSkQ==/109951163749909829.jpg,http://p3.music.126.net/jJBHx2nyq3iTLcqUwOy7xg==/109951163749914629.jpg,http://p4.music.126.net/aUmIR7--DrIaMx63EBsGhA==/109951163749918508.jpg, gname=Sony/索尼 WF-SP900 真无线蓝牙运动耳机防水游泳一体式MP3音乐播放器手机线控通话, gintroduce=王俊凯同款 时尚颜色 出色运动 随行充电 持久续航, gcolorid=null, category1=101000, category2=1005000, gbrand=索尼（SONY）, gprice=1599.0, ggrade=null, gcount=10, gmaterial=null, hot=2]
Goods [gid=10830008, zpicture=http://p3.music.126.net/a1cmU52Ojd1ruWHm09IhUA==/109951163750950223.jpg, gpicture=http://p3.music.126.net/a1cmU52Ojd1ruWHm09IhUA==/109951163750950223.jpg,http://p4.music.126.net/BDNxmY-JD8F7YkB6QPJghA==/109951163750945790.jpg,http://p3.music.126.net/L8s6OF1vc-DxetRwJTLjwg==/109951163750945796.jpg,http://p4.music.126.net/QzQrzJfVeyq9v4uz-zH45A==/109951163750954046.jpg,http://p3.music.126.net/mfATmj78947Wh0kX2nzr2g==/109951163750955038.jpg,http://p3.music.126.net/01wyJSECDGyiWBalE4Y2QA==/109951163750953096.jpg,http://p3.music.126.net/CHtD5K_pUXT2AqDOpLKCEA==/109951163750951727.jpg,http://p4.music.126.net/WJnrxYf9K4Ls8_ZYjKRJgQ==/109951163750947338.jpg, gname=Sony/索尼 NW-WS623 MP3播放器蓝牙运动跑步防水游泳耳机一体式, gintroduce=放肆运动·音乐相伴, gcolorid=null, category1=101000, category2=1005000, gbrand=索尼（SONY）, gprice=849.0, ggrade=null, gcount=58, gmaterial=null, hot=0]
Goods [gid=10835006, zpicture=http://p3.music.126.net/zgP37jGujFn_N2yMr9K33w==/109951163750937969.jpg, gpicture=http://p3.music.126.net/zgP37jGujFn_N2yMr9K33w==/109951163750937969.jpg,http://p4.music.126.net/Z63WLfmRmfmOzQk2Z5qe-A==/109951163750936497.jpg,http://p4.music.126.net/sIqsEg1snYnZ6Ilc6qE7bQ==/109951163750949510.jpg,http://p4.music.126.net/5YKfdT6fS5EvJMDwcYZATw==/109951163750943631.jpg,http://p3.music.126.net/S_CiS3QpI5TD6Y3whkxGUw==/109951163750939808.jpg,http://p3.music.126.net/R8RSPU5xBbIimbxqSfO1lQ==/109951163750946091.jpg,http://p4.music.126.net/2ZwenRxlesXpocldliBNQw==/109951163750948039.jpg,http://p4.music.126.net/xirW4eZ78JaW6_BlvT7h7w==/109951163750950503.jpg, gname=【热巴代言】Sony/索尼 WI-SP600N 无线蓝牙运动耳机 防水降噪, gintroduce=无线·降噪防水运动耳机, gcolorid=null, category1=101000, category2=1005000, gbrand=索尼（SONY）, gprice=999.0, ggrade=null, gcount=3, gmaterial=null, hot=0]
Goods [gid=10837004, zpicture=http://p3.music.126.net/Dpz-dLaI-69CRGr5zjsiRg==/109951163749929213.jpg, gpicture=http://p3.music.126.net/Dpz-dLaI-69CRGr5zjsiRg==/109951163749929213.jpg,http://p3.music.126.net/wZ1Xm0SyOktayky_rY7lqQ==/109951163749925832.jpg,http://p3.music.126.net/mm3wZgjqJlmUQ2cuZcsSlQ==/109951163749929711.jpg,http://p4.music.126.net/5x0TE5O_d-tD0nWMOz70eQ==/109951163749923908.jpg,http://p4.music.126.net/IV8ixMIn-KSa6kRo4W8enQ==/109951163749930686.jpg,http://p4.music.126.net/S5LQFssyzY-VT3jmeFGF_Q==/109951163749925363.jpg,http://p3.music.126.net/f_xQUGfLdjdGLwWXL4lMtw==/109951163749924875.jpg,http://p4.music.126.net/Y85aNzmXKN5RrZOCYMDO2g==/109951163749926820.jpg, gname=【热巴代言】Sony/索尼 WI-1000X 无线蓝牙降噪耳机颈挂入耳式通用重低音耳麦, gintroduce=降噪境界 智能聆听, gcolorid=null, category1=101000, category2=1005000, gbrand=索尼（SONY）, gprice=1799.0, ggrade=null, gcount=9, gmaterial=null, hot=0]
Goods [gid=10840001, zpicture=http://p3.music.126.net/aHJBskP4T7-ckga7QVUdiw==/109951163749963178.jpg, gpicture=http://p3.music.126.net/aHJBskP4T7-ckga7QVUdiw==/109951163749963178.jpg,http://p3.music.126.net/nDm0uUQ8H3o1iITx1At5MA==/109951163749958839.jpg,http://p3.music.126.net/da-Bt_3STcBlDWw4rYicyg==/109951163749962237.jpg,http://p3.music.126.net/ZbC4n5E-pXWGFRElxlmGeA==/109951163749961769.jpg,http://p3.music.126.net/vMQ6aRvIU5S04Ov3ac3VWg==/109951163749955426.jpg,http://p4.music.126.net/pTIQ357m8kho0lye1WvJYA==/109951163749957355.jpg,http://p3.music.126.net/Hn6fwOFC5Ua8e3_LnIUMFA==/109951163749959299.jpg,http://p3.music.126.net/jPH-8F9yb9gFz7j35sOGJw==/109951163749953938.jpg, gname=【热巴代言】Sony/索尼 WF-1000X真无线蓝牙降噪耳机迷你运动降噪豆, gintroduce=迷你尺寸的降噪耳机, gcolorid=null, category1=101000, category2=1005000, gbrand=索尼（SONY）, gprice=1099.0, ggrade=null, gcount=10, gmaterial=null, hot=2]
Goods [gid=10844005, zpicture=http://p3.music.126.net/8ovfgbKrykoscpRwRkcEpQ==/109951163750932837.jpg, gpicture=http://p3.music.126.net/8ovfgbKrykoscpRwRkcEpQ==/109951163750932837.jpg,http://p4.music.126.net/BnmiZpSikUSsbB0H_RsIHA==/109951163750931343.jpg,http://p4.music.126.net/2PcArqEMmDFWJg6lcyI5Bw==/109951163750936238.jpg,http://p4.music.126.net/mlNQUMsdjHw5CcI5gUxcOA==/109951163750937731.jpg,http://p3.music.126.net/nhXuo5QD5UJJGpFRlbBSrg==/109951163750938631.jpg,http://p4.music.126.net/FVWITGF9srdrw4AwF0lbiQ==/109951163750931815.jpg,http://p4.music.126.net/qFtiS3WRk85Z4iAyEN0nhg==/109951163750930837.jpg,http://p3.music.126.net/wYaYUGCymDPXooQ54Rk_yQ==/109951163750934306.jpg, gname=Sony/索尼 WH-1000XM3 头戴式无线蓝牙降噪耳机主动降噪耳机手机无线耳机, gintroduce=索尼 WH-1000XM2升级版 静“芯”聆听 智能降噪, gcolorid=null, category1=101000, category2=1005000, gbrand=索尼（SONY）, gprice=2899.0, ggrade=null, gcount=8, gmaterial=null, hot=0]
Goods [gid=10845005, zpicture=http://p3.music.126.net/0PFbl5INZALrWfSzPIirjA==/109951163750071704.jpg, gpicture=http://p3.music.126.net/0PFbl5INZALrWfSzPIirjA==/109951163750071704.jpg,http://p4.music.126.net/bbjfB1aNcOvruJQxk_W4bQ==/109951163750072179.jpg,http://p4.music.126.net/RD5sATnaXocE48323yMOQw==/109951163750076527.jpg,http://p3.music.126.net/6mh-nAs9_jjRT19rG7xTFw==/109951163750064461.jpg,http://p4.music.126.net/9d75WFeJDVq_i4fDvmB3_g==/109951163750071773.jpg,http://p3.music.126.net/By1PKwg3lXnPraqVwbNQqg==/109951163750076019.jpg,http://p4.music.126.net/_5PuKp8hfFfnq82qJHTa0Q==/109951163750066315.jpg,http://p4.music.126.net/G9_Xquc3sY2E6EgYdbF_0g==/109951163750067327.jpg, gname=Sony/索尼 WI-H700 入耳式无线蓝牙运动耳机颈挂式重低音跑步无线耳机, gintroduce=音·我更出色, gcolorid=null, category1=101000, category2=1005000, gbrand=索尼(SONY), gprice=999.0, ggrade=null, gcount=97, gmaterial=null, hot=1]
Goods [gid=10846001, zpicture=http://p4.music.126.net/yvryz5iakPxWzCvnD6jdTA==/109951163749881766.jpg, gpicture=http://p4.music.126.net/yvryz5iakPxWzCvnD6jdTA==/109951163749881766.jpg,http://p3.music.126.net/CyOsFRFfTkIRKux6trzFjg==/109951163749878409.jpg,http://p3.music.126.net/pVkMaosMEg92Y8Nmi4qcFg==/109951163749875966.jpg,http://p4.music.126.net/E-Cnqu2BI_RfqfoJSBbG9g==/109951163749884185.jpg, gname=Sony/索尼 WH-CH700N 头戴式无线蓝牙降噪耳机手机通话线控, gintroduce=蓝牙/NFC连接 约35小时续航 免提通话 数字降噪, gcolorid=null, category1=101000, category2=1005000, gbrand=索尼（SONY）, gprice=979.0, ggrade=null, gcount=18, gmaterial=null, hot=0]
Goods [gid=10848002, zpicture=http://p4.music.126.net/0X8hxZJLC47cL6l3yAyFHw==/109951163749888893.jpg, gpicture=http://p4.music.126.net/0X8hxZJLC47cL6l3yAyFHw==/109951163749888893.jpg,http://p4.music.126.net/up7aG1fL2WiXcHBUcdrGqA==/109951163749898590.jpg,http://p3.music.126.net/-eMzG4Y0JzaUbrnepJMz4g==/109951163749886929.jpg,http://p4.music.126.net/w0f0nBANJnhpZZQ8Cxd8-w==/109951163749899534.jpg,http://p3.music.126.net/fGS9RaJrsiyQSFh_XUIYhA==/109951163749893722.jpg,http://p3.music.126.net/JyhCy_H5zpSkjHmycdItWQ==/109951163749899079.jpg,http://p4.music.126.net/tr7izWG-D-2P0u0G_ZDYEA==/109951163749893300.jpg,http://p3.music.126.net/QoEfdxJ9ONb865nMK83DlQ==/109951163749888924.jpg, gname=Sony/索尼 WH-CH400 头戴式无线蓝牙耳机重低音电脑手机耳麦, gintroduce=清晰平衡的高音质, gcolorid=null, category1=101000, category2=1005000, gbrand=索尼（SONY）, gprice=339.0, ggrade=null, gcount=31, gmaterial=null, hot=1]
Goods [gid=10848003, zpicture=http://p3.music.126.net/aGbI8Vevl610FNOG9H9bxg==/109951163750002426.jpg, gpicture=http://p3.music.126.net/aGbI8Vevl610FNOG9H9bxg==/109951163750002426.jpg,http://p4.music.126.net/vFQjgp7ciQfQUtYUU669vQ==/109951163750006151.jpg,http://p3.music.126.net/qZh3r0pXanpyW_tbgpfEdg==/109951163750002832.jpg,http://p3.music.126.net/RiVClbAGuwg5VdbemB2F-w==/109951163750001855.jpg,http://p3.music.126.net/38MS5H3buw3kI2F4GFd6pA==/109951163749994974.jpg,http://p3.music.126.net/TG_AF7P1Bytc733KmJTOeQ==/109951163749999852.jpg,http://p3.music.126.net/LmCJUP3jQVaGJSh-Ln6HdQ==/109951163749994935.jpg,http://p3.music.126.net/QlGf4GjG5iBG9Zgm5dI6tw==/109951163749995998.jpg, gname=Sony/索尼 WH-H900N 头戴式重低音无线蓝牙降噪耳机, gintroduce=音·我更出色, gcolorid=null, category1=101000, category2=1005000, gbrand=索尼（SONY）, gprice=1559.0, ggrade=null, gcount=29, gmaterial=null, hot=3]
Goods [gid=10849002, zpicture=http://p3.music.126.net/IB13TBI8QCWuDWiZW1beUQ==/109951163749828476.jpg, gpicture=http://p3.music.126.net/IB13TBI8QCWuDWiZW1beUQ==/109951163749828476.jpg,http://p3.music.126.net/ooZF78anAgSr00N-K7MgJg==/109951163749829940.jpg,http://p3.music.126.net/XI-cBmFMCT6ZxX4mRUtIeg==/109951163749839270.jpg,http://p4.music.126.net/sZ8qt1HfXSJAfnU_jSPLrg==/109951163749834351.jpg,http://p4.music.126.net/7GdI3aFP7dOT6Glg8arGmg==/109951163749834798.jpg,http://p4.music.126.net/9pOao71CUcwrOam6S4DUjg==/109951163749838719.jpg,http://p4.music.126.net/WTA9NRQ9b2MO4HAUBDVlng==/109951163749833356.jpg,http://p3.music.126.net/nd0hwv6n690UoqLToodLiA==/109951163749836282.jpg, gname=Sony/索尼 WI-C300入耳式无线蓝牙运动耳机 颈挂式带麦, gintroduce=运动伴侣, gcolorid=null, category1=101000, category2=1005000, gbrand=索尼（SONY）, gprice=349.0, ggrade=null, gcount=66, gmaterial=null, hot=1]
Goods [gid=10849004, zpicture=http://p4.music.126.net/emBU81sEb6BTm4WpN1muag==/109951163750952334.jpg, gpicture=http://p4.music.126.net/emBU81sEb6BTm4WpN1muag==/109951163750952334.jpg,http://p4.music.126.net/LspzeJsSwHHmoN3CmtmwZw==/109951163750956656.jpg,http://p4.music.126.net/ef__9dG6QpvRJaCpap-zBw==/109951163750960570.jpg,http://p3.music.126.net/AwIGwVHvYPix8KEtCQYDBQ==/109951163750962559.jpg,http://p4.music.126.net/H_gRjOu4R01lpcB00OmeIw==/109951163750953382.jpg,http://p3.music.126.net/Iwua3Kw3Q2p5USkrxw-p0Q==/109951163750964506.jpg,http://p4.music.126.net/M5TyY9XGOlPZlwEOLM7SMQ==/109951163750958322.jpg,http://p3.music.126.net/6dQCKoCWU_hjRwYCG4mw0Q==/109951163750953851.jpg, gname=【热巴代言】Sony/索尼 WF-SP700N 真无线蓝牙运动耳机防水降噪豆, gintroduce=全无线·降噪防水运动耳机, gcolorid=null, category1=101000, category2=1005000, gbrand=索尼（SONY）, gprice=1249.0, ggrade=null, gcount=9, gmaterial=null, hot=2]
Goods [gid=10872149, zpicture=http://p4.music.126.net/w9saCy-B_rP7n2VUyq4tjA==/109951163781609558.jpg, gpicture=http://p4.music.126.net/w9saCy-B_rP7n2VUyq4tjA==/109951163781609558.jpg,http://p4.music.126.net/tkdzl61WegvDtAxrhqfl8w==/109951163781612009.jpg,http://p3.music.126.net/fmRoqjrVtbNkvFP3Lec5cw==/109951163781603398.jpg,http://p3.music.126.net/a4uyFeBdYCDyW3I4PLUZjA==/109951163781602437.jpg,http://p4.music.126.net/3G4afWXiufrbEtGrER6POw==/109951163781602440.jpg,http://p4.music.126.net/pjU0ETCp72s2Z5BZexuHSA==/109951163781603402.jpg,http://p4.music.126.net/H6YC0xb4xpW7nV5RWtD25w==/109951163781602928.jpg,http://p4.music.126.net/PxOMein5vEnyvWd9pUvnUA==/109951163781608344.jpg, gname=时刻美手表男士时尚运动创意电子LED腕表 0926, gintroduce=时尚潮流，彰显个性。, gcolorid=null, category1=101000, category2=1007000, gbrand=时刻美, gprice=89.0, ggrade=null, gcount=2643, gmaterial=null, hot=1]
Goods [gid=10874056, zpicture=http://p4.music.126.net/p_H7DqyhC1rNf4gXwAvgcg==/109951164276137146.jpg, gpicture=http://p4.music.126.net/p_H7DqyhC1rNf4gXwAvgcg==/109951164276137146.jpg,http://p4.music.126.net/8p5j2FbaxgfKnFq0ch9Jbw==/109951163781721151.jpg,http://p3.music.126.net/ChaH1bMqGmt37Xg3aRYlrQ==/109951163781724598.jpg,http://p3.music.126.net/iaKD_45sJWaVTQjYeDba6A==/109951163781722108.jpg,http://p4.music.126.net/KubFiy6Kri791T_xpkz5Ow==/109951163781717294.jpg,http://p4.music.126.net/Xy2Y3e54NWQP6VK8uyO57g==/109951163781716797.jpg,http://p3.music.126.net/X8CCoFLxB8gD2ZbNsTtc0w==/109951163781724610.jpg,http://p4.music.126.net/ghEsoCZQVIzX8k8CeS97rA==/109951163781714981.jpg, gname=博之轮智能手表男运动手环 3D彩屏UI心率血压检测时尚学生电子手环表 IP67级防水 B30, gintroduce=全彩3D动态UI，心率血压睡眠监测，助力健康生活。, gcolorid=null, category1=101000, category2=2028000, gbrand=博之轮, gprice=198.0, ggrade=null, gcount=2461, gmaterial=null, hot=0]
Goods [gid=10874066, zpicture=http://p4.music.126.net/ffJkxYBJ0Qwqk1wgHzvucQ==/109951163781722144.jpg, gpicture=http://p4.music.126.net/ffJkxYBJ0Qwqk1wgHzvucQ==/109951163781722144.jpg,http://p3.music.126.net/Sqpweu1L4ykuNP7c315Rcg==/109951163781722640.jpg,http://p4.music.126.net/2I2RFTVMbpG0T5oCQ3X1OQ==/109951163781721670.jpg,http://p3.music.126.net/PQbVGtLdw317Gvt63_Gh7g==/109951163781724652.jpg,http://p3.music.126.net/RPMmjtIqQvcVCugM4YL9Uw==/109951163781716392.jpg,http://p4.music.126.net/eTgvFbaTFVKLOK3S_IadvQ==/109951163781726610.jpg,http://p3.music.126.net/rxxMJoRCpNKqNm2ykxqXXA==/109951163781715910.jpg,http://p4.music.126.net/O5_zKh8RrA3Mvo8iZD2C7Q==/109951164276129412.jpg, gname=博之轮智能手表女士运动手环多功能测心率生理期超薄时尚电子手环表 B36, gintroduce=专为女性定制，生理期监测，给您细心呵护。, gcolorid=null, category1=101000, category2=2028000, gbrand=博之轮, gprice=298.0, ggrade=null, gcount=1781, gmaterial=null, hot=6]
Goods [gid=10875138, zpicture=http://p4.music.126.net/UidO_vLMLR3wigEpYfacVQ==/109951163781679125.jpg, gpicture=http://p4.music.126.net/UidO_vLMLR3wigEpYfacVQ==/109951163781679125.jpg,http://p3.music.126.net/WIexKfypSjyPPx3maJftbg==/109951163781672920.jpg,http://p3.music.126.net/vGFcnDJP7YVfrjtnRMVWDw==/109951163781671966.jpg,http://p3.music.126.net/lzB-pFE6xIr_aHFlab6V4Q==/109951163781670979.jpg,http://p4.music.126.net/vRThvtYRgxZMSDk_iwChaA==/109951163781673342.jpg,http://p4.music.126.net/2SZskJQYpamTE4x_K74e2Q==/109951163781682500.jpg,http://p4.music.126.net/dATv-I881tfzjN23nFyObQ==/109951163781679604.jpg,http://p4.music.126.net/gC74PDsYU9WmYpo6ETPdqA==/109951163781677656.jpg, gname=时刻美手表男智能电子表时刻美成人学生数字式多功能防水运动表 1360, gintroduce=时尚智能运动腕表多功能户外温度测量卡路里指南针手表, gcolorid=null, category1=101000, category2=1007000, gbrand=时刻美, gprice=129.0, ggrade=null, gcount=2688, gmaterial=null, hot=3]
Goods [gid=10876145, zpicture=http://p3.music.126.net/2oWNnEV-J8LEcI7g7SPN1w==/109951163781752117.jpg, gpicture=http://p3.music.126.net/2oWNnEV-J8LEcI7g7SPN1w==/109951163781752117.jpg,http://p4.music.126.net/Z86zmlisS3ZhRhel8fihhw==/109951163781660340.jpg,http://p4.music.126.net/_4SbYgagJvpiUtiFyz_Atw==/109951163781668067.jpg,http://p3.music.126.net/U4OCmCGcXfcSaGyPIJHdVw==/109951163781665174.jpg,http://p4.music.126.net/NYlTdQVjUwZsMX8wASY1hw==/109951163781660345.jpg,http://p4.music.126.net/fNYm-fhVUea0YzJzKi-jQg==/109951163781660788.jpg,http://p3.music.126.net/myKdws0_5k_Jk824vI6QUQ==/109951163781659948.jpg,http://p3.music.126.net/Bv6TmPwSzJ8vj58wljk0dg==/109951163781657957.jpg, gname=时刻美手表男士运动休闲超薄夜光学生电子腕表 1206, gintroduce=简约时尚超薄运动腕表, gcolorid=null, category1=101000, category2=1007000, gbrand=时刻美, gprice=76.0, ggrade=null, gcount=1746, gmaterial=null, hot=0]
Goods [gid=10876146, zpicture=http://p4.music.126.net/7wGbWPM89S1uIp9dQVklIA==/109951163781668809.jpg, gpicture=http://p4.music.126.net/7wGbWPM89S1uIp9dQVklIA==/109951163781668809.jpg,http://p4.music.126.net/aEgLcaZAW7UdRhZkvy2b7A==/109951163781666378.jpg,http://p3.music.126.net/UX1lgX9Akh4yNBpZUlt5oQ==/109951163781666859.jpg,http://p3.music.126.net/-aMt8phKWQY40neDi1aG_g==/109951163781674027.jpg,http://p4.music.126.net/Fx8VNxHZhyT5-4KgCC8pJQ==/109951163781671199.jpg,http://p4.music.126.net/UBRQsYOW0BOs2i4Lwp4-xA==/109951163781672633.jpg, gname=时刻美智能运动手表男消息提醒多功能计步防水学生时尚休闲电子表 1255, gintroduce=连处女座都无可挑剔的时尚智能手表, gcolorid=null, category1=101000, category2=1007000, gbrand=时刻美, gprice=138.0, ggrade=null, gcount=963, gmaterial=null, hot=0]
Goods [gid=10878063, zpicture=http://p3.music.126.net/uG1sZ6zhXdfC6CUmNHAYkQ==/109951164276137308.jpg, gpicture=http://p3.music.126.net/uG1sZ6zhXdfC6CUmNHAYkQ==/109951164276137308.jpg,http://p4.music.126.net/yJpaYXiqdhmws3dGQ3m-vg==/109951163781721713.jpg,http://p3.music.126.net/c3uuktRkwxFnIaaNaStbMA==/109951163781715944.jpg,http://p3.music.126.net/KhFCFZ_qvMwnRFHsXZUpTw==/109951163781723677.jpg,http://p3.music.126.net/jEDFTrDunQwlmJG0asdqdw==/109951163781727075.jpg,http://p3.music.126.net/rF7eiuyU_3nk7ZRd8l8tbw==/109951163781716894.jpg,http://p3.music.126.net/wR_HNbZSASl9BRJG7VzM9A==/109951163781723681.jpg,http://p4.music.126.net/AnpdTdUvSI3yB_f84U3kqA==/109951163781720776.jpg, gname=博之轮智能运动手表3D彩屏UI光学测心率睡眠计步来电信息提醒拍照IP67级防水 W30 , gintroduce=创意时尚智能手表，潮人首选。, gcolorid=null, category1=101000, category2=2028000, gbrand=博之轮（BOZLUN）, gprice=288.0, ggrade=null, gcount=2574, gmaterial=null, hot=0]
Goods [gid=10878139, zpicture=http://p3.music.126.net/LpKoOhINhKm_1Rd-DA99Nw==/109951163781693371.jpg, gpicture=http://p3.music.126.net/LpKoOhINhKm_1Rd-DA99Nw==/109951163781693371.jpg,http://p4.music.126.net/Llxi0cOEJvKin680i4BWQw==/109951163781697266.jpg,http://p4.music.126.net/1jeNz-s7oqxkAMaUWXAEXg==/109951163781690929.jpg,http://p4.music.126.net/3nreA8KVvIULsrfB9brVcQ==/109951163781697742.jpg,http://p3.music.126.net/_2zXLN3njABghgyTVapJ4w==/109951163781693857.jpg,http://p4.music.126.net/uJ-apUkNB7V67sUAgZ2zbg==/109951163781696278.jpg,http://p4.music.126.net/XrEhhcWNso6HQN4XpqJErg==/109951163781689496.jpg,http://p3.music.126.net/evi8uUWYj_7sE1ndWHGOow==/109951163781787002.jpg, gname=时刻美手表男士电子表运动手表学生闹钟秒表夜光防水多功能时尚腕表 1361 , gintroduce=时尚潮流多功能双显夜光防水运动腕表, gcolorid=null, category1=101000, category2=1007000, gbrand=时刻美, gprice=99.0, ggrade=null, gcount=2082, gmaterial=null, hot=0]
Goods [gid=10880086, zpicture=http://p3.music.126.net/F0eo4dL7QI0xcWqvwooSbQ==/109951163781697636.jpg, gpicture=http://p3.music.126.net/F0eo4dL7QI0xcWqvwooSbQ==/109951163781697636.jpg,http://p3.music.126.net/iS6kUbxWnrJyKY--EMNZcg==/109951163781691810.jpg,http://p4.music.126.net/KvfVtuh4hYdMoDAw2D5WxA==/109951163781688400.jpg,http://p3.music.126.net/QJ3dhrG3r96WMLqN53kINg==/109951163781696163.jpg,http://p4.music.126.net/f2kjJN9UOMfQuju0lEJOUA==/109951163781688404.jpg,http://p4.music.126.net/kYdoJ0NxEBQTCQ4SySujfQ==/109951163781688405.jpg, gname=时刻美手表女韩版简约时尚女表超薄防水进口机芯女士手表学生石英表 1463, gintroduce=韩版时尚简约女士石英表, gcolorid=null, category1=101000, category2=1007000, gbrand=时刻美, gprice=119.0, ggrade=null, gcount=1598, gmaterial=null, hot=0]
Goods [gid=10881119, zpicture=http://p4.music.126.net/2JBlxVZGHYg57NuflsSvGQ==/109951164276142744.jpg, gpicture=http://p4.music.126.net/2JBlxVZGHYg57NuflsSvGQ==/109951164276142744.jpg,http://p3.music.126.net/puC9uhZNkL6pmDzyjAu1eg==/109951163781735578.jpg,http://p4.music.126.net/B--TfRx1OyJrwm-ue7hG8A==/109951163781733188.jpg,http://p3.music.126.net/SJzO7AABSxN8YGJop9-fAg==/109951163781738077.jpg, gname=博之轮运动手表跑步测血压心率智能手环 B32, gintroduce=智能手环测血压心率，健康运动必备。, gcolorid=null, category1=101000, category2=2028000, gbrand=博之轮, gprice=188.0, ggrade=null, gcount=501, gmaterial=null, hot=1]
Goods [gid=10881206, zpicture=http://p3.music.126.net/sSf_kMQocMTkikpLo6MJlQ==/109951163781648924.jpg, gpicture=http://p3.music.126.net/sSf_kMQocMTkikpLo6MJlQ==/109951163781648924.jpg,http://p4.music.126.net/WsjC3szRcZaapRA-T1p4pw==/109951163781650877.jpg,http://p3.music.126.net/JUgcyNC5BFQcmlEknBy6pA==/109951163781650878.jpg,http://p4.music.126.net/WtUlSbq0GV2OodYEQuRjsQ==/109951163781656220.jpg,http://p4.music.126.net/rUmIi84_ZrJSyZ4EkDOKsA==/109951163781650880.jpg,http://p4.music.126.net/KyE7NAT8oA3V77QH-dZiFg==/109951163781647495.jpg,http://p3.music.126.net/L5hoPUrVf-xo4xDV3A4W4w==/109951163781659092.jpg,http://p3.music.126.net/FRA7gRmCNWiGYx88Z__d1g==/109951163781648934.jpg, gname=时刻美智能手表男士运动表多功能学生跑步蓝牙电子表 1227, gintroduce=智能时尚多功能户外运动蓝牙手表, gcolorid=null, category1=101000, category2=1007000, gbrand=时刻美, gprice=119.0, ggrade=null, gcount=3197, gmaterial=null, hot=2]
Goods [gid=10881207, zpicture=http://p4.music.126.net/1uyEO9mRpohICaoF0pwwAA==/109951163781673234.jpg, gpicture=http://p4.music.126.net/1uyEO9mRpohICaoF0pwwAA==/109951163781673234.jpg,http://p4.music.126.net/zNn80G0I1J6KEsxnTiv8IQ==/109951163781679022.jpg,http://p3.music.126.net/29dYG8CGLxHfEVWa8YzELA==/109951163781677085.jpg,http://p4.music.126.net/bq91AOFAPG3HNdwVWGZ9OA==/109951163781679514.jpg,http://p3.music.126.net/xNh8Q-YBT3SxP9ByCFXgFQ==/109951163781671876.jpg,http://p3.music.126.net/kspWaw5gg_SnriM4lHcNBQ==/109951163781668987.jpg,http://p4.music.126.net/m5lPpIZmqtvbNUaOMvrhTg==/109951163781668990.jpg, gname=时刻美手表男士智能运动表多功能计步蓝牙青少年学生电子表 1321, gintroduce=时尚，智能一表俱全, gcolorid=null, category1=101000, category2=1007000, gbrand=时刻美, gprice=99.0, ggrade=null, gcount=1890, gmaterial=null, hot=2]
Goods [gid=10884116, zpicture=http://p3.music.126.net/qgTkGFy-xdUkBDwKKApHWA==/109951163781643011.jpg, gpicture=http://p3.music.126.net/qgTkGFy-xdUkBDwKKApHWA==/109951163781643011.jpg,http://p4.music.126.net/tIsgdyyY5VjOuj8hbGv0Sg==/109951163781641616.jpg,http://p3.music.126.net/oKOOVqWZ_1F0ejdwQlCFHw==/109951163781643023.jpg,http://p3.music.126.net/TKLSsg31MSrBoaBRYTTqsA==/109951163781641151.jpg,http://p3.music.126.net/hSPVexHQlPGSoKsjlrUDvg==/109951163781640673.jpg,http://p3.music.126.net/1Xk07lClA8FB412AlIKiVA==/109951163781636279.jpg,http://p3.music.126.net/VBrpz30B4ZHbv4grySuGQQ==/109951163781644504.jpg,http://p3.music.126.net/oahcxcjWDhx2xbDrkJAjMA==/109951163781632458.jpg, gname=时刻美手表男士运动表多功能学生夜光电子表 1068, gintroduce=时尚高清大数显，释义你对运动 户外 生活的新领悟, gcolorid=null, category1=101000, category2=1007000, gbrand=时刻美, gprice=68.0, ggrade=null, gcount=2394, gmaterial=null, hot=2]
Goods [gid=10884117, zpicture=http://p3.music.126.net/CguNjXTID2jUWIjjO7_GrQ==/109951163781646306.jpg, gpicture=http://p3.music.126.net/CguNjXTID2jUWIjjO7_GrQ==/109951163781646306.jpg,http://p4.music.126.net/szq-KudiXQAtfjYJ5jdoeQ==/109951163781647708.jpg,http://p3.music.126.net/n-haKb8jHK1AgFwHNXcG7Q==/109951163781643922.jpg,http://p3.music.126.net/c_Hxs6n1KSkCWiYzRJv5Rg==/109951163781648219.jpg,http://p4.music.126.net/94PjfFKhVc2a_kAGaArCag==/109951163781644389.jpg,http://p4.music.126.net/pGlZz3cDjXTznYcBjadTrA==/109951163781645346.jpg,http://p3.music.126.net/JiKuRZTxKDlRrk-v73Ld-A==/109951163781649623.jpg,http://p3.music.126.net/t_P2wYV6_W4YeDmNrXxbVw==/109951163781653543.jpg, gname=时刻美手表男女超薄系列时尚简约石英学生手表 1181, gintroduce=沉稳有型，简约超薄，轻松hold住时尚, gcolorid=null, category1=101000, category2=1007000, gbrand=时刻美, gprice=99.0, ggrade=null, gcount=4099, gmaterial=null, hot=1]
Goods [gid=10888088, zpicture=http://p4.music.126.net/OV4s-IpBwkVMHlbSHB-j-Q==/109951164276147748.jpg, gpicture=http://p4.music.126.net/OV4s-IpBwkVMHlbSHB-j-Q==/109951164276147748.jpg,http://p3.music.126.net/pvZsDNO0_zz0MxT2Ltyuig==/109951163781771398.jpg,http://p3.music.126.net/6S9vhSfmR94lRGWjtziwnQ==/109951163781779119.jpg,http://p4.music.126.net/fCwFhwDkwDgMkA7VO7wKiw==/109951163781776168.jpg,http://p4.music.126.net/dpOmiNaIic4nGNcBJohi1g==/109951163781774230.jpg,http://p4.music.126.net/Dvj3V1-lcomrZwX7XMZy7w==/109951163781782074.jpg,http://p3.music.126.net/6S3Bbck75hjeD4Prnajffw==/109951163781772864.jpg,http://p3.music.126.net/1gE_ckl3IxaYh2Gf45d7SQ==/109951163781776666.jpg, gname=博之轮智能手表 运动健康手环 心率血氧睡眠监测 信息提醒 IP67级防水 B31, gintroduce=医疗级血氧认证，健康监测助手。, gcolorid=null, category1=101000, category2=2028000, gbrand=博之轮, gprice=419.0, ggrade=null, gcount=1782, gmaterial=null, hot=0]
Goods [gid=10888152, zpicture=http://p4.music.126.net/OBtc-S7XxdjaCLLBn2nnZA==/109951163781663775.jpg, gpicture=http://p4.music.126.net/OBtc-S7XxdjaCLLBn2nnZA==/109951163781663775.jpg,http://p3.music.126.net/zcNGSPSW_dcs6uqfyBYY-A==/109951163781664294.jpg,http://p3.music.126.net/YnmSAvlejSxTrveur_vZKQ==/109951163781660895.jpg,http://p3.music.126.net/_PbD7pqu9m35ikQzb4u0bg==/109951163781668686.jpg,http://p3.music.126.net/G_bzUyfYdz1x6emMfQEbCQ==/109951163781664300.jpg,http://p4.music.126.net/j6DqS6xmpUAO4Hs0S6Wx2Q==/109951163781660899.jpg,http://p4.music.126.net/BvI7Z4wnv6VlWP4_1angaw==/109951163781662351.jpg, gname=时刻美电子表男士成人学生闹钟特种兵数字式多功能防水运动手表 1251, gintroduce=户外运动多功能防水双时间腕表, gcolorid=null, category1=101000, category2=1007000, gbrand=时刻美, gprice=79.0, ggrade=null, gcount=1791, gmaterial=null, hot=1]
Goods [gid=10889131, zpicture=http://p3.music.126.net/pAUFqcG8LraTvIxxL8K3NA==/109951163781686967.jpg, gpicture=http://p3.music.126.net/pAUFqcG8LraTvIxxL8K3NA==/109951163781686967.jpg,http://p3.music.126.net/nX2AUyp37eBkbHFB2ffXuA==/109951163781690249.jpg,http://p3.music.126.net/Ej1U1eShannjKmXlnU-37A==/109951163781687880.jpg,http://p4.music.126.net/xkkEbmvvuBAvUgJ0D8hZ6w==/109951163781690256.jpg,http://p3.music.126.net/Jb08fWnIuw4Fn3wejKlupw==/109951163781693702.jpg,http://p4.music.126.net/qwJcUXdgG-XOgRupRBDhfA==/109951163781690258.jpg,http://p4.music.126.net/Px55_i8nz_U-r11VAQd5MQ==/109951163781691745.jpg,http://p3.music.126.net/OKnD-C-OtMyw4NZqvG99wA==/109951163781693707.jpg, gname=时刻美手表男女户外运动学生电子表夜光防水腕表 1445, gintroduce=简约时尚，多功能学生电子表, gcolorid=null, category1=101000, category2=1007000, gbrand=时刻美, gprice=78.0, ggrade=null, gcount=2495, gmaterial=null, hot=3]
Goods [gid=10889132, zpicture=http://p4.music.126.net/WhzlzKQAGUVDYlaQ2yMFwA==/109951163781694605.jpg, gpicture=http://p4.music.126.net/WhzlzKQAGUVDYlaQ2yMFwA==/109951163781694605.jpg,http://p4.music.126.net/5J8zaBZt_JdHD6wS8Hf8xw==/109951163781695573.jpg,http://p3.music.126.net/nAxgZbF2rwEymq6u6Bzoxw==/109951163781693145.jpg,http://p4.music.126.net/sKWf7wsGdiuQpvE-fIzn3Q==/109951163781692661.jpg,http://p3.music.126.net/IdLdJn3m5JgNt5UqDSE1ng==/109951163781693148.jpg,http://p4.music.126.net/hIbPtqh68MqeT43WQkk8uQ==/109951163781697527.jpg,http://p4.music.126.net/SGuO7Xp9SVCCjS2-MxOxOg==/109951163781689265.jpg,http://p3.music.126.net/0l70_f7okrZbbOyQp17kkw==/109951163781692672.jpg, gname=时刻美手表男电子表成人中学生青少年多功能运动防水潮流数字男表 1423, gintroduce=时尚多功能运动电子表, gcolorid=null, category1=101000, category2=1007000, gbrand=时刻美, gprice=78.0, ggrade=null, gcount=1788, gmaterial=null, hot=0]
Goods [gid=10890131, zpicture=http://p4.music.126.net/yeQHnIeIsvkgBUp3wMxTZg==/109951163781614776.jpg, gpicture=http://p4.music.126.net/yeQHnIeIsvkgBUp3wMxTZg==/109951163781614776.jpg,http://p4.music.126.net/-HPTX4JHnANLLRymvRakmA==/109951163781612839.jpg,http://p3.music.126.net/tURMysCrogJqyE3Plnh1Lg==/109951163781609948.jpg,http://p3.music.126.net/tQoFhVOJt9TXzdDuC4otfw==/109951163781619597.jpg,http://p3.music.126.net/Lt_21IPTsq8K7Lh9B7v-eg==/109951163781616270.jpg,http://p4.music.126.net/y61L7JE3xUZx7ZyMxXOxbg==/109951163781617688.jpg,http://p3.music.126.net/bEzqM6hSRL8trcgb5tWo0g==/109951163781628780.jpg,http://p4.music.126.net/m1DrSjYeWutMjv3LhwLIxg==/109951163781627317.jpg, gname=时刻美手表男士运动防水儿童初中学生特种兵韩版潮流青少年电子表 0955, gintroduce=酷感有型，潮流时尚，青少年学生夜光双显电子表, gcolorid=null, category1=101000, category2=1007000, gbrand=时刻美, gprice=78.0, ggrade=null, gcount=5588, gmaterial=null, hot=0]
Goods [gid=10890132, zpicture=http://p3.music.126.net/gaEcrCtzgCLVQsgsZwU9mg==/109951163781680835.jpg, gpicture=http://p3.music.126.net/gaEcrCtzgCLVQsgsZwU9mg==/109951163781680835.jpg,http://p4.music.126.net/P0WBFHrJf6IcieOvlup9fw==/109951163781677884.jpg,http://p4.music.126.net/p_cGdtP3y9hXqxb5rW9EaQ==/109951163781679828.jpg,http://p3.music.126.net/den-oGhmpi0CwF8cg6GsSw==/109951163781682709.jpg,http://p3.music.126.net/Yx4GVwsFNOqbWEDHvOQq4w==/109951163781676444.jpg,http://p3.music.126.net/iJtKcjJEzhBJ42m1KyKDiA==/109951163781686171.jpg,http://p4.music.126.net/318b4V_dEYFv8elqq2-q1Q==/109951163781675961.jpg,http://p3.music.126.net/UVgoEZIbVA53EUFijPWsDg==/109951163781687007.jpg, gname=时刻美手表男女超薄学生电子表简约时尚儿童石英表 1419, gintroduce=超薄简约时尚学生石英电子腕表, gcolorid=null, category1=101000, category2=1007000, gbrand=时刻美, gprice=79.0, ggrade=null, gcount=1267, gmaterial=null, hot=0]
Goods [gid=10891116, zpicture=http://p3.music.126.net/A9u9cIgc4sPzV_QVfsxVvQ==/109951163781712895.jpg, gpicture=http://p3.music.126.net/A9u9cIgc4sPzV_QVfsxVvQ==/109951163781712895.jpg,http://p4.music.126.net/zIlpeWO_cRI3s-cvYNJq0A==/109951163781711378.jpg,http://p3.music.126.net/kfid7MyWlUgJDqZ6MHBrdg==/109951163781719063.jpg,http://p4.music.126.net/40agmvuLRrcwkHuJH1QDvw==/109951163781718080.jpg,http://p4.music.126.net/qExtySBGST1cxaIXXJSPKA==/109951163781709382.jpg,http://p4.music.126.net/pdFjHD_2XCC8XPsnxiRZdQ==/109951163781710904.jpg,http://p4.music.126.net/inBHV4xE057pZnFEIvirrg==/109951163781714769.jpg,http://p4.music.126.net/Elnty0UNGKX1Zau-WfntZQ==/109951163781782877.jpg, gname=时刻美手表男士运动经典情侣时尚学生石英腕表 9120, gintroduce=简约时尚情侣石英对表, gcolorid=null, category1=101000, category2=1007000, gbrand=时刻美, gprice=99.0, ggrade=null, gcount=1872, gmaterial=null, hot=2]
Goods [gid=11059083, zpicture=http://p3.music.126.net/XjSjzAh15ltld7zhg2x7qA==/109951163830050054.jpg, gpicture=http://p3.music.126.net/XjSjzAh15ltld7zhg2x7qA==/109951163830050054.jpg,http://p3.music.126.net/9n4wVk6T2icCnzv8YB8SDg==/109951164113314303.jpg,http://p4.music.126.net/C8T9h_4-8qtVLT7dJgDdAQ==/109951164113322519.jpg,http://p4.music.126.net/lJDLn8aIzKke0yGobh-DKA==/109951164113311866.jpg,http://p4.music.126.net/_FcQkPDc6r_zLS7wzk2EkA==/109951164113322520.jpg,http://p3.music.126.net/OZI_pgSYAeJQq9kqRXTbWA==/109951163830015583.jpg, gname=网易三音云音箱, gintroduce=【新品】澎湃低音还原人声，真实耐听；云音乐智能推荐算法，懂你的贴心语音助手！, gcolorid=null, category1=101000, category2=1009006, gbrand=网易云音乐, gprice=1399.0, ggrade=null, gcount=498, gmaterial=null, hot=0]
Goods [gid=11098122, zpicture=http://p4.music.126.net/_EmLELwUsVTyjb9ivJpYQw==/109951163794300181.jpg, gpicture=http://p4.music.126.net/_EmLELwUsVTyjb9ivJpYQw==/109951163794300181.jpg,http://p4.music.126.net/QwzX3GLIn_Pu6E3QRvEE1w==/109951163794301660.jpg,http://p3.music.126.net/hwVzgt4IHQD4RJNbo48tVQ==/109951163794306037.jpg,http://p4.music.126.net/6ql9NJ2Wx0F27Ru1-X5u3A==/109951163794303627.jpg,http://p4.music.126.net/D_V8DLc_Jb7DfutnDj9QSg==/109951163794305088.jpg,http://p3.music.126.net/EIXKjysmyLqWT7H0zBk81A==/109951163794300719.jpg, gname=铁三角 CKR7TW 高品质轻量化 真无线耳机 APT-X编解码 AAC解码 蓝牙5.0, gintroduce=APT-X编解码，AAC解码，蓝牙5.0，音响级芯片，长久续航，精雕细琢，轻巧稳固, gcolorid=null, category1=101000, category2=1005000, gbrand=铁三角, gprice=1780.0, ggrade=null, gcount=17, gmaterial=null, hot=1]
Goods [gid=11100096, zpicture=http://p4.music.126.net/iFFCcDpWTv896B8BN6RxVg==/109951163794328233.jpg, gpicture=http://p4.music.126.net/iFFCcDpWTv896B8BN6RxVg==/109951163794328233.jpg,http://p4.music.126.net/FX7tkkROsNEmry0chwHwHA==/109951163794321429.jpg,http://p3.music.126.net/Ph8ELoa6lBubIfNXaJIlZQ==/109951163794323436.jpg,http://p4.music.126.net/wfIIRyA24QcoeTHPhx5ilA==/109951163794322489.jpg, gname=铁三角 SR30BT 高品质hifi头戴式耳机 蓝牙5.0 CD级音质 可旋转折叠, gintroduce=40mm新驱动单元，蓝牙5.0，带来丰富饱满的CD级音质，可旋转折叠，长久续航，舒适佩戴，出门更放心, gcolorid=null, category1=101000, category2=1005000, gbrand=铁三角, gprice=899.0, ggrade=null, gcount=32, gmaterial=null, hot=0]
Goods [gid=11101084, zpicture=http://p3.music.126.net/ete611-4cgD6YItlihls-g==/109951163794310891.jpg, gpicture=http://p3.music.126.net/ete611-4cgD6YItlihls-g==/109951163794310891.jpg,http://p3.music.126.net/TgRWR4C7ojqLhRFVMgbeNQ==/109951163794314278.jpg,http://p4.music.126.net/IZUmaHJLC51mtJl-cTzlcg==/109951163794309934.jpg,http://p4.music.126.net/qBMDeJm-VJypxUGvNWo0OQ==/109951163794305994.jpg,http://p3.music.126.net/ttWuLp2P41c1vERZMvr-pw==/109951163794311428.jpg,http://p3.music.126.net/rayHz5lfOpipVjuy89XoGw==/109951163794309951.jpg, gname=铁三角 SPORT7TW 高品质轻量化 真无线耳机 感应触控 IPX5防水 蓝牙5.0 快充技术, gintroduce=感应触控，尽在掌握；IPX5防水；蓝牙5.0，传输更稳定；快充技术，充电10分钟，续航45分钟, gcolorid=null, category1=101000, category2=1005000, gbrand=铁三角, gprice=1580.0, ggrade=null, gcount=19, gmaterial=null, hot=0]
Goods [gid=11114001, zpicture=http://p3.music.126.net/8FXYL-8-7ua9tGlZScBVaA==/109951163796459388.jpg, gpicture=http://p3.music.126.net/8FXYL-8-7ua9tGlZScBVaA==/109951163796459388.jpg,http://p3.music.126.net/LBZRdGoS_XCYAOJ3tytoXg==/109951163796459895.jpg,http://p3.music.126.net/_FtaSjFlMs591edXw0afyQ==/109951163796462410.jpg,http://p3.music.126.net/RjAIUeqk1G_FeLvD_8yAAA==/109951163796469210.jpg,http://p3.music.126.net/Y0H2ajw1FHn6VgcePo124Q==/109951163796459924.jpg, gname=苹果安卓电脑三合一手机U盘32G-256G可选, gintroduce=支持视频下载 手机图片备份 拍照直存, gcolorid=null, category1=101000, category2=1007000, gbrand=恒天鸿业, gprice=129.0, ggrade=null, gcount=5869, gmaterial=null, hot=2]
Goods [gid=11165007, zpicture=http://p3.music.126.net/lO0I_QH7eRgzHCBsiJGzfg==/109951163809678434.jpg, gpicture=http://p3.music.126.net/lO0I_QH7eRgzHCBsiJGzfg==/109951163809678434.jpg,http://p4.music.126.net/VElbYVJrAqJasvHdZVhmaA==/109951163809680812.jpg,http://p3.music.126.net/7GldlCTtluvI3w3lYxIFsw==/109951163809685230.jpg,http://p3.music.126.net/-G5-lip_hLppO7a3HDiB-w==/109951163809682310.jpg, gname=skullcandy set 骷髅头运动跑步线控通用入耳式耳机防汗带麦耳塞, gintroduce=19年新品耳机 运动耳机 有线带麦耳机, gcolorid=null, category1=101000, category2=1005000, gbrand=骷髅头（skullcandy）, gprice=249.0, ggrade=null, gcount=28, gmaterial=null, hot=1]
Goods [gid=11235006, zpicture=http://p4.music.126.net/yq2uMw70fJhqgjjv_aBH_w==/109951164059282045.jpg, gpicture=http://p4.music.126.net/yq2uMw70fJhqgjjv_aBH_w==/109951164059282045.jpg,http://p3.music.126.net/a3O2zyMaRsybyMqgkty9mA==/109951164059281079.jpg,http://p4.music.126.net/XRvNGlh-MiOq1aCUYenWtg==/109951164059282571.jpg,http://p4.music.126.net/JmIWXRRbMWNETATto3d6wQ==/109951164059270980.jpg, gname=Happy Plugs 大理石粉 iPhone苹果X/XS手机保护壳, gintroduce=下单请注意手机壳型号；瑞典潮牌，个性张扬，轻时尚，潮流配饰, gcolorid=null, category1=101000, category2=1005000, gbrand=Happy Plugs, gprice=99.0, ggrade=null, gcount=2, gmaterial=null, hot=0]
Goods [gid=11237006, zpicture=http://p4.music.126.net/562a9zgUZDFoSBcj398buQ==/109951163876869954.jpg, gpicture=http://p4.music.126.net/562a9zgUZDFoSBcj398buQ==/109951163876869954.jpg,http://p4.music.126.net/T6X8UNDpCtclEBEX6FWmsw==/109951163876873787.jpg,http://p3.music.126.net/-K1IBMv-ws1GkSW8NAkTiQ==/109951163876878559.jpg,http://p4.music.126.net/zmpwZUwkust98CVpSv4A3Q==/109951163876875667.jpg,http://p3.music.126.net/V4QmcJfmHPtVTTNRSIcGhg==/109951163876867892.jpg,http://p3.music.126.net/6Ss5LAIsEopeA_VIN_MEwQ==/109951163876867895.jpg,http://p4.music.126.net/kGEQHOXAX8_1N1UbumbFqw==/109951163876871366.jpg,http://p4.music.126.net/kJ6Fu0ZDsA6xsn4DRNlbMA==/109951163876867902.jpg, gname=时刻美（skmei） 手表男士时尚防水日历石英表商务休闲金表 9166, gintroduce=男士金表，大金表，时尚男表, gcolorid=null, category1=101000, category2=1007000, gbrand=时刻美, gprice=198.0, ggrade=null, gcount=3198, gmaterial=null, hot=2]
Goods [gid=11239009, zpicture=http://p4.music.126.net/IHYobADjni4QphXswsARUQ==/109951164276150786.jpg, gpicture=http://p4.music.126.net/IHYobADjni4QphXswsARUQ==/109951164276150786.jpg,http://p4.music.126.net/kGFzV5BOWIWTb7YtJh_3cQ==/109951163876803505.jpg,http://p3.music.126.net/QgCJYZRyFn_rY4ULf9mmxQ==/109951163876795845.jpg,http://p3.music.126.net/aGnSH1wyObRjk_MupnWSUg==/109951163876801108.jpg,http://p3.music.126.net/3zttPHZF83l4GLLMv65PSw==/109951163876794317.jpg,http://p3.music.126.net/ruxPoGOS0lCDmLz-Y9iT6w==/109951163876791448.jpg,http://p4.music.126.net/s-SBWifDEdVgyQVf9-THjg==/109951163876793842.jpg,http://p3.music.126.net/ehQ60j9-LdnLqZQG5wRoBQ==/109951163876803069.jpg, gname=博之轮（BOZLUN）僵小鱼联名同款 女士手表超薄时尚石英表韩版简约防水钢带腕表 抖音同款, gintroduce=僵小鱼同款手表 女士手表 抖音同款, gcolorid=null, category1=101000, category2=1007000, gbrand=博之轮（BOZLUN）, gprice=298.0, ggrade=null, gcount=2400, gmaterial=null, hot=0]
Goods [gid=11243012, zpicture=http://p4.music.126.net/9ChfA7pQTIu6aCYiJNXiBw==/109951163876919496.jpg, gpicture=http://p4.music.126.net/9ChfA7pQTIu6aCYiJNXiBw==/109951163876919496.jpg,http://p4.music.126.net/l2_HD8HN9a2-fJjQhsbO4A==/109951163876931516.jpg,http://p3.music.126.net/PlvI5-AOjgimc0_peohsug==/109951163876920911.jpg,http://p4.music.126.net/9KoOkbETr8LMGpFh6YgZyA==/109951163876924195.jpg,http://p4.music.126.net/ywLjpmRogXwTdG7IzdovMw==/109951163876924202.jpg,http://p4.music.126.net/Rk0S_warc-uxEF2QY-cF3g==/109951163876925697.jpg,http://p4.music.126.net/T-5OoD13ZEJGeCnb64821w==/109951163876921879.jpg,http://p3.music.126.net/_X4NnYASFwOD1MI6apqEwQ==/109951163876928597.jpg, gname=时刻美（skmei） 手表女时尚简约星空镶钻腕表防水休闲百搭石英表 抖音同款9180, gintroduce=时尚女表，简约女表，星空女表，抖音同款, gcolorid=null, category1=101000, category2=1007000, gbrand=时刻美, gprice=138.0, ggrade=null, gcount=3195, gmaterial=null, hot=6]
Goods [gid=11245008, zpicture=http://p3.music.126.net/nZisVBYk9kxmYdMvZso1XA==/109951163876843073.jpg, gpicture=http://p3.music.126.net/nZisVBYk9kxmYdMvZso1XA==/109951163876843073.jpg,http://p4.music.126.net/r5-qV5FReueLz_ewPoEZoA==/109951163876842593.jpg,http://p4.music.126.net/wXKe3nR0pavycKL9bOWxEw==/109951163876835341.jpg,http://p4.music.126.net/hNfuX9gau0LuHROjiB7geg==/109951163876839150.jpg,http://p3.music.126.net/MRLn152jmjw1Lt4n2T_G_Q==/109951163876843060.jpg,http://p4.music.126.net/EMWHUz_HFnrXGZhH_figEA==/109951163876833421.jpg, gname=时刻美（skmei ）手表男士创意电子表个性石英腕表, gintroduce=创意手表，个性手表, gcolorid=null, category1=101000, category2=1007000, gbrand=时刻美, gprice=118.0, ggrade=null, gcount=1587, gmaterial=null, hot=1]
Goods [gid=11245009, zpicture=http://p4.music.126.net/PHw3kFE1hCY9pUTUNATNUA==/109951163877302158.jpg, gpicture=http://p4.music.126.net/PHw3kFE1hCY9pUTUNATNUA==/109951163877302158.jpg,http://p3.music.126.net/T69RwY2FrmKtOrZfB9aF2w==/109951163877295421.jpg,http://p4.music.126.net/0havJxv_AwWd3UV0EJNrhQ==/109951163877297867.jpg,http://p4.music.126.net/yIwnWv1BUtPNYPTx7FfsWg==/109951163877302177.jpg, gname=skullcandy push 真无线蓝牙入耳式耳机, gintroduce=19年新品真无线蓝牙耳机 入耳佩戴舒适 续航持久 , gcolorid=null, category1=101000, category2=1005000, gbrand=骷髅头（skullcandy）, gprice=959.0, ggrade=null, gcount=3, gmaterial=null, hot=0]
Goods [gid=11247004, zpicture=http://p3.music.126.net/EN0bxiYRh15Z_gla1or2Rg==/109951163876959001.jpg, gpicture=http://p3.music.126.net/EN0bxiYRh15Z_gla1or2Rg==/109951163876959001.jpg,http://p3.music.126.net/LLKqALKNNMR1Mevv823gaQ==/109951163876949379.jpg,http://p3.music.126.net/00rK2O0X7qeJ-J1Ve3kgOQ==/109951163876954160.jpg,http://p3.music.126.net/-j8aCIlW1P8ENZItSDLmyg==/109951163876958508.jpg,http://p4.music.126.net/ohM1BR13wWd7AOLMzqJjlQ==/109951163876946472.jpg,http://p3.music.126.net/YtR5sV-PA8817u4kL_VevQ==/109951163876948408.jpg,http://p4.music.126.net/HAQjmwYFW9NMF_7bJW11ww==/109951163876949867.jpg, gname=时刻美 （skmei） 手表女士时尚学生罗马刻度石英电子腕表 9075, gintroduce=时尚女表，简约女表，学生手表, gcolorid=null, category1=101000, category2=1007000, gbrand=时刻美, gprice=128.0, ggrade=null, gcount=1598, gmaterial=null, hot=0]
Goods [gid=11276005, zpicture=http://p4.music.126.net/qjEKYkcVrpof9MC63bNHYw==/109951163881377781.jpg, gpicture=http://p4.music.126.net/qjEKYkcVrpof9MC63bNHYw==/109951163881377781.jpg, gname=PETS ROCK购物袋 老佛爷款, gintroduce=宠物摇滚英国潮牌 40X50CM 尼龙材质 数码印花, gcolorid=null, category1=1008002, category2=1010004, gbrand=PETS ROCK, gprice=158.0, ggrade=null, gcount=6, gmaterial=null, hot=5]
Goods [gid=11277003, zpicture=http://p3.music.126.net/RETgnh1ameFf9aqHxNr-jw==/109951163881390285.jpg, gpicture=http://p3.music.126.net/RETgnh1ameFf9aqHxNr-jw==/109951163881390285.jpg, gname=PETS ROCK 抱枕 老佛爷款, gintroduce=宠物摇滚英国潮牌 45X45CM 水晶超柔 PP棉填充 数码印花, gcolorid=null, category1=1008002, category2=1010004, gbrand=PETS ROCK, gprice=108.0, ggrade=null, gcount=31, gmaterial=null, hot=0]
Goods [gid=11328012, zpicture=http://p3.music.126.net/4U6J55BZOWPrti3rt-fWEg==/109951163896490234.jpg, gpicture=http://p3.music.126.net/4U6J55BZOWPrti3rt-fWEg==/109951163896490234.jpg,http://p3.music.126.net/iVfHBZ_BjlJHg93DUp0wAA==/109951163896484457.jpg,http://p3.music.126.net/BRGx9NHN1EEtWYCBK6QURQ==/109951163896492729.jpg,http://p3.music.126.net/n_wDQb1AZ3gWyJ9hIVAaiQ==/109951163896493246.jpg,http://p3.music.126.net/JgdY7yefQ98yaQJHldZR3w==/109951163896488335.jpg, gname=Disney 迪士尼90周年A5皮面手帐本 IMQ91202, gintroduce=空白+网格内页 灰白2色可选, gcolorid=null, category1=1008002, category2=1010004, gbrand=Disney , gprice=16.9, ggrade=null, gcount=276, gmaterial=null, hot=0]
Goods [gid=11341007, zpicture=http://p3.music.126.net/06Dzn-6H3Znb7Fs6NLMcEQ==/109951163908871735.jpg, gpicture=http://p3.music.126.net/06Dzn-6H3Znb7Fs6NLMcEQ==/109951163908871735.jpg,http://p4.music.126.net/zbVPXtvJahgG351zyYH56g==/109951163908870368.jpg,http://p4.music.126.net/Cc5Yy98mP4wnhehY6cv9KQ==/109951163908868359.jpg,http://p3.music.126.net/ZXpxQ4XhbUlorpQJPZx5PA==/109951163908864464.jpg,http://p4.music.126.net/dgG84OGD-fBIGIgDyjHVzw==/109951163908873153.jpg, gname=卡通合金音乐人U盘8-128G可选定制个性签名, gintroduce=可备注刻字 个性签名 锌金材质 卡通可爱, gcolorid=null, category1=101000, category2=1007000, gbrand=恒天鸿业, gprice=39.0, ggrade=null, gcount=11503, gmaterial=null, hot=4]
Goods [gid=11380009, zpicture=http://p3.music.126.net/UkBPdLzqKAaAmPeiQPH5uw==/109951163907242449.jpg, gpicture=http://p3.music.126.net/UkBPdLzqKAaAmPeiQPH5uw==/109951163907242449.jpg,http://p3.music.126.net/0abMeYQDawJsXJrmrY4n7A==/109951163907247250.jpg,http://p3.music.126.net/Bg-6Kw0phGT_NYzhWcACPw==/109951163907246272.jpg,http://p4.music.126.net/dnhOEGZICA-Mgxho6EUbMQ==/109951163907252549.jpg,http://p4.music.126.net/rICJ74dbwi6pL3UboADT1g==/109951163907252567.jpg,http://p3.music.126.net/VvRXeqnAI_H1kUfPzQQKqA==/109951163907242939.jpg,http://p4.music.126.net/cOj8T2rqRgYtbFWoL5Jg6A==/109951163907243434.jpg, gname=乐心 S7 智能电子体脂体重秤 WiFi同步 体型分析 CFDA认证, gintroduce=CFDA专业认证；BIA生物测量技术；29项身体数据；智能呼吸灯；WiFi同步数据；简约造型, gcolorid=null, category1=101000, category2=2028000, gbrand=乐心, gprice=369.0, ggrade=null, gcount=5, gmaterial=null, hot=0]
Goods [gid=11380013, zpicture=http://p3.music.126.net/tpbc_TG4aDVwCtGQKdCpGA==/109951164008984443.jpg, gpicture=http://p3.music.126.net/tpbc_TG4aDVwCtGQKdCpGA==/109951164008984443.jpg,http://p3.music.126.net/De5TyCjilLsdhmQptftqPQ==/109951164008987244.jpg,http://p4.music.126.net/ceh_CmffHVAjspvHQO4Jyw==/109951164008994006.jpg,http://p3.music.126.net/RvdcfylbIwnbcf8oamnATg==/109951164008989226.jpg,http://p4.music.126.net/ixLRaYe_0UByW8MmW9A6kg==/109951164008980497.jpg,http://p4.music.126.net/mtRs-hFKAUG5eGU9id9v_Q==/109951164008994501.jpg,http://p3.music.126.net/oNcXa1lVWeL6_9BdB_ZGMA==/109951164008990685.jpg, gname=乐心 ziva 智能心率运动手环 即插即充 金属机身 来电拒接 专属二维码, gintroduce=全天候心率监测；GPS运动轨迹记录；四核处理器；来电拒接；专属二维码；腕带出众, gcolorid=null, category1=101000, category2=2028000, gbrand=乐心, gprice=269.0, ggrade=null, gcount=15, gmaterial=null, hot=3]
Goods [gid=11382009, zpicture=http://p3.music.126.net/41mqwqjVGg4n8BdjI5CCAw==/109951163907442791.jpg, gpicture=http://p3.music.126.net/41mqwqjVGg4n8BdjI5CCAw==/109951163907442791.jpg,http://p3.music.126.net/QUzxdgSlPQgpQC0pWPYvaQ==/109951163907440364.jpg,http://p3.music.126.net/azcarvLcKmbTWmTswPhpzw==/109951163907442810.jpg,http://p3.music.126.net/OTREHwk0F_nirjCf25YrDQ==/109951163907443292.jpg, gname=乐心 Mambo5 智能手环 心率手环 运动手环 彩屏触控 快捷支付, gintroduce=26万色真彩屏；离线支付；11种锻炼模式；库珀有氧训练；全天候心率监测, gcolorid=null, category1=101000, category2=2028000, gbrand=乐心, gprice=199.0, ggrade=null, gcount=9, gmaterial=null, hot=0]
Goods [gid=11383005, zpicture=http://p3.music.126.net/lVYTf92AXFs4F1LISMm5Kg==/109951163907228818.jpg, gpicture=http://p3.music.126.net/lVYTf92AXFs4F1LISMm5Kg==/109951163907228818.jpg,http://p3.music.126.net/kvwcm7sAQTytGeY7KqR0Bg==/109951163907232662.jpg,http://p4.music.126.net/7c4URYxKxxzGZW8GoyITQw==/109951163907230727.jpg,http://p4.music.126.net/3S_AwujUg8iqaii31zN5Fw==/109951163907231730.jpg,http://p3.music.126.net/nBocxDLalliFX9t6WOWl9w==/109951163907229338.jpg,http://p4.music.126.net/yUGioYOgOp7yMEf86MjhTQ==/109951163907227894.jpg, gname=乐心 S5 智能电子体脂体重秤 WiFi连接 数据分享 CFDA认证, gintroduce=CFDA专业认证；WiFi连接，数据上传至微信；29项身体数据；体型分析；四核传感器, gcolorid=null, category1=101000, category2=2028000, gbrand=乐心, gprice=199.0, ggrade=null, gcount=5, gmaterial=null, hot=2]
Goods [gid=11386007, zpicture=http://p4.music.126.net/s7NEtqh7cWXjvEven8gVZQ==/109951163907390337.jpg, gpicture=http://p4.music.126.net/s7NEtqh7cWXjvEven8gVZQ==/109951163907390337.jpg,http://p4.music.126.net/DFSNP2MpbPULpXSPGITimA==/109951163907389445.jpg,http://p3.music.126.net/HTZrA8m_OvYAvbcAttNYFw==/109951163907388935.jpg,http://p3.music.126.net/I6SboIyc2sSRJRoLED4jZQ==/109951163907389449.jpg,http://p3.music.126.net/rDfHOBadOXFw_3XCiBmGHA==/109951163907393717.jpg,http://p3.music.126.net/A_JpG5gKLgpTdUnmL9bW6Q==/109951163907387982.jpg,http://p3.music.126.net/VmrHj9SWmJ7zdAeN-egsJw==/109951163907391840.jpg, gname=乐心 Mambo HR 智能心率监测多功能运动手环, gintroduce=全天候心率连续监测；自动同步微信数据；来电震动提醒；USB直插充电设计；IP67防水级别, gcolorid=null, category1=101000, category2=2028000, gbrand=乐心, gprice=199.0, ggrade=null, gcount=98, gmaterial=null, hot=0]
Goods [gid=11386008, zpicture=http://p3.music.126.net/h6kjZcArSpZNLE-czCue1Q==/109951163907461602.jpg, gpicture=http://p3.music.126.net/h6kjZcArSpZNLE-czCue1Q==/109951163907461602.jpg,http://p4.music.126.net/Y9Rm9aIt-3UOIPxZLQZgFA==/109951163907457724.jpg,http://p3.music.126.net/78NqHBsOW5iG1RldV6dxnw==/109951163907455827.jpg,http://p4.music.126.net/QbT9-hPScM6NJhwxfWlnCQ==/109951163907459233.jpg,http://p3.music.126.net/e3ZhGoekP4spIHGJea6YIQ==/109951163907456788.jpg,http://p3.music.126.net/jPK4nyCHaYS8MJwXPQmkDg==/109951163907455357.jpg,http://p4.music.126.net/ZmOGPrrt1UamYhXoNceqdA==/109951163907460171.jpg, gname=乐心 Lifesense3 智能心率运动健康手环 医用级腕带 IP68防水, gintroduce=有氧能力训练；12种运动模式；运动心率预警；运动轨迹记录；IP68级防水, gcolorid=null, category1=101000, category2=2028000, gbrand=乐心, gprice=249.0, ggrade=null, gcount=10, gmaterial=null, hot=0]
Goods [gid=11431000, zpicture=http://p4.music.126.net/fSylIQfwOYa6soLgaWu1pw==/109951163910864381.jpg, gpicture=http://p4.music.126.net/fSylIQfwOYa6soLgaWu1pw==/109951163910864381.jpg,http://p4.music.126.net/WxED6fFWJttLmzcX_fUrYA==/109951163910869136.jpg,http://p3.music.126.net/1p8PCGYA7xaG6i_nXE16Vg==/109951163910860471.jpg,http://p4.music.126.net/iRXRB4-hT3RLYE59mOerMg==/109951163910867682.jpg, gname=乐心 A1-F 智能电子体脂体重秤 18项身体数据 , gintroduce=18项身体数据，系统管理体型；BIA技术加持，精准度更可靠；斤/公斤随意切换, gcolorid=null, category1=101000, category2=2028000, gbrand=乐心, gprice=149.0, ggrade=null, gcount=4, gmaterial=null, hot=0]
Goods [gid=11434006, zpicture=http://p3.music.126.net/6HcCnbg1iNZIh_4B7Gf2hA==/109951163911299005.jpg, gpicture=http://p3.music.126.net/6HcCnbg1iNZIh_4B7Gf2hA==/109951163911299005.jpg,http://p3.music.126.net/ZLJqOgq8fbxNmCmx7t8kgg==/109951163911234330.jpg,http://p4.music.126.net/2jeYi1Ax8CepATLtl5hXrw==/109951163911232916.jpg,http://p4.music.126.net/dyu6fEGvXMEmkGByTAo5wQ==/109951163911244035.jpg,http://p3.music.126.net/SIy7pHrjtmhhYzD_HGlHxQ==/109951163911242100.jpg,http://p4.music.126.net/3h52Vh8RLcLwxXrgm3X-bg==/109951163911234861.jpg, gname=兰士顿 音乐通话耳机 苹果安卓手机通用 带麦线控M420, gintroduce=音质好 14.2MM大发声单元 半耳式 佩戴舒适 线控带麦 苹果安卓手机通用, gcolorid=null, category1=101000, category2=1005000, gbrand=兰士顿, gprice=49.0, ggrade=null, gcount=2300, gmaterial=null, hot=0]
Goods [gid=11446143, zpicture=http://p4.music.126.net/gtjO325tE4VlHCTjo23WjQ==/109951163940489901.jpg, gpicture=http://p4.music.126.net/gtjO325tE4VlHCTjo23WjQ==/109951163940489901.jpg, gname=先锋（Pioneer）DKMT01 Type-C扩展坞转HDMI VGA千兆网数据线, gintroduce=【精选好物】USB3.0；四合一多功能适配器；传输稳定；体积轻巧, gcolorid=null, category1=101000, category2=1007000, gbrand=先锋（Pioneer）, gprice=159.0, ggrade=null, gcount=46, gmaterial=null, hot=0]
Goods [gid=11449005, zpicture=http://p4.music.126.net/K2Yrygs9JT2WgIz45oVd-g==/109951164204367689.jpg, gpicture=http://p4.music.126.net/K2Yrygs9JT2WgIz45oVd-g==/109951164204367689.jpg,http://p4.music.126.net/yab5aaiY49uvDUWSGu8pag==/109951164064515483.jpg,http://p3.music.126.net/aYKL02m5I0MscqpUIgmioQ==/109951164075588399.jpg,http://p4.music.126.net/1VftHO1sL4ekVTu75tcqDA==/109951164075587416.jpg,http://p4.music.126.net/1Q1Bba7CZ9nzDZ3LSP5zng==/109951164075593212.jpg,http://p4.music.126.net/_wrTneQRX8iEkoqnUlWpnA==/109951164075589789.jpg,http://p4.music.126.net/oPDmESfTNem_D4WRywOTEw==/109951163924098120.jpg, gname=网易云音乐 云石蓝牙音箱, gintroduce=澎湃重低音，8W大功率扬声器；12小时长效续航；IPX5级纳米防水, gcolorid=null, category1=101000, category2=1009006, gbrand=网易云音乐, gprice=299.0, ggrade=null, gcount=754, gmaterial=null, hot=0]
Goods [gid=11450213, zpicture=http://p3.music.126.net/1jGCOwMlPBvillyAPgGSNg==/109951163951013900.jpg, gpicture=http://p3.music.126.net/1jGCOwMlPBvillyAPgGSNg==/109951163951013900.jpg,http://p3.music.126.net/0JzG-VQN_izyJx7FykEkaw==/109951163951020177.jpg,http://p4.music.126.net/y7LJIep_5admftAccb0tOQ==/109951163951023109.jpg,http://p3.music.126.net/ths0GaXMkHh5z75ONhb7AA==/109951163951015422.jpg,http://p4.music.126.net/6SSD7jTJBs_-VX2WWUZj0Q==/109951163951014881.jpg,http://p4.music.126.net/6yB25Kq0lC8YbHYhmju34g==/109951163951021163.jpg, gname=《都挺好》高质感A4横式加厚文件夹板 FZ006380, gintroduce=/折页板夹/彩色档案夹 , gcolorid=null, category1=1008002, category2=1010004, gbrand=都挺好, gprice=30.0, ggrade=null, gcount=923, gmaterial=null, hot=1]
Goods [gid=11460065, zpicture=http://p3.music.126.net/QLe6QYmoe0_8V5LpsfGDYg==/109951164122366586.jpg, gpicture=http://p3.music.126.net/QLe6QYmoe0_8V5LpsfGDYg==/109951164122366586.jpg,http://p4.music.126.net/cdXB7jSxy7BwxEDP6_pZoQ==/109951163940557156.jpg,http://p4.music.126.net/sJMfa5kbeAMq0YwnfBLXew==/109951163927254233.jpg,http://p3.music.126.net/r4e9SDjWrfzeRcPqurNaKw==/109951163927249411.jpg,http://p4.music.126.net/OfLEppWzJAfj_J7eQK1gIA==/109951163927251790.jpg,http://p3.music.126.net/c4NXNgfDbYabh4s5aiP3FA==/109951163927256178.jpg,http://p4.music.126.net/m9jjOrQ-AWormt7Q5flfsA==/109951163927259571.jpg,http://p3.music.126.net/s-xfzDD6wxKGTP4SI-ac4A==/109951163927258633.jpg, gname=伯朗 BS01真无线蓝牙耳机触控蓝牙5.0安卓苹果通用, gintroduce=灵敏触控 瑞昱蓝牙5.0 增强信号 重低音 自动连接 双耳通话【赠耳机收纳盒、耳套】, gcolorid=null, category1=101000, category2=1005000, gbrand=伯朗, gprice=299.0, ggrade=null, gcount=421, gmaterial=null, hot=0]
Goods [gid=11460167, zpicture=http://p4.music.126.net/QquJawGz4j1jHwA2SU3S8g==/109951163950765820.jpg, gpicture=http://p4.music.126.net/QquJawGz4j1jHwA2SU3S8g==/109951163950765820.jpg,http://p4.music.126.net/87LoYm20M7Nu2b96PTnfDg==/109951164172966119.jpg,http://p4.music.126.net/K-JzJjtUu7Ww0JVp6fz1iw==/109951164172957928.jpg,http://p3.music.126.net/1Sf0Ft8WwEQLWx5sbTshCg==/109951164172968041.jpg,http://p4.music.126.net/J1Ky6YHfXK8bMebSKpNLbQ==/109951164172961353.jpg,http://p3.music.126.net/gKQwwuCmE0RBbAe_TtFqGw==/109951164172968539.jpg,http://p3.music.126.net/4MIUIroKBX3FJQS3giF6uA==/109951164172961360.jpg,http://p4.music.126.net/CnqIUUuI4OgdEc-bHO0jgw==/109951164172967568.jpg, gname=漫步者（EDIFIER）W200BT 无线蓝牙入耳式运动耳机磁吸耳塞, gintroduce=高通蓝牙5.0；支持APP；简约轻量化设计；双重防汗渍；磁吸便捷收纳；支持一拖二功能, gcolorid=null, category1=101000, category2=1005000, gbrand=漫步者（EDIFIER）, gprice=109.0, ggrade=null, gcount=287, gmaterial=null, hot=0]
Goods [gid=11468006, zpicture=http://p4.music.126.net/5FGdrw0x8XhYJEhT5FZIZw==/109951163940476929.jpg, gpicture=http://p4.music.126.net/5FGdrw0x8XhYJEhT5FZIZw==/109951163940476929.jpg, gname=先锋 【3口USB+PD快充+HDMI】Type-C扩展坞USB转HDMI 4K高清投屏拓展坞, gintroduce=【精选好物】USB3.0，传输稳定；体积轻巧；携带方便, gcolorid=null, category1=101000, category2=1007000, gbrand=先锋（Pioneer）, gprice=99.0, ggrade=null, gcount=1496, gmaterial=null, hot=1]
Goods [gid=11471010, zpicture=http://p3.music.126.net/5cpPEWT7loLjK80cqQDkdA==/109951163940499751.jpg, gpicture=http://p3.music.126.net/5cpPEWT7loLjK80cqQDkdA==/109951163940499751.jpg, gname=先锋（Pioneer）DKMT02 Type-C扩展坞 双USB-C转HDMI PD快充 SD卡槽, gintroduce=【精选好物】USB3.0，四合一多功能适配器；Sd卡槽，Type-c扩充槽；传输稳定, gcolorid=null, category1=101000, category2=1007000, gbrand=先锋（Pioneer）, gprice=159.0, ggrade=null, gcount=356, gmaterial=null, hot=0]
Goods [gid=11480014, zpicture=http://p4.music.126.net/1Jvz33-r0XJj89KmTcX7VA==/109951163955624226.jpg, gpicture=http://p4.music.126.net/1Jvz33-r0XJj89KmTcX7VA==/109951163955624226.jpg,http://p4.music.126.net/03KLowLHgl5FkCCfUteJ-Q==/109951163955629580.jpg,http://p4.music.126.net/6Q4Ho1ed7x0v2erm1kKtZQ==/109951163955633029.jpg,http://p3.music.126.net/hm_yRmMRac7H7C6N3IO_oA==/109951163955622929.jpg,http://p3.music.126.net/3dIJmqdf03aYISy2sdUXvw==/109951163955620984.jpg, gname=小飞象可爱呆萌舒适毛绒眼罩, gintroduce=卡通可爱造型，舒适毛绒材质, gcolorid=null, category1=1008002, category2=1010004, gbrand=小飞象, gprice=69.0, ggrade=null, gcount=200, gmaterial=null, hot=0]
Goods [gid=11483031, zpicture=http://p3.music.126.net/9jviG-Sg7ZpuCp1-iZES3g==/109951163955651272.jpg, gpicture=http://p3.music.126.net/9jviG-Sg7ZpuCp1-iZES3g==/109951163955651272.jpg,http://p3.music.126.net/pKyHFFfFtump_mR91bDW1w==/109951163955655146.jpg,http://p3.music.126.net/QpPGlxhp8GQptkRmaCDesw==/109951163955657537.jpg,http://p4.music.126.net/XI8v2or09vvNB0Iej1Te2A==/109951163955647949.jpg,http://p4.music.126.net/iYXx2gK6mFK6GqeYp41Wgw==/109951163955648450.jpg,http://p3.music.126.net/2Tlxq3mIx4NW0LWnSD7NBQ==/109951163955654658.jpg, gname=小飞象卡通可爱小清新金属钥匙扣, gintroduce=卡通可爱小飞象设计，优质金属电镀工艺, gcolorid=null, category1=1008002, category2=1010004, gbrand=小飞象, gprice=79.0, ggrade=null, gcount=49, gmaterial=null, hot=0]
Goods [gid=11497008, zpicture=http://p4.music.126.net/Bns-4Rd35Nxxo6ZfEgoS0g==/109951163959494667.jpg, gpicture=http://p4.music.126.net/Bns-4Rd35Nxxo6ZfEgoS0g==/109951163959494667.jpg,http://p4.music.126.net/Lrz884Cx3MgajcbfPOn1vA==/109951163959491284.jpg,http://p4.music.126.net/P8bLby0R54FiIbjvMm9dcA==/109951163959486477.jpg,http://p4.music.126.net/i0MvdLEU6aOXm4oB0BukTg==/109951163959491302.jpg, gname=AKG N700NC WIRELE降噪耳机罩耳头戴式无线蓝牙自适应耳麦经典旗舰, gintroduce=自适应降噪技术 环境感知功能, gcolorid=null, category1=101000, category2=1005000, gbrand=AKG, gprice=2599.0, ggrade=null, gcount=10, gmaterial=null, hot=0]
Goods [gid=11499067, zpicture=http://p3.music.126.net/lgAzfM1l63qshmJl_T8K_A==/109951163976096370.jpg, gpicture=http://p3.music.126.net/lgAzfM1l63qshmJl_T8K_A==/109951163976096370.jpg,http://p3.music.126.net/iWeo8EDlnsISqb9YhIzeeA==/109951163976094956.jpg,http://p3.music.126.net/1Qt7N_hVmcScpLYEpb2Wvg==/109951163976104655.jpg,http://p3.music.126.net/uaqwo0oUSJ2wLHdwqRBA1A==/109951163976098849.jpg,http://p4.music.126.net/bSnHGdivZaAF1UU18-_w1Q==/109951163976097865.jpg,http://p4.music.126.net/GduKXSPMp-vTtPU1FeS0Lg==/109951163976098389.jpg, gname=时刻美 手表男士时尚简约石英表 学生防水电子表 9183, gintroduce=创意手表 个性手表, gcolorid=null, category1=101000, category2=1007000, gbrand=时刻美, gprice=128.0, ggrade=null, gcount=3186, gmaterial=null, hot=4]
Goods [gid=11502005, zpicture=http://p4.music.126.net/PplDl_l1UCr2KuDkUdDMNA==/109951163973533403.jpg, gpicture=http://p4.music.126.net/PplDl_l1UCr2KuDkUdDMNA==/109951163973533403.jpg,http://p3.music.126.net/OJsqAZSsOgN-BYPwCA2ZqQ==/109951163973538245.jpg,http://p3.music.126.net/8n-i6oZ6xQpd3TVygqr5Cg==/109951163973534837.jpg,http://p4.music.126.net/38Wy0R7mcCluF2QWDx14ug==/109951163973543514.jpg,http://p4.music.126.net/uzQu7zQ1rnnfq0woZi56lg==/109951163973530474.jpg,http://p3.music.126.net/2GUadUQRNajTV3k1iaANAg==/109951163973540122.jpg,http://p4.music.126.net/QDC7NbihPG9oyBsHBSvvjg==/109951163973532925.jpg,http://p4.music.126.net/xRRj_SZ5dE1ahoAwzhTmyw==/109951163973536262.jpg, gname=爱科技（AKG）Y500 WIRELESS无线蓝牙耳机 头戴式游戏耳机 手机通用 环境感知可通话, gintroduce=AKG标志性音质；智能启停播放；同时可连2台设备；记忆功能海绵铝金属耳罩，舒适贴耳, gcolorid=null, category1=101000, category2=1005000, gbrand=AKG, gprice=1099.0, ggrade=null, gcount=79, gmaterial=null, hot=0]
Goods [gid=11502028, zpicture=http://p3.music.126.net/UDHb8wzKADk9yKkg8HHFdQ==/109951163967972135.jpg, gpicture=http://p3.music.126.net/UDHb8wzKADk9yKkg8HHFdQ==/109951163967972135.jpg,http://p4.music.126.net/L6yzVYYPIY_ZZ2633mE2jA==/109951163967973111.jpg,http://p4.music.126.net/B7iFlY_VkaZak3FMyPI1iA==/109951163967971632.jpg,http://p4.music.126.net/c_zb6rKgHLwQyvqfOq38SQ==/109951163967966281.jpg, gname=森海塞尔（Sennheiser）HD 206 头戴式高保真立体声耳机 入门监听, gintroduce=森海塞尔高品音质享受；环绕立体声，层次感分明；较好的隔音性能；轻量化设计，舒适耳罩, gcolorid=null, category1=101000, category2=1005000, gbrand=森海塞尔, gprice=219.0, ggrade=null, gcount=5, gmaterial=null, hot=4]
Goods [gid=11502029, zpicture=http://p4.music.126.net/C_Z_kDnNlNJa9_q536a27g==/109951163969356752.jpg, gpicture=http://p4.music.126.net/C_Z_kDnNlNJa9_q536a27g==/109951163969356752.jpg,http://p4.music.126.net/st9Rsr-i-KZnpgos0GPsjg==/109951163969351958.jpg,http://p3.music.126.net/3yxhsfRvqGW8qXJ0GOQmRg==/109951163969360159.jpg, gname=森海塞尔（Sennheiser）MOMENTUM Free 无线蓝牙入耳式耳机 磁吸耳塞, gintroduce=森海塞尔高品音质享受；apt-X与AAC解码技术加持；轻量化设计；磁吸耳塞设计；三键线控可通话, gcolorid=null, category1=101000, category2=1005000, gbrand=森海塞尔, gprice=1299.0, ggrade=null, gcount=5, gmaterial=null, hot=0]
Goods [gid=11503016, zpicture=http://p4.music.126.net/Q7SjL-afsIZFy3g9DMRrHA==/109951163967929066.jpg, gpicture=http://p4.music.126.net/Q7SjL-afsIZFy3g9DMRrHA==/109951163967929066.jpg,http://p3.music.126.net/-2EUSES9ShSiK7TTwG68Yw==/109951163967921815.jpg,http://p4.music.126.net/wf47y3GPe-nsfGi0VfN4Xw==/109951163967928083.jpg,http://p4.music.126.net/Ze3hMzPxn7J3PrwVtmWWDQ==/109951163967920375.jpg, gname=森海塞尔（Sennheiser）CX 6.00BT 无线蓝牙入耳式运动耳机 apt-X技术, gintroduce=森海塞尔高品音质享受；apt-X技术加持；三键线控可通话；轻量化设计, gcolorid=null, category1=101000, category2=1005000, gbrand=森海塞尔, gprice=799.0, ggrade=null, gcount=2, gmaterial=null, hot=0]
Goods [gid=11505004, zpicture=http://p4.music.126.net/PM-oAQu8kZD4lX3FFgBynw==/109951163973547205.jpg, gpicture=http://p4.music.126.net/PM-oAQu8kZD4lX3FFgBynw==/109951163973547205.jpg,http://p3.music.126.net/Q_XbBSpgrs-y0IAtF0_ybA==/109951163959428077.jpg,http://p4.music.126.net/twAYy-NEAWzdifdviab0Vg==/109951163959417954.jpg,http://p3.music.126.net/NfOWxv6MwZJEx7o42vUrHg==/109951163959422831.jpg,http://p3.music.126.net/ydc-jIwmTjdTPMrH9WQV2w==/109951163959428111.jpg, gname= 爱科技（AKG）AKG N5005高清晰入耳式耳机 无线蓝牙耳机 圈铁混合五单元旗舰HiFi耳机, gintroduce=参考级五单元圈铁耳机，3.5mm和2.5mm平衡有线/蓝牙无线两用，配多对滤波器, gcolorid=null, category1=101000, category2=1005000, gbrand=AKG, gprice=7699.0, ggrade=null, gcount=2, gmaterial=null, hot=2]
Goods [gid=11505026, zpicture=http://p4.music.126.net/woKmF28zX-rmbA-uod2p3g==/109951163967981740.jpg, gpicture=http://p4.music.126.net/woKmF28zX-rmbA-uod2p3g==/109951163967981740.jpg,http://p4.music.126.net/OBETC-Pe7jS0h-MzJeX7EQ==/109951163967986145.jpg,http://p4.music.126.net/Q5t81muw74bd56ZdX5AdLw==/109951163967978954.jpg,http://p3.music.126.net/_N9OPQKJxNjrULjBVFXBYw==/109951163967985214.jpg,http://p4.music.126.net/NOfeLWIQstvWuxeLXqBKpA==/109951163967985705.jpg,http://p4.music.126.net/AYbcrZLH0yoqJEJyyydE_A==/109951163967976453.jpg,http://p3.music.126.net/x07LUjZ_trsf2TQpn8nFog==/109951163967984727.jpg,http://p3.music.126.net/Byo1nTX5WNv0GSrmrnJwMA==/109951163967987213.jpg, gname=森海塞尔（Sennheiser）IE40 PRO 入耳式HIFI发烧耳机 噪声隔离 可换线设计, gintroduce=森海塞尔高品音质享受；现场演出般的聆听体验；丰富的声音细节呈现；轻量紧凑型设计, gcolorid=null, category1=101000, category2=1005000, gbrand=森海塞尔, gprice=999.0, ggrade=null, gcount=1, gmaterial=null, hot=0]
Goods [gid=11506001, zpicture=http://p4.music.126.net/lf53eSmGsdj0rCEJZSvOug==/109951163973539709.jpg, gpicture=http://p4.music.126.net/lf53eSmGsdj0rCEJZSvOug==/109951163973539709.jpg,http://p3.music.126.net/enXPUmjW9ScIu9eau52iJw==/109951163959458412.jpg,http://p4.music.126.net/eVUkw0d8YkAVY4wX-goFlA==/109951163973545058.jpg,http://p4.music.126.net/5SrIntzVodLijA_l6UVlrQ==/109951163973537335.jpg,http://p4.music.126.net/EeNZmkoQss4ZbvuCITnX9A==/109951163973534409.jpg,http://p3.music.126.net/Qtqpq_j4m5BSPUY35LaUDQ==/109951163973543116.jpg,http://p4.music.126.net/xPMb3RO1Y26aMOWvRH5drg==/109951163973534894.jpg, gname=爱科技（AKG）Y100 WIRELESS 颈挂式无线蓝牙耳机 入耳式运动 磁吸环境感知音乐耳机, gintroduce=AAC高清音质；封闭式金属单元，聆听好音乐；环境感知轻松运动, gcolorid=null, category1=101000, category2=1005000, gbrand=AKG, gprice=599.0, ggrade=null, gcount=194, gmaterial=null, hot=0]
Goods [gid=11506033, zpicture=http://p3.music.126.net/Dfn2COioWFjTpwjVKiuaJw==/109951164292078504.jpg, gpicture=http://p3.music.126.net/Dfn2COioWFjTpwjVKiuaJw==/109951164292078504.jpg,http://p3.music.126.net/TuGxviZ6J3uHoiYvN6N3lQ==/109951164206986512.jpg,http://p3.music.126.net/VOTfOVZXUKXsMhqhWWoSWA==/109951164206978798.jpg,http://p3.music.126.net/hayKxj1mxCxiIulMbLL6_A==/109951164206977336.jpg,http://p4.music.126.net/Jzd2zLHL-gGpEB0rHE7-vg==/109951164206986514.jpg,http://p4.music.126.net/2wVViWnRHgnQthfNTt9U3Q==/109951163971992784.jpg,http://p3.music.126.net/gUxBAFwA6tb6_u7dOdeMoA==/109951163971996724.jpg, gname=王晰生日纪念T恤三色可选, gintroduce=王晰同款黑金文字款，王晰推荐应援专属西瓜红款，王晰剪影清新白色款, gcolorid=null, category1=1008002, category2=1009002, gbrand=音乐人王晰, gprice=149.0, ggrade=null, gcount=353, gmaterial=null, hot=2]
Goods [gid=11508067, zpicture=http://p3.music.126.net/FJxLE7k1JJY0_QCvieVgrA==/109951163976475630.jpg, gpicture=http://p3.music.126.net/FJxLE7k1JJY0_QCvieVgrA==/109951163976475630.jpg,http://p3.music.126.net/rmJB0ObZfFQUyMKbaBjTDA==/109951163976470365.jpg,http://p4.music.126.net/CxNGIUNkxrF6EQNJBte6AA==/109951163976470380.jpg,http://p3.music.126.net/qr6TReG108-2oj7OUt8OyA==/109951163976473838.jpg,http://p3.music.126.net/wKFEIszj61iiQ7WKmOe6yg==/109951163976481161.jpg,http://p4.music.126.net/2HsidEG_WxQqf1ZaijSf8g==/109951163976482556.jpg,http://p4.music.126.net/w3TONAaIewXkBVi-jNEXqw==/109951163976481176.jpg,http://p4.music.126.net/TO-cXWiIRRYFjTULkE_4Hw==/109951163976477260.jpg, gname=时刻美 手表男士时尚商务经典钢带 多功能双机芯双显 个性户外运动计时电子表 1464, gintroduce=多功能双机芯；户外运动首选；时尚商务经典钢带, gcolorid=null, category1=101000, category2=1007000, gbrand=时刻美, gprice=138.0, ggrade=null, gcount=1580, gmaterial=null, hot=3]
Goods [gid=11509002, zpicture=http://p4.music.126.net/xhDwZ71Jf5pbRZ1Xxg-FIA==/109951163973549641.jpg, gpicture=http://p4.music.126.net/xhDwZ71Jf5pbRZ1Xxg-FIA==/109951163973549641.jpg,http://p3.music.126.net/NaU5w4we5Bzl4OXhA6khbg==/109951163973548164.jpg,http://p4.music.126.net/chkLYl4jxUzBxFIBNqvLLg==/109951163973539974.jpg,http://p3.music.126.net/CqyNqLyzmqUHlzMqK-0dLQ==/109951163973547231.jpg, gname=爱科技（AKG） N200 WIRELESS入耳式无线蓝牙耳机 磁吸运动耳机 参考级HIFI耳机, gintroduce=AptX和AAC蓝牙传输协议，防缠绕编织线，磁吸防丢单元，苹果三星华为OPPO手机通用线控, gcolorid=null, category1=101000, category2=1005000, gbrand=AKG, gprice=899.0, ggrade=null, gcount=52, gmaterial=null, hot=3]
Goods [gid=11510022, zpicture=http://p4.music.126.net/OAD8bCEma8kSdQr5zn8D5w==/109951163969364791.jpg, gpicture=http://p4.music.126.net/OAD8bCEma8kSdQr5zn8D5w==/109951163969364791.jpg,http://p3.music.126.net/TrfyKRQ5XB8UHkRa2sRWAA==/109951163969362840.jpg,http://p4.music.126.net/vOk2JxUI1ATMxj2rDGIh2Q==/109951163969368622.jpg,http://p4.music.126.net/AwkugvVdGVtf-CwHjtlDIQ==/109951163969368135.jpg,http://p4.music.126.net/ItV8hWex6NVzm4_UtuB6gw==/109951163969368627.jpg,http://p4.music.126.net/G3XiYvb0OjNK3mdG1jwueg==/109951163969368140.jpg, gname=森海塞尔（Sennheiser）Momentum TWS 真无线 高保真入耳式触控蓝牙耳机, gintroduce=森海塞尔高品音质享受；蓝牙5.0；apt-X与AAC解码技术；智能触控操作；智能降噪；透明聆听功能, gcolorid=null, category1=101000, category2=1005000, gbrand=森海塞尔, gprice=2399.0, ggrade=null, gcount=1, gmaterial=null, hot=2]
Goods [gid=11511060, zpicture=http://p4.music.126.net/KKLd0pvxXFxqgHLLsojLoQ==/109951163976526527.jpg, gpicture=http://p4.music.126.net/KKLd0pvxXFxqgHLLsojLoQ==/109951163976526527.jpg,http://p3.music.126.net/jfrAzDkzFVhMqpUP5U4pWA==/109951163976524146.jpg,http://p4.music.126.net/eFTrkf6XhKa0zmwr7R2I3A==/109951163976519835.jpg,http://p4.music.126.net/w1BQMJxC2vW_m8WysakG9Q==/109951163976522684.jpg,http://p3.music.126.net/KKU5Y3Q1Lx_-WSb-NxafxQ==/109951163976524168.jpg, gname=博之轮 智能手表男士多功能户外运动登山计步心率信息提醒 W31, gintroduce=时尚智能运动腕表；多功能户外登山计步心率信息提醒手表, gcolorid=null, category1=101000, category2=1007000, gbrand=博之轮（BOZLUN）, gprice=599.0, ggrade=null, gcount=799, gmaterial=null, hot=4]
Goods [gid=11514060, zpicture=http://p3.music.126.net/D2FLO11Qy1wzXQtfPgMzhg==/109951163976190501.jpg, gpicture=http://p3.music.126.net/D2FLO11Qy1wzXQtfPgMzhg==/109951163976190501.jpg,http://p3.music.126.net/_iE-qHuGHoRpm9mLCE46pA==/109951163976188099.jpg,http://p3.music.126.net/YoiFcuQSrJEPBkeH3ckLgQ==/109951163976181336.jpg,http://p3.music.126.net/l_PCnFAMwd5UzT-DHrX_Dw==/109951163976177950.jpg,http://p4.music.126.net/FF2o0DPCTEOTSjG6PKDc-A==/109951163976190544.jpg, gname=时刻美 手表男士时尚创意石英钢带腕表 夜光防水商务休闲电子腕表 1482, gintroduce=创意手表 个性手表 时尚男表, gcolorid=null, category1=101000, category2=1007000, gbrand=时刻美, gprice=99.0, ggrade=null, gcount=2394, gmaterial=null, hot=0]
Goods [gid=11515009, zpicture=http://p3.music.126.net/KPzo1tJqmMszqpKPos9P9A==/109951163971481006.jpg, gpicture=http://p3.music.126.net/KPzo1tJqmMszqpKPos9P9A==/109951163971481006.jpg,http://p3.music.126.net/kc8V6c3KdtX3dYJDZzp-iA==/109951163971472292.jpg,http://p4.music.126.net/2QUgPMsa-uvDvDQxZyT3yg==/109951163971480511.jpg,http://p3.music.126.net/6M0CJVba_Z4l7BnoOhN5OA==/109951163971481499.jpg,http://p3.music.126.net/qw6UoUAlvvb-Slk75HRe8Q==/109951163971473163.jpg, gname=爱国者（aigo）骨传导蓝牙耳机G06 不入耳式运动跑步无线耳机 男女通用挂耳式耳机 持久续航, gintroduce=骨传导技术；不伤听力；弯折不变形；IPX5防水, gcolorid=null, category1=101000, category2=1005000, gbrand=爱国者（aigo）, gprice=599.0, ggrade=null, gcount=78, gmaterial=null, hot=0]
Goods [gid=11515069, zpicture=http://p4.music.126.net/-2jAWJkfcUpdla2UzDbgFw==/109951163976610008.jpg, gpicture=http://p4.music.126.net/-2jAWJkfcUpdla2UzDbgFw==/109951163976610008.jpg,http://p4.music.126.net/C5UKLtMVxcSCQFkqU0LaNA==/109951163976600871.jpg,http://p4.music.126.net/mF4MrVzGxDADT-CbpOqRxQ==/109951163976598466.jpg,http://p4.music.126.net/NHhyM9OhOTVDjXjlHosz3g==/109951163976609542.jpg,http://p4.music.126.net/E4A93CeHBznQCJR1A3ruvg==/109951163976611021.jpg,http://p3.music.126.net/NKIPHK1T-UBw_8R6bjwErg==/109951163976607633.jpg, gname=博之轮 智能手表运动手环 女士多功能心率血压血氧检测 时尚学生电子手环表 IP67级防水 B23, gintroduce=智能手环测血压心率 健康运动必备 女士手环, gcolorid=null, category1=101000, category2=1007000, gbrand=博之轮（BOZLUN）, gprice=158.0, ggrade=null, gcount=2393, gmaterial=null, hot=2]
Goods [gid=11516015, zpicture=http://p4.music.126.net/c4sWDepV77aJBVVxmn4YqA==/109951163967940767.jpg, gpicture=http://p4.music.126.net/c4sWDepV77aJBVVxmn4YqA==/109951163967940767.jpg,http://p4.music.126.net/3Wy9vck5GR8kgmwOOM2lFg==/109951163967936928.jpg,http://p3.music.126.net/6GJfk9aD41lWKq51e6Vhew==/109951163967948001.jpg, gname=森海塞尔（Sennheiser）CX300II 入耳式重低音立体声音乐耳机 三频清晰, gintroduce=森海塞尔高品音质享受；音质饱满；高解析力；佩戴舒适, gcolorid=null, category1=101000, category2=1005000, gbrand=森海塞尔, gprice=349.0, ggrade=null, gcount=6, gmaterial=null, hot=0]
Goods [gid=11516017, zpicture=http://p3.music.126.net/EctDea-YP1ZC4YYdnfHIkQ==/109951163971463985.jpg, gpicture=http://p3.music.126.net/EctDea-YP1ZC4YYdnfHIkQ==/109951163971463985.jpg,http://p4.music.126.net/HxxIz_-ZmdTNpMnW7dM7sA==/109951163971472598.jpg,http://p4.music.126.net/LoYnVb1VA7W3PYHr70Ilqg==/109951163971472204.jpg, gname=爱国者（aigo）MP3-107pro 蓝牙运动音乐播放器HIFI无损迷你mp4背夹式学生随身听, gintroduce=镜面触摸；蓝牙4.2；存储拓展128G；支持外放, gcolorid=null, category1=101000, category2=1006000, gbrand=爱国者（aigo）, gprice=229.0, ggrade=null, gcount=11, gmaterial=null, hot=0]
Goods [gid=11519039, zpicture=http://p3.music.126.net/YQxVBmOViNdZhnOioZaPVQ==/109951163971446882.jpg, gpicture=http://p3.music.126.net/YQxVBmOViNdZhnOioZaPVQ==/109951163971446882.jpg,http://p4.music.126.net/hJDkIKfEUwUDt1KQdMHYOQ==/109951163971454436.jpg,http://p3.music.126.net/WIUf7-PzbsGfsUM8KjIeWQ==/109951163971465301.jpg,http://p4.music.126.net/Jovqt8T4_VS6-y5u5fslMQ==/109951163971465303.jpg,http://p3.music.126.net/K_yyndICxPpOaQXmMgR7Kg==/109951163971462892.jpg,http://p3.music.126.net/xQf1lGJ4nfJBadWFEybNdA==/109951163971472057.jpg,http://p3.music.126.net/aAuDCggs6TuLdSwlA2__NA==/109951163971461930.jpg, gname=Pioneer 先锋 蓝牙音箱 BA501W 无线户外防水音箱 免提通话 三星/苹果/安卓通用, gintroduce=蓝牙音箱，无线，IPX-7级防水，方便携带，超长待机, gcolorid=null, category1=101000, category2=1009006, gbrand=先锋（Pioneer）, gprice=129.0, ggrade=null, gcount=193, gmaterial=null, hot=1]
Goods [gid=11565036, zpicture=http://p3.music.126.net/Zc02AUPp_1_8r7aonxEiJA==/109951164005197656.jpg, gpicture=http://p3.music.126.net/Zc02AUPp_1_8r7aonxEiJA==/109951164005197656.jpg,http://p3.music.126.net/GXs-yRVTmjJAkdnGY1mx-g==/109951164005194763.jpg,http://p3.music.126.net/GT3cCJCpCa8idZTWcXxTcw==/109951164005188441.jpg,http://p4.music.126.net/Q5SI86t_AQqF7SMDGnv6Gg==/109951164005198546.jpg,http://p4.music.126.net/3cIebRduzYFyJiLCVO-BXQ==/109951164005199017.jpg,http://p3.music.126.net/hcbLTr0Mc-8t8uzVB-Cb_w==/109951164005191856.jpg, gname=苹果安卓2.4A快充数据线抗折断耐用充电线（1米）, gintroduce=2.4A快充 抗折断 耐用, gcolorid=null, category1=101000, category2=1007000, gbrand=恒天鸿业, gprice=29.0, ggrade=null, gcount=2725, gmaterial=null, hot=1]
Goods [gid=11569017, zpicture=http://p3.music.126.net/QlfpIquBYMY6lbT1R6Zwew==/109951164000339796.jpg, gpicture=http://p3.music.126.net/QlfpIquBYMY6lbT1R6Zwew==/109951164000339796.jpg,http://p3.music.126.net/tMcgJ9zT2f05xD64bizm9A==/109951164000341733.jpg,http://p3.music.126.net/qjlfw_7oeTBcj1kEALs7Ow==/109951164000348006.jpg, gname=森海塞尔（Sennheiser）CX 200 Street II 入耳式立体声耳机 重低音耳塞, gintroduce=森海塞尔高品音质享受；人体工程学设计，拿捏方便；低音强劲；轻量化设计；不带麦, gcolorid=null, category1=101000, category2=1005000, gbrand=森海塞尔, gprice=219.0, ggrade=null, gcount=4, gmaterial=null, hot=2]
Goods [gid=11570039, zpicture=http://p3.music.126.net/EVwIWjWpuzXz__dyVEQ8OA==/109951164310430665.jpg, gpicture=http://p3.music.126.net/EVwIWjWpuzXz__dyVEQ8OA==/109951164310430665.jpg,http://p3.music.126.net/PlPWCLQgYnyBmUOIl5Hw7g==/109951164443863689.jpg,http://p4.music.126.net/TAQcDvMwbL9WX6Nc2kVEtg==/109951164443865163.jpg,http://p3.music.126.net/6NCE80rGkMgYog95QEFYag==/109951164443861785.jpg,http://p3.music.126.net/wjBfONwoIB0Qus63-GSM5A==/109951164443861788.jpg,http://p3.music.126.net/hVOUJXHDNodSHBmLlA2ioA==/109951164005234054.jpg, gname=网易云音乐定制款真无线耳机-音乐π, gintroduce=蓝牙5.0，DSP降噪，灵敏触控，IPX7级防水，强力续航，充电仓反向给手机充电；, gcolorid=null, category1=101000, category2=1005000, gbrand=网易云音乐, gprice=299.0, ggrade=null, gcount=6093, gmaterial=null, hot=1]
Goods [gid=11579010, zpicture=http://p3.music.126.net/jG9QN_iRSnKqzKI1r-AEzg==/109951164000352362.jpg, gpicture=http://p3.music.126.net/jG9QN_iRSnKqzKI1r-AEzg==/109951164000352362.jpg,http://p4.music.126.net/a1F88My9-GYd5KPQYsBzMA==/109951164000350941.jpg,http://p4.music.126.net/vLetX82XNHZrqMzCdBzk0Q==/109951164000358183.jpg, gname=森海塞尔（Sennheiser）CX 300S 入耳式立体声耳机 重低音耳塞 带麦可通话, gintroduce=森海塞尔高品音质享受；森海换能器技术；强劲低音细腻演绎；可通话设计；轻量化设计, gcolorid=null, category1=101000, category2=1005000, gbrand=森海塞尔, gprice=399.0, ggrade=null, gcount=24, gmaterial=null, hot=1]
Goods [gid=11579041, zpicture=http://p3.music.126.net/3PHxv5u2-yFEwizzo5uvBQ==/109951164009248405.jpg, gpicture=http://p3.music.126.net/3PHxv5u2-yFEwizzo5uvBQ==/109951164009248405.jpg,http://p3.music.126.net/d6i9Jtm7HBs2Zgxf-3TNrQ==/109951164009259661.jpg, gname=森海塞尔（Sennheiser）MX375 高解析耳塞式耳机 立体声手机平头塞, gintroduce=森海塞尔高品音质享受；轻量化、人体工学设计，佩戴舒适稳固, gcolorid=null, category1=101000, category2=1005000, gbrand=森海塞尔, gprice=188.0, ggrade=null, gcount=2, gmaterial=null, hot=0]
Goods [gid=11593001, zpicture=http://p4.music.126.net/FKacZVNAp-mCoDPZbhf6ZQ==/109951164019788251.jpg, gpicture=http://p4.music.126.net/FKacZVNAp-mCoDPZbhf6ZQ==/109951164019788251.jpg,http://p3.music.126.net/n62qCc2_gxNIcXjgIz2YlA==/109951164019787340.jpg,http://p3.music.126.net/QSnmn7kZ1vgzngDHik2Dhw==/109951164019792154.jpg,http://p4.music.126.net/lXBAydjAve63ytNmekh_yA==/109951164023628862.jpg, gname=伯朗B9 真无线蓝牙耳机瑞昱5.0苹果安卓通用, gintroduce=【即将售罄】瑞昱5.0方案 开盖连接 双耳通话 800毫安充电仓 持久续航, gcolorid=null, category1=101000, category2=1005000, gbrand=伯朗, gprice=229.0, ggrade=null, gcount=20, gmaterial=null, hot=1]
Goods [gid=11613001, zpicture=http://p4.music.126.net/zwQ54DL1zMa5W-PaYYDuMA==/109951164024155055.jpg, gpicture=http://p4.music.126.net/zwQ54DL1zMa5W-PaYYDuMA==/109951164024155055.jpg,http://p4.music.126.net/5HG6YrPpRFhwtjkt1yNBmg==/109951164024149677.jpg,http://p4.music.126.net/3SI58oBx8UKAlu14oPPVgA==/109951164024145371.jpg,http://p3.music.126.net/XLFCBM772Dm711Mkac1ZMA==/109951164024153599.jpg, gname=爱国者（aigo）TWS蓝牙耳机T08 真无线5.0跑步运动小型入耳式 长时待机迷你 , gintroduce=双耳通话；2500mAh大电池舱；Type-C接口；蓝牙5.0 IPX5, gcolorid=null, category1=101000, category2=1005000, gbrand=爱国者（aigo）, gprice=299.0, ggrade=null, gcount=43, gmaterial=null, hot=0]
Goods [gid=11628000, zpicture=http://p3.music.126.net/y3yQM0mHLwahfe816C3v2w==/109951164021772865.jpg, gpicture=http://p3.music.126.net/y3yQM0mHLwahfe816C3v2w==/109951164021772865.jpg,http://p4.music.126.net/-JgMKFC6hzWVJgXDOpb-TA==/109951164021784842.jpg,http://p4.music.126.net/bVJkIGBy5acoFmxH98IKMQ==/109951164021781429.jpg,http://p4.music.126.net/FbyfBFEfG52fmIQkS5GoaA==/109951164021784830.jpg,http://p4.music.126.net/va--an2HoexEkS6oWbrPeg==/109951164021787701.jpg, gname=【吴青峰同款耳机】1MORE/万魔 E1026BT-Ⅰ时尚真无线耳机豆蓝牙5.0单双耳入耳式耳机, gintroduce=进口高通芯片；重现原音细节, gcolorid=null, category1=101000, category2=1005000, gbrand=1MORE/万魔, gprice=499.0, ggrade=null, gcount=100, gmaterial=null, hot=1]
Goods [gid=11643001, zpicture=http://p3.music.126.net/PbrfQHh8T_ZkewboKmjOqw==/109951164103558266.jpg, gpicture=http://p3.music.126.net/PbrfQHh8T_ZkewboKmjOqw==/109951164103558266.jpg,http://p3.music.126.net/mz-mDqXAZKsSrAyELW4Yyg==/109951164050866975.jpg,http://p3.music.126.net/3MO786C9WZcErIp0qFgG2w==/109951164050868939.jpg,http://p4.music.126.net/HzoLiQjLrzusVtL_Qa5DKA==/109951164050871890.jpg,http://p3.music.126.net/1EDOfKHKIgPp1LFxRbKPpg==/109951164103574459.jpg, gname=爱国者（aigo）W03蓝牙耳机无线运动双耳项圈颈挂脖头戴入耳式, gintroduce=记忆项圈线；智能降噪；颈挂磁吸；蓝牙5.0 IPX5, gcolorid=null, category1=101000, category2=1005000, gbrand=爱国者（aigo）, gprice=129.0, ggrade=null, gcount=515, gmaterial=null, hot=1]
Goods [gid=11660000, zpicture=http://p3.music.126.net/IEffEolUzbayAwyVM4tr4g==/109951164055286021.jpg, gpicture=http://p3.music.126.net/IEffEolUzbayAwyVM4tr4g==/109951164055286021.jpg,http://p4.music.126.net/oJeV3bVi3wYnTAlvI1MbqQ==/109951164055283651.jpg,http://p4.music.126.net/wptEcqWlqqL1Q3WnMi0b3A==/109951164055281190.jpg,http://p4.music.126.net/UnMWcTCgkw17PwgUlbfDbA==/109951164055274875.jpg,http://p4.music.126.net/ew9BBfFSzmOCa9cpVJFDVA==/109951164055286524.jpg, gname=皮卡丘好音质蓝牙迷你圆音响, gintroduce=卡通可爱印刷设计，小巧便携，震撼音效, gcolorid=null, category1=1008002, category2=1010004, gbrand=皮卡丘, gprice=65.0, ggrade=null, gcount=293, gmaterial=null, hot=2]
Goods [gid=11661002, zpicture=http://p4.music.126.net/NPRp0JQJIYhUniF0ICKJZQ==/109951164056445852.jpg, gpicture=http://p4.music.126.net/NPRp0JQJIYhUniF0ICKJZQ==/109951164056445852.jpg,http://p3.music.126.net/V7dUQDCkNWPDQCzavJJahw==/109951164056454063.jpg,http://p4.music.126.net/lFABRXlgLJA5TNLVTJxaMA==/109951164056453639.jpg,http://p3.music.126.net/IT_oKfGGOLrF0IVo_g1uEA==/109951164056456025.jpg, gname=【正版授权】2019年夏季新款HF饺子短袖圆领潮流T恤, gintroduce=正版龙珠；青春流行；柔顺亲肤；吸汗透气, gcolorid=null, category1=1008002, category2=1010004, gbrand=龙珠, gprice=218.0, ggrade=null, gcount=1187, gmaterial=null, hot=1]
Goods [gid=11664002, zpicture=http://p4.music.126.net/NeLk_YjXpWkwBq6ZgXKuqw==/109951164056291620.jpg, gpicture=http://p4.music.126.net/NeLk_YjXpWkwBq6ZgXKuqw==/109951164056291620.jpg,http://p3.music.126.net/7wQdFx_CIZJU4uoIfiYptA==/109951164056292896.jpg,http://p3.music.126.net/wQMJXsHBCDaNokNVfYS99w==/109951164056300695.jpg,http://p3.music.126.net/Q7pRcQB6v3VxsToKsedNng==/109951164056303072.jpg,http://p3.music.126.net/UJjhGrsmNLmK_l5X1SCYOg==/109951164056295459.jpg, gname=【正版授权】2019年夏季新款HF悟空超级赛亚人短袖圆领潮流T恤, gintroduce=正版龙珠；青春流行；柔顺亲肤；吸汗透气, gcolorid=null, category1=1008002, category2=1010004, gbrand=龙珠, gprice=99.0, ggrade=null, gcount=1579, gmaterial=null, hot=0]
Goods [gid=11666002, zpicture=http://p4.music.126.net/JPylzZyVtAAfT4LkX7BDMA==/109951164058473946.jpg, gpicture=http://p4.music.126.net/JPylzZyVtAAfT4LkX7BDMA==/109951164058473946.jpg,http://p4.music.126.net/OslP7K6yd2egItnDqn_pTg==/109951164058480669.jpg,http://p3.music.126.net/R8tI286KmdSCgRGWbA_yMA==/109951164058474411.jpg,http://p4.music.126.net/3_7t6LxqLwSHkdtq0HUeAA==/109951164058479274.jpg,http://p3.music.126.net/cQ-RSRgpnAy1oYwC65-1mQ==/109951164058475461.jpg,http://p4.music.126.net/-oepjKMvCBmHli-Qzsz4Uw==/109951164058479790.jpg, gname=【正版授权】2019年夏季新款OA布欧短袖圆领潮流T恤, gintroduce=正版龙珠；青春流行；柔顺亲肤；吸汗透气, gcolorid=null, category1=1008002, category2=1010004, gbrand=龙珠, gprice=218.0, ggrade=null, gcount=1744, gmaterial=null, hot=0]
Goods [gid=11668001, zpicture=http://p3.music.126.net/YMKNX2LT_TsgGBjh8MzNpg==/109951164056323975.jpg, gpicture=http://p3.music.126.net/YMKNX2LT_TsgGBjh8MzNpg==/109951164056323975.jpg,http://p3.music.126.net/vcJr83J3PIxonU9agksjNQ==/109951164056331640.jpg,http://p4.music.126.net/Hqbkwe0WriZsA-xy7CXprA==/109951164056332218.jpg,http://p3.music.126.net/oSK4KgayXmp0uy6TxZzuaQ==/109951164056334668.jpg, gname=【正版授权】2019年夏季新款HF悟空短袖圆领潮流T恤, gintroduce=正版龙珠；青春流行；柔顺亲肤；吸汗透气, gcolorid=null, category1=1008002, category2=1010004, gbrand=龙珠, gprice=218.0, ggrade=null, gcount=1097, gmaterial=null, hot=1]
Goods [gid=11669002, zpicture=http://p4.music.126.net/R6Z104wUwc-nKg-GIgHMKA==/109951164058461155.jpg, gpicture=http://p4.music.126.net/R6Z104wUwc-nKg-GIgHMKA==/109951164058461155.jpg,http://p3.music.126.net/WeXbtx_xViSb3yLK-As_fg==/109951164058454940.jpg,http://p4.music.126.net/HVlI_Ymnx0WJWLn_Lxpx_g==/109951164058455928.jpg,http://p3.music.126.net/fvEeF0vECUo0Qp-sjjk8wA==/109951164058463134.jpg,http://p4.music.126.net/rN37g_vEOf1cBvrruQ3j0A==/109951164058465085.jpg, gname=【正版授权】2019年夏季新款OA贝吉塔短袖圆领潮流T恤, gintroduce=正版龙珠；青春流行；柔顺亲肤；吸汗透气, gcolorid=null, category1=1008002, category2=1010004, gbrand=龙珠, gprice=218.0, ggrade=null, gcount=1695, gmaterial=null, hot=1]
Goods [gid=11669003, zpicture=http://p3.music.126.net/vdhKiopWcbuKavt5PD0I7Q==/109951164058542103.jpg, gpicture=http://p3.music.126.net/vdhKiopWcbuKavt5PD0I7Q==/109951164058542103.jpg,http://p3.music.126.net/U0oDbmU3Zi6RZqeOmj2xRw==/109951164058545028.jpg,http://p3.music.126.net/JSTic7EtiBpLA2-MZ2-T3w==/109951164058537306.jpg,http://p3.music.126.net/KsBMdgsOD3rrIy1-szhhcw==/109951164058533985.jpg, gname=【正版授权】2019年夏季新款OA18号短袖圆领潮流T恤, gintroduce=正版龙珠；青春流行；柔顺亲肤；吸汗透气, gcolorid=null, category1=1008002, category2=1010004, gbrand=龙珠, gprice=218.0, ggrade=null, gcount=1791, gmaterial=null, hot=0]
Goods [gid=11671000, zpicture=http://p4.music.126.net/1BIyb3OT3T_M2fU_vwiTNA==/109951164056492505.jpg, gpicture=http://p4.music.126.net/1BIyb3OT3T_M2fU_vwiTNA==/109951164056492505.jpg,http://p3.music.126.net/WuEv_oXPeY5MD0--myNSRA==/109951164056489593.jpg,http://p4.music.126.net/5M_uEh4tip3IxbXH7PkdDA==/109951164056485231.jpg,http://p3.music.126.net/YsOgTNqrLxze-Bs99AsdiQ==/109951164056484750.jpg, gname=【正版授权】2019年夏季新款HF特兰克斯短袖圆领潮流T恤, gintroduce=正版龙珠；青春流行；柔顺亲肤；吸汗透气, gcolorid=null, category1=1008002, category2=1010004, gbrand=龙珠, gprice=218.0, ggrade=null, gcount=1194, gmaterial=null, hot=0]
Goods [gid=11672002, zpicture=http://p3.music.126.net/Q_bePjAHLT-7KovVN1IaiQ==/109951164058521250.jpg, gpicture=http://p3.music.126.net/Q_bePjAHLT-7KovVN1IaiQ==/109951164058521250.jpg,http://p3.music.126.net/OIqLWIOirgh1QumLpQ5ZNg==/109951164058524204.jpg,http://p3.music.126.net/lLxzy0-vJ2SjqkxTpB7wkg==/109951164058516992.jpg,http://p3.music.126.net/uvrhTI-8KMyT4hLQZ12CkQ==/109951164058529045.jpg,http://p4.music.126.net/GQWItt9XzbQ0wrRuIHaDTQ==/109951164058518417.jpg, gname=【正版授权】2019年夏季新款OA特兰克斯短袖圆领潮流T恤, gintroduce=正版龙珠；青春流行；柔顺亲肤；吸汗透气, gcolorid=null, category1=1008002, category2=1010004, gbrand=龙珠, gprice=218.0, ggrade=null, gcount=1795, gmaterial=null, hot=0]
Goods [gid=11673002, zpicture=http://p4.music.126.net/xYCE0rzeiS75UbECVoQeUg==/109951164058432931.jpg, gpicture=http://p4.music.126.net/xYCE0rzeiS75UbECVoQeUg==/109951164058432931.jpg,http://p4.music.126.net/Ayp_uWOvahGLZDkcq_aC4A==/109951164058436290.jpg,http://p4.music.126.net/z7R4VufZRaqfAhBSl3cEBg==/109951164058440183.jpg,http://p3.music.126.net/kxLOsWXtheKyYUVCJgTiUw==/109951164058435360.jpg,http://p3.music.126.net/pO9x720FnVdFUTq4rvWtNg==/109951164058437777.jpg, gname=【正版授权】2019年夏季新款OA悟空超级赛亚人短袖圆领潮流T恤, gintroduce=正版龙珠；青春流行；柔顺亲肤；吸汗透气, gcolorid=null, category1=1008002, category2=1010004, gbrand=龙珠, gprice=218.0, ggrade=null, gcount=1677, gmaterial=null, hot=1]
Goods [gid=11680000, zpicture=http://p4.music.126.net/5ulLKQ4nz_KwIomFc-BJ_w==/109951164058774678.jpg, gpicture=http://p4.music.126.net/5ulLKQ4nz_KwIomFc-BJ_w==/109951164058774678.jpg,http://p4.music.126.net/A-8rcT3UJPoVPm3SmuRr-w==/109951164058779017.jpg,http://p3.music.126.net/nAsL_YnJR1rVWWg-55EJSw==/109951164058771835.jpg,http://p3.music.126.net/wZ8eO65WZdMfROzS5dupJA==/109951164058767960.jpg, gname=【正版授权】2019年夏季新款OA悟饭短袖圆领潮流T恤, gintroduce=正版龙珠；青春流行；柔顺亲肤；吸汗透气, gcolorid=null, category1=1008002, category2=1010004, gbrand=龙珠, gprice=218.0, ggrade=null, gcount=1695, gmaterial=null, hot=0]
Goods [gid=11680001, zpicture=http://p3.music.126.net/eXtdANSayD6uD3__bQLrWw==/109951164059079284.jpg, gpicture=http://p3.music.126.net/eXtdANSayD6uD3__bQLrWw==/109951164059079284.jpg,http://p3.music.126.net/8mLmMpfaOL9h3nY_TaUZJA==/109951164059084063.jpg,http://p4.music.126.net/UTJEkgEiyRaUPz1uAs6O8g==/109951164059071473.jpg, gname=【正版授权】2019年夏季新款FX比鲁斯短袖圆领潮流T恤, gintroduce=正版龙珠；青春流行；柔顺亲肤；吸汗透气, gcolorid=null, category1=1008002, category2=1010004, gbrand=龙珠, gprice=218.0, ggrade=null, gcount=1499, gmaterial=null, hot=0]
Goods [gid=11683001, zpicture=http://p3.music.126.net/rNroy4aGcbTjUwCvZcsYUg==/109951164059186265.jpg, gpicture=http://p3.music.126.net/rNroy4aGcbTjUwCvZcsYUg==/109951164059186265.jpg,http://p4.music.126.net/mmt5nK5mddcx3HZPPLA85g==/109951164059191090.jpg,http://p3.music.126.net/cEUQzBHy4m9FkEWhK4yWxQ==/109951164059183412.jpg, gname=【正版授权】2019年夏季新款超蓝悟空图腾短袖圆领潮流T恤, gintroduce=正版龙珠；青春流行；柔顺亲肤；吸汗透气, gcolorid=null, category1=1008002, category2=1010004, gbrand=龙珠, gprice=218.0, ggrade=null, gcount=493, gmaterial=null, hot=0]
Goods [gid=11684000, zpicture=http://p4.music.126.net/c70dt9eQbxG0zudH5W3wQg==/109951164058859583.jpg, gpicture=http://p4.music.126.net/c70dt9eQbxG0zudH5W3wQg==/109951164058859583.jpg,http://p3.music.126.net/-OZ9VAR4nPFzGyKNicvWaw==/109951164058850435.jpg,http://p4.music.126.net/iGQP7u8uojg_L0zk06m8UA==/109951164058860096.jpg,http://p3.music.126.net/Z5g9bgl7JPF2W2Kb7kXkkQ==/109951164058862557.jpg, gname=【正版授权】2019年夏季新款鬼魂来袭2短袖圆领潮流T恤, gintroduce=正版龙珠；青春流行；柔顺亲肤；吸汗透气, gcolorid=null, category1=1008002, category2=1010004, gbrand=龙珠, gprice=218.0, ggrade=null, gcount=2285, gmaterial=null, hot=1]
Goods [gid=11686000, zpicture=http://p3.music.126.net/-XsqD49GlMXpLj5TSgjN8w==/109951164059033449.jpg, gpicture=http://p3.music.126.net/-XsqD49GlMXpLj5TSgjN8w==/109951164059033449.jpg,http://p3.music.126.net/AlwoguWcthvJYFm7X2Dx7A==/109951164059038331.jpg,http://p3.music.126.net/w995tDiVCFnQ4p9TjPSqVA==/109951164059037855.jpg, gname=【正版授权】2019年夏季新款FK悟空短袖圆领潮流T恤, gintroduce=正版龙珠；青春流行；柔顺亲肤；吸汗透气, gcolorid=null, category1=1008002, category2=1010004, gbrand=龙珠, gprice=218.0, ggrade=null, gcount=1488, gmaterial=null, hot=0]
Goods [gid=11686001, zpicture=http://p4.music.126.net/EQ2Ujpm_J-t5Ot_uphSn3g==/109951164059112826.jpg, gpicture=http://p4.music.126.net/EQ2Ujpm_J-t5Ot_uphSn3g==/109951164059112826.jpg,http://p3.music.126.net/Oqo1OBTYxJ_YaU72TOb0-g==/109951164059122500.jpg, gname=【正版授权】2019年夏季新款FK贝吉塔短袖圆领潮流T恤, gintroduce=正版龙珠；青春流行；柔顺亲肤；吸汗透气, gcolorid=null, category1=1008002, category2=1010004, gbrand=龙珠, gprice=218.0, ggrade=null, gcount=998, gmaterial=null, hot=1]
Goods [gid=11687000, zpicture=http://p3.music.126.net/eFrq5iq-GCGn_S82QUvMog==/109951164059059197.jpg, gpicture=http://p3.music.126.net/eFrq5iq-GCGn_S82QUvMog==/109951164059059197.jpg,http://p3.music.126.net/6vcVoRRGLsstjMhRL8kXlA==/109951164059062529.jpg,http://p4.music.126.net/oS-ewY2K3RzGU1DcbwQvwA==/109951164059057727.jpg, gname=【正版授权】2019年夏季新款FKrose粉色短袖圆领潮流T恤, gintroduce=正版龙珠；青春流行；柔顺亲肤；吸汗透气, gcolorid=null, category1=1008002, category2=1010004, gbrand=龙珠, gprice=218.0, ggrade=null, gcount=1488, gmaterial=null, hot=0]
Goods [gid=11689001, zpicture=http://p4.music.126.net/4D_Zs_gHbi5rEXkXvfnItw==/109951164060802556.jpg, gpicture=http://p4.music.126.net/4D_Zs_gHbi5rEXkXvfnItw==/109951164060802556.jpg,http://p3.music.126.net/611TIZxl4Mej4YaRZvtxbQ==/109951164060792487.jpg,http://p3.music.126.net/1FtYIIV_n8J5HH8OWu0I8A==/109951164060804045.jpg,http://p3.music.126.net/L9VFSRm1bc2hxzEJxjHhjQ==/109951164060805515.jpg,http://p4.music.126.net/NH7c2-kfAokUUAkbI1yVFg==/109951164060804574.jpg,http://p4.music.126.net/mOrjNv7ijUCjWFH57rMhYg==/109951164060804578.jpg,http://p4.music.126.net/o3U2zGfvFlkfE7RSpiQi5g==/109951164060799769.jpg, gname=漫步者（EDIFIER）TWS5 真无线 入耳式蓝牙触控耳机 apt-X解码, gintroduce=apt-X解码；高通蓝牙5.0；高品质生物振膜；LDS激光成型天线；左右可独立使用；续航时间长, gcolorid=null, category1=101000, category2=1005000, gbrand=漫步者（EDIFIER）, gprice=489.0, ggrade=null, gcount=44, gmaterial=null, hot=1]
Goods [gid=11691000, zpicture=http://p3.music.126.net/YLZrUQ__YMluYdjDtjMEsw==/109951164454377947.jpg, gpicture=http://p3.music.126.net/YLZrUQ__YMluYdjDtjMEsw==/109951164454377947.jpg,http://p4.music.126.net/XSOAgx_1-sZ9CKhSsAalbw==/109951164454387156.jpg,http://p3.music.126.net/Et1YKmQEjZ9lbjltYczmvA==/109951164454392027.jpg,http://p4.music.126.net/-x59Ds5JkOrkO2_TrVGSIw==/109951164454393008.jpg,http://p3.music.126.net/IgPYc6TZ9hZTcBZ1yv9ApQ==/109951164454392522.jpg,http://p3.music.126.net/MwfMeap0cARN60r5xWW47w==/109951164454391545.jpg,http://p4.music.126.net/XdyGnIW-GsNvCHnCg35Nkg==/109951164454385305.jpg,http://p4.music.126.net/q4txsO6KwK0bOgaYV-QGMA==/109951164454387712.jpg, gname=漫步者（EDIFIER）W3 DSP Pro 薛之谦DSP联名款 真无线蓝牙入耳式手机音乐耳机耳塞, gintroduce=DSP联名定制款，高通蓝牙5.0，APTX音频解码，8+24小时超长续航，IPX5级防水，高清通话, gcolorid=null, category1=101000, category2=1005000, gbrand=漫步者（EDIFIER）, gprice=329.0, ggrade=null, gcount=48, gmaterial=null, hot=0]
Goods [gid=11693002, zpicture=http://p4.music.126.net/k3kwYZoCZN7L_9iRvYqtpw==/109951164061744280.jpg, gpicture=http://p4.music.126.net/k3kwYZoCZN7L_9iRvYqtpw==/109951164061744280.jpg,http://p4.music.126.net/tysCbCszfnUhR3f2OVS8nA==/109951164061742863.jpg,http://p3.music.126.net/TrN7lb2Gn1outf0CZCUeeQ==/109951164061749752.jpg, gname=【正版授权】2019年夏季新款圣斗士星矢-雅典娜之惊叹（金色）短袖圆领潮流T恤, gintroduce=正版授权；青春流行；柔顺亲肤；吸汗透气, gcolorid=null, category1=1008002, category2=1010004, gbrand=圣斗士星矢, gprice=218.0, ggrade=null, gcount=498, gmaterial=null, hot=3]
Goods [gid=11703003, zpicture=http://p4.music.126.net/eZO47Pir75pgd1eQbY4OVA==/109951164094159737.jpg, gpicture=http://p4.music.126.net/eZO47Pir75pgd1eQbY4OVA==/109951164094159737.jpg,http://p4.music.126.net/JoivF7YdpLKzdFrFYuE5uA==/109951164077937291.jpg,http://p4.music.126.net/ZdW3E_uAaPQvq2WbHi8fxA==/109951164077934351.jpg,http://p3.music.126.net/AElthrKJEcJGqSOlcKcBrg==/109951164094153476.jpg,http://p3.music.126.net/EIuIWTN-0lo6SOrBmHY_ZA==/109951164094157304.jpg, gname=伯朗 i9S蓝牙5.0真无线耳机双耳通话苹果安卓通用, gintroduce=【赠送硅胶保护套+登山扣】蓝牙5.0 佩戴舒适 自带充电仓便携 双耳通话, gcolorid=null, category1=101000, category2=1005000, gbrand=伯朗, gprice=89.0, ggrade=null, gcount=2356, gmaterial=null, hot=0]
Goods [gid=11728001, zpicture=http://p3.music.126.net/bjuML9O6zMvw22miFq3sUg==/109951164202388691.jpg, gpicture=http://p3.music.126.net/bjuML9O6zMvw22miFq3sUg==/109951164202388691.jpg,http://p3.music.126.net/orvie8SodGTTU4W3DqaSvw==/109951164143698270.jpg,http://p4.music.126.net/W25TGBy0jHeRHALk9DRa1w==/109951164086508329.jpg,http://p4.music.126.net/CtwNkxtriupQLoIMVSz88A==/109951164087881382.jpg,http://p4.music.126.net/U0Y1CGpHbV-0jlqgdcX4SQ==/109951164094133649.jpg,http://p3.music.126.net/YkTEnVjpChY6YswU_K2v3w==/109951164086508406.jpg,http://p3.music.126.net/h_LZ7v-r-e5XpdGGcYUJOQ==/109951164094128831.jpg,http://p3.music.126.net/Jgc770AJFctwFSO63Qe7KA==/109951164094127414.jpg, gname=伯朗 i12触控真无线蓝牙耳机蓝牙5.0苹果安卓通用, gintroduce=【赠送硅胶保护套+登山扣】智能触控；20小时长效续航；自动配对；蓝牙5.0；双耳通话；, gcolorid=null, category1=101000, category2=1005000, gbrand=伯朗, gprice=129.0, ggrade=null, gcount=3496, gmaterial=null, hot=0]
Goods [gid=11783000, zpicture=http://p4.music.126.net/5NQ4A9tuE_-7J9CgwN4CcQ==/109951164202363614.jpg, gpicture=http://p4.music.126.net/5NQ4A9tuE_-7J9CgwN4CcQ==/109951164202363614.jpg,http://p4.music.126.net/ZyfoSAW9H2M9_DGFpiSkMw==/109951164105112536.jpg,http://p4.music.126.net/hPcKeNprgNu-V1CcOlfImg==/109951164105112527.jpg,http://p4.music.126.net/EFaWA1UaEZTij57WXQ0S6A==/109951164105105825.jpg,http://p3.music.126.net/CnJ59eoPBQIfDFzvBl6rYQ==/109951164105108669.jpg,http://p4.music.126.net/laQIIpQgUm0EGRz3KYopuA==/109951164202362640.jpg,http://p3.music.126.net/OTwjPHBpe4Z_TyVNG5aQ3Q==/109951164202355310.jpg,http://p4.music.126.net/WN0eYfeBQUhQm-mIaEyXRQ==/109951164202359242.jpg, gname=aigo小魔方 以一抵六=1无线充+2AC充+3USB充 桌面充电站, gintroduce=桌面充电站； 以一抵六；无线充电； USB快充 ；手机支架, gcolorid=null, category1=101000, category2=1007000, gbrand=爱国者（aigo）, gprice=99.0, ggrade=null, gcount=132, gmaterial=null, hot=8]
Goods [gid=11788001, zpicture=http://p4.music.126.net/R7_fdgBHNfBKuB8Rzk7cJQ==/109951164105930861.jpg, gpicture=http://p4.music.126.net/R7_fdgBHNfBKuB8Rzk7cJQ==/109951164105930861.jpg,http://p3.music.126.net/TrsaXaSXkXlnzTQ0uhBS5w==/109951164105929412.jpg,http://p3.music.126.net/MUJ2PgNHwwZuV9Kgqb0Ycg==/109951164105940041.jpg,http://p3.music.126.net/9RrpAP28JqJBo5ifvirPoA==/109951164105940044.jpg,http://p3.music.126.net/fdAdZ2kcdGTrhQeYGZPBlg==/109951164105932346.jpg,http://p4.music.126.net/mXDEvflNz9N8jRoN8ay_iQ==/109951164105941515.jpg, gname=【现货速发】Disney 迪士尼唐老鸭试卷资料册 IQT17200, gintroduce=, gcolorid=null, category1=1008002, category2=1010004, gbrand= Disney , gprice=36.0, ggrade=null, gcount=987, gmaterial=null, hot=1]
Goods [gid=11790000, zpicture=http://p4.music.126.net/gG9S9lOXQhzoodgC6hsNAQ==/109951164105983602.jpg, gpicture=http://p4.music.126.net/gG9S9lOXQhzoodgC6hsNAQ==/109951164105983602.jpg,http://p3.music.126.net/u3EFkMN6zbNL2P8PQqS3gQ==/109951164105983216.jpg,http://p3.music.126.net/Lt9nh_H5yx_W_rS-P3u2lQ==/109951164105977491.jpg,http://p3.music.126.net/uMk3WGO4vaN0WyYc2z01jw==/109951164105988549.jpg,http://p4.music.126.net/wpvTqfljV8SbL1ycJsk0ZQ==/109951164105990006.jpg,http://p4.music.126.net/pe4BcZmTnjCceOAJIXK73Q==/109951164105986112.jpg,http://p3.music.126.net/2-gT4bC9IMZCRoKZYhrUJg==/109951164105984684.jpg, gname=【现货速发】Disney 迪士尼唐老鸭皮面本 IQT11201, gintroduce=, gcolorid=null, category1=1008002, category2=1010004, gbrand=Disney, gprice=36.0, ggrade=null, gcount=1086, gmaterial=null, hot=1]
Goods [gid=11807001, zpicture=http://p4.music.126.net/aNMvUMCi9SmNkA-Hdsm1QA==/109951164127032968.jpg, gpicture=http://p4.music.126.net/aNMvUMCi9SmNkA-Hdsm1QA==/109951164127032968.jpg,http://p4.music.126.net/T23ULmix2evLZviC4FR8Ng==/109951164127037267.jpg,http://p4.music.126.net/sf0XwRtLfbkVjNxzW4yxyA==/109951164127041645.jpg,http://p3.music.126.net/ZpQWPZX3umL7Xb49kfvR_A==/109951164127040187.jpg, gname=山灵ME100 入耳式耳机动圈高解析 可换线降噪女毒, gintroduce=高灵敏低阻抗 强悍解析 可换线, gcolorid=null, category1=101000, category2=1005000, gbrand=山灵, gprice=798.0, ggrade=null, gcount=60, gmaterial=null, hot=1]
Goods [gid=11808000, zpicture=http://p4.music.126.net/T7YNlnaSc7INjjR2zeDWFA==/109951164127048418.jpg, gpicture=http://p4.music.126.net/T7YNlnaSc7INjjR2zeDWFA==/109951164127048418.jpg,http://p4.music.126.net/xEwGNiDNX-vVXvwdWaZTuQ==/109951164127051822.jpg,http://p3.music.126.net/DhtY2e_X-ejxYnygM8Jtow==/109951164127057612.jpg,http://p3.music.126.net/CxDyjwN9SLDPwTtk1t01Aw==/109951164127059563.jpg,http://p3.music.126.net/7Yhmvqad00YTcirqJyRt3w==/109951164127057661.jpg,http://p4.music.126.net/LQQH9mPKOlBsVNPUEGfS3g==/109951164127059600.jpg, gname=山灵M0 学生mp3随身听 专业母带级无损HIFI播放器 车载蓝牙插卡触摸屏便携跑步, gintroduce=双向蓝牙；触摸屏；可显示歌词, gcolorid=null, category1=101000, category2=1006000, gbrand=山灵, gprice=598.0, ggrade=null, gcount=117, gmaterial=null, hot=3]
Goods [gid=11809000, zpicture=http://p4.music.126.net/RkswnpQ7ZoblWLFJ0uOwDg==/109951164127044687.jpg, gpicture=http://p4.music.126.net/RkswnpQ7ZoblWLFJ0uOwDg==/109951164127044687.jpg,http://p4.music.126.net/2eHdLSjL-6VqsWqn_1CMlA==/109951164127044720.jpg,http://p4.music.126.net/0uZd-X3gXrjREhUowlzBmw==/109951164127040842.jpg,http://p4.music.126.net/B5mGTZ4Kf8Bov175VdbKvA==/109951164127050015.jpg, gname=山灵M2X 无损音乐播放器蓝牙车载学生mp3 触摸屏无线WiFi, gintroduce=自带3大曲库；双向蓝牙；支持2.5平衡输出, gcolorid=null, category1=101000, category2=1006000, gbrand=山灵, gprice=1298.0, ggrade=null, gcount=89, gmaterial=null, hot=1]
Goods [gid=11810000, zpicture=http://p3.music.126.net/2iNr_T8U6cKfWqu_9rgy2g==/109951164109547767.jpg, gpicture=http://p3.music.126.net/2iNr_T8U6cKfWqu_9rgy2g==/109951164109547767.jpg,http://p4.music.126.net/qbIvEDWmiz0PRpR89uAt4Q==/109951164125131558.jpg,http://p3.music.126.net/2q1uLYY-4HL3tRThIwpU0A==/109951164125128652.jpg,http://p4.music.126.net/QRubJXNnctEne3KTS3yV1w==/109951164125130121.jpg, gname=山灵MW100 蓝牙耳机双耳无线降噪可接听电话, gintroduce=续航15小时；IPX5防汗防水, gcolorid=null, category1=101000, category2=1005000, gbrand=山灵, gprice=368.0, ggrade=null, gcount=10, gmaterial=null, hot=0]
Goods [gid=11812000, zpicture=http://p4.music.126.net/geLvo5SyTSQzzuO9tICy9A==/109951164155997071.jpg, gpicture=http://p4.music.126.net/geLvo5SyTSQzzuO9tICy9A==/109951164155997071.jpg,http://p4.music.126.net/nZLH8T4brTlTzWrm1b-ObA==/109951164156000504.jpg,http://p3.music.126.net/lCTddeqojdnXmJlXjeB9jg==/109951164109806049.jpg,http://p4.music.126.net/3hvgz8P_5DYWXb04f63UmQ==/109951164109804675.jpg,http://p3.music.126.net/UAihzLakyMfGYshH_pMUpg==/109951164109807155.jpg, gname=三枪X网易云音乐·乐系列情侣潮袜（4条装/7条装））, gintroduce=三枪X网易云音乐强强联手，打造个性ICON潮袜，舒适透气，轻柔如云朵。, gcolorid=null, category1=1008002, category2=1010004, gbrand=三枪, gprice=79.9, ggrade=null, gcount=66, gmaterial=null, hot=2]
Goods [gid=11813000, zpicture=http://p3.music.126.net/Q_2cRtS4UK7d2i8B7oSIyA==/109951164155993129.jpg, gpicture=http://p3.music.126.net/Q_2cRtS4UK7d2i8B7oSIyA==/109951164155993129.jpg,http://p4.music.126.net/qZvudPkXCRXXLCc_42UH9g==/109951164155986487.jpg,http://p3.music.126.net/W0B_z90ljsBfQ-LB9XkMrA==/109951164155993146.jpg,http://p4.music.126.net/HJREkzSwjc--lCLZ0zQMmA==/109951164155997557.jpg,http://p4.music.126.net/tc3BwNSdFpDdgBTTK48o2A==/109951164109897108.jpg,http://p3.music.126.net/y87CQ9JeeYJEKlAAUXvbAg==/109951164109889911.jpg,http://p3.music.126.net/-sh7RWNhGtIe7ojV8IrMzA==/109951164109888472.jpg, gname=三枪X网易云音乐·乐系列男女内裤（3条装）, gintroduce=三枪X网易云音乐 强强联手打造个性音乐ICON乐系列内裤，50支细柔莫代尔，舒适透气无感，让你忘记它, gcolorid=null, category1=1008002, category2=1010004, gbrand=三枪, gprice=139.0, ggrade=null, gcount=508, gmaterial=null, hot=2]
Goods [gid=11813005, zpicture=http://p4.music.126.net/BYreydMsn99TQqgSjE4nUg==/109951164157586733.jpg, gpicture=http://p4.music.126.net/BYreydMsn99TQqgSjE4nUg==/109951164157586733.jpg,http://p3.music.126.net/WGNUlGXMProdwqSUjSAcag==/109951164122029998.jpg,http://p4.music.126.net/eg5-eRWBC7yGxhpkRhTY_A==/109951164122030454.jpg,http://p3.music.126.net/HgfFXMHbGy_R56hVPZFO2Q==/109951164122036276.jpg,http://p4.music.126.net/KkrJf6qYpAHBI8lk5JGCxg==/109951164122041558.jpg, gname=神偷奶爸小黄人多用折叠抱枕被 MC-FBZ10, gintroduce= 小黄人抱枕被来袭，多功能抱枕被逗趣可爱。
 面料舒适，柔软，打开是条被子，合拢是个抱枕, gcolorid=null, category1=1008002, category2=1010004, gbrand=Minions, gprice=399.0, ggrade=null, gcount=50, gmaterial=null, hot=2]
Goods [gid=11813007, zpicture=http://p4.music.126.net/MQkodPu1GrzEl3yktKOlRw==/109951164157588786.jpg, gpicture=http://p4.music.126.net/MQkodPu1GrzEl3yktKOlRw==/109951164157588786.jpg,http://p4.music.126.net/G9ymvJLyuJ62x65Ml9uchA==/109951164122077419.jpg,http://p4.music.126.net/kuG7YKhTVWIfj0_wT5pFIA==/109951164122081231.jpg,http://p4.music.126.net/Y-c17lxK8DiGElglFMLA9w==/109951164122082209.jpg,http://p4.music.126.net/hVKCXvtT7J9w4ijPTR-cFQ==/109951164122080297.jpg, gname=神偷奶爸小黄人便携单层手提餐盒 MN-JBXH02-1, gintroduce=将小黄人LOVE融入设计中，意于让人们远离外卖毒害，带上自己的爱心便当，分层设计，营养互不串味, gcolorid=null, category1=1008002, category2=1010004, gbrand=Minions, gprice=169.0, ggrade=null, gcount=48, gmaterial=null, hot=2]
Goods [gid=11817007, zpicture=http://p3.music.126.net/dRNHaXrvYtui54pDxNKCig==/109951164122112690.jpg, gpicture=http://p3.music.126.net/dRNHaXrvYtui54pDxNKCig==/109951164122112690.jpg,http://p3.music.126.net/eBiPC4MXV3ZOaU6HBqUOYA==/109951164122118999.jpg,http://p4.music.126.net/TsyGCeVzgTkvmsEVl3ryGA==/109951164122117038.jpg,http://p3.music.126.net/mX1S30_kyDa6Rp0OF9vXdw==/109951164122115136.jpg,http://p4.music.126.net/4vx-lp1ihgxfCBsbISa2PQ==/109951164157576665.jpg, gname=神偷奶爸小黄人时尚保温杯 MN-JSSB32, gintroduce=杯身内外胆均采用食品接触304不锈钢，内胆镀铜，双层真空牢牢锁住温度，长效保温 , gcolorid=null, category1=1008002, category2=1010004, gbrand=Minions, gprice=189.0, ggrade=null, gcount=46, gmaterial=null, hot=2]
Goods [gid=11819007, zpicture=http://p4.music.126.net/UyxZ-teA1iSNxKaOgXZm6w==/109951164157583861.jpg, gpicture=http://p4.music.126.net/UyxZ-teA1iSNxKaOgXZm6w==/109951164157583861.jpg,http://p4.music.126.net/e5OSHlXONWvif2KoM7AUxg==/109951164122050873.jpg,http://p3.music.126.net/5dNLKC2EH74vYrNN8g5-mg==/109951164122052292.jpg,http://p3.music.126.net/Jlt6scXWpAQkql7WyxBMYQ==/109951164122056655.jpg, gname=神偷奶爸小黄人电子秤 SA-DDC01, gintroduce=高灵敏传感器+防滑坚固底座，精准测量
四点式传感器，精准稳定，传输速度更快，更耐用

, gcolorid=null, category1=1008002, category2=1010004, gbrand=Minions, gprice=299.0, ggrade=null, gcount=50, gmaterial=null, hot=2]
Goods [gid=11825001, zpicture=http://p4.music.126.net/NHk9RcX4qpntI4E3M1AQDQ==/109951164139932059.jpg, gpicture=http://p4.music.126.net/NHk9RcX4qpntI4E3M1AQDQ==/109951164139932059.jpg,http://p4.music.126.net/xRtZbvvF_grVk7L7vSOvSg==/109951164139933034.jpg,http://p4.music.126.net/vrvraRaRHw2-RpMnbiK8uw==/109951164139933038.jpg,http://p4.music.126.net/2D1bx4V27h6Kv4Ir6ImeTA==/109951164139927310.jpg,http://p4.music.126.net/81Y4ty8H0ILSKxfPhPHwQw==/109951164139930639.jpg,http://p4.music.126.net/KMdWFid3RQcl6S5K3eAxPQ==/109951164139931586.jpg,http://p3.music.126.net/antd-K7pNMO3SKg4t8yxBg==/109951164139924875.jpg, gname=skullcandy Ink'd+ 骷髅头有线入耳式线控新版通话耳麦, gintroduce=inkd升级版新品, gcolorid=null, category1=101000, category2=1005000, gbrand=skullcandy, gprice=149.0, ggrade=null, gcount=184, gmaterial=null, hot=0]
Goods [gid=11830007, zpicture=http://p4.music.126.net/RhZ67MM--9zVzKgD41BeKw==/109951164122074008.jpg, gpicture=http://p4.music.126.net/RhZ67MM--9zVzKgD41BeKw==/109951164122074008.jpg,http://p3.music.126.net/YnWLYGm6OqpMT1SktDAHmg==/109951164122073113.jpg,http://p4.music.126.net/tYbNRvzLEKvD9Llsps-0MA==/109951164122067335.jpg,http://p4.music.126.net/A9v00C9v1cZLjsxUvGb8fg==/109951164122069325.jpg,http://p3.music.126.net/QGWhO9vJtnb4JhDIOLUnGw==/109951164157588819.jpg, gname=神偷奶爸小黄人陶瓷耐热锅具俩件套 MN-JTCT08-2, gintroduce= 原创设计的小黄人LOVE图案，用心煲好汤
 陶瓷锅取材于天然陶土，高温烧制而成，釉面光滑, gcolorid=null, category1=1008002, category2=1010004, gbrand=Minions, gprice=699.0, ggrade=null, gcount=48, gmaterial=null, hot=0]
Goods [gid=11830008, zpicture=http://p4.music.126.net/0KKKmxkNr9ftqtqTzhDILQ==/109951164122374470.jpg, gpicture=http://p4.music.126.net/0KKKmxkNr9ftqtqTzhDILQ==/109951164122374470.jpg,http://p4.music.126.net/SI2aAWF3HslprGZnu0EUpA==/109951164122378306.jpg, gname=【正版周边】圣斗士T恤动漫情侣纯棉短袖ins潮牌火时钟, gintroduce=正版授权 简约百搭 时尚潮流, gcolorid=null, category1=1008002, category2=1010004, gbrand=圣斗士星矢, gprice=218.0, ggrade=null, gcount=796, gmaterial=null, hot=1]
Goods [gid=11833011, zpicture=http://p4.music.126.net/JhF4neUUW5XOCp57fh0OIQ==/109951164122102724.jpg, gpicture=http://p4.music.126.net/JhF4neUUW5XOCp57fh0OIQ==/109951164122102724.jpg,http://p4.music.126.net/bUywEMBqMW41PngcFlxPxA==/109951164122108015.jpg,http://p4.music.126.net/XgpMABLU3wNCvINKuV30Kw==/109951164122104201.jpg,http://p4.music.126.net/2enzHhyDWzKN100ayo0NKA==/109951164122108517.jpg,http://p4.music.126.net/Y8g_XN19g7vz0EgShc87MQ==/109951164157591175.jpg, gname=神偷奶爸小黄人玻璃水杯 MN-JBLB37, gintroduce= 原创图案设计，呆萌小黄人配以鲜明的色彩，用简洁代替繁琐，汇成一个
美观通透的玻璃杯 无毒无害, gcolorid=null, category1=1008002, category2=1010004, gbrand=Minions, gprice=89.0, ggrade=null, gcount=42, gmaterial=null, hot=0]
Goods [gid=11863020, zpicture=http://p3.music.126.net/3VBFV-4u1pjvHhmludEDBw==/109951164127232271.jpg, gpicture=http://p3.music.126.net/3VBFV-4u1pjvHhmludEDBw==/109951164127232271.jpg,http://p3.music.126.net/OUfmgdehmbTjuUFplF7rFg==/109951164127238123.jpg,http://p4.music.126.net/2zBwlFcwXwtK1XQI6yADZg==/109951164127240507.jpg,http://p4.music.126.net/uOcO6ppikUy3xhe3m1SOfg==/109951164127239074.jpg,http://p3.music.126.net/slVn0l6UlFcXni2_ZkJY0w==/109951164127232307.jpg, gname=【正版授权】龙珠火焰T恤, gintroduce=正版周边 潮流时尚, gcolorid=null, category1=1008002, category2=1010004, gbrand=龙珠, gprice=198.0, ggrade=null, gcount=158, gmaterial=null, hot=0]
Goods [gid=11864023, zpicture=http://p4.music.126.net/gPyleO8nGAyBsvQP3n6C7Q==/109951164127181281.jpg, gpicture=http://p4.music.126.net/gPyleO8nGAyBsvQP3n6C7Q==/109951164127181281.jpg,http://p3.music.126.net/yIMXSVHJB4Cc2ZSD6dvNYw==/109951164127181293.jpg,http://p4.music.126.net/mmeSpHcj6qLuiTe1VMP_ew==/109951164127181304.jpg,http://p3.music.126.net/fwRtm8FzgfUWIacGiCwZsw==/109951164127177437.jpg,http://p4.music.126.net/bSyPwX2JDASabAchBDmSRQ==/109951164127180330.jpg, gname=【正版授权】龙珠悟空黑悟空PKT恤, gintroduce=正版周边 潮流时尚, gcolorid=null, category1=1008002, category2=1010004, gbrand=龙珠, gprice=198.0, ggrade=null, gcount=298, gmaterial=null, hot=1]
Goods [gid=11872000, zpicture=http://p4.music.126.net/bP6HrkRSUYNgjwMhu-L6Ew==/109951164143958817.jpg, gpicture=http://p4.music.126.net/bP6HrkRSUYNgjwMhu-L6Ew==/109951164143958817.jpg,http://p3.music.126.net/8YvJrrkQCLFCEJ1SBoY8Yw==/109951164143965589.jpg,http://p3.music.126.net/xF4Uu3xmMTfXVhOytK8Y7g==/109951164143957894.jpg,http://p4.music.126.net/sB8i6jW-4ODI3AE7mfp3cQ==/109951164143959829.jpg,http://p3.music.126.net/GUZMHStNM5LUTIW12eLMxw==/109951164143968025.jpg,http://p3.music.126.net/sy-AYxnAAtQfL_nue3qEMQ==/109951164143967564.jpg,http://p3.music.126.net/YgUPjV2PaVBqG0Y7g8Aegw==/109951164143959858.jpg,http://p4.music.126.net/D5vSooREIFxLqlhIJMHohg==/109951164143966610.jpg, gname=三星（SAMSUNG） Galaxy Buds真无线蓝牙入耳式运动耳机, gintroduce=真无线；环境感知立体声；运动耳机；智能触控；品质音效, gcolorid=null, category1=101000, category2=1005000, gbrand=三星（SAMSUNG）, gprice=999.0, ggrade=null, gcount=22, gmaterial=null, hot=2]
Goods [gid=17847009, zpicture=http://p4.music.126.net/NgUKU8JoO4dJhceP-Rjhkg==/109951164141847401.jpg, gpicture=http://p4.music.126.net/NgUKU8JoO4dJhceP-Rjhkg==/109951164141847401.jpg,http://p4.music.126.net/8tbQPsRCwREWxm074nBm1A==/109951164141857561.jpg,http://p3.music.126.net/RXEbgKwFYc5IOsBhwyisnA==/109951164141844498.jpg,http://p4.music.126.net/YJGclR2lxa122960XiY55g==/109951164141850367.jpg,http://p4.music.126.net/G7ZKYDYaVEt7LgWAnZZQgw==/109951164141847426.jpg,http://p3.music.126.net/8DzJnXLVIddaegzH6F3ZaA==/109951164141856108.jpg,http://p3.music.126.net/56oJ1-aCW_8ZgeOfg1OQcQ==/109951164141858520.jpg, gname=神偷奶爸小黄人法兰绒毯 ME-FMT503, gintroduce=告别静电 更舒适:干燥的季节减少静电对皮肤的伤害, gcolorid=null, category1=1008002, category2=1010004, gbrand=Minions, gprice=339.0, ggrade=null, gcount=49, gmaterial=null, hot=1]
Goods [gid=17847105, zpicture=http://p3.music.126.net/oBFoOHQCk_6AAVBMI2jZkQ==/109951164160778971.jpg, gpicture=http://p3.music.126.net/oBFoOHQCk_6AAVBMI2jZkQ==/109951164160778971.jpg,http://p3.music.126.net/6q-J3kvZri_SvCnZ_swdQg==/109951164160788611.jpg,http://p4.music.126.net/njIF_XeZEipD6UFZ6toGhw==/109951164160787644.jpg,http://p3.music.126.net/4x8OGl2Q8SDkl-rhPiw0fg==/109951164160789597.jpg,http://p3.music.126.net/4c3KzWikVH538E7y4h6X2w==/109951164160786711.jpg,http://p3.music.126.net/Qg3_Y74F35I8AQMhREwT4g==/109951164160789136.jpg,http://p4.music.126.net/Ibq0SFd39DdH8sjk7ny2qQ==/109951164160785223.jpg, gname=Beats Solo3 Wireless Club Collection 头戴式无线蓝牙带麦耳机, gintroduce=学院潮流风；Apple W1芯片；优秀电池表现；继承Beats优秀音质；折叠便携, gcolorid=null, category1=101000, category2=1005000, gbrand=Beats, gprice=1699.0, ggrade=null, gcount=106, gmaterial=null, hot=0]
Goods [gid=17847134, zpicture=http://p4.music.126.net/x4jKtdv6HkvEMJD2u9nYBw==/109951164170761538.jpg, gpicture=http://p4.music.126.net/x4jKtdv6HkvEMJD2u9nYBw==/109951164170761538.jpg,http://p3.music.126.net/rEQk58J6uggyRmWEXW172w==/109951164179229364.jpg,http://p4.music.126.net/0Y4zBm83xwm1lQW6fJbKgw==/109951164170702922.jpg,http://p3.music.126.net/hljFF1wCozRf6aM7KLYkDA==/109951164170710695.jpg,http://p3.music.126.net/DcpwuYi6P1ErnnMtU1SLNQ==/109951164170707752.jpg, gname=伯朗HT-08运动蓝牙耳机 安卓苹果通用, gintroduce=3D立体声 佩戴舒适 狂甩不掉 三键线控 待机时间长 连续听歌5-7小时 安卓苹果通用, gcolorid=null, category1=101000, category2=1005000, gbrand=伯朗, gprice=59.0, ggrade=null, gcount=2070, gmaterial=null, hot=3]
Goods [gid=17848011, zpicture=http://p3.music.126.net/0pLRqDhodfrM9kL-HigK8w==/109951164141815998.jpg, gpicture=http://p3.music.126.net/0pLRqDhodfrM9kL-HigK8w==/109951164141815998.jpg,http://p4.music.126.net/crSbcdl0LFKF1p4fB3XVWQ==/109951164141829019.jpg,http://p3.music.126.net/H9YxdxpwOhCp8jHZ3EZ_qQ==/109951164141823710.jpg,http://p3.music.126.net/v7_EXzEIv9rcR88wonaphA==/109951164141818441.jpg,http://p4.music.126.net/syE6l1CsOGpTpF6EZdA4kA==/109951164141827610.jpg,http://p4.music.126.net/aidLQjZv7zOVnX4qJPqt9Q==/109951164141816993.jpg, gname=神偷奶爸小黄人提手弹盖杯 MN-JTTB50, gintroduce=杯身内外胆均采用食品接触304不锈钢，内胆镀铜，双层真空牢牢锁住温度，效保温., gcolorid=null, category1=1008002, category2=1010004, gbrand=Minions, gprice=199.0, ggrade=null, gcount=48, gmaterial=null, hot=0]
Goods [gid=17848012, zpicture=http://p3.music.126.net/dZ_mEVPulV-rGsFm_jeYRg==/109951164141841265.jpg, gpicture=http://p3.music.126.net/dZ_mEVPulV-rGsFm_jeYRg==/109951164141841265.jpg,http://p3.music.126.net/OTLwv4lP0ahe8pg2Bc3jOw==/109951164141839807.jpg,http://p3.music.126.net/vfGhfhOA4PDbfhraulZUjw==/109951164141842248.jpg,http://p3.music.126.net/NRCcooOtDRuAji_5xqkq7g==/109951164141841777.jpg,http://p4.music.126.net/ZuOL6cvoUveel2ikpd142Q==/109951164141838394.jpg,http://p4.music.126.net/Vra3NljcJy4kQN0xW6PPiA==/109951164141841308.jpg, gname=神偷奶爸小黄人全棉夏凉被 ME-FSW103, gintroduce=一场奇幻梦之旅，享受不一样的睡眠生活，采用100%全棉面料，柔软贴身，舒适亲肤。, gcolorid=null, category1=1008002, category2=1010004, gbrand=Minions, gprice=499.0, ggrade=null, gcount=48, gmaterial=null, hot=1]
Goods [gid=17849124, zpicture=http://p4.music.126.net/7nPVa-jNzRsnG0tMbMsElg==/109951164175302622.jpg, gpicture=http://p4.music.126.net/7nPVa-jNzRsnG0tMbMsElg==/109951164175302622.jpg,http://p3.music.126.net/HlxnAmSaMUi2SfSTiqpcIw==/109951164175300226.jpg,http://p4.music.126.net/6RYqkxv9kdiehWxBBQJ7IQ==/109951164175301198.jpg, gname=FiiO/飞傲EM3S带麦大动圈HIFI平头耳机耳塞挂耳线控手机电脑通用, gintroduce=大动圈平头耳塞, gcolorid=null, category1=101000, category2=1005000, gbrand=FiiO/飞傲, gprice=98.0, ggrade=null, gcount=1, gmaterial=null, hot=0]
Goods [gid=17850012, zpicture=http://p3.music.126.net/Xk1sutFJMpLQk478wn9P8w==/109951164141780750.jpg, gpicture=http://p3.music.126.net/Xk1sutFJMpLQk478wn9P8w==/109951164141780750.jpg,http://p4.music.126.net/gn1akFTYY8NQX7aC5PDP1w==/109951164141783839.jpg,http://p3.music.126.net/Wy_bF0dd5oYJK9WY4oApiw==/109951164141787234.jpg,http://p3.music.126.net/GhuAzqafHFefzZxRUNAHZg==/109951164141781937.jpg,http://p3.music.126.net/Bcw0pcSCCVCiSeMVTDY7AA==/109951164141782902.jpg,http://p4.music.126.net/4ZpC42Cz3nk1jWh8J2UCZQ==/109951164141780996.jpg, gname=神偷奶爸小黄人时尚保温杯 MN-JSSB40, gintroduce=杯身内外胆均采用食品接触304不锈钢，内胆镀铜，双层真空牢牢锁住温度，长效保温, gcolorid=null, category1=1008002, category2=1010004, gbrand=Minions, gprice=199.0, ggrade=null, gcount=42, gmaterial=null, hot=0]
Goods [gid=17850086, zpicture=http://p3.music.126.net/WRz6A5fowyicTmQamiZbnw==/109951164160719773.jpg, gpicture=http://p3.music.126.net/WRz6A5fowyicTmQamiZbnw==/109951164160719773.jpg,http://p4.music.126.net/Q0Fa1Nq0btevjA9mjXmLQw==/109951164160717412.jpg,http://p4.music.126.net/Y6UIytASUuyYvjvxT4TGWw==/109951164160716453.jpg,http://p4.music.126.net/s9e-dljgY1hduoYzTeEH_g==/109951164160717434.jpg,http://p3.music.126.net/dRh_TeHikOBNX0YtYzXdKA==/109951164160721777.jpg,http://p3.music.126.net/N2wVPdYgq2YqlUDb-fCdUw==/109951164160721783.jpg,http://p4.music.126.net/x36lQTHGg7cxSijsVddR2A==/109951164160720809.jpg,http://p3.music.126.net/Y_jxPTx34gytuESXUx2SXA==/109951164160717482.jpg, gname=Beats Powerbeats Pro 真无线入耳式高性能蓝牙运动耳机, gintroduce=优秀声音表现；防水抗汗，佩戴稳固；全新Apple H1芯片；优秀电池表现；便捷操控；语音唤醒Siri, gcolorid=null, category1=101000, category2=1005000, gbrand=Beats, gprice=1888.0, ggrade=null, gcount=80, gmaterial=null, hot=0]
Goods [gid=17851114, zpicture=http://p4.music.126.net/hf-dqM0QLgsrZfUtU95WNg==/109951164175329048.jpg, gpicture=http://p4.music.126.net/hf-dqM0QLgsrZfUtU95WNg==/109951164175329048.jpg,http://p4.music.126.net/5iQCNytYvBP-LThp88phtg==/109951164175321309.jpg,http://p4.music.126.net/PC2LM_z7vDykCpyv0NpMYw==/109951164175322723.jpg,http://p4.music.126.net/w7bXOg7QZjBMzsNDwljNWQ==/109951164175320344.jpg, gname=FiiO/飞傲BTR3蓝牙LDAC无损HIFI车载aptx手机苹果小耳放, gintroduce=便携HiFi蓝牙耳放，全格式支持, gcolorid=null, category1=101000, category2=2028000, gbrand=FiiO/飞傲, gprice=348.0, ggrade=null, gcount=5, gmaterial=null, hot=2]
Goods [gid=17852012, zpicture=http://p4.music.126.net/7R0kGCV36P6etuneJ7nt6g==/109951164141860645.jpg, gpicture=http://p4.music.126.net/7R0kGCV36P6etuneJ7nt6g==/109951164141860645.jpg,http://p4.music.126.net/0DvzdBCSmdePmSzVn9gt9A==/109951164141853899.jpg,http://p3.music.126.net/rTgZ4kAmjqzaWL5NtCGJPQ==/109951164141864085.jpg,http://p3.music.126.net/B0HBIhsae2df7LooDDPfRQ==/109951164141854398.jpg,http://p3.music.126.net/Gq2dwb4SO4GlHv2jLDHiog==/109951164141855844.jpg,http://p4.music.126.net/s2Xm0EC34dtlMgPEExdFPA==/109951164141864586.jpg, gname=神偷奶爸小黄人时尚绒毯 ME-FMT502, gintroduce=告别静电 更舒适:干燥的季节减少静电对皮肤的伤害, gcolorid=null, category1=1008002, category2=1010004, gbrand=Minions, gprice=429.0, ggrade=null, gcount=50, gmaterial=null, hot=0]
Goods [gid=17854010, zpicture=http://p4.music.126.net/OrbBc6ZtXk6tK2aUpy53cw==/109951164141826341.jpg, gpicture=http://p4.music.126.net/OrbBc6ZtXk6tK2aUpy53cw==/109951164141826341.jpg,http://p3.music.126.net/bKdymkl33-Iruiq3FrKeMA==/109951164141829736.jpg,http://p3.music.126.net/0a-J53ddrM0PFlOa9oAFNQ==/109951164141827833.jpg,http://p4.music.126.net/orM-FatTeu4DiBwNFKF5Og==/109951164141833129.jpg,http://p3.music.126.net/_Z5nHZq6upIbKYdA6h79MQ==/109951164141832654.jpg,http://p3.music.126.net/_BXxEDc3vMj_W3JwuFfwgw==/109951164141829750.jpg, gname=神偷奶爸小黄人儿童真空保温壶MN-JETH60, gintroduce=内胆采用316医用接触不锈钢，双层真空长效保温 ，内胆外层镀铜，镜面电解，易清洗, gcolorid=null, category1=1008002, category2=1010004, gbrand=Minions, gprice=399.0, ggrade=null, gcount=50, gmaterial=null, hot=0]
Goods [gid=17854011, zpicture=http://p4.music.126.net/koCyywrxF4gEUYqwNqVJfg==/109951164141830846.jpg, gpicture=http://p4.music.126.net/koCyywrxF4gEUYqwNqVJfg==/109951164141830846.jpg,http://p3.music.126.net/4RhLKP4oYJl6Yq7PkoGiaQ==/109951164141828483.jpg,http://p4.music.126.net/bx8C1Fy8iFwd6nYErEvebQ==/109951164141837198.jpg,http://p4.music.126.net/BHFi8DE3F7gfJFCMR5Fy3A==/109951164141834310.jpg,http://p4.music.126.net/XOi_I4k9_Zy9rl2nXozS0A==/109951164141830443.jpg,http://p3.music.126.net/60oe-hvZxydwyXRWLxOEcw==/109951164141833797.jpg, gname=神偷奶爸小黄人沥水篮两件套 MN-JLST03-2, gintroduce=Happiness is me!欢乐小黄人，用一个小创意为生活增添乐趣, gcolorid=null, category1=1008002, category2=1010004, gbrand=Minions, gprice=99.0, ggrade=null, gcount=49, gmaterial=null, hot=2]
Goods [gid=17854064, zpicture=http://p3.music.126.net/AzJuuBQXHa5OR9PoiW-e4A==/109951164154498000.jpg, gpicture=http://p3.music.126.net/AzJuuBQXHa5OR9PoiW-e4A==/109951164154498000.jpg,http://p4.music.126.net/M6g87API3N_f9IIwjzUCIw==/109951164154490263.jpg,http://p3.music.126.net/rkn9ieIIKrqvRaB7serAJg==/109951164154498010.jpg,http://p4.music.126.net/h_494cmLR2FZK8IW5Gq0Nw==/109951164154491806.jpg,http://p4.music.126.net/NjSgviHkzMNJi5alx12dRg==/109951164154486440.jpg,http://p3.music.126.net/iL3crSMXQXjS2uo_XflMyQ==/109951164154498527.jpg, gname=漫步者（EDIFIER）M10 小黄人定制版 自拍控制 自拍补光 多功能迷你蓝牙音箱, gintroduce=“全能”小黄人；自拍控制；自拍补光；手电筒；爆闪技能；专属语音；音乐随身行, gcolorid=null, category1=101000, category2=1009006, gbrand=漫步者（EDIFIER）, gprice=199.0, ggrade=null, gcount=919, gmaterial=null, hot=0]
Goods [gid=17855018, zpicture=http://p3.music.126.net/34OFdGqEBkALt5-3yKehRA==/109951164141801235.jpg, gpicture=http://p3.music.126.net/34OFdGqEBkALt5-3yKehRA==/109951164141801235.jpg,http://p4.music.126.net/ZnBKXkVktV1T8DmN32-cGQ==/109951164141801717.jpg,http://p3.music.126.net/jStoCbc4hZfKAlB8gwsFbA==/109951164141800256.jpg,http://p4.music.126.net/qlGhROPbF0bnmTVqeH76Vw==/109951164141805081.jpg,http://p3.music.126.net/mZemFJ75Ta7zCiCvc6ShGw==/109951164141794492.jpg,http://p4.music.126.net/u3bi02kSVMaTWU3ytvd2pQ==/109951164141803204.jpg, gname=神偷奶爸小黄人提手弹盖杯 MN-JTTB35, gintroduce=杯身内外胆均采用食品接触304不锈钢，内胆镀铜，双层真空牢牢锁住温度，效保温, gcolorid=null, category1=1008002, category2=1010004, gbrand=Minions, gprice=199.0, ggrade=null, gcount=47, gmaterial=null, hot=0]
Goods [gid=17855019, zpicture=http://p3.music.126.net/fWWpd-G8dQQrN1Cx9U-Ifw==/109951164141853013.jpg, gpicture=http://p3.music.126.net/fWWpd-G8dQQrN1Cx9U-Ifw==/109951164141853013.jpg,http://p4.music.126.net/Z11wFrWbpcY9tlmPQmEWlw==/109951164141846809.jpg,http://p3.music.126.net/kL8IiJ7v3xx083zd3UiPfg==/109951164141850210.jpg,http://p4.music.126.net/4l3cHz9SWqY0j4Il2byNKQ==/109951164141851151.jpg,http://p3.music.126.net/6xjNfTKQtNohBp4HzOuV3w==/109951164141848240.jpg,http://p3.music.126.net/heEpQZiAYsKDVafbneaOBw==/109951164141849219.jpg, gname=神偷奶爸小黄人多用折叠抱枕被 MC-FBZ10, gintroduce=面料舒适，柔软，透气，打开是条被子，合拢是个抱枕。抱枕被可以折叠，便于携带，四季通用。, gcolorid=null, category1=1008002, category2=1010004, gbrand=Minions, gprice=399.0, ggrade=null, gcount=50, gmaterial=null, hot=0]
Goods [gid=17856013, zpicture=http://p4.music.126.net/MBYG4KM7WW3ThXoRGlBXQQ==/109951164141863421.jpg, gpicture=http://p4.music.126.net/MBYG4KM7WW3ThXoRGlBXQQ==/109951164141863421.jpg,http://p4.music.126.net/pOEpAsCinN7LCEkpg9D2RQ==/109951164141870208.jpg,http://p4.music.126.net/EcwZ9dr2qiKm1i-u2y5qEg==/109951164141865867.jpg,http://p4.music.126.net/-H-XOvHY6FDtib5sWqhbjA==/109951164141863988.jpg,http://p3.music.126.net/mwRxhA53xE6yVBJPydmujA==/109951164141862980.jpg,http://p3.music.126.net/E-KZLUB9Dubwxdr1FPTgmw==/109951164141874101.jpg, gname=神偷奶爸小黄人多用折叠抱枕绒毯 SA-FYK51, gintroduce=精心挑选的法兰绒面料，面料舒适，柔软，透气，打开是条毯子，合拢是个抱枕。, gcolorid=null, category1=1008002, category2=1010004, gbrand=Minions, gprice=299.0, ggrade=null, gcount=45, gmaterial=null, hot=1]
Goods [gid=17856075, zpicture=http://p3.music.126.net/Juvr5y9xvJApoUlpeAvsRg==/109951164158494606.jpg, gpicture=http://p3.music.126.net/Juvr5y9xvJApoUlpeAvsRg==/109951164158494606.jpg,http://p4.music.126.net/HWMAhZMUaBmdFFNh3-370g==/109951164158721658.jpg,http://p4.music.126.net/I6TJsaK3BNVpPUxrz4Sgwg==/109951164158714318.jpg,http://p4.music.126.net/jnp4EiDkejNUEq87p72xWQ==/109951164158711399.jpg,http://p3.music.126.net/gre5cfl6RASiBjAMfhedBQ==/109951164158722595.jpg,http://p3.music.126.net/nISlvXrWbhWyOPCDAFGxkg==/109951164158716825.jpg, gname=沃野 宏编程G402游戏鼠标 吃鸡cf游戏联盟lol游戏专用, gintroduce=宏编程游戏鼠标 一键连点 自定义按键 多彩呼吸灯, gcolorid=null, category1=101000, category2=1007000, gbrand=沃野, gprice=45.0, ggrade=null, gcount=660, gmaterial=null, hot=1]
Goods [gid=17857006, zpicture=http://p4.music.126.net/KzRhwaz2TpjSqWLHhH6_-w==/109951164141116039.jpg, gpicture=http://p4.music.126.net/KzRhwaz2TpjSqWLHhH6_-w==/109951164141116039.jpg,http://p4.music.126.net/Lwl1aGfnb5Zh2VbzLh2JhQ==/109951164141107898.jpg,http://p4.music.126.net/f6PRHuNnBc9mfwgICbzgbw==/109951164141107909.jpg, gname=MAGICBUS赤褐色乐队联名款T恤, gintroduce=音乐人正版周边, gcolorid=null, category1=1008002, category2=1009002, gbrand=MAGICBUS, gprice=199.0, ggrade=null, gcount=15, gmaterial=null, hot=0]
Goods [gid=17857131, zpicture=http://p3.music.126.net/T7AI97XDLzdl73C6IElCyw==/109951164170236031.jpg, gpicture=http://p3.music.126.net/T7AI97XDLzdl73C6IElCyw==/109951164170236031.jpg,http://p4.music.126.net/pzWENJV86D-tEm4IcUxyUw==/109951164170226211.jpg,http://p3.music.126.net/Kutukktxy8r_qMPs0DI6vA==/109951164170227671.jpg,http://p3.music.126.net/sto1sjwwP_R_YoG2GxtJ4Q==/109951164170228654.jpg,http://p4.music.126.net/l15_H0Jxd38WgrdgvH58SQ==/109951164170222877.jpg,http://p4.music.126.net/4CSCzYgPTk2ZJEGRIDqw2A==/109951164170232154.jpg,http://p4.music.126.net/vwSM_lvJRMzVdxxNGJw8Sg==/109951164170229722.jpg,http://p4.music.126.net/aM_nuJLgNIit3f5EH07jcA==/109951164170236040.jpg, gname=沃野 无线鼠标 可充电式无线静音鼠标, gintroduce=无线静音鼠标 可充电 一年换新服务, gcolorid=null, category1=101000, category2=1007000, gbrand=沃野, gprice=39.0, ggrade=null, gcount=236, gmaterial=null, hot=0]
Goods [gid=17858082, zpicture=http://p3.music.126.net/jtqNCcnMwfSO9kyRfBEqew==/109951164158486373.jpg, gpicture=http://p3.music.126.net/jtqNCcnMwfSO9kyRfBEqew==/109951164158486373.jpg,http://p3.music.126.net/Nt1dcROJHj-ZFe7EO2S2Hg==/109951164158728101.jpg,http://p3.music.126.net/7Y_Kjxzd2kuoemrp141nFA==/109951164158729600.jpg,http://p3.music.126.net/t9YLNOkvAyuxGLNk7w_X6Q==/109951164158724320.jpg,http://p3.music.126.net/z9ud6huBvS0vD522iWHHLQ==/109951164158720977.jpg,http://p3.music.126.net/SSbe5q_UqlbV6qspvJ9M1A==/109951164158732534.jpg,http://p3.music.126.net/V5UWh3Rqzz7SElGeJYUBew==/109951164158730131.jpg,http://p3.music.126.net/8AmNSNaHaOll-Tdvwf61lg==/109951164158728156.jpg, gname=沃野 游戏办公G502鼠标&nbsp;吃鸡cf游戏联盟lol游戏专用, gintroduce=金属底板 多彩呼吸灯 一年只换不修, gcolorid=null, category1=101000, category2=1007000, gbrand=沃野, gprice=39.0, ggrade=null, gcount=1025, gmaterial=null, hot=4]
Goods [gid=17859000, zpicture=http://p3.music.126.net/SuPD2sAWzilVM2OpcwYr6A==/109951164310449986.jpg, gpicture=http://p3.music.126.net/SuPD2sAWzilVM2OpcwYr6A==/109951164310449986.jpg,http://p3.music.126.net/OrsjFNFlDOJq32aAeVeTYA==/109951164143642202.jpg,http://p4.music.126.net/UjkFFpTMCYCNtDh_VBRcBA==/109951164143636993.jpg,http://p3.music.126.net/ysz5YMQS0zktIgzZ2exsIA==/109951164143644694.jpg,http://p4.music.126.net/MpS6kMSbeU7GTWPIRZ7dUg==/109951164143637462.jpg, gname=网易云音乐联名款真无线蓝牙耳机TWS1, gintroduce=【漫步者&amp;云音乐联名】32小时长效续航；蓝牙5.0高通芯片，aptX无损解码；生物振膜；触控操作；, gcolorid=null, category1=101000, category2=1005000, gbrand=网易云音乐, gprice=298.0, ggrade=null, gcount=6330, gmaterial=null, hot=3]
Goods [gid=17866020, zpicture=http://p3.music.126.net/gSCgMN4BoRc1s0OofaB-6Q==/109951164175229819.jpg, gpicture=http://p3.music.126.net/gSCgMN4BoRc1s0OofaB-6Q==/109951164175229819.jpg,http://p4.music.126.net/CiPsZc2Swr8FgpuP5KRhvg==/109951164175228870.jpg,http://p4.music.126.net/YQhkSU8cYOQCkjS1i0xGOg==/109951164175228401.jpg,http://p3.music.126.net/y5Y1fUrmjIAhCTp27mMAbA==/109951164175234652.jpg,http://p4.music.126.net/d_q1MAdFzFrgEvCpt0bbXg==/109951164175231275.jpg,http://p4.music.126.net/AAOGNx1rIyLEelQp5sA8KQ==/109951164175227469.jpg,http://p3.music.126.net/IgUAvvE17rOgQKf-c4_TiA==/109951164175225484.jpg, gname=漫威蜘蛛侠炫酷大容量分层笔袋（预售7月3日发货）, gintroduce=炫酷蜘蛛侠设计，实用大容量, gcolorid=null, category1=1008002, category2=1010004, gbrand=漫威, gprice=59.0, ggrade=null, gcount=69, gmaterial=null, hot=1]
Goods [gid=17866095, zpicture=http://p4.music.126.net/itKwjh1m5IjKNveTKWVGdQ==/109951164226284642.jpg, gpicture=http://p4.music.126.net/itKwjh1m5IjKNveTKWVGdQ==/109951164226284642.jpg,http://p4.music.126.net/4HMbRvHSwJW-fB7DoAxxKQ==/109951164226287574.jpg,http://p4.music.126.net/460K3FfXEZLMyI9iUHf4Sw==/109951164226290003.jpg,http://p4.music.126.net/dxSkFJ8IDYcqO_5aMT4oIg==/109951164226284668.jpg,http://p4.music.126.net/Vy7yS1XkTBgtMj-GxYh2UA==/109951164226277910.jpg,http://p3.music.126.net/dP9l_dNW5-VI0NKngGf14g==/109951164226289058.jpg,http://p3.music.126.net/gZsRzaJ0DBgrm_PBdqkOKw==/109951164226282318.jpg,http://p4.music.126.net/LvsZmS0khpbey-DaLL6N8w==/109951164226285218.jpg, gname=毕亚兹 入耳式线控手机耳机耳麦安卓 type-c耳机 支持华为荣耀小米 E15, gintroduce=数字解析;智能降噪;优美音质;操作简单;即插即用, gcolorid=null, category1=101000, category2=1005000, gbrand=毕亚兹（BIAZE）, gprice=49.0, ggrade=null, gcount=147, gmaterial=null, hot=1]
Goods [gid=17869057, zpicture=http://p4.music.126.net/K2C64mVuYwJI0rCa3bhVQA==/109951164434552000.jpg, gpicture=http://p4.music.126.net/K2C64mVuYwJI0rCa3bhVQA==/109951164434552000.jpg,http://p3.music.126.net/xz-hDVb58CUdBmqtHNFstg==/109951164189874986.jpg,http://p4.music.126.net/dVXj7rqceFWl5sVbHGNrxg==/109951164189877956.jpg,http://p4.music.126.net/dT5AmoBdpLB5JAid2btYHw==/109951164189890023.jpg,http://p3.music.126.net/uli1QdYZOIv3j1RdkxVycg==/109951164189878488.jpg,http://p3.music.126.net/-Shd7zlh6FTny5rl_Mn_yw==/109951164189887566.jpg,http://p4.music.126.net/5tm8FYB6l6ruyn8M0VVM0A==/109951164189889537.jpg, gname=联想击音【18小时】防汗磁吸运动蓝牙耳机U2运动级超长续航, gintroduce=长达18H超长续航；升级10MM动圈 音质更出色；鲨鱼鳍+磁吸收纳 狂甩不掉；三键线控，高清通话, gcolorid=null, category1=101000, category2=1005000, gbrand=击音, gprice=79.0, ggrade=null, gcount=583, gmaterial=null, hot=0]
Goods [gid=17869070, zpicture=http://p4.music.126.net/Leb3OAkHmRU9GXZ-vWC4pg==/109951164189453779.jpg, gpicture=http://p4.music.126.net/Leb3OAkHmRU9GXZ-vWC4pg==/109951164189453779.jpg,http://p4.music.126.net/QD_Hcivl_R835a2yF-qQbA==/109951164189457215.jpg,http://p3.music.126.net/2JO2zBy5dfgjmD3ub19tbQ==/109951164189455767.jpg,http://p3.music.126.net/fv0jkcG3pgcdXbCz3_-0_w==/109951164189448454.jpg,http://p3.music.126.net/mBfzadj41oJkJUsynbSxUA==/109951164189450384.jpg, gname=MAGICBUS x octopusme披头士联名款复古圆领字母款, gintroduce=音乐人正版周边, gcolorid=null, category1=1008002, category2=1009002, gbrand=MAGICBUS, gprice=158.0, ggrade=null, gcount=8, gmaterial=null, hot=0]
Goods [gid=17869085, zpicture=http://p4.music.126.net/V0t9sBRmuXPKb40D1Qs1uw==/109951164192099050.jpg, gpicture=http://p4.music.126.net/V0t9sBRmuXPKb40D1Qs1uw==/109951164192099050.jpg,http://p3.music.126.net/uH3UIZTry5DGTI5W75hhjA==/109951164192095202.jpg,http://p4.music.126.net/TB4UkSwFKnTDWFH0SsKcTQ==/109951164192088435.jpg,http://p3.music.126.net/yu854NBGNZMkoqJoTxmOSw==/109951164192095204.jpg,http://p3.music.126.net/X4ehtlCKSCSoaOyDcgqMWQ==/109951164192097171.jpg,http://p3.music.126.net/GjhI04cvgwbmpB5dIpktaw==/109951164192096670.jpg,http://p4.music.126.net/s0Wz3BDvNodYTrRoe78oAA==/109951164192097174.jpg, gname=skullcandy Ink'd+ Wireless 骷髅头入耳式无线蓝牙耳机新版, gintroduce=骷髅头潮牌新品无线蓝牙入耳式耳机, gcolorid=null, category1=101000, category2=1005000, gbrand=骷髅头（skullcandy）, gprice=329.0, ggrade=null, gcount=60, gmaterial=null, hot=0]
Goods [gid=17869088, zpicture=http://p3.music.126.net/6kgC2hX7bOGQm-GnDfo2cg==/109951164192420322.jpg, gpicture=http://p3.music.126.net/6kgC2hX7bOGQm-GnDfo2cg==/109951164192420322.jpg,http://p4.music.126.net/JmmONgdqxgqEKSxsQSVgQw==/109951164192418881.jpg, gname=skullcandy riff 骷髅头戴式有线音乐耳机, gintroduce=轻巧可折叠；有线头戴式耳机, gcolorid=null, category1=101000, category2=1005000, gbrand=骷髅头（skullcandy）, gprice=169.0, ggrade=null, gcount=6, gmaterial=null, hot=1]
Goods [gid=17869107, zpicture=http://p4.music.126.net/LmBnM9CaD4V_ngg8qJqyPQ==/109951164375240925.jpg, gpicture=http://p4.music.126.net/LmBnM9CaD4V_ngg8qJqyPQ==/109951164375240925.jpg,http://p4.music.126.net/Dle9B-HNre3eWiPtXrbmyg==/109951164375244705.jpg,http://p3.music.126.net/g7lJd0LBpAw7fiH4RaNLPQ==/109951164375236978.jpg,http://p3.music.126.net/YIR0abIlkLmcP-X7s4rvoA==/109951164375240446.jpg,http://p3.music.126.net/QNcD76V-QUa_4Jeimvlo0Q==/109951164375246680.jpg,http://p3.music.126.net/5xP8qtzV5IK2jr4L6M5riQ==/109951164375244242.jpg,http://p4.music.126.net/M8Z9ClQv75DtRqlVN6AZLA==/109951164375245213.jpg,http://p3.music.126.net/xIMG3CSLU3smAqCTBjMR8A==/109951164375242357.jpg, gname=JBL T280TWS 真无线入耳式无线蓝牙防水运动耳机 手机通用触控耳塞, gintroduce=JBL纯净声效；IPX5防汗防雨；轻量稳固舒适佩戴；精致做工；长效续航；便捷触控, gcolorid=null, category1=101000, category2=1005000, gbrand=JBL, gprice=999.0, ggrade=null, gcount=151, gmaterial=null, hot=0]
Goods [gid=17870054, zpicture=http://p4.music.126.net/VgyeI9AZUaZn-keLwaW2aA==/109951164205262831.jpg, gpicture=http://p4.music.126.net/VgyeI9AZUaZn-keLwaW2aA==/109951164205262831.jpg,http://p3.music.126.net/rQe9bco2Kre44nCsrZnfKw==/109951164205269569.jpg,http://p4.music.126.net/87tgb3iSjg5tXepnd-PVyw==/109951164205262832.jpg,http://p3.music.126.net/arcS3Id8_R_dK0zgagSIKg==/109951164205270060.jpg,http://p3.music.126.net/WwauWnRjV24gGXf_Kc0FLw==/109951164205264796.jpg,http://p3.music.126.net/-cmWXZ_Qyfki_lOjrhVG7Q==/109951164205258961.jpg, gname=爱国者aigo小魔方插座转换器带usb插座多口充电 多功能插排插线板, gintroduce=新增Type-C接口；以1抵6；智能USB充电；小巧便携, gcolorid=null, category1=101000, category2=1007000, gbrand=爱国者（aigo）, gprice=69.0, ggrade=null, gcount=61, gmaterial=null, hot=0]
Goods [gid=17870079, zpicture=http://p4.music.126.net/H9FkJk3oWKGddBMl53_3xw==/109951164192396424.jpg, gpicture=http://p4.music.126.net/H9FkJk3oWKGddBMl53_3xw==/109951164192396424.jpg,http://p3.music.126.net/KhKqED3jA-BVZnCo88i68Q==/109951164192397402.jpg,http://p4.music.126.net/2ja3hxEIxfDss4wdsHi-fA==/109951164192393995.jpg, gname=skullcandy Riff Wireless 骷髅头戴式无线蓝牙耳机, gintroduce=轻巧便携；方便折叠；无线蓝牙, gcolorid=null, category1=101000, category2=1005000, gbrand=骷髅头（skullcandy）, gprice=389.0, ggrade=null, gcount=9, gmaterial=null, hot=0]
Goods [gid=17872054, zpicture=http://p3.music.126.net/bQTgnnKxcElGCPh2H4nv1w==/109951164188334971.jpg, gpicture=http://p3.music.126.net/bQTgnnKxcElGCPh2H4nv1w==/109951164188334971.jpg,http://p4.music.126.net/VfaIRJOoTVOC_KVSHXXsjQ==/109951164188338385.jpg,http://p4.music.126.net/hFML37-okj0jCEGDjEv9Fw==/109951164188347519.jpg,http://p3.music.126.net/j505QsYdMbN_aFwdhH086A==/109951164188337416.jpg,http://p3.music.126.net/K9zdUS1m3gmMdYlo9UM5uA==/109951164188346539.jpg, gname=毕亚兹 苹果耳机 入耳式重低音线控手机耳机 带麦克风, gintroduce=一键线控；佩戴舒适；时尚耐用；音质通透；高清通话；高音不破；只为追求音乐本质, gcolorid=null, category1=101000, category2=1005000, gbrand=毕亚兹（BIAZE）, gprice=49.0, ggrade=null, gcount=625, gmaterial=null, hot=0]
Goods [gid=17872056, zpicture=http://p4.music.126.net/4G1N-08w32rIZKR_D7O3jg==/109951164194752008.jpg, gpicture=http://p4.music.126.net/4G1N-08w32rIZKR_D7O3jg==/109951164194752008.jpg,http://p3.music.126.net/fnCsFKn4-3LNO3nTJNx1Ow==/109951164194748692.jpg,http://p4.music.126.net/KWi1y8x8TN6ttoSRqdwy1Q==/109951164194744863.jpg,http://p4.music.126.net/KaPDVzLfJI4YITiMOTz7Lw==/109951164194745839.jpg,http://p4.music.126.net/956rVwYJjTG-HQdz_Xe09A==/109951164194742437.jpg, gname=毕亚兹 苹果数据线 Lightning接口 USB电源线 安卓Type-c数据线 K15, gintroduce=充电/传输二合一;加粗铜芯；快速充电;加长耐弯, gcolorid=null, category1=101000, category2=1007000, gbrand=毕亚兹（BIAZE）, gprice=13.0, ggrade=null, gcount=1207, gmaterial=null, hot=13]
Goods [gid=17872069, zpicture=http://p3.music.126.net/C8UIbezqTHVvutFACejfag==/109951164192079391.jpg, gpicture=http://p3.music.126.net/C8UIbezqTHVvutFACejfag==/109951164192079391.jpg,http://p3.music.126.net/sELv6Le4EFI9GtVlVZ58hw==/109951164192076981.jpg,http://p4.music.126.net/TaIRl34mPiR-ra-a0m-5ow==/109951164192076986.jpg,http://p3.music.126.net/39bMoBHtGeej2tirqSyTAA==/109951164192084244.jpg,http://p4.music.126.net/dZ2jt1wD3zBZUKohUxO9Hg==/109951164192079412.jpg, gname=毕亚兹 车载手机支架出风口全自动重力感应汽车支架C58, gintroduce=安装方便；重力联动;取放自如；稳固牢靠；合金材质, gcolorid=null, category1=101000, category2=1007000, gbrand=毕亚兹（BIAZE）, gprice=39.0, ggrade=null, gcount=925, gmaterial=null, hot=0]
Goods [gid=17873035, zpicture=http://p4.music.126.net/trG7PeHi5-W7gGH_ZMapLQ==/109951164186244920.jpg, gpicture=http://p4.music.126.net/trG7PeHi5-W7gGH_ZMapLQ==/109951164186244920.jpg,http://p3.music.126.net/CijaDBxxW5hfYTcG5GN0-w==/109951164186252621.jpg,http://p4.music.126.net/nWLNOQ3VG5G3IqXzrqUBKw==/109951164186251218.jpg,http://p4.music.126.net/XM0itr4eGESkVhTOZbeeOA==/109951164186253550.jpg,http://p3.music.126.net/yd-sfqmKVdcCZIvimNBIPA==/109951164186243428.jpg, gname=毕亚兹 便携耳机收纳包 数据线包 耳机包 理线盒 防压防震 A15, gintroduce=多功能收纳包；小身材大空间；做工精细；经久耐用；携带方便, gcolorid=null, category1=101000, category2=1007000, gbrand=毕亚兹（BIAZE）, gprice=10.0, ggrade=null, gcount=464, gmaterial=null, hot=2]
Goods [gid=17873048, zpicture=http://p4.music.126.net/hYSB0pQ4cm0uOdScSAIFKQ==/109951164202804993.jpg, gpicture=http://p4.music.126.net/hYSB0pQ4cm0uOdScSAIFKQ==/109951164202804993.jpg,http://p4.music.126.net/RT0u0OEeyRfGXsd0sBkbjg==/109951164202806924.jpg,http://p4.music.126.net/E1TXJOcLZQPC1KvC3kqcuQ==/109951164202808820.jpg,http://p3.music.126.net/rkbL09DYDRrDQolWaXvwdg==/109951164202816039.jpg,http://p4.music.126.net/jqMBi1a1F8ZlyCTux5IhZg==/109951164202818018.jpg, gname=毕亚兹 无线运动蓝牙耳机 超长待机 安卓/苹果通用 D26, gintroduce=真无线；立体声；重低音；运动耳机；品质音效；时尚耐用, gcolorid=null, category1=101000, category2=1005000, gbrand=毕亚兹（BIAZE）, gprice=45.0, ggrade=null, gcount=478, gmaterial=null, hot=0]
Goods [gid=17874044, zpicture=http://p4.music.126.net/JDr8Q_ZN0-8E9444N4O6WQ==/109951164187980277.jpg, gpicture=http://p4.music.126.net/JDr8Q_ZN0-8E9444N4O6WQ==/109951164187980277.jpg,http://p4.music.126.net/vcxCfgzr7tz1LHosk6LEwA==/109951164187978439.jpg,http://p3.music.126.net/INQS6Fqttv76KgncGwqu0A==/109951164187977426.jpg,http://p3.music.126.net/hRpjwLFo7JCz5ToSrLtJ_Q==/109951164187980294.jpg,http://p3.music.126.net/USB5U7CU96PC1Fpd0tRF5w==/109951164187981246.jpg,http://p4.music.126.net/gAUXSHA62xl-8IJhhhSbWg==/109951164187989013.jpg, gname=aigo 轻智能运动手表手环测心率睡眠监控双系统超长待机机械表针防水运动游泳防水, gintroduce=轻智能手表；睡眠健康心率记录；防水运动, gcolorid=null, category1=101000, category2=2028000, gbrand=爱国者（aigo）, gprice=799.0, ggrade=null, gcount=80, gmaterial=null, hot=1]
Goods [gid=17874052, zpicture=http://p3.music.126.net/_E14-KQ7V9HNydR0T-NVrg==/109951164188549795.jpg, gpicture=http://p3.music.126.net/_E14-KQ7V9HNydR0T-NVrg==/109951164188549795.jpg,http://p4.music.126.net/yFisihHnz4CmFBLPovj3Nw==/109951164188542989.jpg,http://p3.music.126.net/yEx6lFuAqQifHP4VXR10AQ==/109951164188552251.jpg,http://p3.music.126.net/-lI1hR-amNRPtSQnGHi8YA==/109951164188555660.jpg,http://p3.music.126.net/YEThP4VZcLrKr3R99sdqKA==/109951164188555177.jpg, gname=毕亚兹 车载手机支架中控台仪表台磁铁吸附汽车支架C20, gintroduce=强劲吸附;脱不了;单手操作;自由旋转;不挡视线, gcolorid=null, category1=101000, category2=1007000, gbrand=毕亚兹（BIAZE）, gprice=35.0, ggrade=null, gcount=1887, gmaterial=null, hot=0]
Goods [gid=17874053, zpicture=http://p4.music.126.net/CVGiFziTqqIpAa4myDyqng==/109951164188571356.jpg, gpicture=http://p4.music.126.net/CVGiFziTqqIpAa4myDyqng==/109951164188571356.jpg,http://p3.music.126.net/t1ayecsgYK2sLPH-rX0ZZg==/109951164188576135.jpg,http://p4.music.126.net/6VBYzeuYooBMk2BybKBFew==/109951164188577590.jpg,http://p4.music.126.net/Q8gO8p7MIHRFzF9uJUsU-A==/109951164188571814.jpg,http://p3.music.126.net/QDOeUKlicWAcKk0WPj_q7Q==/109951164188581595.jpg, gname=毕亚兹 车载香水 汽车香水 固体香薰除空气异味 BCX02, gintroduce=使用方便;持久飘香;祛除空气异味;赠送三支香薰棒, gcolorid=null, category1=101000, category2=1007000, gbrand=毕亚兹（BIAZE）, gprice=49.0, ggrade=null, gcount=374, gmaterial=null, hot=1]
Goods [gid=17875084, zpicture=http://p4.music.126.net/vE3EPV51LuG72GBJ6I8rvw==/109951164192611723.jpg, gpicture=http://p4.music.126.net/vE3EPV51LuG72GBJ6I8rvw==/109951164192611723.jpg,http://p4.music.126.net/Pn_LGOElk11qIWWlqTgiRA==/109951164231118086.jpg,http://p4.music.126.net/_9IMPJHsYmNma-KJN2hz0g==/109951164192611236.jpg,http://p4.music.126.net/3uykmvda73syzl4i7ULnmQ==/109951164231114692.jpg,http://p4.music.126.net/Moc-_APm8K5pZY9rjNpR4g==/109951164192617551.jpg,http://p4.music.126.net/AcqIrzp5bkrq1VtlFV1fHw==/109951164192608353.jpg,http://p3.music.126.net/WAFvly90oNIeBH_0mj_79g==/109951164231112364.jpg,http://p4.music.126.net/qsVt8EAPB2qiF8dLUiNu3A==/109951164192610916.jpg, gname=毕亚兹 无线蓝牙耳机 运动音乐耳机 苹果安卓通用D30, gintroduce=持久护航;生活防水防汗;磁吸式设计;语音通话;运动佩戴更舒适, gcolorid=null, category1=101000, category2=1005000, gbrand=毕亚兹（BIAZE）, gprice=79.0, ggrade=null, gcount=120, gmaterial=null, hot=0]
Goods [gid=17875129, zpicture=http://p3.music.126.net/h9f_Jdd8y2tL6cSsiuAyQQ==/109951164201030344.jpg, gpicture=http://p3.music.126.net/h9f_Jdd8y2tL6cSsiuAyQQ==/109951164201030344.jpg,http://p3.music.126.net/DVPYyO_QRssKZI8l7ugv5A==/109951164201030859.jpg,http://p4.music.126.net/kOmVVXx2-2YHg7Zxx4L_Dg==/109951164201035268.jpg,http://p3.music.126.net/SRd5pZgl-ScP--dSn1x63A==/109951164201036248.jpg,http://p3.music.126.net/3Mc9H7_hJFkCKbD_8YxDcA==/109951164201031896.jpg, gname=迪士尼小巧可爱儿童喝水杯300毫升, gintroduce=, gcolorid=null, category1=1008002, category2=1010004, gbrand=shin, gprice=29.0, ggrade=null, gcount=296, gmaterial=null, hot=0]
Goods [gid=17877068, zpicture=http://p3.music.126.net/RNKkCaIaS4kGRHZw8Ip72Q==/109951164188713569.jpg, gpicture=http://p3.music.126.net/RNKkCaIaS4kGRHZw8Ip72Q==/109951164188713569.jpg,http://p4.music.126.net/8hUadH_cam-YQzacqgobEA==/109951164188711725.jpg,http://p3.music.126.net/6Ik6lkHDJNxKh3t28ZCJxg==/109951164188708838.jpg,http://p3.music.126.net/iUDsHJPKg9hivdmd0sUxGw==/109951164188716501.jpg,http://p4.music.126.net/rTDmb02R_IFQmm3FxfKRdw==/109951164188711258.jpg, gname=毕亚兹 汽车点烟器 车载充电器双USB接口 电压检测 MC9, gintroduce=LED数显;双USB输出;12-24V通用;智能芯片兼容；快速充电, gcolorid=null, category1=101000, category2=1007000, gbrand=毕亚兹（BIAZE）, gprice=29.0, ggrade=null, gcount=188, gmaterial=null, hot=3]
Goods [gid=17877090, zpicture=http://p4.music.126.net/pargvXTkOCDMdVpD-lwYnA==/109951164192342051.jpg, gpicture=http://p4.music.126.net/pargvXTkOCDMdVpD-lwYnA==/109951164192342051.jpg,http://p3.music.126.net/f6o-7QbNh9UgHdkrsSZE0Q==/109951164192331447.jpg, gname=skullcandy Icon Wireless无线蓝牙头戴式运动耳机, gintroduce=2019新品头戴式蓝牙耳机；防滑设计 致敬经典, gcolorid=null, category1=101000, category2=1005000, gbrand=骷髅头（skullcandy）, gprice=389.0, ggrade=null, gcount=24, gmaterial=null, hot=0]
Goods [gid=17881053, zpicture=http://p4.music.126.net/ZdYOZdit5pdAHYWxxgI0qg==/109951164208627326.jpg, gpicture=http://p4.music.126.net/ZdYOZdit5pdAHYWxxgI0qg==/109951164208627326.jpg,http://p4.music.126.net/AanKzxUo6i_7-wRY4K7vQQ==/109951164208632586.jpg,http://p4.music.126.net/ysH-14nQT-gcQq4lsWk54w==/109951164208623462.jpg,http://p4.music.126.net/cDSr1RqT_uMwZ3bizkQZcQ==/109951164208632177.jpg,http://p4.music.126.net/8_l_fNoBvr5DsrJ-pvIZQQ==/109951164208626906.jpg, gname=史努比儿童便携水杯550毫升, gintroduce=, gcolorid=null, category1=1008002, category2=1010004, gbrand=史努比, gprice=29.0, ggrade=null, gcount=19, gmaterial=null, hot=0]
Goods [gid=17882015, zpicture=http://p3.music.126.net/5_D5Jwp8ZWhOT1Z6MhRieA==/109951164475594509.jpg, gpicture=http://p3.music.126.net/5_D5Jwp8ZWhOT1Z6MhRieA==/109951164475594509.jpg,http://p3.music.126.net/FhLbFYCtCA-4SGwP-1M9Pg==/109951164475593517.jpg,http://p3.music.126.net/Dy5djewoU2dK8ABs2PpZEg==/109951164475594516.jpg,http://p4.music.126.net/TbaT9ye4cBTXcLRRLPBF5g==/109951164475595507.jpg,http://p4.music.126.net/7e_n-auRYDD9faBPgHgEfQ==/109951164475586155.jpg,http://p3.music.126.net/4GM_9DU-plpAFOA9RO1QuA==/109951164475582838.jpg,http://p4.music.126.net/dBFMnSuGQLzmfepfLeAn6Q==/109951164475593537.jpg,http://p4.music.126.net/w5-cub0DK_ENxIyu0zlAdw==/109951164475590094.jpg, gname=Beats Solo3 Wireless 无线蓝牙头戴式耳机 带麦可通话 内置Apple W1 芯片, gintroduce=Class 1 蓝牙技术，超长40小时无线聆听更自由；充电5分钟，播放3小时；时尚流线型设计, gcolorid=null, category1=101000, category2=1005000, gbrand=Beats, gprice=2209.0, ggrade=null, gcount=721, gmaterial=null, hot=0]
Goods [gid=17883039, zpicture=http://p3.music.126.net/GC9C0tIt5FSqOjNWNwKkMw==/109951164206967426.jpg, gpicture=http://p3.music.126.net/GC9C0tIt5FSqOjNWNwKkMw==/109951164206967426.jpg,http://p4.music.126.net/YysAWc6Lu2ctnlGQnWFgsg==/109951164206973730.jpg,http://p4.music.126.net/hRC5WU5xwN5W7XPTPzvzVg==/109951164206979058.jpg,http://p4.music.126.net/vqRDedddQS1W71Q9G0pP6Q==/109951164206977130.jpg,http://p4.music.126.net/Tc-3kia-xOHja9DAJzjEzw==/109951164206966996.jpg, gname=迪士尼双盖保温杯儿童便携水杯550毫升, gintroduce=, gcolorid=null, category1=1008002, category2=1010004, gbrand=迪士尼, gprice=69.0, ggrade=null, gcount=399, gmaterial=null, hot=0]
Goods [gid=17883043, zpicture=http://p4.music.126.net/dIXl-Vjj5G_E5eXiRbtMgA==/109951164292314365.jpg, gpicture=http://p4.music.126.net/dIXl-Vjj5G_E5eXiRbtMgA==/109951164292314365.jpg,http://p3.music.126.net/XNzhluGVNkaxNRsMGxk6NA==/109951164207092603.jpg,http://p3.music.126.net/bbhW1r0CVugiFM8QNAYJsQ==/109951164207084933.jpg,http://p4.music.126.net/NzeTNGfku8F7rQrF5yBH0A==/109951164207088373.jpg,http://p4.music.126.net/nKdcrE1c-eQMewrcO_on3g==/109951164207093556.jpg, gname=迪士尼不锈钢保温杯600ml, gintroduce=, gcolorid=null, category1=1008002, category2=1010004, gbrand=迪士尼, gprice=49.0, ggrade=null, gcount=99, gmaterial=null, hot=0]
Goods [gid=17884046, zpicture=http://p4.music.126.net/cyuP2sH9TKAGNL2Q2DAo1w==/109951164208582171.jpg, gpicture=http://p4.music.126.net/cyuP2sH9TKAGNL2Q2DAo1w==/109951164208582171.jpg,http://p4.music.126.net/c-RJkY8FF9rboIN7tAU3ow==/109951164208573495.jpg,http://p4.music.126.net/055lcFnEG7deGqMjNo7gPw==/109951164208585053.jpg,http://p3.music.126.net/jEwfXotGCak2Q598Ah6cig==/109951164208576354.jpg,http://p3.music.126.net/6K7bZKInsMlsrkHX9DkfEQ==/109951164208583627.jpg,http://p3.music.126.net/dcKyH-LxxHMBSpHhwk05jQ==/109951164208584150.jpg,http://p4.music.126.net/DM2-2LdPghL26mTFb8sZ9A==/109951164208574930.jpg,http://p4.music.126.net/BvT0aSUf82ndq9amyUV_1g==/109951164208583645.jpg, gname=Happy Plugs AIR1 真无线蓝牙触控耳机 苹果安卓通用运动立体声通话耳机, gintroduce=轻量化舒适稳固佩戴；触控便捷操作；蓝牙5.0配合12mm动圈单元，带来临场听感, gcolorid=null, category1=101000, category2=1005000, gbrand=Happy Plugs, gprice=699.0, ggrade=null, gcount=16, gmaterial=null, hot=0]
Goods [gid=17886015, zpicture=http://p4.music.126.net/MS2HSPASu0LBLvXvObxhvg==/109951164204858801.jpg, gpicture=http://p4.music.126.net/MS2HSPASu0LBLvXvObxhvg==/109951164204858801.jpg,http://p3.music.126.net/0NrGHtI4gkAoZJ-71Ytj9g==/109951164204866533.jpg,http://p4.music.126.net/dZOp3pb1v1FuRCtRhDFJMw==/109951164204859796.jpg,http://p3.music.126.net/bMrBErpJv5xCrH4lt-O8YQ==/109951164204866564.jpg,http://p3.music.126.net/fpfYMxhoU9Hgii_F7wiYJg==/109951164204863139.jpg,http://p4.music.126.net/5624767VHs7XA1iXES9U_A==/109951164292246065.jpg, gname=迪士尼双盖儿童便携水杯520毫升, gintroduce=, gcolorid=null, category1=1008002, category2=1010004, gbrand=迪士尼, gprice=42.0, ggrade=null, gcount=20, gmaterial=null, hot=5]
Goods [gid=17886019, zpicture=http://p4.music.126.net/FPHlW4bnqIK73FaKgr3LVA==/109951164204931196.jpg, gpicture=http://p4.music.126.net/FPHlW4bnqIK73FaKgr3LVA==/109951164204931196.jpg,http://p4.music.126.net/dzotCJGsoSL7G3GCvLxl1Q==/109951164204934563.jpg,http://p4.music.126.net/CfJBQL5qvlr_4dhasyYyEQ==/109951164204927852.jpg,http://p3.music.126.net/tsuyK8hw7lWfnpRRj-0CqA==/109951164204929786.jpg,http://p4.music.126.net/DozfQlOkKhyeF-JRiThOHg==/109951164204927839.jpg, gname=迪士尼宝宝学饮杯310毫升, gintroduce=, gcolorid=null, category1=1008002, category2=1010004, gbrand=迪士尼, gprice=69.0, ggrade=null, gcount=10, gmaterial=null, hot=2]
Goods [gid=17886052, zpicture=http://p4.music.126.net/zM6iLQrigI5n0WjRkcUPtQ==/109951164207080295.jpg, gpicture=http://p4.music.126.net/zM6iLQrigI5n0WjRkcUPtQ==/109951164207080295.jpg,http://p3.music.126.net/-eG3n6BW3dd5S7YjbhQeGw==/109951164207080318.jpg,http://p4.music.126.net/K9wyGscXpGYCZag1VbvD6Q==/109951164207083701.jpg,http://p3.music.126.net/4iPdlp4vkk5QovZvqZ7q7A==/109951164207091013.jpg,http://p4.music.126.net/3MNMDYzqWZEqOUX37p72Ow==/109951164207089077.jpg,http://p3.music.126.net/L8BGY1ZclQU7ghzvBllA-w==/109951164207078917.jpg,http://p3.music.126.net/BrkuW7NbpXcOyQBZqK7gqA==/109951164207083727.jpg,http://p3.music.126.net/cbwRpfx125ghjlLKubfkDw==/109951164207078457.jpg, gname=RICK AND MORTY T恤, gintroduce=adult swim正版授权, 瑞克和莫蒂黑色印花T恤、瑞克和莫蒂经典造型T恤, gcolorid=null, category1=1008002, category2=1010004, gbrand=Rick and Morty, gprice=99.0, ggrade=null, gcount=87, gmaterial=null, hot=2]
Goods [gid=17887045, zpicture=http://p4.music.126.net/BWZCBNkmsGHepFgXbz_LGw==/109951164205753600.jpg, gpicture=http://p4.music.126.net/BWZCBNkmsGHepFgXbz_LGw==/109951164205753600.jpg,http://p3.music.126.net/-Zks6pBvmIRxsaer1vACrQ==/109951164205747843.jpg,http://p4.music.126.net/Vh9Bpo-6E3MKLDQIRUBm3w==/109951164205753140.jpg,http://p4.music.126.net/WA7pMuve6IlN1yAczhD6FA==/109951164205745417.jpg, gname=兰士顿 D4线控重低音炮四核双动圈耳机 苹果安卓通用 带麦, gintroduce=4核驱动 4个喇叭 震撼重低音 纯正音质 苹果安卓通用 线控带麦, gcolorid=null, category1=101000, category2=1005000, gbrand=兰士顿, gprice=99.0, ggrade=null, gcount=3282, gmaterial=null, hot=0]
Goods [gid=17887048, zpicture=http://p4.music.126.net/wC7lfo_EJ7zdCeuIgWK6EA==/109951164206816466.jpg, gpicture=http://p4.music.126.net/wC7lfo_EJ7zdCeuIgWK6EA==/109951164206816466.jpg,http://p4.music.126.net/Ebjw2oiKWgsO4M3B6pYUlQ==/109951164206815979.jpg,http://p4.music.126.net/j9Vr-Tf6irs8miuaJMWCYQ==/109951164206816489.jpg,http://p3.music.126.net/5Enl0WdYe4NBZ_8j9ZiI6w==/109951164206828032.jpg,http://p3.music.126.net/PR38IieN-jqKckx9_Ug-tg==/109951164206824220.jpg, gname=迪士尼大容量双盖保温杯600毫升, gintroduce=, gcolorid=null, category1=1008002, category2=1010004, gbrand=迪士尼, gprice=79.0, ggrade=null, gcount=88, gmaterial=null, hot=0]
Goods [gid=17887056, zpicture=http://p4.music.126.net/6mMR1b3xsEGG1mI3RvXivA==/109951164207140241.jpg, gpicture=http://p4.music.126.net/6mMR1b3xsEGG1mI3RvXivA==/109951164207140241.jpg,http://p3.music.126.net/A6ViUp2xl36rttACH835Gg==/109951164207147510.jpg,http://p3.music.126.net/ET1ifsFFxJnvTacwi8edaQ==/109951164207148002.jpg,http://p4.music.126.net/7CzUetYUV3rZ-GP-DJdvuQ==/109951164207137866.jpg,http://p4.music.126.net/S8dxk25cXJdzYXtJiJ9lMQ==/109951164207145642.jpg,http://p3.music.126.net/ZUgQXwO36Fv2QMGuvOvouA==/109951164292317798.jpg, gname=迪士尼不锈钢直饮保温杯杯500ML, gintroduce=, gcolorid=null, category1=1008002, category2=1010004, gbrand=迪士尼, gprice=59.0, ggrade=null, gcount=789, gmaterial=null, hot=1]
Goods [gid=17889034, zpicture=http://p3.music.126.net/JtAj9HUwoE8USSAWEAY-WQ==/109951164206779974.jpg, gpicture=http://p3.music.126.net/JtAj9HUwoE8USSAWEAY-WQ==/109951164206779974.jpg,http://p4.music.126.net/N43zaTC5yO2sGtGa3zcCHQ==/109951164206780935.jpg,http://p4.music.126.net/AT-vZvi89nrjTndlgMZh4A==/109951164206785747.jpg,http://p3.music.126.net/eoBecF3rR18xBc1PdoYz2Q==/109951164206782916.jpg,http://p4.music.126.net/iYNb71EyrIntyW4-lQ8ITQ==/109951164292285094.jpg, gname=迪士尼儿童不锈钢小孩喝水杯牛奶杯290ML , gintroduce=, gcolorid=null, category1=1008002, category2=1010004, gbrand=迪士尼, gprice=35.0, ggrade=null, gcount=1199, gmaterial=null, hot=3]
Goods [gid=17891019, zpicture=http://p3.music.126.net/0mfILwZ9nt5236x9Ax15nw==/109951164205017579.jpg, gpicture=http://p3.music.126.net/0mfILwZ9nt5236x9Ax15nw==/109951164205017579.jpg,http://p4.music.126.net/N7rTlADpPleUsLl7Rsga4w==/109951164205014163.jpg,http://p4.music.126.net/qzSMmsYHqesVpGP3-y81Bw==/109951164205010806.jpg,http://p4.music.126.net/5hvUf4-UOaLO-wkp4zybHw==/109951164205014697.jpg,http://p3.music.126.net/DcL7E0Dhc1kRQTvsaKZhAw==/109951164205010788.jpg,http://p3.music.126.net/9Sg1lOu1WCY0NXAfQC6gAA==/109951164292266998.jpg, gname=迪士尼儿童手柄两用吸管杯420毫升, gintroduce=, gcolorid=null, category1=1008002, category2=1010004, gbrand=迪士尼, gprice=69.0, ggrade=null, gcount=18, gmaterial=null, hot=0]
Goods [gid=17891030, zpicture=http://p3.music.126.net/SyM6YKxtmk3GNbYjO0PS1Q==/109951164206804356.jpg, gpicture=http://p3.music.126.net/SyM6YKxtmk3GNbYjO0PS1Q==/109951164206804356.jpg,http://p3.music.126.net/QfqVxN83ql3t8VESgflLrw==/109951164206810122.jpg,http://p3.music.126.net/WMEBjTvvV4yk4r6OrwRlww==/109951164206813558.jpg,http://p3.music.126.net/szTW5c4SLYCpYXWB5eZp2g==/109951164206813098.jpg,http://p3.music.126.net/hRG-NcSrbhJkkCJuOxjl4g==/109951164206802460.jpg,http://p3.music.126.net/2AIaYXAzm3r7lkQQcs-HSA==/109951164292279873.jpg, gname=迪士尼吸管保温杯480毫升带背带, gintroduce=, gcolorid=null, category1=1008002, category2=1010004, gbrand=迪士尼, gprice=59.0, ggrade=null, gcount=80, gmaterial=null, hot=0]
Goods [gid=17892036, zpicture=http://p3.music.126.net/yfQCv9dKbATxVz1-8jL4bQ==/109951164206909466.jpg, gpicture=http://p3.music.126.net/yfQCv9dKbATxVz1-8jL4bQ==/109951164206909466.jpg,http://p3.music.126.net/C9v5iAaLywPIL5a4mDsCYQ==/109951164206909492.jpg,http://p4.music.126.net/EcyfAOLC2WdCvGdo4TV6Ag==/109951164206921045.jpg,http://p4.music.126.net/Er1gO4UNhrBm8DkwCu4vAA==/109951164206911383.jpg,http://p4.music.126.net/xPWUwvfyVR1QfNbwbwPDEw==/109951164206914772.jpg, gname=迪士尼双盖保温杯400毫升, gintroduce=, gcolorid=null, category1=1008002, category2=1010004, gbrand=迪士尼, gprice=39.0, ggrade=null, gcount=391, gmaterial=null, hot=0]
Goods [gid=17895001, zpicture=http://p4.music.126.net/9N8m5Aw3zysM7wl61kIFvw==/109951164310450911.jpg, gpicture=http://p4.music.126.net/9N8m5Aw3zysM7wl61kIFvw==/109951164310450911.jpg,http://p3.music.126.net/hNaCWEDY-5I1kTWK2DmvpA==/109951164206473787.jpg,http://p3.music.126.net/S-SjUTF1hpQduSIet1t12Q==/109951164206468888.jpg,http://p3.music.126.net/XpU8pH1nBOHYYC6s5DZ3ZA==/109951164206470366.jpg,http://p3.music.126.net/-CpJSY9wqk6qir5SFjBKCw==/109951164206472330.jpg, gname=中国唱片音乐国潮主题随身水杯舞龙款, gintroduce=1959年中国唱片联名设计款, gcolorid=null, category1=1008002, category2=1009002, gbrand=网易云音乐, gprice=59.0, ggrade=null, gcount=644, gmaterial=null, hot=0]
Goods [gid=17896000, zpicture=http://p4.music.126.net/P9JWoKNiN3RCSoDYYzZHKQ==/109951164310461001.jpg, gpicture=http://p4.music.126.net/P9JWoKNiN3RCSoDYYzZHKQ==/109951164310461001.jpg,http://p3.music.126.net/vMPa7NlgDFX8PGB6ZknKfg==/109951164203169985.jpg,http://p4.music.126.net/Ipne9qwZNSu5-CDC7IwjNw==/109951164203181555.jpg,http://p3.music.126.net/wtvOX90KKvvajsiAg8Qw1A==/109951164203176720.jpg,http://p4.music.126.net/hQLH3tnyjWOsEG8T8wT6fQ==/109951164203179131.jpg, gname=中国唱片音乐国潮主题棒球帽, gintroduce=中国唱片集团 &amp; 网易云音乐商城联名制作, gcolorid=null, category1=1008002, category2=1009002, gbrand=网易云音乐, gprice=59.0, ggrade=null, gcount=362, gmaterial=null, hot=3]
Goods [gid=17896002, zpicture=http://p4.music.126.net/XFUGiNNMTK1HNLMGX_E25g==/109951164310455242.jpg, gpicture=http://p4.music.126.net/XFUGiNNMTK1HNLMGX_E25g==/109951164310455242.jpg,http://p4.music.126.net/8sWK8I9pIV6k_DvDlm-g3w==/109951164206470370.jpg,http://p3.music.126.net/p0Mb3pIxlpsPSsQECYOh3Q==/109951164206477156.jpg,http://p4.music.126.net/TwaPcGxkCbassdwlVzsang==/109951164206472334.jpg,http://p3.music.126.net/fGyD4ps9h6jotArcmkdcUg==/109951164206471836.jpg, gname=中国唱片音乐国潮主题随身水杯舞狮款, gintroduce=1959年中国唱片联名设计款, gcolorid=null, category1=1008002, category2=1009002, gbrand=网易云音乐, gprice=59.0, ggrade=null, gcount=622, gmaterial=null, hot=0]
Goods [gid=17899029, zpicture=http://p4.music.126.net/VBOicPB47P2FIBamq09V8Q==/109951164215599473.jpg, gpicture=http://p4.music.126.net/VBOicPB47P2FIBamq09V8Q==/109951164215599473.jpg,http://p4.music.126.net/B8d03XtXQrZjUKPyjbTNxw==/109951164215609210.jpg,http://p4.music.126.net/veUU7VvbGnPfEIrsEA2MTg==/109951164215604868.jpg,http://p3.music.126.net/sWnHqagvn5EsaNlcGQsU7g==/109951164215610237.jpg,http://p4.music.126.net/f5f_Q8kPQ9Du0ClDj3AHGg==/109951164215600468.jpg, gname=毕亚兹 车载香水 汽车香水 固体香薰除空气异味 BCX10升级款, gintroduce=赠3个香薰片；180天持久飘香；强效祛味；孕婴可用；清新不刺鼻, gcolorid=null, category1=101000, category2=1007000, gbrand=毕亚兹（BIAZE）, gprice=49.0, ggrade=null, gcount=376, gmaterial=null, hot=2]
Goods [gid=17902007, zpicture=http://p4.music.126.net/CmMY7ssSWVl_yL_StO846g==/109951164209061562.jpg, gpicture=http://p4.music.126.net/CmMY7ssSWVl_yL_StO846g==/109951164209061562.jpg,http://p4.music.126.net/IlS5Y_32G9Hw7bBH1DxIRw==/109951164209052912.jpg,http://p3.music.126.net/U-GZoV3_xVc1Vy6KGG_eXg==/109951164209060656.jpg,http://p4.music.126.net/DyCIz-5VrL_NRYMxemKPxg==/109951164209058303.jpg,http://p3.music.126.net/Y7AM1_Po6bCt2EwPfMn4HA==/109951164209054904.jpg, gname=史努比子弹头保温杯500ML , gintroduce=, gcolorid=null, category1=1008002, category2=1010004, gbrand=史努比, gprice=39.0, ggrade=null, gcount=198, gmaterial=null, hot=0]
Goods [gid=17903003, zpicture=http://p3.music.126.net/DF7GSlXx3K2PuEjFKtnhvg==/109951164208995786.jpg, gpicture=http://p3.music.126.net/DF7GSlXx3K2PuEjFKtnhvg==/109951164208995786.jpg,http://p3.music.126.net/crlUZzO7L9VOukabqVCu3A==/109951164208999676.jpg,http://p4.music.126.net/9D41-8x0BUdtayK78n-USQ==/109951164208994823.jpg,http://p3.music.126.net/UCMx_f_dEWbj8xVMDr68UQ==/109951164209002665.jpg,http://p3.music.126.net/4C0zgqo3uRm8Bdo5b0c7VQ==/109951164208997240.jpg, gname=史努比儿童背带吸管水杯550ML, gintroduce=, gcolorid=null, category1=1008002, category2=1010004, gbrand=史努比, gprice=39.0, ggrade=null, gcount=14, gmaterial=null, hot=1]
Goods [gid=17904007, zpicture=http://p3.music.126.net/WcuvJNl8F_W3bpNCXUzIEQ==/109951164209204165.jpg, gpicture=http://p3.music.126.net/WcuvJNl8F_W3bpNCXUzIEQ==/109951164209204165.jpg,http://p4.music.126.net/yCkbji_AEZSAXJ6LNJ0MvQ==/109951164209204168.jpg,http://p3.music.126.net/2yfxC6DxwP87rb1AVB9SQw==/109951164209201730.jpg,http://p4.music.126.net/zUgtmZM_HeQvYcetLTEPmw==/109951164209202241.jpg,http://p4.music.126.net/dVyAtco0jqMNqR3r8-L1Gw==/109951164209200299.jpg,http://p4.music.126.net/eSA-L_3kNn4LYl4AJDk5Qg==/109951164209199335.jpg,http://p4.music.126.net/r310eErcP611kp0wplimXQ==/109951164209202701.jpg,http://p4.music.126.net/CMxCdleNZU82AdnVSAp1sg==/109951164209203693.jpg, gname=dyplay ANC SPORT运动蓝牙颈挂式主动降噪耳机, gintroduce=降噪深度达25dB 15小时播放时长 IPX5级防水, gcolorid=null, category1=101000, category2=1005000, gbrand=dyplay, gprice=229.0, ggrade=null, gcount=323, gmaterial=null, hot=1]
Goods [gid=17906008, zpicture=http://p4.music.126.net/G6Emf10AtK2l9VvWKvQ4PQ==/109951164209013660.jpg, gpicture=http://p4.music.126.net/G6Emf10AtK2l9VvWKvQ4PQ==/109951164209013660.jpg,http://p3.music.126.net/LJdejBro_3T9p1JI8YTxBg==/109951164209013673.jpg,http://p4.music.126.net/5VknBZKtbJDL3V_iXUfwgw==/109951164209013697.jpg,http://p3.music.126.net/K-FxGVj9hKivDaTGfdorSg==/109951164209004486.jpg,http://p4.music.126.net/ZmRA6FhwTnB01lJ59A1XKg==/109951164209012190.jpg, gname=史努比儿童手柄吸管水杯450ML, gintroduce=, gcolorid=null, category1=1008002, category2=1010004, gbrand=史努比, gprice=39.0, ggrade=null, gcount=10, gmaterial=null, hot=0]
Goods [gid=17906010, zpicture=http://p4.music.126.net/rAH-HbeQVx3N1-FIdNRljg==/109951164209194068.jpg, gpicture=http://p4.music.126.net/rAH-HbeQVx3N1-FIdNRljg==/109951164209194068.jpg,http://p3.music.126.net/av3kkmV7PlYt7dYYW5BMIw==/109951164209192157.jpg,http://p4.music.126.net/OPGovNu6y6yzwr7a_pwqrw==/109951164209190227.jpg,http://p3.music.126.net/HbKUhmEqWtSsHhMTGKXn1Q==/109951164209192160.jpg,http://p4.music.126.net/KHLIRnMc9ZYoAeGZWYGVrw==/109951164209193619.jpg,http://p3.music.126.net/WQoDxvanukaWAYbba2_2sQ==/109951164209193128.jpg,http://p3.music.126.net/H5JFvT2_Zm9Ewhcx4rIm7w==/109951164209187306.jpg,http://p3.music.126.net/w8wBzOsYL0VJyl4UCSgV6A==/109951164209188770.jpg, gname=dyplay 城市旅行者蓝牙头戴式主动降噪耳机 , gintroduce=主动混合降噪 可折叠易携带 全包耳设计 柔软蛋白皮 长久续航, gcolorid=null, category1=101000, category2=1005000, gbrand=dyplay, gprice=499.0, ggrade=null, gcount=353, gmaterial=null, hot=2]
Goods [gid=17906032, zpicture=http://p3.music.126.net/F_CqHHlT94ENCvTV87tBNg==/109951164215494109.jpg, gpicture=http://p3.music.126.net/F_CqHHlT94ENCvTV87tBNg==/109951164215494109.jpg,http://p4.music.126.net/7B0toeu2Po4r1WNOT255sw==/109951164215489255.jpg,http://p3.music.126.net/HnzvZ5wKs-K5KLanmIiykg==/109951164215490302.jpg,http://p4.music.126.net/vn5qJnLDZT-_DboaA17ggw==/109951164215497509.jpg,http://p4.music.126.net/v4fwR4xnlp_amCVJ6wKs1g==/109951164215491715.jpg, gname=史努比手柄陶瓷马克杯400ML , gintroduce=, gcolorid=null, category1=1008002, category2=1010004, gbrand=史努比, gprice=29.0, ggrade=null, gcount=299, gmaterial=null, hot=0]
Goods [gid=17907003, zpicture=http://p3.music.126.net/Mzo9G3XzChyNtc1Mhfyn_A==/109951164209028685.jpg, gpicture=http://p3.music.126.net/Mzo9G3XzChyNtc1Mhfyn_A==/109951164209028685.jpg,http://p3.music.126.net/wBUafhZtpSdEZrqdcEKiYg==/109951164209024441.jpg,http://p4.music.126.net/23UqaKzgreQO5fRixtuRxA==/109951164209037019.jpg,http://p4.music.126.net/6EWksBPJbwuwCLAiSXJMlQ==/109951164209037786.jpg, gname=史努比白色手柄高款陶瓷马克杯400ML, gintroduce=, gcolorid=null, category1=1008002, category2=1010004, gbrand=史努比, gprice=39.0, ggrade=null, gcount=98, gmaterial=null, hot=0]
Goods [gid=17907004, zpicture=http://p4.music.126.net/lnIY33uHQP5a_hj-YB7IqQ==/109951164209105171.jpg, gpicture=http://p4.music.126.net/lnIY33uHQP5a_hj-YB7IqQ==/109951164209105171.jpg,http://p3.music.126.net/f_4L0SHKAnU-r9b6LODZpw==/109951164209104215.jpg,http://p4.music.126.net/i3DMHOVqWbGmegTHqF3ABA==/109951164209102718.jpg,http://p3.music.126.net/wH7JjMmZOOVQW2oxgXJa6g==/109951164209108556.jpg,http://p3.music.126.net/meRL2wKHVWhZzHp_VT9LmA==/109951164209102240.jpg,http://p4.music.126.net/3_gq6TZHn1COQQmrfKQSOA==/109951164292335216.jpg, gname=史努比手柄两用吸管杯280毫升, gintroduce=, gcolorid=null, category1=1008002, category2=1010004, gbrand=史努比, gprice=69.0, ggrade=null, gcount=399, gmaterial=null, hot=0]
Goods [gid=17907024, zpicture=http://p4.music.126.net/9ZI7A9awUT8mkLfX05d7Xg==/109951164215444011.jpg, gpicture=http://p4.music.126.net/9ZI7A9awUT8mkLfX05d7Xg==/109951164215444011.jpg,http://p3.music.126.net/ZUkRLO_RA10gH1VPHEMu8w==/109951164215435282.jpg,http://p3.music.126.net/7stojhe5JCrlZSiK8JTH-w==/109951164215436860.jpg,http://p4.music.126.net/tBstyVpQ-ROVekJFjaxRMg==/109951164215442637.jpg,http://p4.music.126.net/3W0URaWGrlTv-mFuKUQo9Q==/109951164215441654.jpg, gname=史努比双盖保温杯配刺绣杯套550毫升, gintroduce=, gcolorid=null, category1=1008002, category2=1010004, gbrand=史努比, gprice=99.0, ggrade=null, gcount=396, gmaterial=null, hot=0]
Goods [gid=17908019, zpicture=http://p3.music.126.net/nuv2DM1-JaeErJ99J6LPCQ==/109951164215560574.jpg, gpicture=http://p3.music.126.net/nuv2DM1-JaeErJ99J6LPCQ==/109951164215560574.jpg,http://p4.music.126.net/4FstD_-LJYr0UnjifnToVg==/109951164215555307.jpg,http://p3.music.126.net/PQWsdLWq81RHGtjY_T0kaQ==/109951164215551954.jpg,http://p3.music.126.net/B1qZthrukPpL5cV7PfbyJQ==/109951164215554926.jpg,http://p4.music.126.net/p5Wo9lwhfJvntgjD_EBcgw==/109951164215563575.jpg, gname=史努比高尔夫办公杯420毫升 , gintroduce=, gcolorid=null, category1=1008002, category2=1010004, gbrand=史努比, gprice=49.0, ggrade=null, gcount=10, gmaterial=null, hot=1]
Goods [gid=17910006, zpicture=http://p4.music.126.net/2q-rURosxbKd2jyEnh55aA==/109951164292348979.jpg, gpicture=http://p4.music.126.net/2q-rURosxbKd2jyEnh55aA==/109951164292348979.jpg,http://p3.music.126.net/58w7gFMSiX6TrB0FvU51lQ==/109951164217708173.jpg,http://p4.music.126.net/SG5irTJdmc5JjRZcoYetmQ==/109951164217714020.jpg,http://p4.music.126.net/EeK1YDgA-QNTM4m1DOIl_w==/109951164217707205.jpg,http://p4.music.126.net/B1Y8xsvU1sK5O7vMP9GwxQ==/109951164217708242.jpg, gname=史努比304不锈钢马克杯450毫升, gintroduce=, gcolorid=null, category1=1008002, category2=1010004, gbrand=史努比, gprice=29.0, ggrade=null, gcount=197, gmaterial=null, hot=0]
Goods [gid=17911043, zpicture=http://p4.music.126.net/x8hu__zwXG-awiIdKgYQ5Q==/109951164221477666.jpg, gpicture=http://p4.music.126.net/x8hu__zwXG-awiIdKgYQ5Q==/109951164221477666.jpg,http://p3.music.126.net/ZKiF8qvJ3pWxnrr4Htw3QQ==/109951164221477670.jpg,http://p3.music.126.net/naShAJFOctRyQnlA0FaVbA==/109951164221472300.jpg,http://p4.music.126.net/5UHuaq68ss1qCAFuy2EQzg==/109951164221479608.jpg,http://p3.music.126.net/HeBDF1p3GLCShUiTo70KYA==/109951164251519157.jpg,http://p3.music.126.net/ri5V2bak9-2aPsLd5H1cPQ==/109951164251513421.jpg,http://p4.music.126.net/elwyNtzUNxqWNqpvEpilGg==/109951164251514384.jpg,http://p4.music.126.net/chpeG-5DmnCZYcR9Ha9EbQ==/109951164251510473.jpg, gname=毕亚兹 三脚架无线蓝牙自拍杆 防手抖 直播支架 苹果安卓手机通用D48, gintroduce=靓丽颜值；铝合金拉杆；小巧便携；蓝牙分离；十米可控；伸缩自如, gcolorid=null, category1=101000, category2=1007000, gbrand=毕亚兹（BIAZE）, gprice=89.0, ggrade=null, gcount=388, gmaterial=null, hot=0]
Goods [gid=17912038, zpicture=http://p4.music.126.net/amz7sYWRRmOoPzJJhSWDkA==/109951164221489795.jpg, gpicture=http://p4.music.126.net/amz7sYWRRmOoPzJJhSWDkA==/109951164221489795.jpg,http://p4.music.126.net/5g6OAruESYkPaY3cvNO3eQ==/109951164221491745.jpg,http://p3.music.126.net/xg0meKheQt9bE-xpUf442w==/109951164221493179.jpg,http://p3.music.126.net/6wN8i3CBDWPyNUd0yQDylA==/109951164251521837.jpg,http://p4.music.126.net/rL3ootGmL-Fvbrp_7rWqvQ==/109951164251526676.jpg,http://p3.music.126.net/6hwejGnvtI0MGjCxYwVJZQ==/109951164251529114.jpg,http://p4.music.126.net/xVAB_IS9l7pvBE98_ShhmQ==/109951164251528661.jpg,http://p3.music.126.net/kXsE9BrYBJ15JTbNqNRGRw==/109951164251523287.jpg, gname=毕亚兹 usb小风扇迷你静音 办公宿舍台式创意电风扇 FS1, gintroduce=三色可选；安静舒适；小电流大风量；三档调节；轻而巧；无刷式静音电机；usb输入, gcolorid=null, category1=101000, category2=1007000, gbrand=毕亚兹（BIAZE）, gprice=59.0, ggrade=null, gcount=5, gmaterial=null, hot=2]
Goods [gid=17912045, zpicture=http://p3.music.126.net/fzWUKHksuiSMAvYYs9AQ1g==/109951164221544221.jpg, gpicture=http://p3.music.126.net/fzWUKHksuiSMAvYYs9AQ1g==/109951164221544221.jpg,http://p4.music.126.net/4QlS92TrENeogkJ_nDTyMA==/109951164251621190.jpg,http://p4.music.126.net/EGm9bD8VB7eZhNGRgfm5Rw==/109951164221548090.jpg,http://p4.music.126.net/nKqwJq640mt8lf7KssmeFw==/109951164251624165.jpg,http://p3.music.126.net/iYXREMZsIiFUmjNjj5tMMw==/109951164221547596.jpg,http://p3.music.126.net/HrxGcle6HD9zEkS8HahmqA==/109951164221548556.jpg,http://p4.music.126.net/OVFNmdkLvMw4sNeXUP2GAw==/109951164251617352.jpg,http://p4.music.126.net/msfpbBVWo7knCSFryoJn1Q==/109951164251616405.jpg, gname=毕亚兹 小风扇迷你加湿器 宿舍办公 USB充电静音喷雾风扇T9, gintroduce=喷雾加湿；三档风速；usb充电；400ML大容量；舒心夜灯；持久续航, gcolorid=null, category1=101000, category2=1007000, gbrand=毕亚兹（BIAZE）, gprice=109.0, ggrade=null, gcount=14, gmaterial=null, hot=0]
Goods [gid=17912047, zpicture=http://p4.music.126.net/B_p4GYbxon91Yuw0u5YuRg==/109951164221575286.jpg, gpicture=http://p4.music.126.net/B_p4GYbxon91Yuw0u5YuRg==/109951164221575286.jpg,http://p4.music.126.net/MlXuE_L_OPd9Xj34QqbrjA==/109951164221569974.jpg,http://p3.music.126.net/_5bN5ezypP2WKMl7O4_SPQ==/109951164221576733.jpg,http://p3.music.126.net/R1uELFVuloXnkxHZF9w5tw==/109951164221575804.jpg,http://p3.music.126.net/wdjEe0Um19gYyxqww5vJHQ==/109951164221583000.jpg,http://p3.music.126.net/_lp5DMT4zeNCcYiim6zyhg==/109951164251536825.jpg,http://p4.music.126.net/K9sUn9X5En3ctTlwMnHBvg==/109951164251543654.jpg,http://p3.music.126.net/fNcXObKqyeSquC2dQVdSrg==/109951164251537812.jpg, gname=毕亚兹 手机懒人支架 床上床头支架 网红直播悬臂折叠架子 ipad支架 C37, gintroduce=解放双手；角度随心；稳固承重不下坠；多孔位；360度旋转；折叠机械悬臂, gcolorid=null, category1=101000, category2=1007000, gbrand=毕亚兹（BIAZE）, gprice=79.0, ggrade=null, gcount=186, gmaterial=null, hot=3]
Goods [gid=17914005, zpicture=http://p3.music.126.net/bILhQRZ8s6xEe_0vV0u70Q==/109951164217574801.jpg, gpicture=http://p3.music.126.net/bILhQRZ8s6xEe_0vV0u70Q==/109951164217574801.jpg,http://p3.music.126.net/82eK4ph1TMuvLgk5vGu2LA==/109951164217580081.jpg,http://p4.music.126.net/sX2klCLWE9ZsMZI81oyKRA==/109951164217572446.jpg,http://p3.music.126.net/cbd44hMH6If2fA6xNeVdKQ==/109951164217577170.jpg, gname=史努比双耳泡面碗900ML, gintroduce=, gcolorid=null, category1=1008002, category2=1010004, gbrand=史努比, gprice=29.0, ggrade=null, gcount=1, gmaterial=null, hot=2]
Goods [gid=17918002, zpicture=http://p4.music.126.net/uIAAVE2hWyYG38E0nuzq6w==/109951164217495344.jpg, gpicture=http://p4.music.126.net/uIAAVE2hWyYG38E0nuzq6w==/109951164217495344.jpg,http://p4.music.126.net/xIqubocbvvajUfr8o4zCUw==/109951164249310865.jpg,http://p4.music.126.net/CW-gTbMKj0A2tNj-tnGvQA==/109951164249308943.jpg,http://p3.music.126.net/uW2jHUPvMJekgLsGrTuW2w==/109951164249309948.jpg,http://p3.music.126.net/jJ8J5NgKi2I3Hp_3bop0XA==/109951164249315274.jpg,http://p4.music.126.net/lI7121ZF2BUSeQih7iL76Q==/109951164249328254.jpg, gname=毕亚兹 AirPods1/2苹果蓝牙耳机保护套 硅胶收纳盒 JK755, gintroduce=优质液态硅胶；防磨防刮；可用水洗；拒绝指纹；多色可选；可无线充, gcolorid=null, category1=101000, category2=1007000, gbrand=毕亚兹（BIAZE）, gprice=29.0, ggrade=null, gcount=1134, gmaterial=null, hot=3]
Goods [gid=17919044, zpicture=http://p4.music.126.net/-GKRjFMkkMgDgfXykHxbKQ==/109951164221431705.jpg, gpicture=http://p4.music.126.net/-GKRjFMkkMgDgfXykHxbKQ==/109951164221431705.jpg,http://p3.music.126.net/0K47fUv27EOINwE0JR7Lxw==/109951164221425457.jpg,http://p3.music.126.net/mlwU42qneO0fO4b42YqtdQ==/109951164221433128.jpg,http://p4.music.126.net/SqsTJsaNXC-y7MHEkIRUTw==/109951164221436063.jpg,http://p4.music.126.net/tBwv9FEPf2HZzcOe9TKxKQ==/109951164221430226.jpg, gname=毕亚兹 无线蓝牙自拍杆 补光灯 自拍神器苹果安卓通用OU-01, gintroduce=亮肤美颜；两档柔光；支持夜拍；蓝牙连接；便捷携带；360度旋转；铝合金拉杆；智能兼容, gcolorid=null, category1=101000, category2=1007000, gbrand=毕亚兹（BIAZE）, gprice=139.0, ggrade=null, gcount=396, gmaterial=null, hot=0]
Goods [gid=17921002, zpicture=http://p4.music.126.net/qS-Z8PhqY5f9KyDxV2BX_g==/109951164217486064.jpg, gpicture=http://p4.music.126.net/qS-Z8PhqY5f9KyDxV2BX_g==/109951164217486064.jpg,http://p4.music.126.net/1lGkX3e-HRdhZb1J0gT8Ng==/109951164217483149.jpg,http://p4.music.126.net/bFfyFa-AbcLoLIdV-m7-jA==/109951164217489513.jpg,http://p3.music.126.net/Q76npXUvxs2Yfy5tphwTHg==/109951164238333573.jpg,http://p4.music.126.net/THrAeBbS57ZiW5TnRlQx5w==/109951164238329197.jpg, gname=毕亚兹 无线充电器 快速充电底座苹果安卓通用 M13, gintroduce=时尚无线充电底座；闪电速充；低温快充不发热；自动识别金属异物；智能快充, gcolorid=null, category1=101000, category2=1007000, gbrand=毕亚兹（BIAZE）, gprice=75.0, ggrade=null, gcount=381, gmaterial=null, hot=0]
Goods [gid=17924014, zpicture=http://p4.music.126.net/yqQ5eP1herHy2Mt9hfHTJA==/109951164222106239.jpg, gpicture=http://p4.music.126.net/yqQ5eP1herHy2Mt9hfHTJA==/109951164222106239.jpg,http://p3.music.126.net/CvclgNB0eKeYDyxRv6GqYA==/109951164222100987.jpg,http://p3.music.126.net/hI8xeeHuFpfzM-rS9Ml3dA==/109951164222100476.jpg,http://p4.music.126.net/_HM16X9mj92fGkHEMuKtxg==/109951164222105289.jpg,http://p4.music.126.net/ewHYboqoZmfsnkPWvuLliQ==/109951164222105292.jpg, gname=毕亚兹 汽车香水/摆件 车载香薰/座式香水 海洋香型 BCX03, gintroduce=持久清香；小巧美观；去味留香；植物萃取；清新空气；不惧暴晒严寒, gcolorid=null, category1=101000, category2=1007000, gbrand=毕亚兹（BIAZE）, gprice=59.0, ggrade=null, gcount=182, gmaterial=null, hot=0]
Goods [gid=17934000, zpicture=http://p4.music.126.net/XxRzVnnReUQBa_dNZ9ZUIw==/109951164292361594.jpg, gpicture=http://p4.music.126.net/XxRzVnnReUQBa_dNZ9ZUIw==/109951164292361594.jpg,http://p4.music.126.net/mIy3NrTMD_fIAA_0QWjs6Q==/109951164222092785.jpg,http://p3.music.126.net/79VCU2V5IKIAzGCdNuxPFA==/109951164222093799.jpg,http://p4.music.126.net/l4IE-88Cu3tewWfhqfvGQg==/109951164222090907.jpg,http://p4.music.126.net/Y77bOSq7VhVofxfVnZvy1w==/109951164222101602.jpg,http://p3.music.126.net/iC49wVH-DokWGo0y-ZXUug==/109951164479853814.jpg, gname=史努比商务男女保温杯420毫升, gintroduce=, gcolorid=null, category1=1008002, category2=1010004, gbrand=史努比, gprice=39.0, ggrade=null, gcount=748, gmaterial=null, hot=1]
Goods [gid=17935005, zpicture=http://p3.music.126.net/ZYr5Q2QnV3A-US4CSUA7wQ==/109951164222340016.jpg, gpicture=http://p3.music.126.net/ZYr5Q2QnV3A-US4CSUA7wQ==/109951164222340016.jpg,http://p4.music.126.net/XlcLQBWgZVLIE0dt_O6m7A==/109951164222338563.jpg,http://p4.music.126.net/SLR2bmvHungfdZcs_dXPTw==/109951164251525988.jpg,http://p4.music.126.net/TqVJKpaeRZ3X8cKErP6qFA==/109951164251532739.jpg,http://p3.music.126.net/vUOuxcfsUd6WQWEsdY2MSw==/109951164251527479.jpg,http://p4.music.126.net/dDu_GV9vcXM6XjbdAEL37A==/109951164251539036.jpg,http://p3.music.126.net/lO2nbUBKeaPT4Ztqgs1SgA==/109951164251532313.jpg, gname=毕亚兹 USB充电小风扇 充电静音电风扇/台扇/夹扇 宿舍办公FS2, gintroduce=清风随心；台夹两用；三档送风；USB充电；可无线使用；静音送风；360度旋转, gcolorid=null, category1=101000, category2=1007000, gbrand=毕亚兹（BIAZE）, gprice=79.0, ggrade=null, gcount=20, gmaterial=null, hot=2]
Goods [gid=17935006, zpicture=http://p3.music.126.net/OZZuDdBvvxWsWMgAb2lCGg==/109951164222362676.jpg, gpicture=http://p3.music.126.net/OZZuDdBvvxWsWMgAb2lCGg==/109951164222362676.jpg,http://p4.music.126.net/7wRS2BeL5wKAs1tRLl0Llg==/109951164222358376.jpg,http://p3.music.126.net/cIhaCOnkanevkkZXbZsycw==/109951164222359319.jpg,http://p3.music.126.net/Dxq3SKPFuJjzgx-0-BcRTw==/109951164251536702.jpg,http://p4.music.126.net/CqDH6vffckIa2g4N-Vqt-w==/109951164251539608.jpg,http://p4.music.126.net/l1AXMHSGI7M9Khk5Jqt_2g==/109951164251532886.jpg, gname=毕亚兹 萌猫灭蚊灯 孕婴家用静音驱蚊器 户外捕蝇灯无辐射灭蚊器MW1, gintroduce=逢蚊必吃；萌猫造型；防逃逸储蚊盒；环保节能；安静低噪；蓝紫光灯诱蚊；孕婴可用, gcolorid=null, category1=101000, category2=1007000, gbrand=毕亚兹（BIAZE）, gprice=109.0, ggrade=null, gcount=50, gmaterial=null, hot=0]
Goods [gid=17935009, zpicture=http://p3.music.126.net/f9qx6B0Nc_hqhKYRxrGMtg==/109951164223804112.jpg, gpicture=http://p3.music.126.net/f9qx6B0Nc_hqhKYRxrGMtg==/109951164223804112.jpg,http://p3.music.126.net/dWWIV-UgOxuAB7hzQyx8Ag==/109951164223807503.jpg,http://p3.music.126.net/Y40GhAv3RbwI8rxwhsygkg==/109951164223795442.jpg,http://p3.music.126.net/iemcyTZRt2bhwLoHRZhVbw==/109951164223800311.jpg,http://p4.music.126.net/W1h8deIVmYvmI69Aj3vaLg==/109951164223800334.jpg,http://p4.music.126.net/bCDWiR3t5aIqyDdsMXV-Zg==/109951164223803757.jpg,http://p3.music.126.net/CFbcuvcwQr5d4V6s5RhFXQ==/109951164223807567.jpg,http://p4.music.126.net/NCQTGv2U4IjB8NRqFPJd-A==/109951164223805180.jpg, gname=漫步者（EDIFIER）MF5 小蜜蜂扩音器扬声器, gintroduce=智能防啸；清晰大声量；长效续航；轻量小巧设计；一键录音；快进快退；话筒优先, gcolorid=null, category1=101000, category2=1006000, gbrand=漫步者（EDIFIER）, gprice=199.0, ggrade=null, gcount=20, gmaterial=null, hot=0]
Goods [gid=17935025, zpicture=http://p4.music.126.net/aDki-i-2eVgRVld3Ta3whQ==/109951164316262829.jpg, gpicture=http://p4.music.126.net/aDki-i-2eVgRVld3Ta3whQ==/109951164316262829.jpg,http://p3.music.126.net/MzxdKKGRGEOS-Hf6TbDnfQ==/109951164316268101.jpg,http://p3.music.126.net/xzKicNw6voozFZ3uMr2hMA==/109951164316258424.jpg,http://p4.music.126.net/baieatUu-ZanuzRs2dreWA==/109951164316267182.jpg,http://p3.music.126.net/kDMoC6poiNbMCqtHu4zIeQ==/109951164316267193.jpg,http://p4.music.126.net/Nu8PWrUx3wc9ISlptPXtDA==/109951164316267200.jpg, gname=伯朗X9S 运动蓝牙耳机脖挂半入耳超长待机, gintroduce=佩戴舒适；连续听歌12小时；运动不掉落；高清音质, gcolorid=null, category1=101000, category2=1005000, gbrand=伯朗, gprice=129.0, ggrade=null, gcount=3303, gmaterial=null, hot=0]
Goods [gid=17935026, zpicture=http://p3.music.126.net/_8jnNyKplec0inH_xzurqQ==/109951164226894799.jpg, gpicture=http://p3.music.126.net/_8jnNyKplec0inH_xzurqQ==/109951164226894799.jpg,http://p3.music.126.net/8mCUNESz80Z-mZzP6U717A==/109951164226903509.jpg,http://p4.music.126.net/DnNqYPCoFmRD5Cmn_7M4yA==/109951164226892989.jpg,http://p4.music.126.net/mVE8ZN51v9agblWdFjMtbw==/109951164226905030.jpg,http://p4.music.126.net/dySv4Wkuuyv5dWd6Jkv5lg==/109951164226901730.jpg,http://p4.music.126.net/X93dcR6lAUC_xuV7mL25Jw==/109951164226895439.jpg, gname=JOESON 时尚腕表学生男女手表简约皮带进口机芯电池, gintroduce=【云音乐专享特惠】日本进口机芯；进口电池；时尚造型 带日历, gcolorid=null, category1=101000, category2=1007000, gbrand=JOESON, gprice=129.0, ggrade=null, gcount=229, gmaterial=null, hot=1]
Goods [gid=17935035, zpicture=http://p3.music.126.net/ODp34ekNai8g9s3N2aw86g==/109951164231740201.jpg, gpicture=http://p3.music.126.net/ODp34ekNai8g9s3N2aw86g==/109951164231740201.jpg,http://p3.music.126.net/08YvL8XCMMxWfhKXIpYYpQ==/109951164231738690.jpg,http://p3.music.126.net/0ir89yZY_rmDnc8RWrkrxA==/109951164231736827.jpg,http://p4.music.126.net/OCfu39KNSMYZMhn-7fI1-A==/109951164231738282.jpg,http://p4.music.126.net/D_ctO5cr-CopFlQkvpYYMQ==/109951164231743115.jpg,http://p3.music.126.net/-ZtJD4Tu_IU2b6DpqVdSWw==/109951164231747522.jpg,http://p4.music.126.net/4pjDtx0-Yfnf1zW60AkJrw==/109951164231736874.jpg,http://p3.music.126.net/q5KzIknIuu1patsztiAPkw==/109951164231740746.jpg, gname=Huawei/华为畅享9S手机2400万三摄超大广角夜拍手机, gintroduce=超广角三摄 多彩珍珠屏 AI超级夜拍2400万超高像素 顺丰极速发货, gcolorid=null, category1=101000, category2=3062500, gbrand=华为, gprice=1299.0, ggrade=null, gcount=14, gmaterial=null, hot=2]
Goods [gid=17945026, zpicture=http://p3.music.126.net/z3nKl8rIzuX7Q_fcZpGTHg==/109951164226230442.jpg, gpicture=http://p3.music.126.net/z3nKl8rIzuX7Q_fcZpGTHg==/109951164226230442.jpg,http://p4.music.126.net/nDHxuSPQvq074VtkovjbCA==/109951164226243059.jpg,http://p4.music.126.net/T-OUUWXud3mXU3fYL-V_Jw==/109951164226235765.jpg,http://p3.music.126.net/mKr4z2zF0awojHD51zyGmg==/109951164226240661.jpg,http://p4.music.126.net/I2dYhjNXtogLFy-osqbi4A==/109951164226241632.jpg,http://p4.music.126.net/8I1IiKrx-_0SQiEzC23rfA==/109951164226232485.jpg,http://p4.music.126.net/7QV5H7umcNJES0POdY_YtQ==/109951164226235784.jpg, gname=伯朗H20蓝牙5.0真无线耳机 光感弹窗无线充电苹果安卓通用, gintroduce=蓝牙5.0，光感入耳检测，手机弹窗，支持无线充电，续航4+20小时；双耳高清通话；, gcolorid=null, category1=101000, category2=1005000, gbrand=伯朗, gprice=499.0, ggrade=null, gcount=2559, gmaterial=null, hot=0]
Goods [gid=17947030, zpicture=http://p3.music.126.net/WSjNPM5livpXl49UWITMww==/109951164236867642.jpg, gpicture=http://p3.music.126.net/WSjNPM5livpXl49UWITMww==/109951164236867642.jpg,http://p3.music.126.net/1_GNWK_4Cez7HrnCa2e_NQ==/109951164236867650.jpg,http://p4.music.126.net/5OqYbr6dcqs9Ly7oVdCaYw==/109951164236861881.jpg,http://p3.music.126.net/YHFY20ViCmfwzWn9DFm4dg==/109951164236872070.jpg,http://p4.music.126.net/6W5LOtjlOJX5vM9bjmIAzA==/109951164236873061.jpg,http://p3.music.126.net/rSrr8eW_sbxXGkNPE_Fbkw==/109951164236867749.jpg,http://p3.music.126.net/61S_lXHbOnFY0feSwqo2hA==/109951164236863902.jpg,http://p4.music.126.net/2l3SSfIoq0tzm0nf1kpDXQ==/109951164236870176.jpg, gname=Huawei/华为荣耀20i 3200万AI自拍照渐变色全面屏手机, gintroduce=前置3200万AI自拍 后置2400万AI三摄 暗光逆光都清晰 顺丰极速发货, gcolorid=null, category1=101000, category2=3062500, gbrand=华为, gprice=1599.0, ggrade=null, gcount=89, gmaterial=null, hot=4]
Goods [gid=17947031, zpicture=http://p3.music.126.net/y9VdwC6Ju-2ZzZ99JLdi5A==/109951164237049431.jpg, gpicture=http://p3.music.126.net/y9VdwC6Ju-2ZzZ99JLdi5A==/109951164237049431.jpg,http://p4.music.126.net/pDr_RU5-OPM-DrT9iaAr5Q==/109951164237052481.jpg,http://p4.music.126.net/ygm-hCfhJ2ntvcz1FlTFsQ==/109951164237057829.jpg,http://p3.music.126.net/vbTyohSK8iwirNVlbtkteg==/109951164237059284.jpg,http://p4.music.126.net/tBWBmsIH1RyIXui8RIHuwg==/109951164237054941.jpg,http://p3.music.126.net/wGen8M8ubjo8fiG8Hg9lkA==/109951164237064145.jpg,http://p3.music.126.net/aHR_qbuoPr2KJ15t8g_3JA==/109951164237059785.jpg,http://p3.music.126.net/sv0Qnimvn6wl50Qsi101lw==/109951164237066024.jpg, gname=Huawei/华为Mate 20全面屏珍珠屏徕卡三摄麒麟980芯片人工智能手机, gintroduce=麒麟980人工智能芯片 超大广角徕卡三摄, gcolorid=null, category1=101000, category2=3062500, gbrand=华为, gprice=3399.0, ggrade=null, gcount=80, gmaterial=null, hot=4]
Goods [gid=17975023, zpicture=http://p4.music.126.net/bkt0C5_wckz2sVeGA3jLBw==/109951164249245265.jpg, gpicture=http://p4.music.126.net/bkt0C5_wckz2sVeGA3jLBw==/109951164249245265.jpg,http://p3.music.126.net/MI-6hgiEWL0EMzrKu6WnZg==/109951164249253555.jpg,http://p4.music.126.net/YPSQfx0NYK04EBClyC_9dQ==/109951164249256260.jpg,http://p4.music.126.net/cExyjtHK_7qYapm9o_gMGg==/109951164249253937.jpg,http://p3.music.126.net/7Bo1gejxRZAe20L2TiIw9w==/109951164249250489.jpg,http://p3.music.126.net/IK1lLlhqcD-liwrvL9ADSg==/109951164249263058.jpg,http://p3.music.126.net/-kXkZrWrRs12QW-0g7VVbw==/109951164249264520.jpg,http://p3.music.126.net/3roxPGYBM1t00hBldoRPbw==/109951164249257716.jpg, gname=JBL C330TWS 真无线入耳式运动蓝牙耳机 运动便携蓝牙5.0, gintroduce=JBL标志性音效；智能触控；便携式充电盒；蓝牙5.0；IPX4级防水；稳固耐用；长效续航, gcolorid=null, category1=101000, category2=1005000, gbrand=JBL, gprice=799.0, ggrade=null, gcount=154, gmaterial=null, hot=4]
Goods [gid=17975024, zpicture=http://p3.music.126.net/ZlXwSmRxDa9bqX211Xt_8w==/109951164249163797.jpg, gpicture=http://p3.music.126.net/ZlXwSmRxDa9bqX211Xt_8w==/109951164249163797.jpg,http://p3.music.126.net/e7BbJZz35c92DEHU1AdEtw==/109951164249169625.jpg,http://p3.music.126.net/nxqb1joHvjLbX62oqd2G8g==/109951164249164320.jpg,http://p4.music.126.net/bGjhh_fdSxBVc-pK5bDn0w==/109951164249170153.jpg,http://p3.music.126.net/MuBxIYta4YtNAClyLKz_UA==/109951164249159983.jpg,http://p3.music.126.net/pzRruhzJ4ouYH4FW_jKV1w==/109951164249164840.jpg,http://p3.music.126.net/hG8zMSbw9_Vo7PqzHi3nLA==/109951164249171547.jpg,http://p3.music.126.net/GRbh4awD-pi960Gkoce2yw==/109951164249163845.jpg, gname=Huawei/华为 Mate 20 Pro 曲面屏后置超大广角徕卡三摄全网通版双4G手机, gintroduce=4000万超大广角徕卡三摄；手持超级夜景 ；40W超级快充, gcolorid=null, category1=101000, category2=3062500, gbrand=华为, gprice=4499.0, ggrade=null, gcount=210, gmaterial=null, hot=2]
Goods [gid=17980001, zpicture=http://p3.music.126.net/F4DleVpmTG6s9yAnKnyzAA==/109951164249497830.jpg, gpicture=http://p3.music.126.net/F4DleVpmTG6s9yAnKnyzAA==/109951164249497830.jpg,http://p3.music.126.net/JGF0npXajEcLIamFrxhBEQ==/109951164249496476.jpg,http://p3.music.126.net/VpyKwDvt59sKl2t0USVNtQ==/109951164249500780.jpg,http://p4.music.126.net/dQTajh-Kuwil-g4pOnALUg==/109951164249499809.jpg,http://p4.music.126.net/V2Ld3ut91UpALa2T97j2xg==/109951164249500798.jpg,http://p4.music.126.net/b6fzjUSHDV8LGukQJBR5hg==/109951164249499352.jpg,http://p3.music.126.net/Qsx-oq75LSqAliVQxVZFqw==/109951164249501273.jpg,http://p3.music.126.net/OqwL1Yok9gJBTEQSuMdCgQ==/109951164249498867.jpg, gname=Huawei/华为 nova 4自拍极点全面屏超广角三摄智能全网通双卡双待手机, gintroduce=超广角三摄；6.4英寸极点全面屏；2500万海报级自拍；流光幻影机身, gcolorid=null, category1=101000, category2=3062500, gbrand=华为, gprice=2499.0, ggrade=null, gcount=115, gmaterial=null, hot=0]
Goods [gid=17990047, zpicture=http://p3.music.126.net/O4EZWN6eJaqrJSrlT2xyJQ==/109951164261142135.jpg, gpicture=http://p3.music.126.net/O4EZWN6eJaqrJSrlT2xyJQ==/109951164261142135.jpg,http://p3.music.126.net/Ilg7dfXsa0tn_5wetcoUoQ==/109951164261139692.jpg,http://p3.music.126.net/zFjPNuH19b7p0lT7KTUxVA==/109951164261133415.jpg,http://p4.music.126.net/v3WnWRiiZNzIvN0BI3cWCw==/109951164261140665.jpg,http://p4.music.126.net/FQm3zXKPGvR8ojHl4tV5Ug==/109951164261141157.jpg,http://p3.music.126.net/2d-3Rs4PhcygQhk1iadknQ==/109951164261138300.jpg,http://p3.music.126.net/mgKdA09fH6svmcqX3QjPGQ==/109951164261138305.jpg,http://p3.music.126.net/1N6iQ-iuicgJwWYhTtZ7wg==/109951164261136870.jpg, gname=VIVO Z5x 全面屏AI三摄骁龙710全面屏4G智能手机, gintroduce=Ai超广角三摄；逆光也清晰；极点全面屏, gcolorid=null, category1=101000, category2=3062500, gbrand=VIVO, gprice=1498.0, ggrade=null, gcount=60, gmaterial=null, hot=1]
Goods [gid=17992033, zpicture=http://p3.music.126.net/9Y8TwFpZU8m8Vv01an3OyA==/109951164256100641.jpg, gpicture=http://p3.music.126.net/9Y8TwFpZU8m8Vv01an3OyA==/109951164256100641.jpg,http://p4.music.126.net/LBx7oxIz3bkrmZdyr9id6g==/109951164256104504.jpg,http://p4.music.126.net/YgjbAIrJFHw8RqXZowmUmA==/109951164256094798.jpg,http://p3.music.126.net/EdblAr-F37QXx18vtJj5hg==/109951164256104545.jpg,http://p4.music.126.net/MLc-46M0kgRgbCgQJrjJ7g==/109951164256098291.jpg,http://p3.music.126.net/qu1Mmaic5i4MpVVglEAjVg==/109951164256098299.jpg,http://p4.music.126.net/QF-g7nkazUijOWCRq-imbw==/109951164256103101.jpg, gname=影巨人 S1真无线蓝牙耳机蓝牙5.0安卓苹果通用, gintroduce=充电仓数显；单耳续航5-6小时，充电仓续航30小时；双耳按键；千元级音效，低延迟, gcolorid=null, category1=101000, category2=1005000, gbrand=伯朗, gprice=259.0, ggrade=null, gcount=1534, gmaterial=null, hot=0]
Goods [gid=17993044, zpicture=http://p4.music.126.net/GLNMNtOI7Ktc_BWJh4-sEA==/109951164258230515.jpg, gpicture=http://p4.music.126.net/GLNMNtOI7Ktc_BWJh4-sEA==/109951164258230515.jpg,http://p4.music.126.net/WF-FAElDUUJRigG8M1fuIQ==/109951164258218976.jpg,http://p4.music.126.net/TLKsx7XY78TjRT1-ycxd8g==/109951164258223279.jpg,http://p4.music.126.net/jVnOYkxp7kUB1BQDAW5NfA==/109951164258229100.jpg,http://p3.music.126.net/DuIJq0NJLgQXss-jPrONoA==/109951164258220431.jpg,http://p4.music.126.net/6jZmbIJI0emYnxWiQYRTcw==/109951164258219487.jpg,http://p4.music.126.net/0thmh4qrZl570cx7MdS_6Q==/109951164258221401.jpg,http://p4.music.126.net/ySVYWbhwh9uNDKWtM_y-_Q==/109951164258230585.jpg, gname=Apple/苹果 iPhone 8 移动联通电信手机全网通4G手机, gintroduce=经典系列，视网膜屏幕，双面玻璃，支持无线充电, gcolorid=null, category1=101000, category2=3062500, gbrand=苹果, gprice=3788.0, ggrade=null, gcount=59, gmaterial=null, hot=0]
Goods [gid=17994022, zpicture=http://p4.music.126.net/BNhuRZ512iAK0TUvE0L7Fg==/109951164276758539.jpg, gpicture=http://p4.music.126.net/BNhuRZ512iAK0TUvE0L7Fg==/109951164276758539.jpg,http://p3.music.126.net/Ds8iWjVhstCWU7z5U1Qe_g==/109951164255206998.jpg,http://p3.music.126.net/nejrczYwXH0lUU6kPyWegw==/109951164255216209.jpg,http://p3.music.126.net/7o-O4jUayJtxGaR5LzB0Pg==/109951164255220513.jpg,http://p3.music.126.net/E-3DJjBowwL1Af7Lc7kdNg==/109951164255212828.jpg,http://p4.music.126.net/VbOavutdyCaqx_01eTEE0Q==/109951164255216254.jpg,http://p4.music.126.net/OBRven92Pe1vYiHSJAzG-w==/109951164255219108.jpg,http://p4.music.126.net/psmFeNAvwoe2X3CD6XT2Pg==/109951164255209917.jpg, gname=伯朗H16 Pro 开盖弹窗智能触控 蓝牙5.0真无线耳机 苹果安卓通用, gintroduce=智能触控，音量加减 切换上下曲 ，开盖弹窗配对，续航4+20小时，双耳高清通话，赠硅胶保护套+登山扣, gcolorid=null, category1=101000, category2=1005000, gbrand=伯朗, gprice=229.0, ggrade=null, gcount=3100, gmaterial=null, hot=0]
Goods [gid=17995031, zpicture=http://p3.music.126.net/wEcHMlxvjaV8aimpf63U-A==/109951164258440201.jpg, gpicture=http://p3.music.126.net/wEcHMlxvjaV8aimpf63U-A==/109951164258440201.jpg,http://p4.music.126.net/MyR-xu1VdMThDsNY6Z_5Uw==/109951164258437815.jpg,http://p4.music.126.net/3EaCo6ze-EDyWGVAS815OA==/109951164258443555.jpg,http://p3.music.126.net/KLoxvdgRR1T-jRhgjnMzZQ==/109951164258435401.jpg,http://p3.music.126.net/V7eoyoiFeG7hH-zwARBHvA==/109951164258441184.jpg,http://p3.music.126.net/Zsh9h-TkuzX3jyyU96n0nA==/109951164258441708.jpg,http://p4.music.126.net/o89NDOY6GtIZLy4__PCj8A==/109951164258445533.jpg,http://p3.music.126.net/KU55KOYfDJPeaKE4z_NKLQ==/109951164258441728.jpg, gname=Apple/苹果iPhone 8 Plus移动联通电信手机全网通4G手机, gintroduce=后置双摄，全面双玻璃, gcolorid=null, category1=101000, category2=3062500, gbrand=苹果, gprice=4688.0, ggrade=null, gcount=60, gmaterial=null, hot=0]
Goods [gid=17996047, zpicture=http://p3.music.126.net/Ur3eBBEa9o_9yLrgz-jEcQ==/109951164260016311.jpg, gpicture=http://p3.music.126.net/Ur3eBBEa9o_9yLrgz-jEcQ==/109951164260016311.jpg,http://p3.music.126.net/hH4dssbAY6LoCnoTjUujNg==/109951164260019757.jpg,http://p3.music.126.net/C_zyJ4PzDLYYxcYMlUJpTA==/109951164260024514.jpg,http://p4.music.126.net/uKMURd8VodCUJsbjSSxGRw==/109951164260024037.jpg,http://p4.music.126.net/qRmaThnpWhoXDiMHHooufg==/109951164260023072.jpg,http://p4.music.126.net/pyqb3vWwJWPll6-3jOOu9w==/109951164260019306.jpg,http://p3.music.126.net/dkwhcxugmVgQNz20hr6WVg==/109951164260014952.jpg,http://p4.music.126.net/ManRKyLI_X6TGSMuOiWqYw==/109951164260024061.jpg, gname=Apple/苹果 iPhone XR 全网通双卡双待4G手机, gintroduce=全面屏，面容识别，双卡双待, gcolorid=null, category1=101000, category2=3062500, gbrand=苹果, gprice=5188.0, ggrade=null, gcount=178, gmaterial=null, hot=1]
Goods [gid=18006025, zpicture=http://p3.music.126.net/oYy6Ot10LDPx5K0bedaslQ==/109951164271416546.jpg, gpicture=http://p3.music.126.net/oYy6Ot10LDPx5K0bedaslQ==/109951164271416546.jpg,http://p3.music.126.net/lgaX1BTJsPkmHVmmSc0fEw==/109951164271412261.jpg,http://p4.music.126.net/qaZXnua6_71MECsRSxwDHg==/109951164271414187.jpg,http://p3.music.126.net/P8UbRSrH63Cx6F48MxatbQ==/109951164271409892.jpg,http://p4.music.126.net/vLzelYumUeTe0zQO5fZ5lA==/109951164271416103.jpg,http://p3.music.126.net/T1OhU7NTUosi6dnkBf_mng==/109951164271404989.jpg, gname=卡拉羊 18L 都市防盗休闲通勤运动数码电脑双肩背包 5929, gintroduce=简约防盗设计，背部贴身口袋，U型减负肩带，分区隔层，便捷隐形卡包, gcolorid=null, category1=101000, category2=1007000, gbrand=卡拉羊, gprice=249.0, ggrade=null, gcount=3, gmaterial=null, hot=3]
Goods [gid=18008016, zpicture=http://p4.music.126.net/SgZ93MWqp4HlM-6zc_m1KQ==/109951164271351283.jpg, gpicture=http://p4.music.126.net/SgZ93MWqp4HlM-6zc_m1KQ==/109951164271351283.jpg,http://p3.music.126.net/3IM3LsaRIWooCMUdhNjRBA==/109951164271357069.jpg,http://p4.music.126.net/NcMSK6Qnl5YysiPzzfq0Rw==/109951164271354669.jpg,http://p4.music.126.net/a8Hvdk0RXZHHrV8B7qvftw==/109951164271349364.jpg, gname=卡拉羊 30L 大容量休闲通勤运动电脑双肩背包 5558, gintroduce=大容量多隔层，透气舒适肩带，轻盈防水选材, gcolorid=null, category1=101000, category2=1007000, gbrand=卡拉羊, gprice=229.0, ggrade=null, gcount=10, gmaterial=null, hot=3]
Goods [gid=18008024, zpicture=http://p4.music.126.net/w7afUsNJxq-6pl1EZwI1PA==/109951164461640275.jpg, gpicture=http://p4.music.126.net/w7afUsNJxq-6pl1EZwI1PA==/109951164461640275.jpg,http://p4.music.126.net/AlHsjpx8J7z3uZTjdMhGRg==/109951164291969223.jpg,http://p4.music.126.net/mYu5VbixzW7OdU9_BShHJQ==/109951164310272497.jpg,http://p3.music.126.net/lStMMUrrWHbp1ayXiCpx_A==/109951164273912504.jpg,http://p3.music.126.net/fvVR6BHB1P7JHAhlBTaNtA==/109951164273907265.jpg,http://p4.music.126.net/iWXwTd2MneiwbWSH5u50NA==/109951164273905967.jpg, gname=月神Z3 双芯6D音效50小时双耳续航真无线防水蓝牙耳机, gintroduce=联想创投品牌，蓝牙5.0 急速连接；5级防尘防水；配置2200毫安充仓，持久续航, gcolorid=null, category1=101000, category2=1005000, gbrand=击音, gprice=199.0, ggrade=null, gcount=1722, gmaterial=null, hot=2]
Goods [gid=18009023, zpicture=http://p4.music.126.net/RHaFKyLeYHXez3epG2tD3g==/109951164271429251.jpg, gpicture=http://p4.music.126.net/RHaFKyLeYHXez3epG2tD3g==/109951164271429251.jpg,http://p3.music.126.net/on-FBIXDtCQvQWBQf7Lg8Q==/109951164271429727.jpg,http://p3.music.126.net/zYkqtXll6E1p_AKdpnhQqw==/109951164271434517.jpg,http://p3.music.126.net/S4vI9UDEVfMzRzsfKPJm_A==/109951164271423985.jpg,http://p4.music.126.net/kZ8uOyzowUdCxcFrvDVx_g==/109951164271427353.jpg, gname=卡拉羊 23L 都市休闲防盗通勤运动数码电脑双肩背包 5972, gintroduce=轻商务范，多隔层大容量，贴背防盗袋，肩带口袋，舒适透气, gcolorid=null, category1=101000, category2=1007000, gbrand=卡拉羊, gprice=269.0, ggrade=null, gcount=7, gmaterial=null, hot=0]
Goods [gid=18014008, zpicture=http://p4.music.126.net/Am3O8xLFEpcwv50IiGeqxA==/109951164269075409.jpg, gpicture=http://p4.music.126.net/Am3O8xLFEpcwv50IiGeqxA==/109951164269075409.jpg,http://p4.music.126.net/g_GMegaRFss3otDc_x3ksA==/109951164269082659.jpg,http://p4.music.126.net/RDJ7UrJYrYygL3k_KAlekA==/109951164269080304.jpg,http://p4.music.126.net/E8KeBrNMcaogNZTovNrLhw==/109951164269082196.jpg,http://p3.music.126.net/msTcxexYH86pboysScv-tg==/109951164269083634.jpg,http://p4.music.126.net/ciq7MDlpaBGVqiQ7gli8rQ==/109951164269088052.jpg,http://p4.music.126.net/0YurmLjvPOZKT49y3q0CiQ==/109951164269086073.jpg,http://p4.music.126.net/GDdjuXLSooDCyAmXwadtHw==/109951164269077410.jpg, gname=Huawei/华为nova 5i Pro极点屏超广角4800万AI四摄人像美颜手机, gintroduce=极点全面屏，超广角4800万AI四摄，3200万人像超级夜景立体美颜手机, gcolorid=null, category1=101000, category2=3062500, gbrand=华为, gprice=2499.0, ggrade=null, gcount=60, gmaterial=null, hot=0]
Goods [gid=18017020, zpicture=http://p3.music.126.net/P0UsWy3sXjaA0Q_MGQdqtw==/109951164271666942.jpg, gpicture=http://p3.music.126.net/P0UsWy3sXjaA0Q_MGQdqtw==/109951164271666942.jpg,http://p4.music.126.net/CJGnwGOBTYeCwDCALFDsfQ==/109951164271669377.jpg,http://p4.music.126.net/I0_Mm68Z3iwA3_0hzUSxEg==/109951164271668833.jpg,http://p3.music.126.net/5o6Z45qrjjXv9V86YJ5HOA==/109951164271669899.jpg,http://p4.music.126.net/hqp0l7heClThlPjX7bjRWw==/109951164271674701.jpg,http://p4.music.126.net/C5xk8q3CUhh7jFkr_u646Q==/109951164271675699.jpg,http://p3.music.126.net/L65DANS255nhDdMiu0OqVA==/109951164271669412.jpg,http://p3.music.126.net/ZgP8SwbQ2I9Y1wf0tlp-8g==/109951164271678599.jpg, gname=OPPO Reno 全面屏全网通双卡双待拍照智能手机, gintroduce=4800万高清像素；93.1%屏占比；VOOC3.0闪充, gcolorid=null, category1=101000, category2=3062500, gbrand=OPPO, gprice=2599.0, ggrade=null, gcount=60, gmaterial=null, hot=0]
Goods [gid=18020011, zpicture=http://p3.music.126.net/rexDWpOYwRCgmNlQnHPFwg==/109951164279012277.jpg, gpicture=http://p3.music.126.net/rexDWpOYwRCgmNlQnHPFwg==/109951164279012277.jpg,http://p4.music.126.net/yxYYpyTyob7E98UvJ3t5JQ==/109951164279008400.jpg,http://p3.music.126.net/fGVmneTXlGxCslE_JK_tNA==/109951164279007392.jpg,http://p4.music.126.net/lY8ofRn76sg8arTMUBPSOg==/109951164279018054.jpg,http://p4.music.126.net/bjKPT6_eu4ck7WPfw5g9Yg==/109951164279007872.jpg,http://p3.music.126.net/6_R2buu76kWUUmpZep1FTA==/109951164279011322.jpg,http://p3.music.126.net/Rej6XR0JNaLW9hIbrYP7Mg==/109951164279019001.jpg,http://p4.music.126.net/zj29Tzw37VfoH16Av_yZKA==/109951164279020014.jpg, gname=B&amp;O Beoplay H5 入耳式无线蓝牙磁吸运动耳机, gintroduce=人体工学，贴合双耳；饱满音效体验；磁吸关机，省电便捷；编织线材，舒适耐用, gcolorid=null, category1=101000, category2=1005000, gbrand=B&amp;O, gprice=1398.0, ggrade=null, gcount=30, gmaterial=null, hot=0]
Goods [gid=18020027, zpicture=http://p4.music.126.net/X16Ag1pW3yZKLP0Q1DnIDg==/109951164282062541.jpg, gpicture=http://p4.music.126.net/X16Ag1pW3yZKLP0Q1DnIDg==/109951164282062541.jpg,http://p4.music.126.net/v-bfOk10QMcTGlW5DHM89g==/109951164282060718.jpg,http://p3.music.126.net/5xaVTsRcsuHoiHbvlUoukw==/109951164282058787.jpg,http://p4.music.126.net/dCFpK6Q_EN4PtLJlG8e8fQ==/109951164282052452.jpg,http://p4.music.126.net/XEMWZ2A_Le5MUrQhc3qOnA==/109951164282054967.jpg,http://p3.music.126.net/asHmkfmReqoylSSSZYubXg==/109951164282057312.jpg,http://p3.music.126.net/L1fP0r1isED6jSX2tQ_PmA==/109951164282057853.jpg,http://p3.music.126.net/vTCzDgIWd80VZg7fcO27pA==/109951164282063618.jpg, gname=毕亚兹 耳机入耳式带线控麦克风 电脑游戏手机耳机 支持苹果安卓3.5接口手机 E10, gintroduce=环绕立体声；佩戴舒适;高清音质；还原纯粹音色；音准浑厚；活跃你的听觉细胞, gcolorid=null, category1=101000, category2=1005000, gbrand=毕亚兹（BIAZE）, gprice=25.0, ggrade=null, gcount=1338, gmaterial=null, hot=1]
Goods [gid=18021030, zpicture=http://p4.music.126.net/BidcjguDx5P4xPgPLYuKwQ==/109951164281154443.jpg, gpicture=http://p4.music.126.net/BidcjguDx5P4xPgPLYuKwQ==/109951164281154443.jpg,http://p4.music.126.net/udCbfhVlVZFf5qIN9IoJ2g==/109951164281163207.jpg,http://p3.music.126.net/7CeiHGAFv5H201EKpTPMPg==/109951164281157887.jpg,http://p4.music.126.net/Vl_hKGwLM03vP6igjFN5Sg==/109951164281164201.jpg,http://p3.music.126.net/9vwky_qh7udreeiVGCQhUw==/109951164281158422.jpg,http://p3.music.126.net/J2wrHVQ_2nsbtpWnNEiYPA==/109951164281157917.jpg,http://p3.music.126.net/mXXdjplltdUmY2K559PEGQ==/109951164281157921.jpg,http://p4.music.126.net/Ux9JFyf-iTdphSkPW0Iy7w==/109951164281156889.jpg, gname=华为/HUAWEI 畅享9Plus 4+128G宝石蓝移动联通电信4G全面屏全网通手机, gintroduce=6.5英寸全面屏；AI智慧四摄；超级夜景, gcolorid=null, category1=101000, category2=3062500, gbrand=华为, gprice=1499.0, ggrade=null, gcount=79, gmaterial=null, hot=0]
Goods [gid=18022004, zpicture=http://p3.music.126.net/LXQfiv8Ff9I9lL5S2QAqKw==/109951164276879166.jpg, gpicture=http://p3.music.126.net/LXQfiv8Ff9I9lL5S2QAqKw==/109951164276879166.jpg,http://p4.music.126.net/PAKFCMlH1D1nqDPtcKkG2w==/109951164276878212.jpg,http://p4.music.126.net/Mb9A6LdEMCgWqR3rSpdaKQ==/109951164276879184.jpg,http://p4.music.126.net/1KGeTaJrRpUE9tKh2T8LmA==/109951164276882067.jpg, gname=vivo S1 冰湖蓝 6+128G 升降摄像头零界全面屏拍照游戏手机 全网通4G手机, gintroduce=2480万AI高清自拍，零界全面屏，超广角AI三摄, gcolorid=null, category1=101000, category2=3062500, gbrand=VIVO, gprice=1898.0, ggrade=null, gcount=10, gmaterial=null, hot=1]
Goods [gid=18022023, zpicture=http://p4.music.126.net/EQl7GWE6vqT9atJIwpRSuQ==/109951164281122203.jpg, gpicture=http://p4.music.126.net/EQl7GWE6vqT9atJIwpRSuQ==/109951164281122203.jpg,http://p4.music.126.net/ZCezdq30RtNYhD4lCL50FQ==/109951164281129027.jpg,http://p4.music.126.net/HiIf3GkT_l19Z71cdkHLTA==/109951164281130004.jpg,http://p3.music.126.net/xRKIj_CHgBUaYNUYlEzjuA==/109951164281118966.jpg,http://p4.music.126.net/lF_byp3qUrQbgnSCyxqu_g==/109951164281129052.jpg,http://p3.music.126.net/uq1AgUfEfDJb7uY4nG_xAQ==/109951164281131505.jpg,http://p3.music.126.net/QYX9LKwijX0nZXQ4bt8FvA==/109951164281131024.jpg,http://p3.music.126.net/0J8_TcuzXXdBdeGY-4jojQ==/109951164281129099.jpg, gname=vivo Z3 性能实力派 全面屏游戏手机 全网通4G手机, gintroduce=6.3英寸灵动水滴屏；高通骁龙670AIE处理器；急速AI；红外人脸识别, gcolorid=null, category1=101000, category2=3062500, gbrand=VIVO, gprice=1148.0, ggrade=null, gcount=49, gmaterial=null, hot=3]
Goods [gid=18023024, zpicture=http://p3.music.126.net/iCDsKnU8Sy5Y2Vpp3rh-aA==/109951164282008926.jpg, gpicture=http://p3.music.126.net/iCDsKnU8Sy5Y2Vpp3rh-aA==/109951164282008926.jpg,http://p4.music.126.net/SKi1N8Gj93XXuc_IeB4zxw==/109951164282018600.jpg,http://p4.music.126.net/aENWGxkikJbCgjpovtltjQ==/109951164282013232.jpg,http://p4.music.126.net/phwAFp-x0O_DQNNLC1IMtg==/109951164282010850.jpg,http://p3.music.126.net/AfuhwinSGvvY4UIiMPGoeg==/109951164282021821.jpg,http://p4.music.126.net/xeIIS3nXNfv4pkZz8oUg8w==/109951164282019850.jpg,http://p4.music.126.net/QBTL0GRURiEf8AhY7rhTiQ==/109951164282032546.jpg,http://p3.music.126.net/O8YsQfou8d5YTQS4_TUkEg==/109951164282031042.jpg, gname=毕亚兹 耳机入耳式带线控麦克风 立体声 适用华为/oppo/小米/vivo/苹果手机 E8, gintroduce=高清音质；通话清晰；环绕立体声；佩戴舒适；隔音降噪, gcolorid=null, category1=101000, category2=1005000, gbrand=毕亚兹（BIAZE）, gprice=29.0, ggrade=null, gcount=787, gmaterial=null, hot=0]
Goods [gid=18026007, zpicture=http://p4.music.126.net/Rc0cWtF2MwXjUdHcraldgg==/109951164276821600.jpg, gpicture=http://p4.music.126.net/Rc0cWtF2MwXjUdHcraldgg==/109951164276821600.jpg,http://p4.music.126.net/v53npRPURagU-D-POo1exw==/109951164276816743.jpg,http://p4.music.126.net/YvNWxyY_x2FG9B3HBgkpYg==/109951164276822134.jpg,http://p4.music.126.net/KBPwLk_OibmBxAfRoirBeA==/109951164276819243.jpg,http://p3.music.126.net/pmXjo5DP8v-m2XNW7W32VA==/109951164276816804.jpg,http://p4.music.126.net/lldMkEtOeKu66ljQ9-VGKw==/109951164276814459.jpg,http://p4.music.126.net/VSwjVFvzbQWJA4vt9SJleA==/109951164276816330.jpg,http://p3.music.126.net/gJI1HzrG0MW0VxbT3xw6Bw==/109951164276816394.jpg, gname=OPPO K1 千元屏幕指纹手机 6+64G 墨玉黑 拍照智能 光感屏幕指纹全网通4G 双卡双待手机, gintroduce=骁龙660 光感屏幕指纹 前置2500万, gcolorid=null, category1=101000, category2=3062500, gbrand=OPPO, gprice=1199.0, ggrade=null, gcount=60, gmaterial=null, hot=0]
Goods [gid=18026028, zpicture=http://p3.music.126.net/N0ItGUC-jaj_cq2ZI2YzCw==/109951164282044028.jpg, gpicture=http://p3.music.126.net/N0ItGUC-jaj_cq2ZI2YzCw==/109951164282044028.jpg,http://p3.music.126.net/AORUPIBLrhlr3F90pxZw8w==/109951164282033834.jpg,http://p3.music.126.net/bXO0PZyoZvwvXFyW2xE6Vg==/109951164282036428.jpg,http://p4.music.126.net/BLXzD6e5SXpi_YlHwCDAew==/109951164282046089.jpg,http://p3.music.126.net/zl99jQR_ZsEJDMBiBrj_ag==/109951164282038399.jpg,http://p3.music.126.net/TkXNcgH02399snD5g_3JjA==/109951164282044685.jpg, gname=毕亚兹 耳机入耳式带麦线控 兼容手机/电脑通用 3.5mm接口游戏音乐耳机 适用于安卓/苹果 E9, gintroduce=线控带麦克风；语音通话K歌清晰；环绕立体声；佩戴舒适, gcolorid=null, category1=101000, category2=1005000, gbrand=毕亚兹（BIAZE）, gprice=39.0, ggrade=null, gcount=512, gmaterial=null, hot=1]
Goods [gid=18026033, zpicture=http://p3.music.126.net/U0_2L1twcwfZsSiG3CkBmg==/109951164284914129.jpg, gpicture=http://p3.music.126.net/U0_2L1twcwfZsSiG3CkBmg==/109951164284914129.jpg,http://p4.music.126.net/rd0SlwKpcAc478cH-z973w==/109951164284906446.jpg,http://p3.music.126.net/IIZZS0FLD-z_V_wNHJD_HA==/109951164284908414.jpg,http://p4.music.126.net/sqH5ZgFAvOMX_PhWuTHPcQ==/109951164284911759.jpg,http://p4.music.126.net/FE1W7I67l84X5dd-Iik_9g==/109951164284907430.jpg,http://p4.music.126.net/5vWm7zGtOty0zAhguIByYw==/109951164284915604.jpg,http://p3.music.126.net/6TdBzd_Jp2PTtjE9Mkkg6g==/109951164284918561.jpg,http://p4.music.126.net/9ceUH3AbQsfADnuAT3DVQw==/109951164284917082.jpg, gname=愤怒的小鸟复古电视手机支架音响, gintroduce=秒变mini电视机的支架小音箱, gcolorid=null, category1=1008002, category2=1010004, gbrand=愤怒的小鸟, gprice=85.0, ggrade=null, gcount=197, gmaterial=null, hot=0]
Goods [gid=18028010, zpicture=http://p3.music.126.net/ztcFyfd9b7QF_7EnnDRzLg==/109951164279043756.jpg, gpicture=http://p3.music.126.net/ztcFyfd9b7QF_7EnnDRzLg==/109951164279043756.jpg,http://p4.music.126.net/cJj4GpYAYiNnSe26oAyV4A==/109951164279041383.jpg,http://p3.music.126.net/mvFKDg6e-Zr_1XkSx-c-Lg==/109951164279049558.jpg,http://p3.music.126.net/Y5evV-Oy3ZjY8g5fohoaQg==/109951164279047647.jpg,http://p4.music.126.net/RyTz00PEi1Rmk-8l4WjYIQ==/109951164279050051.jpg,http://p4.music.126.net/urVSpslEemJpgwJ20SwzFQ==/109951164279049593.jpg,http://p3.music.126.net/WH0atOFlH2ALWPdlxP9aZg==/109951164279043343.jpg,http://p3.music.126.net/DJ0pg7L_BXelFRMxDeguGQ==/109951164279045262.jpg, gname=B&amp;O Beoplay E8 真无线蓝牙入耳式高品质立体声触控耳机, gintroduce=人体工学，舒适稳固；高品质选材，质感轻奢；流畅听音体验；近磁场感应传输, gcolorid=null, category1=101000, category2=1005000, gbrand=B&amp;O, gprice=1698.0, ggrade=null, gcount=19, gmaterial=null, hot=0]
Goods [gid=18028027, zpicture=http://p4.music.126.net/NPM2YfJFdlRyMJCJoIknog==/109951164284899643.jpg, gpicture=http://p4.music.126.net/NPM2YfJFdlRyMJCJoIknog==/109951164284899643.jpg,http://p3.music.126.net/ZyWakec0YLBKzD5Dcs5svw==/109951164284896755.jpg,http://p4.music.126.net/1-Xh-lGk4e4joqZVx1BNgg==/109951164284902572.jpg,http://p4.music.126.net/NSp3onKzuWnCfwfiUAWQaA==/109951164284896231.jpg,http://p4.music.126.net/VXwDHlakrhR5tgAaxsQDwQ==/109951164284894877.jpg,http://p3.music.126.net/njVA17GETPxjDHYluccEUQ==/109951164284903080.jpg, gname=愤怒的小鸟卡通苹果转接头, gintroduce=卡通小鸟造型，充电听歌两不误, gcolorid=null, category1=1008002, category2=1010004, gbrand=愤怒的小鸟, gprice=29.0, ggrade=null, gcount=394, gmaterial=null, hot=5]
Goods [gid=18030016, zpicture=http://p4.music.126.net/b8G-7lfMe1CT5acaUcrRYA==/109951164279029618.jpg, gpicture=http://p4.music.126.net/b8G-7lfMe1CT5acaUcrRYA==/109951164279029618.jpg,http://p4.music.126.net/lLq_g7t4gWyXrdszYdLc8A==/109951164279033002.jpg,http://p3.music.126.net/Hybr_RRvo1MKVa-gfvFBtA==/109951164279022927.jpg,http://p3.music.126.net/mjjVMgl2-W6Kr5XsUQPSEQ==/109951164279026341.jpg,http://p4.music.126.net/nw8iIVP0qcI2M-wTU4eBJg==/109951164279020990.jpg,http://p3.music.126.net/h8BtO9tyPZS_JQ1eQ4yoDQ==/109951164279034067.jpg,http://p3.music.126.net/FhgLuzpJ002oyeilj9Oasw==/109951164279022478.jpg,http://p3.music.126.net/EpY7x3rwhGm7hkKqRr4zag==/109951164279027326.jpg, gname=B&amp;O Beoplay E8 2.0 真无线蓝牙入耳式高品质立体声触控耳机 支持无线充电, gintroduce=Qi无线充电技术；高阶材质；饱满丰富音效；近磁场感应传输技术, gcolorid=null, category1=101000, category2=1005000, gbrand=B&amp;O, gprice=2698.0, ggrade=null, gcount=38, gmaterial=null, hot=2]
Goods [gid=18030039, zpicture=http://p3.music.126.net/Ox_lLFZ8q8GEWjT5X-zrpA==/109951164284900797.jpg, gpicture=http://p3.music.126.net/Ox_lLFZ8q8GEWjT5X-zrpA==/109951164284900797.jpg,http://p3.music.126.net/UnyW3C5KW2H0A0ck-EokJQ==/109951164284897947.jpg,http://p3.music.126.net/a2sNog1RQkelwLlHMUBk8w==/109951164284908097.jpg,http://p4.music.126.net/bSevb9I4ezBJafDtxTIuMw==/109951164284901326.jpg,http://p3.music.126.net/vRYfHPsjRVR1rgz2LxsbtA==/109951164284897953.jpg,http://p3.music.126.net/t_M59xFNVbnlx-QrlLo-9A==/109951164284908588.jpg, gname=愤怒的小鸟智能安全充电宝, gintroduce=可爱造型，小巧便携, gcolorid=null, category1=1008002, category2=1010004, gbrand=愤怒的小鸟, gprice=69.0, ggrade=null, gcount=90, gmaterial=null, hot=2]
Goods [gid=18034000, zpicture=http://p4.music.126.net/qSXkCVGkOYgcdtESKajM5w==/109951164287003083.jpg, gpicture=http://p4.music.126.net/qSXkCVGkOYgcdtESKajM5w==/109951164287003083.jpg,http://p3.music.126.net/pDw4Ien9MEfutMZAba3owA==/109951164286995349.jpg,http://p3.music.126.net/hNHczUE8G8FZxK_acVPdkQ==/109951164286994398.jpg,http://p4.music.126.net/Ms8RsBJuSFeXAkD7tBZDHA==/109951164286996847.jpg,http://p3.music.126.net/hmCJYJHvtrBob7V_DRDzVQ==/109951164287004565.jpg,http://p3.music.126.net/6QwVu04foXc-QX2dPNuU3Q==/109951164286994418.jpg, gname=Meizu/魅族16th 6GB+64GB 静夜黑 全面屏移动联通电信4G全网通手机, gintroduce=骁龙845；屏幕下指纹；AI双摄光学防抖, gcolorid=null, category1=101000, category2=3062500, gbrand=魅族, gprice=1998.0, ggrade=null, gcount=90, gmaterial=null, hot=2]
Goods [gid=18052002, zpicture=http://p3.music.126.net/pH8cDL7guEi37NLLE5T-Cg==/109951164287456125.jpg, gpicture=http://p3.music.126.net/pH8cDL7guEi37NLLE5T-Cg==/109951164287456125.jpg,http://p4.music.126.net/_QCba_mKbKpefh3B1z7kMg==/109951164287450841.jpg,http://p4.music.126.net/obdOx5kUk1auHGEtjDfl_Q==/109951164287459543.jpg,http://p3.music.126.net/6H70dKF9u5HeOeGNMeFdgg==/109951164287450854.jpg,http://p3.music.126.net/Zk-dMiC5B77wLYWevceYZw==/109951164287453749.jpg,http://p4.music.126.net/OSeRfATfw6aUHuGjGle5Cw==/109951164287456176.jpg, gname=Meizu/魅族16s 6GB+128GB 碳纤黑 全面屏移动联通电信4G全网通手机, gintroduce=骁龙855；液冷散热铜管；屏下指纹；四轴光学防抖, gcolorid=null, category1=101000, category2=3062500, gbrand=魅族, gprice=2699.0, ggrade=null, gcount=60, gmaterial=null, hot=0]
Goods [gid=18053001, zpicture=http://p4.music.126.net/MlLRiDYvLxhb8I9Qk4_Chg==/109951164287298247.jpg, gpicture=http://p4.music.126.net/MlLRiDYvLxhb8I9Qk4_Chg==/109951164287298247.jpg,http://p3.music.126.net/X_qi_1FAkn1EqicNGDGvfA==/109951164287302612.jpg,http://p4.music.126.net/RxDqjSxKQLc7XJ2oPuq63A==/109951164287299736.jpg, gname=幸运石 全职高手正版授权一叶之秋智能感温保温杯, gintroduce=, gcolorid=null, category1=1008002, category2=1010004, gbrand=全职高手, gprice=129.0, ggrade=null, gcount=128, gmaterial=null, hot=1]
Goods [gid=18058043, zpicture=http://p4.music.126.net/xKSFTYipU9bU5JKTyQ4u9w==/109951164305154336.jpg, gpicture=http://p4.music.126.net/xKSFTYipU9bU5JKTyQ4u9w==/109951164305154336.jpg,http://p3.music.126.net/n4slaYNte3HTbtl8GsasoA==/109951164305254383.jpg,http://p4.music.126.net/Hdkt57xTCwiUQqyv3Pr1ng==/109951164305261656.jpg,http://p3.music.126.net/uKIj3dU2Kj-4zPQMvSgeaw==/109951164305255844.jpg,http://p4.music.126.net/upPHV0lvMEBoxPz9uWJagA==/109951164305251486.jpg, gname=史努比时尚办公马克杯咖啡杯420毫升DP5002, gintroduce=, gcolorid=null, category1=1008002, category2=1010004, gbrand=史努比, gprice=29.0, ggrade=null, gcount=773, gmaterial=null, hot=10]
Goods [gid=18058044, zpicture=http://p3.music.126.net/eCnTcoa8h2ql0QjKryt72w==/109951164305519562.jpg, gpicture=http://p3.music.126.net/eCnTcoa8h2ql0QjKryt72w==/109951164305519562.jpg,http://p3.music.126.net/E7jORT_BXik1uugA7Od7gw==/109951164305519577.jpg,http://p4.music.126.net/f0VKJi02dKDD48dUjFbtvg==/109951164305522041.jpg,http://p4.music.126.net/vmqGKWhxRX-f9FIAv4eFRQ==/109951164305518661.jpg,http://p4.music.126.net/i86EAtFgtFXr4U0Fyg_kMg==/109951164305513403.jpg, gname=史努比小学生手提式吸管保温杯350毫升KF-350, gintroduce=, gcolorid=null, category1=1008002, category2=1010004, gbrand=史努比, gprice=59.0, ggrade=null, gcount=189, gmaterial=null, hot=1]
Goods [gid=18060017, zpicture=http://p3.music.126.net/PLaHBdFQuN-vWidU9ZM2Sw==/109951164292739137.jpg, gpicture=http://p3.music.126.net/PLaHBdFQuN-vWidU9ZM2Sw==/109951164292739137.jpg,http://p3.music.126.net/Fn5VidsJSsMJxpSFYrMFuA==/109951164292737199.jpg,http://p3.music.126.net/l1op9HqaNA6y0bd5u-ejgQ==/109951164292735735.jpg,http://p4.music.126.net/ElEEkRIg0rFmUlheo0R_yg==/109951164292735301.jpg,http://p3.music.126.net/D5IWkvyya3TSReoPND409Q==/109951164292730418.jpg, gname=愤怒的小鸟支架杯盖陶瓷马克杯, gintroduce=健康陶瓷水杯，可做支架，方便实用, gcolorid=null, category1=1008002, category2=1010004, gbrand=愤怒的小鸟, gprice=49.0, ggrade=null, gcount=189, gmaterial=null, hot=1]
Goods [gid=18061017, zpicture=http://p3.music.126.net/lbbO9yTUip_LEBSVtT78VA==/109951164294396500.jpg, gpicture=http://p3.music.126.net/lbbO9yTUip_LEBSVtT78VA==/109951164294396500.jpg,http://p3.music.126.net/QgBJj0Ypb8z5cx1c5tHRng==/109951164294390792.jpg,http://p4.music.126.net/Xs1GQoJNJehdSkMo_b_z5Q==/109951164294391764.jpg,http://p3.music.126.net/XojO0syFe7zJPuWbnyXATA==/109951164294395065.jpg,http://p3.music.126.net/JERokXbn-oO0eq0cbEB7XA==/109951164294388354.jpg,http://p3.music.126.net/U3ALh8HuYRtB-IXGAs7evw==/109951164294392683.jpg,http://p3.music.126.net/yt2exCJsT7ARXF9VeABzjA==/109951164294391318.jpg,http://p3.music.126.net/-YlDyJ756I8aCTNPW741tw==/109951164294396045.jpg, gname=JOESON 时尚腕表学生男女超薄手表简约学院风进口石英机芯, gintroduce=日本进口机芯；超薄时尚简约学院风, gcolorid=null, category1=101000, category2=1007000, gbrand=JOESON, gprice=129.0, ggrade=null, gcount=929, gmaterial=null, hot=10]
Goods [gid=18061046, zpicture=http://p3.music.126.net/B0Y0r8basZCQi0lRl0bqYA==/109951164305544394.jpg, gpicture=http://p3.music.126.net/B0Y0r8basZCQi0lRl0bqYA==/109951164305544394.jpg,http://p3.music.126.net/WBjVb1IoMATOW8VU4sRLsw==/109951164305551118.jpg,http://p4.music.126.net/QZYOZmDfMnmQfMmQ6Z1lxw==/109951164305548226.jpg,http://p3.music.126.net/ZXMFu5Wg2osM1YD5rK7RDg==/109951164305547746.jpg,http://p4.music.126.net/D5T5MlU1kEvH0GzkaV2VQQ==/109951164305554581.jpg, gname=史努比宝宝喝水杯230毫升KF-230, gintroduce=, gcolorid=null, category1=1008002, category2=1010004, gbrand=史努比, gprice=29.0, ggrade=null, gcount=300, gmaterial=null, hot=1]
Goods [gid=18062013, zpicture=http://p3.music.126.net/86nX9S8h8ctvC6QzPnl2ew==/109951164292945193.jpg, gpicture=http://p3.music.126.net/86nX9S8h8ctvC6QzPnl2ew==/109951164292945193.jpg,http://p4.music.126.net/ibmnIHFmILQp7dHMS6rClw==/109951164292938468.jpg,http://p4.music.126.net/PIi8gf5Xaq5VW9ZscJ3AQQ==/109951164292943297.jpg,http://p3.music.126.net/Hs3o61QhdffX7knmYgxB_w==/109951164292940371.jpg,http://p4.music.126.net/U-GyKwa2Dx6bM0zbVLNMlg==/109951164292938956.jpg,http://p4.music.126.net/9p8fjQ7svUcXGZ4YTBFCqQ==/109951164292944757.jpg, gname=愤怒的小鸟卡通多功能可伸缩车载支架（8月25号起发货）, gintroduce=兼容4-6寸手机，一键取放, gcolorid=null, category1=1008002, category2=1010004, gbrand=愤怒的小鸟, gprice=49.0, ggrade=null, gcount=145, gmaterial=null, hot=1]
Goods [gid=18062034, zpicture=http://p4.music.126.net/DTllrwYoKeTQEMmRUnQ5Zw==/109951164300335696.jpg, gpicture=http://p4.music.126.net/DTllrwYoKeTQEMmRUnQ5Zw==/109951164300335696.jpg,http://p4.music.126.net/LAYqNIlj2YEdyAfswcbZhQ==/109951164300344602.jpg,http://p3.music.126.net/1Zta52JlCEZxUTiM1ENBYg==/109951164300338251.jpg,http://p4.music.126.net/bH1-QMODy0pWxRNmyo7Z0g==/109951164300339257.jpg,http://p4.music.126.net/bazBm2ejanebFhQUvO-YeA==/109951164300345590.jpg, gname=迪士尼儿童3D卡通带盖喝水杯270毫升, gintroduce=, gcolorid=null, category1=1008002, category2=1010004, gbrand=迪士尼, gprice=32.0, ggrade=null, gcount=493, gmaterial=null, hot=1]
Goods [gid=18066000, zpicture=http://p4.music.126.net/zGgkStPO5QmJuTHpSj2dSg==/109951164289445284.jpg, gpicture=http://p4.music.126.net/zGgkStPO5QmJuTHpSj2dSg==/109951164289445284.jpg,http://p4.music.126.net/sIaje-yaATLM0yfdrAWL_w==/109951164289439480.jpg,http://p3.music.126.net/-Sf1D5ibUFWTtI-vASTqIQ==/109951164289448579.jpg,http://p4.music.126.net/MxBTYXi157QQfaERn3VPAw==/109951164289445305.jpg,http://p4.music.126.net/GGOVo8P8tvPKIsG9YTLvEg==/109951164289448141.jpg,http://p3.music.126.net/S_Lc4Lx7Lj7cqIKpb4LL1A==/109951164289451521.jpg, gname=华为/HUAWEI nova5i 后置四摄 前置2400万像素移动联通电信全网通4G手机 双卡双待, gintroduce=后置AI四摄；极点全面屏；影像不同凡响, gcolorid=null, category1=101000, category2=3062500, gbrand=华为, gprice=1999.0, ggrade=null, gcount=59, gmaterial=null, hot=1]
Goods [gid=18066011, zpicture=http://p4.music.126.net/uDbWJaXl4eweEoaJNeUImg==/109951164292802060.jpg, gpicture=http://p4.music.126.net/uDbWJaXl4eweEoaJNeUImg==/109951164292802060.jpg,http://p4.music.126.net/TQQoppkMo3W5pvfRzNDUuw==/109951164292792953.jpg,http://p4.music.126.net/cCEkOZAqWBkb5lMu4bXKXA==/109951164292795345.jpg,http://p3.music.126.net/eOBKqm5e2jam4K00yLKgSw==/109951164292794404.jpg,http://p4.music.126.net/hM4DwkS-GmEoBPK9ArThsA==/109951164292792469.jpg,http://p3.music.126.net/0hop-VTWOJoNkof9-kIi2Q==/109951164292796779.jpg, gname=影巨人 S2真无线蓝牙耳机蓝牙5.0安卓苹果通用, gintroduce=触摸操作；佩戴舒适；蓝牙5.0；续航4-5小时, gcolorid=null, category1=101000, category2=1005000, gbrand=影巨人, gprice=259.0, ggrade=null, gcount=1936, gmaterial=null, hot=0]
Goods [gid=18066014, zpicture=http://p3.music.126.net/-rdLJ55Yi63JFvk3r6Lp8Q==/109951164292911427.jpg, gpicture=http://p3.music.126.net/-rdLJ55Yi63JFvk3r6Lp8Q==/109951164292911427.jpg,http://p4.music.126.net/dLrT_m-fe30E9ZJ4bZ-uDA==/109951164292915788.jpg,http://p4.music.126.net/3Ut7EUWxMtrWNmQzk2r8kw==/109951164292909958.jpg,http://p3.music.126.net/GbvemiKI31QEahXJ_ghj3w==/109951164292916758.jpg,http://p3.music.126.net/lGQDx45gDg7tQrsCeXQO1A==/109951164292912875.jpg, gname=愤怒的小鸟卡通可爱纯棉袜子2双装（8.25号发货）, gintroduce=卡通可爱小鸟元素设计，纯棉舒适透气, gcolorid=null, category1=1008002, category2=1010004, gbrand=愤怒的小鸟, gprice=42.0, ggrade=null, gcount=298, gmaterial=null, hot=0]
Goods [gid=18067001, zpicture=http://p4.music.126.net/OpC9E2eGL66z-TjQnXwyZQ==/109951164289528695.jpg, gpicture=http://p4.music.126.net/OpC9E2eGL66z-TjQnXwyZQ==/109951164289528695.jpg,http://p3.music.126.net/IjkLEHuxsZyqwQcaKNSGDg==/109951164289525345.jpg,http://p4.music.126.net/bcBb0TxuMTNsmIhOiYvHcg==/109951164289519478.jpg,http://p3.music.126.net/lFf15HIzLb5KAVr4O1HU0g==/109951164289533503.jpg,http://p3.music.126.net/DwQYKmXcXAPDqPAeKG4JTw==/109951164289533009.jpg,http://p4.music.126.net/dcnTWwow4PehRyqVr5svlw==/109951164289528261.jpg, gname=华为/HUAWEI nova 5 8GB+128GB 绮境森林 移动联通电信4G拍照全网通手机, gintroduce=麒麟810芯片；3200万人像超级夜景；40W超级快充, gcolorid=null, category1=101000, category2=3062500, gbrand=华为, gprice=2799.0, ggrade=null, gcount=30, gmaterial=null, hot=3]
Goods [gid=18067016, zpicture=http://p4.music.126.net/c41IJqQ5ETo96jARRDrIRg==/109951164292935250.jpg, gpicture=http://p4.music.126.net/c41IJqQ5ETo96jARRDrIRg==/109951164292935250.jpg,http://p4.music.126.net/-h2REwZKCIJLeye1Woirdw==/109951164292941533.jpg,http://p4.music.126.net/rMexz4asOjelzg9ONy337w==/109951164292940585.jpg,http://p4.music.126.net/6QLREPKqD1dxvK5MgGbMnw==/109951164292941536.jpg,http://p4.music.126.net/6BKypO6GqS4qQHJReji4vA==/109951164292941538.jpg,http://p4.music.126.net/_ft0ruemS3Ys55MNpzVYjw==/109951164292941542.jpg,http://p4.music.126.net/kPqf7WiF-9yMTyqLDnrlQQ==/109951164292939125.jpg, gname=愤怒的小鸟无线蓝牙座充耳机, gintroduce=超萌小鸟设计，支持自动弹屏功能, gcolorid=null, category1=1008002, category2=1010004, gbrand=愤怒的小鸟, gprice=89.0, ggrade=null, gcount=327, gmaterial=null, hot=0]
Goods [gid=18067047, zpicture=http://p4.music.126.net/SKnCwygJNpKGT62FPcskMA==/109951164305943645.jpg, gpicture=http://p4.music.126.net/SKnCwygJNpKGT62FPcskMA==/109951164305943645.jpg,http://p4.music.126.net/F2kf6HgLT8sxc2iDH3y4FQ==/109951164305936476.jpg,http://p3.music.126.net/FPdPgttEvOe66jpsPtw9AA==/109951164305946566.jpg,http://p4.music.126.net/1wNzYtY8-s6l55-sapU0rg==/109951164305945584.jpg,http://p4.music.126.net/8nD56mi2rDSu9YyYHfQPrw==/109951164305941724.jpg,http://p3.music.126.net/CXmR-LxO_u8w2ipzW2sdlw==/109951164305935490.jpg, gname=愤怒的小鸟卡通立体pvc钥匙扣, gintroduce=pvc立体材质，卡通可爱造型, gcolorid=null, category1=1008002, category2=1010004, gbrand=愤怒的小鸟, gprice=29.0, ggrade=null, gcount=292, gmaterial=null, hot=1]
Goods [gid=18068041, zpicture=http://p3.music.126.net/hbLUqUrG10HI7IC7r4pCgQ==/109951164305303859.jpg, gpicture=http://p3.music.126.net/hbLUqUrG10HI7IC7r4pCgQ==/109951164305303859.jpg,http://p3.music.126.net/LXNiYOrz0mGcIACsjDBYjg==/109951164305300923.jpg,http://p4.music.126.net/b0KUsdrw19SUvPlgnrDxzw==/109951164305300489.jpg,http://p3.music.126.net/CPhuvZGZWRO59d6hX5xx5Q==/109951164305304830.jpg,http://p4.music.126.net/5YbaeYvcYLexf5T3Pw3SqQ==/109951164305309705.jpg, gname=史努比时尚304不锈钢保温杯450毫升DM-3013, gintroduce=, gcolorid=null, category1=1008002, category2=1010004, gbrand=史努比, gprice=49.0, ggrade=null, gcount=365, gmaterial=null, hot=0]
Goods [gid=18068042, zpicture=http://p3.music.126.net/DyLKUa8fTa5oagCrJrCoeg==/109951164305501562.jpg, gpicture=http://p3.music.126.net/DyLKUa8fTa5oagCrJrCoeg==/109951164305501562.jpg,http://p3.music.126.net/z_I2sVdq9EcE2VES2uQtGQ==/109951164305495759.jpg,http://p4.music.126.net/zgabpDTMnN6U2F931ftovg==/109951164305502102.jpg,http://p3.music.126.net/TUf-RPiiMiZ4KtQAnJCWAA==/109951164305500642.jpg,http://p3.music.126.net/_bXEj040Hs-snIMtn6CcWw==/109951164305497262.jpg, gname=史努比大容量户外家用保温壶1100毫升DM-6101, gintroduce=, gcolorid=null, category1=1008002, category2=1010004, gbrand=史努比, gprice=99.0, ggrade=null, gcount=279, gmaterial=null, hot=2]
Goods [gid=18069030, zpicture=http://p4.music.126.net/UNJAfFkwxFJmWqidhqYuCA==/109951164305281534.jpg, gpicture=http://p4.music.126.net/UNJAfFkwxFJmWqidhqYuCA==/109951164305281534.jpg,http://p3.music.126.net/TMZ-2pi80X7H4mpHLYRHUQ==/109951164305276205.jpg,http://p4.music.126.net/p-FFouXRfbt95mmN03_dUw==/109951164305271469.jpg,http://p4.music.126.net/zdW2LS_roAK-igjAah7g-Q==/109951164305279130.jpg,http://p4.music.126.net/2SIjys1gdUqrrWQ_GGxGIQ==/109951164305280593.jpg, gname=史努比小巧时尚可爱保温杯350毫升DM2037, gintroduce=, gcolorid=null, category1=1008002, category2=1010004, gbrand=史努比, gprice=35.0, ggrade=null, gcount=300, gmaterial=null, hot=2]
Goods [gid=18069031, zpicture=http://p4.music.126.net/MkAbjcBCkuycPsQzgJMkSQ==/109951164305573555.jpg, gpicture=http://p4.music.126.net/MkAbjcBCkuycPsQzgJMkSQ==/109951164305573555.jpg,http://p4.music.126.net/Bg-R85qdMyy1XZlhUxRZCg==/109951164305577509.jpg,http://p3.music.126.net/hL41lkQ-Y5d_t87dG8yinQ==/109951164305569868.jpg,http://p4.music.126.net/OxfNDYH31FdIuaZxFs0Weg==/109951164305578515.jpg,http://p4.music.126.net/UjKHPFZYOe-UneeS9DKPEQ==/109951164305567933.jpg, gname=史努比手提式夏季水杯500毫升OF1901SB, gintroduce=, gcolorid=null, category1=1008002, category2=1010004, gbrand=史努比, gprice=29.0, ggrade=null, gcount=10, gmaterial=null, hot=1]
Goods [gid=18070006, zpicture=http://p4.music.126.net/Q_ZVvIUcBTdxp44ZEh_K1Q==/109951164292617886.jpg, gpicture=http://p4.music.126.net/Q_ZVvIUcBTdxp44ZEh_K1Q==/109951164292617886.jpg,http://p3.music.126.net/zK8khYmavE5mSGBOyUDBxw==/109951164292627614.jpg,http://p3.music.126.net/iivLUKGYFW4rjW0XBrhi_g==/109951164292628082.jpg,http://p3.music.126.net/HDiGFqAs4-appPlsRp1C0w==/109951164292622804.jpg,http://p3.music.126.net/5sFWbfe0CfoWySmPsX6Uvg==/109951164292625692.jpg,http://p3.music.126.net/qmgr-dbIDjc845R4U60g-g==/109951164292623758.jpg, gname=愤怒的小鸟遮光舒适毛绒眼罩, gintroduce=超萌设计，享受舒适好睡眠, gcolorid=null, category1=1008002, category2=1010004, gbrand=愤怒的小鸟, gprice=39.0, ggrade=null, gcount=91, gmaterial=null, hot=1]
Goods [gid=18070034, zpicture=http://p4.music.126.net/-WKdWuGVQhPYBNTXcEd3EA==/109951164300362714.jpg, gpicture=http://p4.music.126.net/-WKdWuGVQhPYBNTXcEd3EA==/109951164300362714.jpg,http://p3.music.126.net/zP1MSjT2sELhGV_c6Rx60A==/109951164300360975.jpg,http://p3.music.126.net/kukDLEDQIBlpHEbwaM_wTQ==/109951164300369580.jpg,http://p4.music.126.net/HaqIenwGnGunb1bdNSmvHg==/109951164300370098.jpg,http://p3.music.126.net/iZqa5f1pjNO9E_IjhX77aw==/109951164300371558.jpg, gname=迪士尼双盖儿童保温杯550毫升XM6002, gintroduce=, gcolorid=null, category1=1008002, category2=1010004, gbrand=迪士尼, gprice=79.0, ggrade=null, gcount=398, gmaterial=null, hot=1]
Goods [gid=18078025, zpicture=http://p3.music.126.net/7czQdK9uB-sa0LwZV5OuGQ==/109951164315590596.jpg, gpicture=http://p3.music.126.net/7czQdK9uB-sa0LwZV5OuGQ==/109951164315590596.jpg,http://p4.music.126.net/3m5MBr9Ti48cWHuJwNk5kA==/109951164315562311.jpg,http://p4.music.126.net/De7eXK6q6H_ZmV6aEXB3Yw==/109951164315595578.jpg,http://p4.music.126.net/8BvPO2aKDeJNfNKG8A4_gg==/109951164315594178.jpg,http://p3.music.126.net/GtepxYZATTrsPNZ6cSqFeA==/109951164315597572.jpg,http://p3.music.126.net/pcCYi7W8ZTbRePjbP3dJwA==/109951164315595167.jpg,http://p4.music.126.net/zXQWjx7eLz6I4unQ73b-rg==/109951164315595643.jpg,http://p4.music.126.net/ryukFXwGBl9d2NMsiUN3_A==/109951164315596128.jpg, gname=时刻美 手表男士时尚潮流日历腕表学生商务防水石英表, gintroduce=商务日历 时尚潮流 防水腕表, gcolorid=null, category1=101000, category2=1007000, gbrand=时刻美, gprice=128.0, ggrade=null, gcount=3187, gmaterial=null, hot=0]
Goods [gid=18078026, zpicture=http://p4.music.126.net/B-9NufjyrLbHzvwVG3NSXw==/109951164332725592.jpg, gpicture=http://p4.music.126.net/B-9NufjyrLbHzvwVG3NSXw==/109951164332725592.jpg,http://p3.music.126.net/y61Q13k21hcjQITfnZsQLA==/109951164332717971.jpg,http://p4.music.126.net/Nals8HyXQxjzTQhA1VYGPg==/109951164332725747.jpg,http://p3.music.126.net/z35G1AfzlX4yH45Sh3RZUg==/109951164332726237.jpg,http://p4.music.126.net/liyRAh-kxft0gC0xzyjtug==/109951164332733013.jpg,http://p3.music.126.net/or1QXXf9rM_Brb6maS-TwA==/109951164332720973.jpg,http://p4.music.126.net/nwKpGEMH5lFnRr49Y0yyag==/109951164332728698.jpg,http://p3.music.126.net/D8eBJhsp4FErTCVLeavTZA==/109951164332723926.jpg, gname=时刻美 手表男士时尚简约石英表 学生防水电子表9185, gintroduce=创意手表 个性手表 石英手表, gcolorid=null, category1=101000, category2=1007000, gbrand=时刻美, gprice=128.0, ggrade=null, gcount=3133, gmaterial=null, hot=0]
Goods [gid=18078027, zpicture=http://p4.music.126.net/R9MbcNJQvrmnRjdHtpPkcA==/109951164328736955.jpg, gpicture=http://p4.music.126.net/R9MbcNJQvrmnRjdHtpPkcA==/109951164328736955.jpg,http://p3.music.126.net/C2KCwUtilpnpfwwOZB0VaQ==/109951164328751557.jpg,http://p4.music.126.net/5j4YNFxXbpeqpzRTJaxeSQ==/109951164328744930.jpg,http://p4.music.126.net/4XmJextvkuM2dGOz2hwndg==/109951164328754530.jpg,http://p3.music.126.net/qUr6oCNUtYzMyCK18qpbsg==/109951164328754030.jpg,http://p3.music.126.net/rhuPCjhS-_32kBTt6b1uMg==/109951164328741987.jpg,http://p4.music.126.net/IrblUlhhBs6xPr8zf1SdVQ==/109951164328743935.jpg,http://p3.music.126.net/cjz5hvAmkMuw_0qU2-1O7w==/109951164328750163.jpg, gname=时刻美 手表女时尚炫彩时来运转电子表镂空花型表盘夜光防水学生腕表, gintroduce=ins风 时尚炫彩 夜光防水, gcolorid=null, category1=101000, category2=1007000, gbrand=时刻美, gprice=298.0, ggrade=null, gcount=5600, gmaterial=null, hot=0]
Goods [gid=18078032, zpicture=http://p4.music.126.net/D6KQEOGeCSgsgJAvNoEYEA==/109951164332737217.jpg, gpicture=http://p4.music.126.net/D6KQEOGeCSgsgJAvNoEYEA==/109951164332737217.jpg,http://p3.music.126.net/ciNwpmMn8FpBQb5QkejtNA==/109951164332734358.jpg,http://p3.music.126.net/MMu8TCoxKyn4mgTic28kYQ==/109951164332730951.jpg,http://p4.music.126.net/Yv17U82LJgvXAhpebsX1uA==/109951164332732914.jpg,http://p4.music.126.net/B7Hst6iyvcwGMIlGc-mjew==/109951164332732917.jpg,http://p4.music.126.net/0WL0kIPnsU8O9VWjywMqHA==/109951164332741598.jpg,http://p4.music.126.net/BkihcvT9D8aTrNMAqFZcRg==/109951164332741116.jpg,http://p4.music.126.net/hVb43pxYaV_pUlZzqh0Elg==/109951164332730977.jpg, gname=博之轮 手表男士3D动感彩屏运动计步防水心率睡眠监测智能手环, gintroduce=3D动感彩屏 心率睡眠监测 时尚运动, gcolorid=null, category1=101000, category2=1007000, gbrand=博之轮（BOZLUN）, gprice=198.0, ggrade=null, gcount=797, gmaterial=null, hot=1]
Goods [gid=18078035, zpicture=http://p4.music.126.net/cxE4YTRFaqCtGouXkhD1ug==/109951164316330469.jpg, gpicture=http://p4.music.126.net/cxE4YTRFaqCtGouXkhD1ug==/109951164316330469.jpg,http://p4.music.126.net/Nrg0QeY2yCvRs1T8DVhang==/109951164316334839.jpg,http://p4.music.126.net/RvHtcgGkfdvtpAkdDvtF3A==/109951164316342532.jpg,http://p4.music.126.net/QTqH9Y0pHWoUG1-bOnMqqA==/109951164316341145.jpg,http://p4.music.126.net/tsrbiKYCwieGPdhaVGR-5w==/109951164316340601.jpg,http://p4.music.126.net/QGrZ4ob8BtRSwOPJV8vZQw==/109951164316336305.jpg,http://p4.music.126.net/8J9nuBYoD18Timas2iKhhw==/109951164316336311.jpg,http://p4.music.126.net/ORLdRTNy1qDnQTTQ-Ase_g==/109951164316336798.jpg, gname=时刻美 手表女士时尚星空镶钻腕表防水简约百搭手链石英表表 抖音同款, gintroduce=抖音同款 时尚星空, gcolorid=null, category1=101000, category2=1007000, gbrand=时刻美, gprice=198.0, ggrade=null, gcount=2399, gmaterial=null, hot=0]
Goods [gid=18078141, zpicture=http://p4.music.126.net/2nTfDHMYmDq1hUWJ2mEmuQ==/109951164355145702.jpg, gpicture=http://p4.music.126.net/2nTfDHMYmDq1hUWJ2mEmuQ==/109951164355145702.jpg,http://p3.music.126.net/NEXTxgwDPJGssoLKX4gPkg==/109951164355141306.jpg,http://p4.music.126.net/nH-BFVmpwWwz3iQiAtbhmg==/109951164355145272.jpg,http://p4.music.126.net/NmJYN7gzsM2Q4U1YMRIGjQ==/109951164355141795.jpg,http://p4.music.126.net/poosepzhJbktHciLnYmtYw==/109951164355161032.jpg, gname=科比炫酷长效吸管可乐罐保温杯, gintroduce=时尚大气可乐罐设计，500ml大容量, gcolorid=null, category1=1008002, category2=1010004, gbrand=科比, gprice=129.0, ggrade=null, gcount=0, gmaterial=null, hot=4]
Goods [gid=18078165, zpicture=http://p4.music.126.net/br9xSMbaObP7id4xHfaTNg==/109951164473415910.jpg, gpicture=http://p4.music.126.net/br9xSMbaObP7id4xHfaTNg==/109951164473415910.jpg,http://p3.music.126.net/gGsPYqYcKaS0kzl8v47dEQ==/109951164473422693.jpg,http://p3.music.126.net/UZA7Ico5FUACo1f0UMJgQg==/109951164473421779.jpg,http://p4.music.126.net/sCQ0pfJWcoX5Zyzowwb7qw==/109951164473425685.jpg,http://p4.music.126.net/Jln3Vmfy6wuUHQXRSDqolA==/109951164473417888.jpg,http://p3.music.126.net/Na-9kdxtpIPjRrewDpbp2Q==/109951164473426618.jpg,http://p3.music.126.net/j075HbFpqULM-nB0uE4zgw==/109951164473414989.jpg,http://p3.music.126.net/-YlhiIB5U5zfxCeDnv5TVg==/109951164473420780.jpg, gname=漫步者（EDIFIER）HECATE G2专业版 USB接口 头戴式吃鸡电脑游戏耳机 电竞耳麦, gintroduce=USB接口；50mm高解析大单元；7.1声道环绕声；RGB灯光, gcolorid=null, category1=101000, category2=1005000, gbrand=漫步者（EDIFIER）, gprice=229.0, ggrade=null, gcount=28, gmaterial=null, hot=0]
Goods [gid=18079076, zpicture=http://p3.music.126.net/orlOZr2wME39BOpHBdN5Sw==/109951164333480661.jpg, gpicture=http://p3.music.126.net/orlOZr2wME39BOpHBdN5Sw==/109951164333480661.jpg,http://p4.music.126.net/WkKOVK82SSSLWdBDn2uzLQ==/109951164333476353.jpg,http://p3.music.126.net/v6zmtT41RHRQV5SynMLEGQ==/109951164333475845.jpg,http://p3.music.126.net/vXd_eZp9z9_N2brVw2EkPA==/109951164333472466.jpg,http://p4.music.126.net/XBzv0u4K2fBFO8pYapIVSw==/109951164333477326.jpg, gname=史努比不锈钢手柄小口杯260ML, gintroduce=, gcolorid=null, category1=1008002, category2=1010004, gbrand=史努比, gprice=29.0, ggrade=null, gcount=297, gmaterial=null, hot=0]
Goods [gid=18079211, zpicture=http://p4.music.126.net/P3fWDvPIaJCkxiARYznxwQ==/109951164371747973.jpg, gpicture=http://p4.music.126.net/P3fWDvPIaJCkxiARYznxwQ==/109951164371747973.jpg,http://p3.music.126.net/LeA13aZsnkBrjRL_sFImbA==/109951164430375115.jpg,http://p4.music.126.net/6Eniwe3os4iB1jDZscFY2w==/109951164371747479.jpg,http://p4.music.126.net/rhP2mWb0lQeLcC9rgqAtIw==/109951164371745973.jpg,http://p3.music.126.net/eGrUy-DbNCwmgX9X7eYwww==/109951164371757584.jpg,http://p4.music.126.net/uDqOVW_VhQlCPJ-yrO5pXQ==/109951164371748484.jpg,http://p3.music.126.net/6uDn6Dwvyd374aaMKgnzOg==/109951164371746477.jpg,http://p4.music.126.net/z6BxMuXpiXUnembwlW8BRA==/109951164371759029.jpg, gname=伯朗 i19蓝牙5.0真无线耳机 光感入耳 开盖弹窗 无线充电苹果安卓通用, gintroduce=【赠硅胶保护套+登山扣】光感入耳检测；开盖弹窗；支持无线充电；原声音质；续航4+20小时, gcolorid=null, category1=101000, category2=1005000, gbrand=伯朗, gprice=299.0, ggrade=null, gcount=3055, gmaterial=null, hot=0]
Goods [gid=18080155, zpicture=http://p3.music.126.net/B6yBOrhsxK-52YyQ1GF-iw==/109951164356659360.jpg, gpicture=http://p3.music.126.net/B6yBOrhsxK-52YyQ1GF-iw==/109951164356659360.jpg,http://p3.music.126.net/itALwXwKSZiFHweD5mwf0g==/109951164356667011.jpg,http://p4.music.126.net/2orvw_MB6ulltyBVNz70PA==/109951164356655474.jpg,http://p3.music.126.net/MnOhLPW5XewxfTt39gmSig==/109951164356660343.jpg,http://p4.music.126.net/AY6diKIoVPq3a0M8ZiPtug==/109951164356653973.jpg,http://p4.music.126.net/lc1Htokh2xQDuCIDueP36g==/109951164356654960.jpg, gname=影巨人 T5复合双振膜重低音线控带麦半入耳式耳机安卓苹果通用, gintroduce=四个喇叭；高清通话；碳纤复合双振膜；深度降噪, gcolorid=null, category1=101000, category2=1005000, gbrand=影巨人, gprice=29.0, ggrade=null, gcount=1697, gmaterial=null, hot=0]
Goods [gid=18082022, zpicture=http://p4.music.126.net/7e0Hfl_UZ5cjHIJ8vG_86w==/109951164313620376.jpg, gpicture=http://p4.music.126.net/7e0Hfl_UZ5cjHIJ8vG_86w==/109951164313620376.jpg,http://p3.music.126.net/Fl7dSg7v89m2x3gj6ZqU9Q==/109951164313616965.jpg,http://p4.music.126.net/gVd7qyevId0niNafT_9OLg==/109951164313624703.jpg,http://p4.music.126.net/bzrbMXAQK9PeeJvEczR2ZA==/109951164313630030.jpg,http://p4.music.126.net/CC-Yy7Hg2LAnJaA3PQ3f_g==/109951164313623802.jpg,http://p3.music.126.net/A94LoUDtgSeLvwV2Dz5TYg==/109951164313616987.jpg, gname=毕亚兹 迷你蓝牙耳机 无线立体声 安卓/苹果通用版D23, gintroduce=智能降噪 通话清晰 身材小巧 佩戴舒适, gcolorid=null, category1=101000, category2=1005000, gbrand=毕亚兹（BIAZE）, gprice=55.0, ggrade=null, gcount=333, gmaterial=null, hot=0]
Goods [gid=18082035, zpicture=http://p4.music.126.net/Ggo8PuAmfnLCkHDwCKtWQg==/109951164316258631.jpg, gpicture=http://p4.music.126.net/Ggo8PuAmfnLCkHDwCKtWQg==/109951164316258631.jpg,http://p3.music.126.net/J775Mz1eYqezRHlrDa-BZA==/109951164316269380.jpg,http://p4.music.126.net/O1Oyq5WTi5pyc5KH2Zbk3w==/109951164316276668.jpg,http://p3.music.126.net/_YsMB-c0Du4MR30BaQhy7Q==/109951164316281999.jpg,http://p3.music.126.net/D2-wSxZ1d4YAzzhox0T1Ng==/109951164316281062.jpg,http://p4.music.126.net/ysBCzZhD9PKUSEeAXVgLZQ==/109951164316276727.jpg,http://p3.music.126.net/EwfUq263d-bMi2ENeD1GDQ==/109951164316279135.jpg, gname=博之轮 手表男女血压心率蓝牙计步时尚运动智能手环, gintroduce=血压心率监测 微信运动计步, gcolorid=null, category1=101000, category2=1007000, gbrand=博之轮（BOZLUN）, gprice=199.0, ggrade=null, gcount=3194, gmaterial=null, hot=2]
Goods [gid=18082060, zpicture=http://p4.music.126.net/pm3r6pgUAso5TY7CXgRu6g==/109951164328867107.jpg, gpicture=http://p4.music.126.net/pm3r6pgUAso5TY7CXgRu6g==/109951164328867107.jpg,http://p3.music.126.net/PJNm50m0hODWRKazRCmbbw==/109951164328871546.jpg,http://p4.music.126.net/DQjsxbeXgf2u_p__gPFkYw==/109951164328870057.jpg,http://p3.music.126.net/GGza-2W50aiUpegECF2NKw==/109951164328863238.jpg,http://p3.music.126.net/83rcUZQgHbk5aQpB8S-2hA==/109951164328871568.jpg,http://p3.music.126.net/8Kv-AACeweKtfxH6AVyprw==/109951164328863256.jpg,http://p3.music.126.net/fZg0AMzQ-Ys0CFe-hzc7ZQ==/109951164328863260.jpg, gname=影巨人 S3运动真无线耳机 10小时超长续航 蓝牙5.0 安卓苹果通用, gintroduce=LED双电量显示；双耳按键；续航10小时+充电仓续航50小时；千元级音效，低延迟；佩戴舒适，狂甩不掉, gcolorid=null, category1=101000, category2=1005000, gbrand=影巨人, gprice=399.0, ggrade=null, gcount=706, gmaterial=null, hot=4]
Goods [gid=18083071, zpicture=http://p4.music.126.net/eRfbGCNq8AovZ2luGEbzYw==/109951164331011565.jpg, gpicture=http://p4.music.126.net/eRfbGCNq8AovZ2luGEbzYw==/109951164331011565.jpg,http://p4.music.126.net/M4GdcoTntmPxFMCTC3aAsA==/109951164368168050.jpg,http://p4.music.126.net/L6f8EQ18Hw8N7JEIe5le2w==/109951164331001453.jpg,http://p3.music.126.net/ClE5HNOM27PJsuXa_TZKIA==/109951164331014526.jpg,http://p4.music.126.net/1PFkrCjq1IxnWGltpR_zMA==/109951164331015028.jpg,http://p4.music.126.net/inBz-z2VuRCUWh68CJjKNw==/109951164331004913.jpg, gname=伯朗 X7Plus 运动磁吸蓝牙耳机脖挂式半入耳超长待机, gintroduce=连续听歌20小时；智能降噪；狂甩不掉；超长续航；磁吸设计；, gcolorid=null, category1=101000, category2=1005000, gbrand=伯朗, gprice=149.0, ggrade=null, gcount=1397, gmaterial=null, hot=1]
Goods [gid=18084013, zpicture=http://p3.music.126.net/6MF_pyN1opqhP13cMWRU5g==/109951164311040384.jpg, gpicture=http://p3.music.126.net/6MF_pyN1opqhP13cMWRU5g==/109951164311040384.jpg,http://p4.music.126.net/N72qvXDvldzeozQVfiNlMw==/109951164311047649.jpg,http://p3.music.126.net/J-fZ0Gx0foFDXoy1rCuVsQ==/109951164311043321.jpg,http://p4.music.126.net/YS3SrQyTSNvrPCXDpPE-Yw==/109951164311047150.jpg,http://p3.music.126.net/Ja6ewSKWgeD-kKQwy7iycQ==/109951164311051528.jpg, gname=史努比时尚304不锈钢保温杯450毫升DM-3013, gintroduce=, gcolorid=null, category1=1008002, category2=1010004, gbrand=迪士尼, gprice=49.0, ggrade=null, gcount=294, gmaterial=null, hot=3]
Goods [gid=18084029, zpicture=http://p3.music.126.net/X-kfsHPPDP_mxGRgJAHdjw==/109951164325967867.jpg, gpicture=http://p3.music.126.net/X-kfsHPPDP_mxGRgJAHdjw==/109951164325967867.jpg,http://p4.music.126.net/L7yZ3mXRVSjOUiE54jPSDw==/109951164325971756.jpg,http://p3.music.126.net/_yKicGwPy5BVNW9bSwdBHg==/109951164325970361.jpg,http://p3.music.126.net/1iC93WuuXf3_ZJlEzFR41Q==/109951164325978014.jpg,http://p4.music.126.net/_BP5Uwy1U5Wiocxvwo5l5g==/109951164325971801.jpg,http://p3.music.126.net/W8UHIsDuo3aT3xEEss3d0A==/109951164325969404.jpg, gname=毕亚兹 type-c数据线带灯type-c接口快充线USB电源线 支持华为/小米K48, gintroduce=智能亮灯 安全快充 不发烫 智能芯片 品质线芯, gcolorid=null, category1=101000, category2=1007000, gbrand=毕亚兹（BIAZE）, gprice=19.0, ggrade=null, gcount=137, gmaterial=null, hot=0]
Goods [gid=18084038, zpicture=http://p3.music.126.net/1AoN4PWTd6SRDCjCdVm4MQ==/109951164316186095.jpg, gpicture=http://p3.music.126.net/1AoN4PWTd6SRDCjCdVm4MQ==/109951164316186095.jpg,http://p3.music.126.net/8qqBmQ_abN4J70aL-iK8bw==/109951164316188115.jpg,http://p4.music.126.net/Dk0JfqLEZKmNJgCgVyaFVQ==/109951164316181886.jpg,http://p3.music.126.net/fDGTMiMrscSgNlRShBTLlQ==/109951164316179997.jpg,http://p3.music.126.net/SWWKvxJZ_PikzifqizfmVw==/109951164316182913.jpg,http://p4.music.126.net/wEgbjX3Jb387P944ovS9VA==/109951164316191167.jpg,http://p3.music.126.net/btTbrGwL2xE9uKia_Enrjw==/109951164316186748.jpg,http://p4.music.126.net/AbYy7warSntpnn_XPgkGxg==/109951164316187308.jpg, gname=博之轮 手表男女心率血压睡眠监测3D彩屏蓝牙计步防水运动智能手环, gintroduce=心率监测 3D彩屏 蓝智能手环, gcolorid=null, category1=101000, category2=1007000, gbrand=博之轮（BOZLUN）, gprice=218.0, ggrade=null, gcount=20, gmaterial=null, hot=4]
Goods [gid=18084171, zpicture=http://p4.music.126.net/sQIFF8aS4CBHdnJekF9XDw==/109951164358535457.jpg, gpicture=http://p4.music.126.net/sQIFF8aS4CBHdnJekF9XDw==/109951164358535457.jpg,http://p3.music.126.net/1xzD8BUuqhcmcWIJu5vIWA==/109951164358543185.jpg,http://p4.music.126.net/UGtocyVT-9o5BKWbYvPwiA==/109951164358539336.jpg,http://p3.music.126.net/XcCYbO4UpJ1jVQse8l3nAA==/109951164358537879.jpg, gname=漫步者（EDIFIER） G4 PRO降噪版 USB接口 7.1声道 头戴式吃鸡电脑游戏耳机耳麦, gintroduce=USB接口；ENC降噪；7.1声道环绕音效；RGB灯光；舒适蛋白皮耳罩, gcolorid=null, category1=101000, category2=1005000, gbrand=漫步者（EDIFIER）, gprice=399.0, ggrade=null, gcount=15, gmaterial=null, hot=1]
Goods [gid=18086026, zpicture=http://p3.music.126.net/9zAqugVAMUKIx7LXKUMtzg==/109951164316120751.jpg, gpicture=http://p3.music.126.net/9zAqugVAMUKIx7LXKUMtzg==/109951164316120751.jpg,http://p3.music.126.net/-IfUmjGCr-f8GSDcjw9Yhg==/109951164316131298.jpg,http://p3.music.126.net/9tFkVq8Mb29xhJtOPUkvvg==/109951164316137098.jpg,http://p4.music.126.net/PrbtnFqowckmOJcF7pqBOg==/109951164316128333.jpg,http://p3.music.126.net/YTZyuRpFlbyKfgOKNwenjw==/109951164316137105.jpg,http://p4.music.126.net/SegWQnqzpc66tYOh86TqUw==/109951164316134223.jpg,http://p4.music.126.net/QeGN4VctODXyk46vIxvkgQ==/109951164316134227.jpg,http://p3.music.126.net/yHO4WrmtGRSREKq887J68w==/109951164316126430.jpg, gname=博之轮 手表男女智能运动手环血压心率睡眠监测来电提醒计步防水腕表, gintroduce=血压监测 来电提醒 运动计步, gcolorid=null, category1=101000, category2=1007000, gbrand=博之轮（BOZLUN）, gprice=198.0, ggrade=null, gcount=798, gmaterial=null, hot=0]
Goods [gid=18086152, zpicture=http://p4.music.126.net/XaiAwR52O94cmnGUFBqkrw==/109951164355166717.jpg, gpicture=http://p4.music.126.net/XaiAwR52O94cmnGUFBqkrw==/109951164355166717.jpg,http://p3.music.126.net/qqDbMLHrTVbVN_RBHKhL5Q==/109951164355167634.jpg,http://p4.music.126.net/bxcci_01xNsIXpCkCt4gkw==/109951164355170097.jpg,http://p4.music.126.net/ViyQrEMKlhFU04iyNptTEA==/109951164355166218.jpg,http://p4.music.126.net/ioli8Gz3yciN8OTjF-HPsg==/109951164355164342.jpg,http://p3.music.126.net/ywCH5e85aMl9IUEMUAflNg==/109951164355167175.jpg, gname=科比潮流透气棒球帽鸭舌帽, gintroduce=炫酷鸭舌帽设计，纯棉舒适透气材质, gcolorid=null, category1=1008002, category2=1010004, gbrand=科比, gprice=99.0, ggrade=null, gcount=198, gmaterial=null, hot=2]
Goods [gid=18087016, zpicture=http://p3.music.126.net/IswrvbXbpx8vwzvrijrsSw==/109951164313672559.jpg, gpicture=http://p3.music.126.net/IswrvbXbpx8vwzvrijrsSw==/109951164313672559.jpg,http://p3.music.126.net/shc59FYGnhhjyTldR1w3Nw==/109951164313664370.jpg,http://p3.music.126.net/W6MuxmTfHDhVJfWvNx1bXw==/109951164313662435.jpg,http://p4.music.126.net/3aAeE3hoiFh4y6KPL4KfpA==/109951164313672101.jpg,http://p4.music.126.net/1j4ccYvBf25okl7Wxiv0Ag==/109951164313663910.jpg, gname=毕亚兹 出风口车载全自动无线充电手机支架 C67, gintroduce=全自动无线充 单手取放 自动收紧 不挡视线, gcolorid=null, category1=101000, category2=1007000, gbrand=毕亚兹（BIAZE）, gprice=108.0, ggrade=null, gcount=192, gmaterial=null, hot=0]
Goods [gid=18087030, zpicture=http://p4.music.126.net/eZUt_KsYS0WNxpPIKrSMbA==/109951164316319512.jpg, gpicture=http://p4.music.126.net/eZUt_KsYS0WNxpPIKrSMbA==/109951164316319512.jpg,http://p4.music.126.net/zDz_6Fc6CLcY_SgLfEA4kg==/109951164316308960.jpg,http://p3.music.126.net/v3BbUVEwJx-7nzm-j0wR_g==/109951164316314193.jpg, gname=skullcandy indy 真无线蓝牙耳机, gintroduce=真无线 Indy新品 蓝牙5.0 不断连 音质好 三种配色, gcolorid=null, category1=101000, category2=1005000, gbrand=骷髅头（skullcandy）, gprice=629.0, ggrade=null, gcount=37, gmaterial=null, hot=0]
Goods [gid=18087031, zpicture=http://p3.music.126.net/oacFxG2v2FQAbD0kLcOCCQ==/109951164316352932.jpg, gpicture=http://p3.music.126.net/oacFxG2v2FQAbD0kLcOCCQ==/109951164316352932.jpg,http://p4.music.126.net/EVzs-e0Tty9T84UDgYZr4g==/109951164316357388.jpg,http://p4.music.126.net/qxG7bveLLbWxnrRzGkWgrQ==/109951164316367069.jpg,http://p4.music.126.net/Q5V8K03tHectr3wR_Ei9Tw==/109951164316364202.jpg,http://p4.music.126.net/ISE2u3W-6RVBQ2yhB7HgeA==/109951164316364207.jpg,http://p3.music.126.net/eieOZnNN9bFmDQAYe9JbkQ==/109951164316363206.jpg,http://p4.music.126.net/TmNxtrtrQllHTWjV1c2DTQ==/109951164316359338.jpg, gname=时刻美 手表女士韩版简约时尚女表超薄防水石英表, gintroduce=简约时尚 超薄防水, gcolorid=null, category1=101000, category2=1007000, gbrand=时刻美, gprice=188.0, ggrade=null, gcount=1599, gmaterial=null, hot=1]
Goods [gid=18087121, zpicture=http://p3.music.126.net/Gb8eFWYjlZts8xQzbe4_ug==/109951164345199648.jpg, gpicture=http://p3.music.126.net/Gb8eFWYjlZts8xQzbe4_ug==/109951164345199648.jpg,http://p3.music.126.net/YGT90x9sDlY9hIWjhsQGWg==/109951164345196222.jpg,http://p4.music.126.net/iXRKdjpTCDKCw3Ex8tdspg==/109951164345196223.jpg,http://p3.music.126.net/wDO7MgqsliGQBAflHmpvXw==/109951164345193793.jpg,http://p4.music.126.net/zvP3mpROu1b1sOeTQhA1pw==/109951164345198204.jpg,http://p3.music.126.net/DfTrCa3qGSloncUtkiJxCA==/109951164345193357.jpg,http://p4.music.126.net/j5mQt0vEy0_u5xoHLzxaog==/109951164345195760.jpg, gname=影巨人 S5真无线蓝牙耳机蓝牙5.0安卓苹果通用, gintroduce=HiFi音质；佩戴舒适；迷你超小；高清通话；低延迟, gcolorid=null, category1=101000, category2=1005000, gbrand=影巨人, gprice=149.0, ggrade=null, gcount=371, gmaterial=null, hot=0]
Goods [gid=18087140, zpicture=http://p4.music.126.net/c4HbWFK2c1dnmcKCg9fCSA==/109951164349031134.jpg, gpicture=http://p4.music.126.net/c4HbWFK2c1dnmcKCg9fCSA==/109951164349031134.jpg,http://p3.music.126.net/k6tgPGoZvMNycjcFTTFFQw==/109951164349032624.jpg,http://p3.music.126.net/Xc6cDbSFCWXkYnn3ztY6WA==/109951164349035012.jpg,http://p3.music.126.net/HBxyjV2bOEzaYbB7uVrjyg==/109951164349024487.jpg,http://p4.music.126.net/Q-cfwivlAKXHyaa26I2fHA==/109951164349029765.jpg,http://p3.music.126.net/mJ9mxpEafkgZJQvIKH4jhA==/109951164349036502.jpg, gname=击音D1 【抖音同款】真无线蓝牙耳机双耳 高清麦克风, gintroduce=抖音同款；蓝牙5.0高速芯片；轻至4g 佩戴舒适； 一键唤醒语音助手, gcolorid=null, category1=101000, category2=1005000, gbrand=击音, gprice=99.0, ggrade=null, gcount=1359, gmaterial=null, hot=0]
Goods [gid=18088016, zpicture=http://p3.music.126.net/RltHibLB3tAAbNIg8ocZRQ==/109951164325968248.jpg, gpicture=http://p3.music.126.net/RltHibLB3tAAbNIg8ocZRQ==/109951164325968248.jpg,http://p4.music.126.net/80TFsV-_zMhlarOWWFdUzA==/109951164325973077.jpg,http://p4.music.126.net/DzwxdoVZdN5JC2etpId4VA==/109951164325973081.jpg,http://p3.music.126.net/wQCcsJIc0ymIHySNrVkJiQ==/109951164325966847.jpg,http://p4.music.126.net/OlfgVnyL4o3dI9G3Fn19og==/109951164325965394.jpg,http://p3.music.126.net/DLZw4ar5Az0yekGRbsCVpg==/109951164325970270.jpg, gname=毕亚兹 苹果数据线带灯 Lightning接口快充线USB电源线 支持苹果K47, gintroduce=智能亮灯 安全快充不发烫 智能芯片 品质线芯, gcolorid=null, category1=101000, category2=1007000, gbrand=毕亚兹（BIAZE）, gprice=19.0, ggrade=null, gcount=541, gmaterial=null, hot=1]
Goods [gid=18088025, zpicture=http://p4.music.126.net/gJPG7GGLp6M44EMoOmO7Bg==/109951164328712046.jpg, gpicture=http://p4.music.126.net/gJPG7GGLp6M44EMoOmO7Bg==/109951164328712046.jpg,http://p4.music.126.net/52NOb3Ca9D1i0kqCxEWacg==/109951164328726991.jpg,http://p4.music.126.net/Q4LuyOirvsp3Jhr0SGSrNA==/109951164328734718.jpg,http://p3.music.126.net/xXCDIzWi1vPv37V6QXr6Tw==/109951164332713633.jpg,http://p3.music.126.net/8ne-YXA17OlMVty49FgRfw==/109951164332708386.jpg,http://p4.music.126.net/YjA-m3daXrSa_nCndVYIJg==/109951164332708426.jpg,http://p3.music.126.net/T6PQCi4Y2yIvpPg7rWZV2Q==/109951164332720002.jpg,http://p3.music.126.net/_S5bs6Cbvee-Nk4t6_o_4A==/109951164332719549.jpg, gname=时刻美 手表男女运动电子表青少年学生夜光创意方形钢带腕表, gintroduce=防水夜光 运动创意 钢带腕表, gcolorid=null, category1=101000, category2=1007000, gbrand=时刻美, gprice=99.0, ggrade=null, gcount=2440, gmaterial=null, hot=0]
Goods [gid=18088203, zpicture=http://p4.music.126.net/0fDHlNLDXMi96MwvvTj6HA==/109951164372637759.jpg, gpicture=http://p4.music.126.net/0fDHlNLDXMi96MwvvTj6HA==/109951164372637759.jpg,http://p3.music.126.net/_efRAiL7OBfd6Bj5HYE7ow==/109951164372633436.jpg,http://p4.music.126.net/LRbm9YI9bqumP0JpA4iTsQ==/109951164372629495.jpg,http://p3.music.126.net/gzxxyylc973tQlEkzmkaEQ==/109951164372640202.jpg,http://p4.music.126.net/4PcIfC0znJ2U1Z4PqpHkng==/109951164372642112.jpg,http://p3.music.126.net/JFiOqhkyY_w1Cf5dJa1PfQ==/109951164372639732.jpg,http://p4.music.126.net/fBgg9aEhVinbBlhtyof4LA==/109951164372640220.jpg, gname=LINE FRIENDS 布朗熊夏日清凉冰杯吸管杯可爱卡通动漫塑料饮料杯, gintroduce=, gcolorid=null, category1=1008002, category2=1010004, gbrand=LINE, gprice=35.0, ggrade=null, gcount=22, gmaterial=null, hot=1]
Goods [gid=18095118, zpicture=http://p4.music.126.net/9xF9yb4DuogYZaJ0u_7BEQ==/109951164375539773.jpg, gpicture=http://p4.music.126.net/9xF9yb4DuogYZaJ0u_7BEQ==/109951164375539773.jpg,http://p4.music.126.net/mzYxBttnPzNpVJnT_U3qRQ==/109951164375545580.jpg,http://p4.music.126.net/XRiqlF8F80RXPkBhkY0irg==/109951164375545078.jpg,http://p3.music.126.net/FJwVtO6ws8PU-pTBSv1PyA==/109951164375543217.jpg,http://p3.music.126.net/gIatqd7_sW9CrkfW9PsXow==/109951164375542202.jpg,http://p3.music.126.net/14huK9BM_cc6PGQfkdOyTg==/109951164395775728.jpg,http://p3.music.126.net/z_vdn6AN97vMzqrc7uEVzQ==/109951164395777685.jpg, gname=终结者加厚纯棉舒适连帽卫衣, gintroduce=纯棉材质，潮流印刷，舒适透气, gcolorid=null, category1=1008002, category2=1010004, gbrand=终结者, gprice=89.0, ggrade=null, gcount=735, gmaterial=null, hot=1]
Goods [gid=21747611, zpicture=http://p4.music.126.net/g9mdiGjyCiiKjDhEeWTW2g==/109951164391272963.jpg, gpicture=http://p4.music.126.net/g9mdiGjyCiiKjDhEeWTW2g==/109951164391272963.jpg,http://p3.music.126.net/SD3UhOn5K6uR82ST94agVw==/109951164391277811.jpg,http://p3.music.126.net/bE4q8zSseIGCM281GlQ_AQ==/109951164391273966.jpg,http://p4.music.126.net/z0VzojzSkOsjVEBNvTv0XA==/109951164391278299.jpg, gname=迪士尼两用吸管杯防喷保温杯480毫升XM7095, gintroduce=, gcolorid=null, category1=1008002, category2=1010004, gbrand=迪士尼, gprice=79.0, ggrade=null, gcount=300, gmaterial=null, hot=0]
Goods [gid=21748611, zpicture=http://p3.music.126.net/EPwl06X4mR-5gR5uXadYhQ==/109951164390948013.jpg, gpicture=http://p3.music.126.net/EPwl06X4mR-5gR5uXadYhQ==/109951164390948013.jpg,http://p3.music.126.net/Uk-OaL2S4HBoOApZjWvW-A==/109951164390948543.jpg,http://p3.music.126.net/7XjNWOhApDCGQAr3FzNDzg==/109951164390945645.jpg,http://p3.music.126.net/Kp4-GpazkM2rMzEyQUYUTA==/109951164390948080.jpg,http://p3.music.126.net/Kk4ztQ_SBMCxN7nxQj8SdA==/109951164390942296.jpg, gname=史努比手柄陶瓷马克杯350ML-SNP5012-1, gintroduce=, gcolorid=null, category1=1008002, category2=1010004, gbrand=史努比, gprice=29.0, ggrade=null, gcount=78, gmaterial=null, hot=0]
Goods [gid=21749610, zpicture=http://p3.music.126.net/FsTx01AR5KX2ni9gr3S3iQ==/109951164393052008.jpg, gpicture=http://p3.music.126.net/FsTx01AR5KX2ni9gr3S3iQ==/109951164393052008.jpg,http://p3.music.126.net/Tuo07HSW0C4ERGhmKZNy0w==/109951164391487311.jpg,http://p4.music.126.net/vsbivsplN9XpqKD9ucXe4g==/109951164391513459.jpg,http://p4.music.126.net/l4WgIzXevyiXYln-hDjKkw==/109951164391517345.jpg,http://p4.music.126.net/Qm7mbekpgby0N8KtgdG-Cw==/109951164391519805.jpg,http://p4.music.126.net/7UVwA5Im3MLeHLGpf8PlUw==/109951164391518284.jpg, gname=击音S2【全触控燃脂13小时】磁吸颈戴蓝牙耳机5.0 双芯片6级防水, gintroduce=联想音频独立品牌，全触控操作，提升燃脂效率；持久续航13小时；蓝牙5.0，双芯片，6级防水, gcolorid=null, category1=101000, category2=1005000, gbrand=击音, gprice=129.0, ggrade=null, gcount=938, gmaterial=null, hot=0]
Goods [gid=21752609, zpicture=http://p4.music.126.net/z-dPoOjBzsCxnVd9ITlcoA==/109951164391017591.jpg, gpicture=http://p4.music.126.net/z-dPoOjBzsCxnVd9ITlcoA==/109951164391017591.jpg,http://p4.music.126.net/FoEFary23Zu3Z1dmDyngtQ==/109951164391008377.jpg,http://p4.music.126.net/xPlfL4X6caEvi7wjvEeDsA==/109951164391015210.jpg,http://p3.music.126.net/ezK_0dAl8LZ-5FdYXa6RGA==/109951164391015218.jpg,http://p4.music.126.net/ZOop7xZmyFhJGO1hbr80Pg==/109951164391018144.jpg, gname=迪士尼两用儿童保温杯带吸管幼儿园小学生水壶女600毫升HM3305, gintroduce=, gcolorid=null, category1=1008002, category2=1010004, gbrand=迪士尼, gprice=79.0, ggrade=null, gcount=499, gmaterial=null, hot=2]
Goods [gid=21752610, zpicture=http://p3.music.126.net/5q1TUIPh8aGlLHd9cysYKQ==/109951164391072014.jpg, gpicture=http://p3.music.126.net/5q1TUIPh8aGlLHd9cysYKQ==/109951164391072014.jpg,http://p4.music.126.net/_tXobDS-jWxV-BIhi-KCjg==/109951164391071890.jpg,http://p4.music.126.net/O-CEtIuHYboUo3aP_CjNkw==/109951164391076276.jpg,http://p4.music.126.net/l1UViHLoRXcC5zA9G3vFSQ==/109951164391072472.jpg,http://p4.music.126.net/lUh42s_tzVHFvQZ0hHFisA==/109951164391081568.jpg,http://p3.music.126.net/Y24tuxNQDPVMaPVvRBnpvw==/109951164391080629.jpg, gname=迪士尼儿童鸭嘴保温杯防喷水壶390毫升WD-3592, gintroduce=, gcolorid=null, category1=1008002, category2=1010004, gbrand=迪士尼, gprice=79.0, ggrade=null, gcount=130, gmaterial=null, hot=1]
Goods [gid=21760632, zpicture=http://p3.music.126.net/E9IAouyx6vPkjAAmyhxApA==/109951164416119337.jpg, gpicture=http://p3.music.126.net/E9IAouyx6vPkjAAmyhxApA==/109951164416119337.jpg,http://p3.music.126.net/CCh3lBVKoR8gHZg1tLNbmw==/109951164416119341.jpg,http://p4.music.126.net/l2d1OxGAb20fywWlwYDgCw==/109951164416115966.jpg, gname=skullcandy Jib+ 无线蓝牙耳机, gintroduce=简约无线 蓝牙5.0 长达6小时续航 新品发售, gcolorid=null, category1=101000, category2=1005000, gbrand=骷髅头（skullcandy）, gprice=169.0, ggrade=null, gcount=15, gmaterial=null, hot=6]
Goods [gid=21761615, zpicture=http://p4.music.126.net/EKtysAgMRxi8RCzFtTSgIA==/109951164409111404.jpg, gpicture=http://p4.music.126.net/EKtysAgMRxi8RCzFtTSgIA==/109951164409111404.jpg,http://p3.music.126.net/GCljYFwjJlp00b1Mu7PB3Q==/109951164409122053.jpg,http://p4.music.126.net/XJd8GPtwjr4dJeaH1vp5bg==/109951164409115274.jpg,http://p4.music.126.net/yeUl4C08C9dldwFZzS4vog==/109951164409124750.jpg,http://p3.music.126.net/0oF3QbT3-0r32Jc2pAAuUA==/109951164409117246.jpg, gname=【正版授权】美少女战士 A5文件夹, gintroduce=正版授权, gcolorid=null, category1=1008002, category2=1010004, gbrand=美少女战士, gprice=15.0, ggrade=null, gcount=60, gmaterial=null, hot=1]
Goods [gid=21762629, zpicture=http://p3.music.126.net/fLcnSQW5WYgkVCKNqUlAgA==/109951164416290770.jpg, gpicture=http://p3.music.126.net/fLcnSQW5WYgkVCKNqUlAgA==/109951164416290770.jpg,http://p3.music.126.net/-XM9INenfLDcnTV_bSYx1w==/109951164416288350.jpg,http://p4.music.126.net/G71w_IcXq_IW0T86Y8KEig==/109951164416297526.jpg,http://p3.music.126.net/3dR8P38wqjf00Cs4etvqkw==/109951164416289320.jpg,http://p3.music.126.net/Ay_As7rZl6jASOVsP3o1Xg==/109951164416295619.jpg,http://p4.music.126.net/GQeV5QifHgiXYV-wtTP8vw==/109951164416293697.jpg,http://p3.music.126.net/5lBsRJKT-Jax8PBKqaWz5A==/109951164416292753.jpg,http://p4.music.126.net/JHSiqrW6M7zVBCPg3oZ79g==/109951164428940912.jpg, gname=RICK AND MORTY 瑞克和莫蒂 人体公园/沙发人T恤, gintroduce=adult swim正版授权, 瑞克和莫蒂人体公园T恤（黑色）、沙发人T恤（白色）, gcolorid=null, category1=1008002, category2=1010004, gbrand=Rick and Morty, gprice=99.0, ggrade=null, gcount=118, gmaterial=null, hot=1]
Goods [gid=21762712, zpicture=http://p3.music.126.net/BrITI5pmpAsYh9x5-iqLxA==/109951164429188583.jpg, gpicture=http://p3.music.126.net/BrITI5pmpAsYh9x5-iqLxA==/109951164429188583.jpg,http://p3.music.126.net/kQOTExkVEm4xRwdsy-Z6Vg==/109951164429184213.jpg,http://p3.music.126.net/wfpPih5W9cx119xM8ntrsA==/109951164429179400.jpg,http://p4.music.126.net/UXzXpMoOD90irgR6QdHzyQ==/109951164429188608.jpg,http://p3.music.126.net/M90oPgUisSZ7qihG-IrFpQ==/109951164429181803.jpg, gname=纸因你Candy纸艺花器&amp;笔筒, gintroduce=纸艺生活、色彩/收纳/装饰/折角，美物装饰, gcolorid=null, category1=1008002, category2=1010004, gbrand=纸因你, gprice=29.0, ggrade=null, gcount=4997, gmaterial=null, hot=0]
Goods [gid=21763616, zpicture=http://p4.music.126.net/yyBLQkwrNB79lB3tpgZEWg==/109951164395735097.jpg, gpicture=http://p4.music.126.net/yyBLQkwrNB79lB3tpgZEWg==/109951164395735097.jpg,http://p4.music.126.net/0RFrj4Ya9eK6pdhXLEpA9A==/109951164395732651.jpg,http://p4.music.126.net/c7J63Ln7GyM2sXMQdQICUw==/109951164395732169.jpg,http://p4.music.126.net/CkzuQVg6dDq4uOlw0aLklA==/109951164395724953.jpg,http://p4.music.126.net/759Yuy3cmwxdkCRacpGoqQ==/109951164395725417.jpg,http://p4.music.126.net/XJNv-Vwj6KJaoGh6lSgJcA==/109951164395735602.jpg, gname=终结者304不锈钢子弹头保温杯, gintroduce=炫酷子弹头设计，长效保温, gcolorid=null, category1=1008002, category2=1010004, gbrand=终结者, gprice=129.0, ggrade=null, gcount=495, gmaterial=null, hot=3]
Goods [gid=21765630, zpicture=http://p4.music.126.net/VzA-Pdt50aJe2bm_he9CSQ==/109951164409461060.jpg, gpicture=http://p4.music.126.net/VzA-Pdt50aJe2bm_he9CSQ==/109951164409461060.jpg,http://p3.music.126.net/dUFgVwpi0uaaXvl5pmSldA==/109951164409456311.jpg,http://p3.music.126.net/mFgs5DCHCb5Kfa1mFYfn6g==/109951164409456868.jpg,http://p3.music.126.net/Ju4vQyWq20xfXuMSO19XRA==/109951164409455899.jpg,http://p3.music.126.net/KxEYTUzFxDb2soTI78__qQ==/109951164409459720.jpg,http://p3.music.126.net/Y5PQr3o7lxQhChgnYvrzcQ==/109951164409456393.jpg, gname=【正权授权】美少女战士 小兔露娜抱枕毯, gintroduce=正版授权, gcolorid=null, category1=1008002, category2=1010004, gbrand=美少女战士, gprice=128.0, ggrade=null, gcount=56, gmaterial=null, hot=0]
Goods [gid=21766708, zpicture=http://p4.music.126.net/KKYnTnqOSwt4THjkAt5LdA==/109951164429109098.jpg, gpicture=http://p4.music.126.net/KKYnTnqOSwt4THjkAt5LdA==/109951164429109098.jpg,http://p4.music.126.net/eaI6DSQL7Ok-zHHv-zZW5w==/109951164429101903.jpg,http://p4.music.126.net/RrgCJ9xBGr-mtU-hFWs6iA==/109951164429101413.jpg,http://p4.music.126.net/nh3c4X_HuvpxhQ0Z1BGSlQ==/109951164429113009.jpg,http://p3.music.126.net/B8tNMGLBQ6NmLZFxiD6Tog==/109951164429102931.jpg,http://p3.music.126.net/2e4tCFK6gtv3uAVMldDvVw==/109951164429104351.jpg,http://p4.music.126.net/TyHeC9i6nUSHZ6_mnOPofA==/109951164429104809.jpg,http://p3.music.126.net/yfPfXXnVB-6Pm7ni5i6i5A==/109951164429110135.jpg, gname=Libratone/小鸟 TRACK AIR 真无线蓝牙入耳式运动耳机耳塞, gintroduce=通话以及双麦克通话降噪；单个耳塞可单独使用；防水防汗设计（IPX4）, gcolorid=null, category1=101000, category2=1005000, gbrand=Libratone, gprice=1098.0, ggrade=null, gcount=18, gmaterial=null, hot=3]
Goods [gid=21766736, zpicture=http://p3.music.126.net/-DQaJocPjUet22WQqlFYEA==/109951164433622273.jpg, gpicture=http://p3.music.126.net/-DQaJocPjUet22WQqlFYEA==/109951164433622273.jpg,http://p3.music.126.net/nKAwUmEDThRrKvEdTV3xfg==/109951164433629134.jpg,http://p3.music.126.net/TZ2B_FBw3UrKXuuZ9EECtw==/109951164433628658.jpg,http://p3.music.126.net/rZHFCIFZ_bJnq0hA42yMgw==/109951164433623834.jpg,http://p3.music.126.net/NImK3RfvoEchIuZQQUho8g==/109951164433628665.jpg,http://p3.music.126.net/UPXeYErTDvT_Aq28xxF9hw==/109951164433623841.jpg,http://p3.music.126.net/_2J85Na3Iv0ZEhGDbyBe8g==/109951164433624414.jpg, gname=「太阳超人充电宝」 初恋那件小事官方正版周边, gintroduce=, gcolorid=null, category1=1008002, category2=1010004, gbrand=初恋那件小事, gprice=185.0, ggrade=null, gcount=89, gmaterial=null, hot=1]
Goods [gid=21767630, zpicture=http://p4.music.126.net/T--5FmBcj9L5C0Y8xfoDOA==/109951164409468867.jpg, gpicture=http://p4.music.126.net/T--5FmBcj9L5C0Y8xfoDOA==/109951164409468867.jpg,http://p4.music.126.net/Tvyq7ZGIdHfryWkmCa_w_g==/109951164409466417.jpg,http://p4.music.126.net/-z87BJ0uE-yKM8E6Qu4EDg==/109951164409468395.jpg,http://p3.music.126.net/EBlNHRFqHttoDBLSNU0lNg==/109951164409470814.jpg,http://p4.music.126.net/bSi8CLTntQ-tEp2Fm7-TGg==/109951164409465488.jpg, gname=【正版授权】美少女战士 猫露娜亚提密斯公仔, gintroduce=正版授权, gcolorid=null, category1=1008002, category2=1010004, gbrand=美少女战士, gprice=59.0, ggrade=null, gcount=58, gmaterial=null, hot=2]
Goods [gid=21767631, zpicture=http://p3.music.126.net/vgoq9AqiKSgRcOj7McAs5w==/109951164410554904.jpg, gpicture=http://p3.music.126.net/vgoq9AqiKSgRcOj7McAs5w==/109951164410554904.jpg,http://p3.music.126.net/6pCLbyY2C0dfp53DjvSv3Q==/109951164410559709.jpg,http://p4.music.126.net/WWOriiao_z-vPQVmG0crkA==/109951164410556323.jpg, gname=【正版授权】航海王OVA路飞索隆罗黑色圆领卫衣, gintroduce=正版授权, gcolorid=null, category1=1008002, category2=1010004, gbrand=航海王, gprice=258.0, ggrade=null, gcount=222, gmaterial=null, hot=3]
Goods [gid=21767672, zpicture=http://p3.music.126.net/FgBvCQIAoFsqgSqSh7Btqg==/109951164421357101.jpg, gpicture=http://p3.music.126.net/FgBvCQIAoFsqgSqSh7Btqg==/109951164421357101.jpg,http://p3.music.126.net/z5IvWeEPFFOZtmUqDVHPag==/109951164421356153.jpg,http://p3.music.126.net/Rzq5LGylY-UQLlb4T98bHQ==/109951164421351783.jpg,http://p4.music.126.net/fes36ZvI5ryBAGZIn0LNsw==/109951164421358108.jpg,http://p4.music.126.net/AmnczNCHz0NekaBEB6GgpA==/109951164421350404.jpg,http://p3.music.126.net/3kY6GVuOL8ozRZ0LZe05hA==/109951164421345984.jpg,http://p3.music.126.net/AI9iuwYpZyU1wzIVkTR7Vw==/109951164421345985.jpg,http://p4.music.126.net/qI9ZO-U94ycvEZQhkJcyyQ==/109951164421353181.jpg, gname=皮卡丘卡通可乐罐充电宝8000毫安, gintroduce=新颖可乐罐造型，8000mAh大容量，双输出, gcolorid=null, category1=1008002, category2=1010004, gbrand=皮卡丘, gprice=89.0, ggrade=null, gcount=253, gmaterial=null, hot=0]
Goods [gid=21768723, zpicture=http://p3.music.126.net/ADyG6A4p9zn9Sr_rBsk9sA==/109951164430765534.jpg, gpicture=http://p3.music.126.net/ADyG6A4p9zn9Sr_rBsk9sA==/109951164430765534.jpg,http://p3.music.126.net/ZY7E_HoauuRMB_0lvzCFVQ==/109951164430766011.jpg,http://p4.music.126.net/8wiRBhluR3lwLw5wJ_pe3A==/109951164430753986.jpg,http://p3.music.126.net/uAPFB6_EgBUx6_9f_0wssw==/109951164430762179.jpg,http://p3.music.126.net/yqf2G61ZjcLK3Pl3dgPP1g==/109951164430761178.jpg,http://p3.music.126.net/1pG-DWxYm_54y88UZDE6Jw==/109951164430759368.jpg,http://p3.music.126.net/I2i6x9ElGSYTUB-syni-Cg==/109951164430766026.jpg, gname=影巨人 S6智能数显真无线 蓝牙5.0安卓苹果通用, gintroduce=LED智能数显；一键触控；连续听歌5-6小时；30小时长效续航；高清通话, gcolorid=null, category1=101000, category2=1005000, gbrand=影巨人, gprice=199.0, ggrade=null, gcount=502, gmaterial=null, hot=1]
Goods [gid=21769709, zpicture=http://p4.music.126.net/dk4NAJBDo2-SlBfM-6ntUw==/109951164429120035.jpg, gpicture=http://p4.music.126.net/dk4NAJBDo2-SlBfM-6ntUw==/109951164429120035.jpg,http://p3.music.126.net/ybfePWT-7xUTgEkEFGkHoA==/109951164429115213.jpg,http://p3.music.126.net/LLy7761AzMYHYPr6iP-GFg==/109951164429115678.jpg,http://p3.music.126.net/d_ZxLbMkdL2bT8mugyi3Jg==/109951164429108954.jpg,http://p3.music.126.net/RkvmDxHJubLigGm4pv4lYw==/109951164429107438.jpg,http://p4.music.126.net/HcUwIKgwO8tSJCigSJZzIg==/109951164429108490.jpg,http://p3.music.126.net/NY_uN-ozjUA9zHBmpOKQQw==/109951164429108963.jpg,http://p3.music.126.net/9qwxzg24wyfzhY_ZLQmBrw==/109951164429112848.jpg, gname=Libratone/小鸟 TRACK 入耳式无线蓝牙颈挂式磁吸运动耳机, gintroduce=通话/通话控制以及单麦克降噪；磁吸耳塞提供智能控制；防水防汗设计（IPX4）, gcolorid=null, category1=101000, category2=1005000, gbrand=Libratone, gprice=698.0, ggrade=null, gcount=19, gmaterial=null, hot=0]
Goods [gid=21770702, zpicture=http://p3.music.126.net/QiOdumZxdWSdO0X78gdn4w==/109951164429093246.jpg, gpicture=http://p3.music.126.net/QiOdumZxdWSdO0X78gdn4w==/109951164429093246.jpg,http://p3.music.126.net/3cwgWBYnKevlYCItJC1pZw==/109951164429088995.jpg,http://p3.music.126.net/18ylT8V7qmL3HH0Z0PAzhA==/109951164429098629.jpg,http://p3.music.126.net/j0g2Q29KrRy0xNMnApGTQg==/109951164429096694.jpg,http://p4.music.126.net/0G48fwq341yit6hsSNlPLw==/109951164429094732.jpg,http://p4.music.126.net/BtW1TYo_4JNe0hxcIJse6w==/109951164429102031.jpg,http://p4.music.126.net/W-qJ65bfbDEYAlPEWVILdQ==/109951164429091875.jpg,http://p4.music.126.net/bl0Wsp9E7fGuC9GtVtAAkg==/109951164429097194.jpg, gname=Libratone/小鸟 TRACK AIR+ 真无线蓝牙入耳式降噪耳机运动耳塞, gintroduce=智能降噪；音乐支持Apt-X和AAC；通话以及双麦克通话降噪；可单个使用；充电盒支持无线充电, gcolorid=null, category1=101000, category2=1005000, gbrand=Libratone, gprice=1698.0, ggrade=null, gcount=18, gmaterial=null, hot=1]
Goods [gid=21772600, zpicture=http://p3.music.126.net/pcBSva5cr4JnuhGd0iz7pQ==/109951164430637699.jpg, gpicture=http://p3.music.126.net/pcBSva5cr4JnuhGd0iz7pQ==/109951164430637699.jpg,http://p4.music.126.net/sQEa9t_i24FH8Of_s3qOdw==/109951164430642040.jpg,http://p3.music.126.net/zcD9MpRjPw5bS5YfhQKWSQ==/109951164430636247.jpg,http://p3.music.126.net/zMcI4KJuZFlfUjIfBDQ_MA==/109951164430642518.jpg,http://p4.music.126.net/Ugwh919Ox35LnjVagdpziQ==/109951164430640589.jpg, gname=网易云音乐氧气蓝牙耳机plus, gintroduce=一键红心收藏/流媒体播放；进口高通5.0芯片，aptX无损解码；荣获iF、G-Mark、红点奖, gcolorid=null, category1=101000, category2=1005000, gbrand=网易云音乐, gprice=399.0, ggrade=null, gcount=4078, gmaterial=null, hot=0]
Goods [gid=21773600, zpicture=http://p4.music.126.net/qEUNS4aKu3hCwi6zTrlS0w==/109951164432407553.jpg, gpicture=http://p4.music.126.net/qEUNS4aKu3hCwi6zTrlS0w==/109951164432407553.jpg,http://p3.music.126.net/EsR9EjtxReUZci7ycWOPMg==/109951164432403662.jpg,http://p3.music.126.net/EMBjGYtv29gTPn2Ddr8VDw==/109951164432407043.jpg,http://p3.music.126.net/cs99VOl4QsOYi0-QZezICA==/109951164432398917.jpg,http://p3.music.126.net/RdQoGtob7M2SJkCa4LT6Mg==/109951164432398457.jpg, gname=网易云音乐车载蓝牙播放器快充版, gintroduce=双口USB输出；3.1A快速充电，充电安全保护；支持MIC；蓝牙免提，一键通话；旋转切歌，播放/暂停, gcolorid=null, category1=101000, category2=1006000, gbrand=网易云音乐, gprice=119.0, ggrade=null, gcount=2824, gmaterial=null, hot=1]
Goods [gid=21774668, zpicture=http://p4.music.126.net/3GQCDblxfcS2P-edllO0LA==/109951164455914145.jpg, gpicture=http://p4.music.126.net/3GQCDblxfcS2P-edllO0LA==/109951164455914145.jpg,http://p4.music.126.net/2pSyjQzlYDvnKOqPmlKzBQ==/109951164455914662.jpg,http://p3.music.126.net/D8fJPC1f2cxu1QkG_15aQw==/109951164455909870.jpg,http://p4.music.126.net/iGrwUO7Uq1gZW9XErKmoPA==/109951164455916066.jpg,http://p4.music.126.net/wSbHZPThO4Rl4ny1SoJo5g==/109951164455909880.jpg, gname=漫步者（EDIFIER）W380NB 颈挂式高品质立体声蓝牙耳机 主动降噪手机音乐耳塞, gintroduce=高通蓝牙5.0；高通APTX HD音频解码；专属App；小羊皮品质亲肤颈挂；强劲续航；来电震动提示, gcolorid=null, category1=101000, category2=1005000, gbrand=漫步者（EDIFIER）, gprice=799.0, ggrade=null, gcount=10, gmaterial=null, hot=1]
Goods [gid=21774669, zpicture=http://p4.music.126.net/JG2-kCLRSV8SFcZBCB7Ifw==/109951164456065408.jpg, gpicture=http://p4.music.126.net/JG2-kCLRSV8SFcZBCB7Ifw==/109951164456065408.jpg,http://p4.music.126.net/tRuZy8d1nbodgt44MPQBrA==/109951164456077032.jpg,http://p4.music.126.net/7VVSqsXUwNEkFSSV23HOeA==/109951164456064920.jpg,http://p4.music.126.net/mKJn9JdrHtVw35_hFxUIOQ==/109951164456065421.jpg,http://p4.music.126.net/Z7UxhzzT8JhqzG60GL9WfA==/109951164456067367.jpg,http://p3.music.126.net/_ek6EYcyKQzjHltRysTiSQ==/109951164456077062.jpg,http://p3.music.126.net/R_YP-aUZP2Lk74ZADL7e1g==/109951164456068356.jpg,http://p3.music.126.net/zXAZTbVB9d2p0JLW7I_Vkw==/109951164456073624.jpg, gname=漫步者（EDIFIER）W281BT 漫威版 无线蓝牙入耳式跑步运动手机音乐耳机, gintroduce=漫威IP；专属App；IPX5防水；高通蓝牙5.0；CVC8.0语音降噪；磁吸收纳, gcolorid=null, category1=101000, category2=1005000, gbrand=漫步者（EDIFIER）, gprice=248.0, ggrade=null, gcount=29, gmaterial=null, hot=3]
Goods [gid=21775602, zpicture=http://p4.music.126.net/qp0wPQjC8muUeO7ma6viTw==/109951164434424520.jpg, gpicture=http://p4.music.126.net/qp0wPQjC8muUeO7ma6viTw==/109951164434424520.jpg,http://p3.music.126.net/20xu0i-2jMZA6fyihs5n6w==/109951164434423583.jpg,http://p4.music.126.net/ZeY6sc-9Kc6Hur5eG7QTwg==/109951164434417870.jpg,http://p3.music.126.net/STwBynJ6xbrbTa1cUj3vmQ==/109951164434424527.jpg,http://p3.music.126.net/Rbm1GH8p_4gRmXsaqKETvA==/109951164434418335.jpg,http://p3.music.126.net/nqyAkRzoHnnOYjZ7Y75O9w==/109951164434423133.jpg, gname=影巨人 T9 头戴式重低音蓝牙耳机手机电脑通用游戏带麦, gintroduce=音乐时间15小时；360小时待机；折叠伸缩设计；可插线，插卡；, gcolorid=null, category1=101000, category2=1005000, gbrand=影巨人, gprice=199.0, ggrade=null, gcount=1064, gmaterial=null, hot=2]
Goods [gid=21775640, zpicture=http://p3.music.126.net/dwq6K2blt4APyOHT12MVGA==/109951164447181113.jpg, gpicture=http://p3.music.126.net/dwq6K2blt4APyOHT12MVGA==/109951164447181113.jpg,http://p3.music.126.net/7vdpo_ilWPNwiNpOFsABog==/109951164447184512.jpg,http://p4.music.126.net/L21dgDKC7F-wQvkRmukW0g==/109951164447177263.jpg,http://p3.music.126.net/KhB8Cxm4Oi6OHb-2lUorEg==/109951164447171997.jpg,http://p4.music.126.net/VZlZhJh-zQDddY9WDDJgDQ==/109951164447181127.jpg,http://p3.music.126.net/_VH7KzN_TrDY3eLuN55YCg==/109951164447172463.jpg,http://p4.music.126.net/9gsutqIwBmt6aJk3IIPg6A==/109951164447178244.jpg,http://p3.music.126.net/QknGA_v0fn9Uh1WkSiFgrg==/109951164447181601.jpg, gname=Disney 迪士尼多功能铅笔袋 IQT15001, gintroduce=, gcolorid=null, category1=1008002, category2=1010004, gbrand=Disney, gprice=11.8, ggrade=null, gcount=210, gmaterial=null, hot=1]
Goods [gid=21777640, zpicture=http://p3.music.126.net/ElHEetpHmtYEEBAGoOPXyw==/109951164447193842.jpg, gpicture=http://p3.music.126.net/ElHEetpHmtYEEBAGoOPXyw==/109951164447193842.jpg,http://p4.music.126.net/knYjbFZplCddSLVN4DL4hw==/109951164447200763.jpg,http://p3.music.126.net/smy8BXj6l3i82y2-RinMFg==/109951164447197372.jpg,http://p3.music.126.net/KneDotJH53dNGR3E61X29Q==/109951164447205552.jpg,http://p4.music.126.net/rw_L89UlghxCM9wGcq7exg==/109951164447204065.jpg,http://p3.music.126.net/YzocEYkvyVuLcrt9d_FX0w==/109951164447195389.jpg,http://p3.music.126.net/KIC0XCGnToVlel7yN1XqPA==/109951164447204556.jpg,http://p3.music.126.net/M5irEuXuDjHqaxvYVKW60A==/109951164447205554.jpg, gname=Disney 迪士尼大容量铅笔袋 IQT15000, gintroduce=, gcolorid=null, category1=1008002, category2=1010004, gbrand=Disney, gprice=11.8, ggrade=null, gcount=300, gmaterial=null, hot=1]
Goods [gid=21778669, zpicture=http://p4.music.126.net/IKk2o1siLhjL6iTsIcw6aw==/109951164459686046.jpg, gpicture=http://p4.music.126.net/IKk2o1siLhjL6iTsIcw6aw==/109951164459686046.jpg,http://p3.music.126.net/IKigkecw_1xeaXFRkmLV-Q==/109951164459678323.jpg,http://p3.music.126.net/XO9-_HshLfx_-KayjZC3ZA==/109951164459679771.jpg,http://p4.music.126.net/IVToNansxpyJkIPbJTiDpA==/109951164459679790.jpg,http://p3.music.126.net/4Goxb4-iupwQKecfCRuvng==/109951164459678847.jpg,http://p3.music.126.net/WwlJ7ZrRc1Upxml1jbDqWA==/109951164459679805.jpg,http://p4.music.126.net/wj8qZx8NVNerTnWIQtqfZg==/109951164459685112.jpg,http://p3.music.126.net/hLHi5B8AkdCN-noMCIpSpQ==/109951164459684170.jpg, gname=漫步者（EDIFIER）TO-U 冇心联名款 真无线蓝牙入耳式手机通用音乐耳机, gintroduce=品质与设计美学结合；高通蓝牙5.0芯片，搭配aptx解码；长时间续航；造型温润小巧, gcolorid=null, category1=101000, category2=1005000, gbrand=漫步者（EDIFIER）, gprice=398.0, ggrade=null, gcount=43, gmaterial=null, hot=3]
Goods [gid=21783684, zpicture=http://p3.music.126.net/rtmNJ9XV1GvDbfy3J2oZqg==/109951164456233692.jpg, gpicture=http://p3.music.126.net/rtmNJ9XV1GvDbfy3J2oZqg==/109951164456233692.jpg,http://p3.music.126.net/0y0qqiodWITMA9QQMkVX8g==/109951164456239516.jpg,http://p3.music.126.net/V1BwzIzSHODB70sVV5Pgbw==/109951164456227869.jpg,http://p4.music.126.net/xMSwTYdux6YhrjDBNPpjpQ==/109951164456228388.jpg,http://p3.music.126.net/sg6R9mnulY-g9PqPDLWwTw==/109951164456238537.jpg,http://p3.music.126.net/8dpF8s4yAoDHFf_xRJ4iog==/109951164456239024.jpg, gname=终结者304不锈钢LOGO图案保温杯, gintroduce=终结者元素设计，长效保温, gcolorid=null, category1=1008002, category2=1010004, gbrand=终结者, gprice=199.0, ggrade=null, gcount=96, gmaterial=null, hot=0]
Goods [gid=21784639, zpicture=http://p3.music.126.net/fFHllwTmnpqZKyRUcfJGkA==/109951164446013267.jpg, gpicture=http://p3.music.126.net/fFHllwTmnpqZKyRUcfJGkA==/109951164446013267.jpg,http://p4.music.126.net/FkaLADq8RU9XIc0s8TvucA==/109951164446027542.jpg,http://p4.music.126.net/F_ccvdpybGLDHkVK5_1ibA==/109951164446016972.jpg,http://p4.music.126.net/nA_QbRvDjpOpiuVfSC1vyw==/109951164446024678.jpg,http://p3.music.126.net/cb6ZMnbzErfYoXsHbYHhSw==/109951164446022251.jpg,http://p4.music.126.net/ViIXzk6nn0r0D7PbyxXOlA==/109951164461184110.jpg, gname=FIIL 斐耳 T1X TWS真无线蓝牙耳机 迷你入耳式双耳通话耳塞苹果安卓通用, gintroduce=闪连；快充；秒同步；双耳独立触控 随心切换, gcolorid=null, category1=101000, category2=1005000, gbrand=FIIL/斐耳, gprice=399.0, ggrade=null, gcount=200, gmaterial=null, hot=1]
Goods [gid=21791600, zpicture=http://p4.music.126.net/4I9Ao9LfxN72kTa38qaOEA==/109951164459463452.jpg, gpicture=http://p4.music.126.net/4I9Ao9LfxN72kTa38qaOEA==/109951164459463452.jpg,http://p3.music.126.net/0aWx862zYeC7W6m4s6qY6g==/109951164459475034.jpg,http://p4.music.126.net/12s1bmRO0T7VakvIYe2z0A==/109951164459467787.jpg,http://p3.music.126.net/KB3pP7rj71gcq0IvClT_9A==/109951164459471669.jpg,http://p3.music.126.net/yM0usLnDIAJX9c2rguD0fg==/109951164459476022.jpg, gname=网易云音乐车载蓝牙播放器快充版MC01B, gintroduce=双USB口充电，兼容多种快充；12-24V品牌汽车通用；独立FM天线，音质更纯净；即插即用，简便操作, gcolorid=null, category1=101000, category2=1006000, gbrand=网易云音乐, gprice=139.0, ggrade=null, gcount=2624, gmaterial=null, hot=2]
Goods [gid=21807614, zpicture=http://p4.music.126.net/nH909MsDkaItNvTNJlQWbg==/109951164470198308.jpg, gpicture=http://p4.music.126.net/nH909MsDkaItNvTNJlQWbg==/109951164470198308.jpg,http://p4.music.126.net/U6gXSCaCW91dJyZeNmJ_Kg==/109951164470194975.jpg,http://p3.music.126.net/BQyrVWigAunhgcIo-l2MTA==/109951164470196385.jpg,http://p4.music.126.net/RZw750WvBxHpmcnaYAdO_A==/109951164470196897.jpg,http://p3.music.126.net/MoR5hW_u0fDbtT1VBbQgfw==/109951164470207012.jpg,http://p4.music.126.net/SdpNPq7Fx9FqCiHaJ-N4iw==/109951164470204179.jpg,http://p4.music.126.net/WnCUCie_cEtIZqAgC6aZ4Q==/109951164470197427.jpg,http://p4.music.126.net/5EGuSFHLupzOFeITF3Rz6w==/109951164470205166.jpg, gname=漫步者（EDIFIER）W300BT 颈挂式入耳双动圈无线蓝牙手机通用运动耳机, gintroduce=同轴双动圈实力驱动；轻奢编织线材；第八代CVC语音降噪；高通蓝牙5.0芯片组；续航时间久, gcolorid=null, category1=101000, category2=1005000, gbrand=漫步者（EDIFIER）, gprice=198.0, ggrade=null, gcount=28, gmaterial=null, hot=0]
Goods [gid=21807693, zpicture=http://p3.music.126.net/c5przWrYt7PiY7tk_xUbbQ==/109951164485797014.jpg, gpicture=http://p3.music.126.net/c5przWrYt7PiY7tk_xUbbQ==/109951164485797014.jpg,http://p3.music.126.net/k7tUgTfeW9Ld-g-8-2W61w==/109951164485786992.jpg,http://p4.music.126.net/etLPD9SfxE1dq1NuSpJWpA==/109951164485794615.jpg,http://p3.music.126.net/ZNL5zAkHabdhJras7s7l1g==/109951164485788863.jpg,http://p4.music.126.net/oz1roQPLqy3Pu6r0ClM4kg==/109951164485787963.jpg,http://p4.music.126.net/q6txcC5HExVPAUXVEmMfIw==/109951164485798032.jpg,http://p4.music.126.net/HwnuKo-hzeOCh8Aftlvtmw==/109951164485793257.jpg, gname=影巨人 S8真无线蓝牙耳机 80小时超长待机 蓝牙5.0安卓苹果通用, gintroduce=HiFi音质；智能触控；石墨烯振膜；4小时高清通话；80小时超长待机, gcolorid=null, category1=101000, category2=1005000, gbrand=影巨人, gprice=289.0, ggrade=null, gcount=1589, gmaterial=null, hot=0]
Goods [gid=21807775, zpicture=http://p4.music.126.net/DPP2K8EojM7M4KZSfegFoQ==/109951164502903468.jpg, gpicture=http://p4.music.126.net/DPP2K8EojM7M4KZSfegFoQ==/109951164502903468.jpg,http://p4.music.126.net/_gSZmyXHrhlsoauC3gLLjw==/109951164502904429.jpg,http://p4.music.126.net/qS2ExrmGONyvizk0H8Xz6w==/109951164502910203.jpg,http://p3.music.126.net/_niEkswqnkH7fTC3fPjq3Q==/109951164502911113.jpg,http://p3.music.126.net/YumNph6NEvg7MHZHeiNZkg==/109951164502909214.jpg,http://p3.music.126.net/Ne6ZnNLZP0hCYBXZCnUGlQ==/109951164502911588.jpg,http://p3.music.126.net/b83_BhLx2uCrVLlJXFlSOQ==/109951164502904459.jpg,http://p4.music.126.net/8zvgCYLXvaLquVaXC4AkiA==/109951164502914080.jpg, gname=Beats Solo Pro 高性能无线蓝牙降噪头戴式手机音乐运动耳机, gintroduce=搭载Apple H1芯片，支持“嘿 Siri”；完全自适应降噪技术；音调均衡强劲音效；优秀续航表现, gcolorid=null, category1=101000, category2=1005000, gbrand=Beats, gprice=2399.0, ggrade=null, gcount=50, gmaterial=null, hot=2]
Goods [gid=21809643, zpicture=http://p3.music.126.net/xmZyG92w0qSkjz88OWYhIQ==/109951164473900571.jpg, gpicture=http://p3.music.126.net/xmZyG92w0qSkjz88OWYhIQ==/109951164473900571.jpg,http://p4.music.126.net/EFe51EStN7afb4TWy1vwqQ==/109951164473891308.jpg,http://p4.music.126.net/jjXO7_uouaUxdD_7NFwugg==/109951164473891312.jpg,http://p3.music.126.net/OGenx-Lc1cfaDQtXizHQ-Q==/109951164473899614.jpg,http://p3.music.126.net/BMn-iI8Z0cvbuYWvSUF82A==/109951164473901554.jpg,http://p3.music.126.net/1nJsvze3jfgAbH_ufdQAoQ==/109951164473898660.jpg,http://p3.music.126.net/lR49CHR7Uep_20w-UeMsNw==/109951164473889457.jpg, gname=伯朗 H12Pro 智能双数显真无线 蓝牙5.0安卓苹果通用, gintroduce=LED双电量显示；单次续航4小时；100小时超长续航；可反向给手机充电；一键操作；双耳通话, gcolorid=null, category1=101000, category2=1005000, gbrand=伯朗, gprice=299.0, ggrade=null, gcount=1560, gmaterial=null, hot=0]
Goods [gid=21812745, zpicture=http://p3.music.126.net/t9tW-XKsgHE0ClEPWfv4qw==/109951164501710766.jpg, gpicture=http://p3.music.126.net/t9tW-XKsgHE0ClEPWfv4qw==/109951164501710766.jpg, gname=MAGICBUS【新裤子彭磊《北海怪兽》】毛线帽, gintroduce=音乐人正版周边, gcolorid=null, category1=1008002, category2=1009002, gbrand=MAGICBUS, gprice=158.0, ggrade=null, gcount=297, gmaterial=null, hot=0]
Goods [gid=21813748, zpicture=http://p4.music.126.net/qUbVngGVZwbdkthZjWb1Dg==/109951164501688963.jpg, gpicture=http://p4.music.126.net/qUbVngGVZwbdkthZjWb1Dg==/109951164501688963.jpg, gname=MAGICBUS【彭磊《北海怪兽》】围巾, gintroduce=音乐人正版周边, gcolorid=null, category1=1008002, category2=1009002, gbrand=MAGICBUS, gprice=158.0, ggrade=null, gcount=196, gmaterial=null, hot=2]
Goods [gid=21814642, zpicture=http://p3.music.126.net/D2s-rwzKylpr4w9mmPUCBA==/109951164474058531.jpg, gpicture=http://p3.music.126.net/D2s-rwzKylpr4w9mmPUCBA==/109951164474058531.jpg,http://p3.music.126.net/HoX0o1lzMiLVQh_b7Zq_Kg==/109951164474053743.jpg,http://p4.music.126.net/d5NMXaDPP0xuuFGHHoXyGw==/109951164474055210.jpg,http://p3.music.126.net/W00kZysWbVSfSkmVjpXPVA==/109951164474054231.jpg,http://p4.music.126.net/zKe5gneeNRm5Vg8tvr4gBQ==/109951164474058535.jpg,http://p3.music.126.net/43FQRFLZCK354HuFtDWVmg==/109951164474052799.jpg,http://p4.music.126.net/hiFZdnOfd-_aHL90SJN0Iw==/109951164474060511.jpg,http://p3.music.126.net/xtYOBJqSU1E-gZM9Ss3AtA==/109951164474047467.jpg, gname=影巨人&nbsp;SUP经典掌上游戏机&nbsp;老式怀旧款&nbsp;复古迷你, gintroduce=400款经典游戏；感受童年画面；支持双人对战；支持电视输出；小巧轻便；可循环充电, gcolorid=null, category1=101000, category2=1007000, gbrand=影巨人, gprice=99.0, ggrade=null, gcount=2747, gmaterial=null, hot=1]
Goods [gid=21815658, zpicture=http://p4.music.126.net/cVLhRkKBqfCvTLIXjtwUtQ==/109951164480940317.jpg, gpicture=http://p4.music.126.net/cVLhRkKBqfCvTLIXjtwUtQ==/109951164480940317.jpg,http://p4.music.126.net/g3_GRqstIvIQQmw4HFT_Bg==/109951164480939894.jpg,http://p4.music.126.net/bCnD2cplL_tRLbQLPOAyQg==/109951164480943354.jpg,http://p3.music.126.net/R2HK2RXRUfMocUfZOZBiRw==/109951164480943378.jpg,http://p4.music.126.net/M2yhYrxvg1810SQuaxoXaw==/109951164480946711.jpg, gname=史努比保温咖啡杯 家用办公室带手柄带盖女马克杯子304不锈钢水杯KF4001, gintroduce=, gcolorid=null, category1=1008002, category2=1010004, gbrand=史努比, gprice=59.0, ggrade=null, gcount=98, gmaterial=null, hot=0]
Goods [gid=21818630, zpicture=http://p3.music.126.net/8gnh7bq-2XpFZEK9RbnQRg==/109951164472052420.jpg, gpicture=http://p3.music.126.net/8gnh7bq-2XpFZEK9RbnQRg==/109951164472052420.jpg,http://p3.music.126.net/FZz0VK5inbFZvByfJM4M1Q==/109951164472062070.jpg,http://p4.music.126.net/jnEOBS732ePO2-lr-TfxXg==/109951164472063510.jpg,http://p3.music.126.net/fy0auD0jbaEpGWfiHm5USA==/109951164472054335.jpg,http://p3.music.126.net/rEVjB2F2CMOih_kw3BsK_w==/109951164472052422.jpg,http://p3.music.126.net/5tK_td_5aNBqKEl9XK8_aw==/109951164472059119.jpg,http://p3.music.126.net/FNB8KhtJ1c6p0c2SSfXekg==/109951164482374074.jpg, gname=陈情令正版暖手充电宝魏无羡蓝忘机移动电源（预售，12月30号）, gintroduce=, gcolorid=null, category1=1008002, category2=1010004, gbrand=漫踪, gprice=159.0, ggrade=null, gcount=48, gmaterial=null, hot=0]
Goods [gid=21818651, zpicture=http://p4.music.126.net/onWFfE748DTquov_9bviow==/109951164480853286.jpg, gpicture=http://p4.music.126.net/onWFfE748DTquov_9bviow==/109951164480853286.jpg,http://p3.music.126.net/VKs5uVWobns19a8fpWyP5g==/109951164480863016.jpg,http://p3.music.126.net/VZDT-91VZnYVr1X5licr7g==/109951164480860642.jpg,http://p3.music.126.net/273wvIxCLOEYS0yZCx_tkw==/109951164480860168.jpg,http://p3.music.126.net/2SRRTJlQ_RbMUEjcbRZFFQ==/109951164480858220.jpg, gname=史努比可爱小巧简约森系水杯女不锈钢儿童保温杯KF3007, gintroduce=, gcolorid=null, category1=1008002, category2=1010004, gbrand=史努比, gprice=59.0, ggrade=null, gcount=800, gmaterial=null, hot=1]
Goods [gid=21818667, zpicture=http://p3.music.126.net/iBaMbx5V-jzCXFazD6q-4g==/109951164485765801.jpg, gpicture=http://p3.music.126.net/iBaMbx5V-jzCXFazD6q-4g==/109951164485765801.jpg,http://p4.music.126.net/TmFjeNaixeMhZPrkiAabDg==/109951164485770139.jpg,http://p4.music.126.net/EMUm-BeDwz7i3NeidRFCzg==/109951164485762960.jpg,http://p4.music.126.net/-MCGlVaJBh3WKSa4Duk7-Q==/109951164485773071.jpg,http://p3.music.126.net/PsrVmlTaJdv4nHyieqS1Wg==/109951164485764929.jpg,http://p3.music.126.net/OTyXKOQtlgQtssvhlDGOuQ==/109951164485765829.jpg,http://p4.music.126.net/1OjK_VRZ2yRUtdPV6T2otg==/109951164485764429.jpg,http://p4.music.126.net/J0HlnAYUCVyohoElV1H66Q==/109951164485765448.jpg, gname=漫步者（EDIFIER）HECATE GM660 头戴式手机电竞吃鸡游戏耳机电脑耳麦, gintroduce=时尚外观；舒适蛋白耳罩；L型插头；配PC转接线, gcolorid=null, category1=101000, category2=1005000, gbrand=漫步者（EDIFIER）, gprice=279.0, ggrade=null, gcount=19, gmaterial=null, hot=0]
Goods [gid=21818668, zpicture=111, gpicture=img, gname=sdas, gintroduce=搜索, gcolorid=99, category1=123456, category2=123456, gbrand=456, gprice=15.2, ggrade=10, gcount=100, gmaterial=, hot=1]
Goods [gid=21818670, zpicture=111, gpicture=img, gname=sdas, gintroduce=搜索, gcolorid=99, category1=123456, category2=123456, gbrand=456, gprice=15.2, ggrade=10, gcount=500, gmaterial=, hot=1]
Goods [gid=21818671, zpicture=111, gpicture=img, gname=sdas, gintroduce=搜索, gcolorid=99, category1=123456, category2=123456, gbrand=456, gprice=15.2, ggrade=10, gcount=500, gmaterial=, hot=1]
Goods [gid=21818672, zpicture=111, gpicture=img, gname=sdas, gintroduce=搜索, gcolorid=99, category1=123456, category2=123456, gbrand=456, gprice=15.2, ggrade=10, gcount=500, gmaterial=, hot=1]
Goods [gid=21818673, zpicture=111, gpicture=img, gname=sdas, gintroduce=搜索, gcolorid=99, category1=123456, category2=123456, gbrand=456, gprice=15.2, ggrade=10, gcount=500, gmaterial=, hot=1]
Goods [gid=21813748, zpicture=http://p4.music.126.net/qUbVngGVZwbdkthZjWb1Dg==/109951164501688963.jpg, gpicture=http://p4.music.126.net/qUbVngGVZwbdkthZjWb1Dg==/109951164501688963.jpg, gname=MAGICBUS【彭磊《北海怪兽》】围巾, gintroduce=音乐人正版周边, gcolorid=null, category1=1008002, category2=1009002, gbrand=MAGICBUS, gprice=158.0, ggrade=null, gcount=196, gmaterial=null, hot=2]
false
true
true
]]></system-out>
  <system-err><![CDATA[]]></system-err>
</testsuite>
